 THIS SOFTWARE AND ANY ACCOMPANYING DOCUMENTATION
 IS RELEASED "AS IS".  THE U.S. GOVERNMENT MAKES NO
 WARRANTY OF ANY KIND, EXPRESS OR IMPLIED, CONCERNING
 THIS SOFTWARE AND ANY ACCOMPANYING DOCUMENTATION,
 INCLUDING, WITHOUT LIMITATION, ANY WARRANTIES OF
 MERCHANTABILITY OR FITNESS FOR A PARTICULAR PURPOSE.
 IN NO EVENT WILL THE U.S. GOVERNMENT BE LIABLE FOR ANY
 DAMAGES, INCLUDING LOST PROFITS, LOST SAVINGS OR OTHER
 INCIDENTAL OR CONSEQUENTIAL DAMAGES ARISING OUT OF THE 
 USE, OR INABILITY TO USE, THIS SOFTWARE OR ANY
 ACCOMPANYING DOCUMENTATION, EVEN IF INFORMED IN ADVANCE
 OF THE POSSIBILITY OF SUCH DAMAGES.








                                        ****************************************************
                                        *    USAF STABILITY AND CONTROL  DIGITAL DATCOM    *
                                        *    PROGRAM REV. JAN 96   DIRECT INQUIRIES TO:    *
                                        *   WRIGHT LABORATORY  (WL/FIGC)  ATTN: W. BLAKE   *
                                        *         WRIGHT PATTERSON AFB, OHIO  45433        *
                                        *    PHONE (513) 255-6764,   FAX (513) 258-4054    *
                                        ****************************************************
1                         CONERR - INPUT ERROR CHECKING
0 ERROR CODES - N* DENOTES THE NUMBER OF OCCURENCES OF EACH ERROR
0 A - UNKNOWN VARIABLE NAME
0 B - MISSING EQUAL SIGN FOLLOWING VARIABLE NAME
0 C - NON-ARRAY VARIABLE HAS AN ARRAY ELEMENT DESIGNATION - (N)
0 D - NON-ARRAY VARIABLE HAS MULTIPLE VALUES ASSIGNED
0 E - ASSIGNED VALUES EXCEED ARRAY DIMENSION
0 F - SYNTAX ERROR

0******************************  INPUT DATA CARDS  ******************************

 TRIM                                                                            
 DAMP                                                                            
 PART                                                                            
 DERIV RAD                                                                       
  $FLTCON NMACH=1.0, MACH(1)=0.3,                                                
    NALT=1.0, ALT(1)=1500.0,                                                     
    NALPHA=20.0,                                                                 
    ALSCHD(1)=-16.0, -8.0, -6.0, -4.0, -2.0, 0.0, 2.0, 4.0, 8.0, 9.0, 10.0,      
       12.0, 14.0, 16.0, 18.0, 19.0, 20.0, 21.0, 22.0, 24.0,                     
    GAMMA=0.0, LOOP=2.0,                                                         
    RNNUB=20120887.0$                                                            
  $OPTINS BLREF=93.0, SREF=1329.0, CBARR=93.0$                                   
  $SYNTHS XW=29.3, ZW=-1.2, ALIW=1.0, XCG=41.3, ZCG=0.0,                         
    XH=76.6, ZH=6.2,                                                             
    XV=71.1, ZV=7.6,                                                             
    XVF=66.2, ZVF=13.1,                                                          
    VERTUP=.TRUE.$                                                               
  $BODY NX=14.0,                                                                 
    X(1)=0.0, 1.38, 4.83, 6.9, 8.97, 13.8, 27.6, 55.2, 65.6, 69.0,               
       75.9, 82.8, 89.7, 90.4,                                                   
    ZU(1)=0.69, 2.07, 3.45, 4.38, 5.87, 6.9, 8.28, 8.28, 8.28, 8.28,             
       7.94, 7.59, 7.5, 6.9,                                                     
    ZL(1)=-0.35, -1.73, -3.45, -3.8, -4.14, -4.49, -4.83, -4.83,                 
       -3.45, -2.76, -0.81, 1.04, 4.14, 6.21,                                    
    S(1)=0.55, 8.23, 28.89, 44.31, 65.06, 92.63, 127.81, 127.81,                 
       108.11, 95.68, 56.88, 28.39, 3.64, 0.11$                                  
  $WGPLNF CHRDR=23.8, CHRDTP=4.8, CHRDBP=12.4,                                   
    SSPN=46.9, SSPNOP=31.1, SSPNE=40.0, CHSTAT=0.25, TWISTA=0.0,                 
    SAVSI=29.0, SAVSO=26.0, DHDADI=0.0, DHDADO=4.0, TYPE=1.0$                    
  $JETPWR AIETLJ=-2.0, AMBSTP=2116.8, AMBTMP=59.7,                               
    JEALOC=42.25, JEALOC=58.0, JELLOC=15.9, JERAD=2.065, JEVLOC=-5.2,            
    JIALOC=34.5, JINLTA=13.4, THSTCJ=0.0,                                        
    NENGSJ=2.0,                                                                  
    JEANGL=-2.0$                                                                 
  $VTPLNF CHRDR=15.9, CHRDTP=4.8, CHRDBP=4.8,                                    
    SSPN=27.6, SSPNOP=0.0, SSPNE=20.7, CHSTAT=0.25, TWISTA=0.0,                  
    SAVSI=33.0, SAVSO=33.0, DHDADI=0.0, DHDADO=0.0, TYPE=1.0$                    
  $HTPLNF CHRDR=12.4, CHRDTP=4.1, CHRDBP=4.1,                                    
    SSPN=17.6, SSPNOP=0.0, SSPNE=15.87, CHSTAT=0.25, TWISTA=0.0,                 
    SAVSI=31.0, SAVSO=31.0, DHDADI=9.0, DHDADO=9.0, TYPE=1.0$                    
  $SYMFLP FTYPE=1.0, NDELTA=9.0,                                                 
    DELTA(1)=-40.0, -30.0, -20.0, -10.0, 0.0, 10.0, 20.0, 30.0, 40.0,            
    SPANFI=0.0, SPANFO=14.0, CHRDFI=1.72, CHRDFO=1.72,                           
    NTYPE=1.0, CB=0.5, TC=0.44, PHETE=0.003, PHETEP=0.002$                       
 NACA-W-4-0012-25                                                                
 NACA-H-4-0012-25                                                                
 NACA-V-4-0012-25                                                                
 CASEID TOTAL: Total: X-airplane                                                 
1          THE FOLLOWING IS A LIST OF ALL INPUT CARDS FOR THIS CASE.
0
 TRIM                                                                            
 DAMP                                                                            
 PART                                                                            
 DERIV RAD                                                                       
  $FLTCON NMACH=1.0, MACH(1)=0.3,                                                
    NALT=1.0, ALT(1)=1500.0,                                                     
    NALPHA=20.0,                                                                 
    ALSCHD(1)=-16.0, -8.0, -6.0, -4.0, -2.0, 0.0, 2.0, 4.0, 8.0, 9.0, 10.0,      
       12.0, 14.0, 16.0, 18.0, 19.0, 20.0, 21.0, 22.0, 24.0,                     
    GAMMA=0.0, LOOP=2.0,                                                         
    RNNUB=20120887.0$                                                            
  $OPTINS BLREF=93.0, SREF=1329.0, CBARR=93.0$                                   
  $SYNTHS XW=29.3, ZW=-1.2, ALIW=1.0, XCG=41.3, ZCG=0.0,                         
    XH=76.6, ZH=6.2,                                                             
    XV=71.1, ZV=7.6,                                                             
    XVF=66.2, ZVF=13.1,                                                          
    VERTUP=.TRUE.$                                                               
  $BODY NX=14.0,                                                                 
    X(1)=0.0, 1.38, 4.83, 6.9, 8.97, 13.8, 27.6, 55.2, 65.6, 69.0,               
       75.9, 82.8, 89.7, 90.4,                                                   
    ZU(1)=0.69, 2.07, 3.45, 4.38, 5.87, 6.9, 8.28, 8.28, 8.28, 8.28,             
       7.94, 7.59, 7.5, 6.9,                                                     
    ZL(1)=-0.35, -1.73, -3.45, -3.8, -4.14, -4.49, -4.83, -4.83,                 
       -3.45, -2.76, -0.81, 1.04, 4.14, 6.21,                                    
    S(1)=0.55, 8.23, 28.89, 44.31, 65.06, 92.63, 127.81, 127.81,                 
       108.11, 95.68, 56.88, 28.39, 3.64, 0.11$                                  
  $WGPLNF CHRDR=23.8, CHRDTP=4.8, CHRDBP=12.4,                                   
    SSPN=46.9, SSPNOP=31.1, SSPNE=40.0, CHSTAT=0.25, TWISTA=0.0,                 
    SAVSI=29.0, SAVSO=26.0, DHDADI=0.0, DHDADO=4.0, TYPE=1.0$                    
  $JETPWR AIETLJ=-2.0, AMBSTP=2116.8, AMBTMP=59.7,                               
    JEALOC=42.25, JEALOC=58.0, JELLOC=15.9, JERAD=2.065, JEVLOC=-5.2,            
    JIALOC=34.5, JINLTA=13.4, THSTCJ=0.0,                                        
    NENGSJ=2.0,                                                                  
    JEANGL=-2.0$                                                                 
  $VTPLNF CHRDR=15.9, CHRDTP=4.8, CHRDBP=4.8,                                    
    SSPN=27.6, SSPNOP=0.0, SSPNE=20.7, CHSTAT=0.25, TWISTA=0.0,                  
    SAVSI=33.0, SAVSO=33.0, DHDADI=0.0, DHDADO=0.0, TYPE=1.0$                    
  $HTPLNF CHRDR=12.4, CHRDTP=4.1, CHRDBP=4.1,                                    
    SSPN=17.6, SSPNOP=0.0, SSPNE=15.87, CHSTAT=0.25, TWISTA=0.0,                 
    SAVSI=31.0, SAVSO=31.0, DHDADI=9.0, DHDADO=9.0, TYPE=1.0$                    
  $SYMFLP FTYPE=1.0, NDELTA=9.0,                                                 
    DELTA(1)=-40.0, -30.0, -20.0, -10.0, 0.0, 10.0, 20.0, 30.0, 40.0,            
    SPANFI=0.0, SPANFO=14.0, CHRDFI=1.72, CHRDFO=1.72,                           
    NTYPE=1.0, CB=0.5, TC=0.44, PHETE=0.003, PHETEP=0.002$                       
 NACA-W-4-0012-25                                                                
 NACA-H-4-0012-25                                                                
 NACA-V-4-0012-25                                                                
 CASEID TOTAL: Total: X-airplane                                                 
0ERROR ** FLAP INBOARD SPAN, SPANI =  .00000E+00, IT IS INSIDE THE BODY AS DEFINED BY SSPN AND SSPNE
          SPANI IS REDEFINED, SPANI = SSPN-SSPNE =  .17300E+01

0 INPUT DIMENSIONS ARE IN FT, SCALE FACTOR IS 1.0000

1                             AUTOMATED STABILITY AND CONTROL METHODS PER APRIL 1976 VERSION OF DATCOM   
                                                        WING SECTION DEFINITION
                                                              NACA 0012 - 25
     UPPER ABSCISSA     UPPER ORDINATE     LOWER ABSCISSA     LOWER ORDINATE      X-FRACTION CHORD    MEAN LINE    THICKNESS
          .00000             .00000            .00000            .00000               .00000            .00000        .00000
          .00100             .00201            .00100           -.00201               .00100            .00000        .00401
          .00200             .00291            .00200           -.00291               .00200            .00000        .00582
          .00300             .00364            .00300           -.00364               .00300            .00000        .00727
          .00400             .00427            .00400           -.00427               .00400            .00000        .00853
          .00500             .00484            .00500           -.00484               .00500            .00000        .00967
          .00600             .00536            .00600           -.00536               .00600            .00000        .01073
          .00700             .00586            .00700           -.00586               .00700            .00000        .01172
          .00800             .00633            .00800           -.00633               .00800            .00000        .01265
          .00900             .00677            .00900           -.00677               .00900            .00000        .01355
          .01000             .00720            .01000           -.00720               .01000            .00000        .01441
          .02000             .01089            .02000           -.01089               .02000            .00000        .02177
          .03000             .01396            .03000           -.01396               .03000            .00000        .02791
          .04000             .01669            .04000           -.01669               .04000            .00000        .03337
          .05000             .01919            .05000           -.01919               .05000            .00000        .03837
          .06000             .02151            .06000           -.02151               .06000            .00000        .04302
          .07000             .02369            .07000           -.02369               .07000            .00000        .04738
          .08000             .02575            .08000           -.02575               .08000            .00000        .05150
          .09000             .02770            .09000           -.02770               .09000            .00000        .05541
          .10000             .02956            .10000           -.02956               .10000            .00000        .05912
          .11000             .03133            .11000           -.03133               .11000            .00000        .06267
          .12000             .03303            .12000           -.03303               .12000            .00000        .06605
          .13000             .03464            .13000           -.03464               .13000            .00000        .06929
          .14000             .03619            .14000           -.03619               .14000            .00000        .07239
          .15000             .03767            .15000           -.03767               .15000            .00000        .07535
          .16000             .03909            .16000           -.03909               .16000            .00000        .07818
          .17000             .04045            .17000           -.04045               .17000            .00000        .08090
          .18000             .04175            .18000           -.04175               .18000            .00000        .08350
          .19000             .04299            .19000           -.04299               .19000            .00000        .08598
          .20000             .04418            .20000           -.04418               .20000            .00000        .08836
          .21000             .04532            .21000           -.04532               .21000            .00000        .09063
          .22000             .04640            .22000           -.04640               .22000            .00000        .09281
          .23000             .04744            .23000           -.04744               .23000            .00000        .09488
          .24000             .04843            .24000           -.04843               .24000            .00000        .09685
          .25000             .04937            .25000           -.04937               .25000            .00000        .09873
          .26000             .05026            .26000           -.05026               .26000            .00000        .10052
          .27000             .05111            .27000           -.05111               .27000            .00000        .10222
          .28000             .05192            .28000           -.05192               .28000            .00000        .10383
          .29000             .05268            .29000           -.05268               .29000            .00000        .10536
          .30000             .05340            .30000           -.05340               .30000            .00000        .10680
          .35000             .05639            .35000           -.05639               .35000            .00000        .11279
          .40000             .05844            .40000           -.05844               .40000            .00000        .11688
          .45000             .05962            .45000           -.05962               .45000            .00000        .11924
          .50000             .06000            .50000           -.06000               .50000            .00000        .12000
          .55000             .05961            .55000           -.05961               .55000            .00000        .11922
          .60000             .05835            .60000           -.05835               .60000            .00000        .11670
          .65000             .05609            .65000           -.05609               .65000            .00000        .11218
          .70000             .05269            .70000           -.05269               .70000            .00000        .10539
          .75000             .04804            .75000           -.04804               .75000            .00000        .09607
          .80000             .04199            .80000           -.04199               .80000            .00000        .08397
          .82000             .03914            .82000           -.03914               .82000            .00000        .07829
          .84000             .03605            .84000           -.03605               .84000            .00000        .07210
          .86000             .03270            .86000           -.03270               .86000            .00000        .06539
          .88000             .02907            .88000           -.02907               .88000            .00000        .05815
          .90000             .02517            .90000           -.02517               .90000            .00000        .05034
          .92000             .02098            .92000           -.02098               .92000            .00000        .04197
          .94000             .01650            .94000           -.01650               .94000            .00000        .03300
          .96000             .01171            .96000           -.01171               .96000            .00000        .02343
          .98000             .00662            .98000           -.00662               .98000            .00000        .01323
         1.00000             .00000           1.00000            .00000              1.00000            .00000        .00000
1                             AUTOMATED STABILITY AND CONTROL METHODS PER APRIL 1976 VERSION OF DATCOM   
                                                        WING SECTION DEFINITION
0                                 IDEAL ANGLE OF ATTACK =    .00000 DEG.

                              ZERO LIFT ANGLE OF ATTACK =    .00000 DEG.

                                 IDEAL LIFT COEFFICIENT =    .00000

                  ZERO LIFT PITCHING MOMENT COEFFICIENT =    .00000

                             MACH ZERO LIFT-CURVE-SLOPE =    .08625 /DEG.

                                    LEADING EDGE RADIUS =    .00176 FRACTION CHORD

                              MAXIMUM AIRFOIL THICKNESS =    .12000 FRACTION CHORD

                                                DELTA-Y =   1.90498 PERCENT CHORD


0                         MACH=  .3000 LIFT-CURVE-SLOPE =    .10253 /DEG.      XAC =    .28303
1                             AUTOMATED STABILITY AND CONTROL METHODS PER APRIL 1976 VERSION OF DATCOM   
                                                   HORIZONTAL TAIL SECTION DEFINITION
                                                              NACA 0012 - 25
     UPPER ABSCISSA     UPPER ORDINATE     LOWER ABSCISSA     LOWER ORDINATE      X-FRACTION CHORD    MEAN LINE    THICKNESS
          .00000             .00000            .00000            .00000               .00000            .00000        .00000
          .00100             .00201            .00100           -.00201               .00100            .00000        .00401
          .00200             .00291            .00200           -.00291               .00200            .00000        .00582
          .00300             .00364            .00300           -.00364               .00300            .00000        .00727
          .00400             .00427            .00400           -.00427               .00400            .00000        .00853
          .00500             .00484            .00500           -.00484               .00500            .00000        .00967
          .00600             .00536            .00600           -.00536               .00600            .00000        .01073
          .00700             .00586            .00700           -.00586               .00700            .00000        .01172
          .00800             .00633            .00800           -.00633               .00800            .00000        .01265
          .00900             .00677            .00900           -.00677               .00900            .00000        .01355
          .01000             .00720            .01000           -.00720               .01000            .00000        .01441
          .02000             .01089            .02000           -.01089               .02000            .00000        .02177
          .03000             .01396            .03000           -.01396               .03000            .00000        .02791
          .04000             .01669            .04000           -.01669               .04000            .00000        .03337
          .05000             .01919            .05000           -.01919               .05000            .00000        .03837
          .06000             .02151            .06000           -.02151               .06000            .00000        .04302
          .07000             .02369            .07000           -.02369               .07000            .00000        .04738
          .08000             .02575            .08000           -.02575               .08000            .00000        .05150
          .09000             .02770            .09000           -.02770               .09000            .00000        .05541
          .10000             .02956            .10000           -.02956               .10000            .00000        .05912
          .11000             .03133            .11000           -.03133               .11000            .00000        .06267
          .12000             .03303            .12000           -.03303               .12000            .00000        .06605
          .13000             .03464            .13000           -.03464               .13000            .00000        .06929
          .14000             .03619            .14000           -.03619               .14000            .00000        .07239
          .15000             .03767            .15000           -.03767               .15000            .00000        .07535
          .16000             .03909            .16000           -.03909               .16000            .00000        .07818
          .17000             .04045            .17000           -.04045               .17000            .00000        .08090
          .18000             .04175            .18000           -.04175               .18000            .00000        .08350
          .19000             .04299            .19000           -.04299               .19000            .00000        .08598
          .20000             .04418            .20000           -.04418               .20000            .00000        .08836
          .21000             .04532            .21000           -.04532               .21000            .00000        .09063
          .22000             .04640            .22000           -.04640               .22000            .00000        .09281
          .23000             .04744            .23000           -.04744               .23000            .00000        .09488
          .24000             .04843            .24000           -.04843               .24000            .00000        .09685
          .25000             .04937            .25000           -.04937               .25000            .00000        .09873
          .26000             .05026            .26000           -.05026               .26000            .00000        .10052
          .27000             .05111            .27000           -.05111               .27000            .00000        .10222
          .28000             .05192            .28000           -.05192               .28000            .00000        .10383
          .29000             .05268            .29000           -.05268               .29000            .00000        .10536
          .30000             .05340            .30000           -.05340               .30000            .00000        .10680
          .35000             .05639            .35000           -.05639               .35000            .00000        .11279
          .40000             .05844            .40000           -.05844               .40000            .00000        .11688
          .45000             .05962            .45000           -.05962               .45000            .00000        .11924
          .50000             .06000            .50000           -.06000               .50000            .00000        .12000
          .55000             .05961            .55000           -.05961               .55000            .00000        .11922
          .60000             .05835            .60000           -.05835               .60000            .00000        .11670
          .65000             .05609            .65000           -.05609               .65000            .00000        .11218
          .70000             .05269            .70000           -.05269               .70000            .00000        .10539
          .75000             .04804            .75000           -.04804               .75000            .00000        .09607
          .80000             .04199            .80000           -.04199               .80000            .00000        .08397
          .82000             .03914            .82000           -.03914               .82000            .00000        .07829
          .84000             .03605            .84000           -.03605               .84000            .00000        .07210
          .86000             .03270            .86000           -.03270               .86000            .00000        .06539
          .88000             .02907            .88000           -.02907               .88000            .00000        .05815
          .90000             .02517            .90000           -.02517               .90000            .00000        .05034
          .92000             .02098            .92000           -.02098               .92000            .00000        .04197
          .94000             .01650            .94000           -.01650               .94000            .00000        .03300
          .96000             .01171            .96000           -.01171               .96000            .00000        .02343
          .98000             .00662            .98000           -.00662               .98000            .00000        .01323
         1.00000             .00000           1.00000            .00000              1.00000            .00000        .00000
1                             AUTOMATED STABILITY AND CONTROL METHODS PER APRIL 1976 VERSION OF DATCOM   
                                                   HORIZONTAL TAIL SECTION DEFINITION
0                                 IDEAL ANGLE OF ATTACK =    .00000 DEG.

                              ZERO LIFT ANGLE OF ATTACK =    .00000 DEG.

                                 IDEAL LIFT COEFFICIENT =    .00000

                  ZERO LIFT PITCHING MOMENT COEFFICIENT =    .00000

                             MACH ZERO LIFT-CURVE-SLOPE =    .08625 /DEG.

                                    LEADING EDGE RADIUS =    .00176 FRACTION CHORD

                              MAXIMUM AIRFOIL THICKNESS =    .12000 FRACTION CHORD

                                                DELTA-Y =   1.90498 PERCENT CHORD


0                         MACH=  .3000 LIFT-CURVE-SLOPE =    .10196 /DEG.      XAC =    .28322
1                             AUTOMATED STABILITY AND CONTROL METHODS PER APRIL 1976 VERSION OF DATCOM   
                                                    VERTICAL TAIL SECTION DEFINITION
                                                              NACA 0012 - 25
     UPPER ABSCISSA     UPPER ORDINATE     LOWER ABSCISSA     LOWER ORDINATE      X-FRACTION CHORD    MEAN LINE    THICKNESS
          .00000             .00000            .00000            .00000               .00000            .00000        .00000
          .00100             .00201            .00100           -.00201               .00100            .00000        .00401
          .00200             .00291            .00200           -.00291               .00200            .00000        .00582
          .00300             .00364            .00300           -.00364               .00300            .00000        .00727
          .00400             .00427            .00400           -.00427               .00400            .00000        .00853
          .00500             .00484            .00500           -.00484               .00500            .00000        .00967
          .00600             .00536            .00600           -.00536               .00600            .00000        .01073
          .00700             .00586            .00700           -.00586               .00700            .00000        .01172
          .00800             .00633            .00800           -.00633               .00800            .00000        .01265
          .00900             .00677            .00900           -.00677               .00900            .00000        .01355
          .01000             .00720            .01000           -.00720               .01000            .00000        .01441
          .02000             .01089            .02000           -.01089               .02000            .00000        .02177
          .03000             .01396            .03000           -.01396               .03000            .00000        .02791
          .04000             .01669            .04000           -.01669               .04000            .00000        .03337
          .05000             .01919            .05000           -.01919               .05000            .00000        .03837
          .06000             .02151            .06000           -.02151               .06000            .00000        .04302
          .07000             .02369            .07000           -.02369               .07000            .00000        .04738
          .08000             .02575            .08000           -.02575               .08000            .00000        .05150
          .09000             .02770            .09000           -.02770               .09000            .00000        .05541
          .10000             .02956            .10000           -.02956               .10000            .00000        .05912
          .11000             .03133            .11000           -.03133               .11000            .00000        .06267
          .12000             .03303            .12000           -.03303               .12000            .00000        .06605
          .13000             .03464            .13000           -.03464               .13000            .00000        .06929
          .14000             .03619            .14000           -.03619               .14000            .00000        .07239
          .15000             .03767            .15000           -.03767               .15000            .00000        .07535
          .16000             .03909            .16000           -.03909               .16000            .00000        .07818
          .17000             .04045            .17000           -.04045               .17000            .00000        .08090
          .18000             .04175            .18000           -.04175               .18000            .00000        .08350
          .19000             .04299            .19000           -.04299               .19000            .00000        .08598
          .20000             .04418            .20000           -.04418               .20000            .00000        .08836
          .21000             .04532            .21000           -.04532               .21000            .00000        .09063
          .22000             .04640            .22000           -.04640               .22000            .00000        .09281
          .23000             .04744            .23000           -.04744               .23000            .00000        .09488
          .24000             .04843            .24000           -.04843               .24000            .00000        .09685
          .25000             .04937            .25000           -.04937               .25000            .00000        .09873
          .26000             .05026            .26000           -.05026               .26000            .00000        .10052
          .27000             .05111            .27000           -.05111               .27000            .00000        .10222
          .28000             .05192            .28000           -.05192               .28000            .00000        .10383
          .29000             .05268            .29000           -.05268               .29000            .00000        .10536
          .30000             .05340            .30000           -.05340               .30000            .00000        .10680
          .35000             .05639            .35000           -.05639               .35000            .00000        .11279
          .40000             .05844            .40000           -.05844               .40000            .00000        .11688
          .45000             .05962            .45000           -.05962               .45000            .00000        .11924
          .50000             .06000            .50000           -.06000               .50000            .00000        .12000
          .55000             .05961            .55000           -.05961               .55000            .00000        .11922
          .60000             .05835            .60000           -.05835               .60000            .00000        .11670
          .65000             .05609            .65000           -.05609               .65000            .00000        .11218
          .70000             .05269            .70000           -.05269               .70000            .00000        .10539
          .75000             .04804            .75000           -.04804               .75000            .00000        .09607
          .80000             .04199            .80000           -.04199               .80000            .00000        .08397
          .82000             .03914            .82000           -.03914               .82000            .00000        .07829
          .84000             .03605            .84000           -.03605               .84000            .00000        .07210
          .86000             .03270            .86000           -.03270               .86000            .00000        .06539
          .88000             .02907            .88000           -.02907               .88000            .00000        .05815
          .90000             .02517            .90000           -.02517               .90000            .00000        .05034
          .92000             .02098            .92000           -.02098               .92000            .00000        .04197
          .94000             .01650            .94000           -.01650               .94000            .00000        .03300
          .96000             .01171            .96000           -.01171               .96000            .00000        .02343
          .98000             .00662            .98000           -.00662               .98000            .00000        .01323
         1.00000             .00000           1.00000            .00000              1.00000            .00000        .00000
1                             AUTOMATED STABILITY AND CONTROL METHODS PER APRIL 1976 VERSION OF DATCOM   
                                                    VERTICAL TAIL SECTION DEFINITION
0                                 IDEAL ANGLE OF ATTACK =    .00000 DEG.

                              ZERO LIFT ANGLE OF ATTACK =    .00000 DEG.

                                 IDEAL LIFT COEFFICIENT =    .00000

                  ZERO LIFT PITCHING MOMENT COEFFICIENT =    .00000

                             MACH ZERO LIFT-CURVE-SLOPE =    .08625 /DEG.

                                    LEADING EDGE RADIUS =    .00176 FRACTION CHORD

                              MAXIMUM AIRFOIL THICKNESS =    .12000 FRACTION CHORD

                                                DELTA-Y =   1.90498 PERCENT CHORD


0                         MACH=  .3000 LIFT-CURVE-SLOPE =    .10215 /DEG.      XAC =    .28315
1                               AUTOMATED STABILITY AND CONTROL METHODS PER APRIL 1976 VERSION OF DATCOM
                                         CHARACTERISTICS AT ANGLE OF ATTACK AND IN SIDESLIP
                                        WING-BODY-VERTICAL TAIL-HORIZONTAL TAIL CONFIGURATION
                                  JET POWER EFFECTS INCLUDED IN THE LONGITUDINAL STABILITY RESULTS
                                                     TOTAL: Total: X-airplane
 
 -----------------------  FLIGHT CONDITIONS  ------------------------           --------------  REFERENCE DIMENSIONS  ------------
  MACH    ALTITUDE   VELOCITY    PRESSURE    TEMPERATURE     REYNOLDS             REF.      REFERENCE LENGTH   MOMENT REF. CENTER
 NUMBER                                                       NUMBER              AREA       LONG.     LAT.     HORIZ      VERT
             FT       FT/SEC     LB/FT**2       DEG R         1/FT               FT**2        FT        FT        FT        FT
0  .300    1500.00     333.17   2.0040E+03     513.321     2.0121E+07          1329.000     93.000    93.000    41.300      .000
0                                                               -------------------DERIVATIVE (PER RADIAN)-------------------
0 ALPHA     CD       CL       CM       CN       CA       XCP        CLA          CMA          CYB          CNB          CLB
0
  -16.0     .089   -1.073     .1223  -1.056    -.210    -.116    3.064E+00   -3.826E-01   -9.579E-01    1.809E-01   -1.322E-01
   -8.0     .033    -.564     .0675   -.563    -.046    -.120    4.098E+00   -4.195E-01                             -1.358E-01
   -6.0     .024    -.413     .0529   -.414    -.020    -.128    4.249E+00   -4.175E-01                             -1.381E-01
   -4.0     .017    -.262     .0388   -.262    -.001    -.148    4.256E+00   -4.051E-01                             -1.404E-01
   -2.0     .013    -.111     .0250   -.111     .010    -.224    4.218E+00   -3.941E-01                             -1.424E-01
     .0     .012     .038     .0116    .038     .012     .306    4.207E+00   -3.874E-01                             -1.440E-01
    2.0     .014     .188    -.0017    .188     .007    -.009    4.230E+00   -3.864E-01                             -1.456E-01
    4.0     .018     .339    -.0150    .339    -.006    -.044    4.236E+00   -3.889E-01                             -1.471E-01
    8.0     .035     .639    -.0421    .638    -.054    -.066    4.192E+00   -4.011E-01                             -1.497E-01
    9.0     .041     .713    -.0491    .711    -.071    -.069    4.128E+00   -4.024E-01                             -1.501E-01
   10.0     .047     .786    -.0560    .782    -.090    -.072    3.859E+00   -3.895E-01                             -1.504E-01
   12.0     .060     .908    -.0685    .900    -.130    -.076    3.072E+00   -3.505E-01                             -1.490E-01
   14.0     .072    1.005    -.0801    .993    -.173    -.081    2.341E+00   -3.230E-01                             -1.453E-01
   16.0     .084    1.076    -.0907   1.057    -.216    -.086    1.441E+00   -2.277E-01                             -1.387E-01
   18.0     .092    1.110    -.0957   1.084    -.255    -.088    1.605E+00   -3.274E-01                             -1.292E-01
   19.0     .099    1.145    -.1029   1.115    -.279    -.092    1.750E+00   -5.084E-01                             -1.251E-01
   20.0     .106    1.173     .0015   1.139    -.302     .001    2.319E-01      NA                                  -1.202E-01
   21.0     .107    1.156     .0016   1.117    -.314     .001   -1.389E+00      NA                                  -1.116E-01
   22.0     .108    1.127     .0017   1.085    -.322     .002   -1.407E+00      NA                                  -1.017E-01
   24.0     .112    1.100     .0018   1.050    -.345     .002   -2.655E-01      NA                                  -8.540E-02
0                                    ALPHA     Q/QINF    EPSLON  D(EPSLON)/D(ALPHA)
0
                                    -16.0      1.000     -5.165         .310
                                     -8.0      1.000     -2.688         .361
                                     -6.0      1.000     -1.941         .379
                                     -4.0      1.000     -1.173         .387
                                     -2.0      1.000      -.393         .392
                                       .0      1.000       .396         .398
                                      2.0      1.000      1.198         .405
                                      4.0      1.000      2.015         .410
                                      8.0      1.000      3.674         .415
                                      9.0      1.000      4.089         .409
                                     10.0      1.000      4.493         .390
                                     12.0      1.000      5.217         .336
                                     14.0      1.000      5.835         .292
                                     16.0      1.000      6.385         .264
                                     18.0       .943      6.890         .281
                                     19.0       .971      7.185         .249
                                     20.0      1.000      7.388         .175
                                     21.0      1.000      7.535        -.057
                                     22.0      1.000      7.274        -.205
                                     24.0      1.000      7.087        -.093
0*** NA PRINTED WHEN METHOD NOT APPLICABLE
1                               AUTOMATED STABILITY AND CONTROL METHODS PER APRIL 1976 VERSION OF DATCOM
                                                         DYNAMIC DERIVATIVES
                                        WING-BODY-VERTICAL TAIL-HORIZONTAL TAIL CONFIGURATION
                                                     TOTAL: Total: X-airplane
 
 -----------------------  FLIGHT CONDITIONS  ------------------------           --------------  REFERENCE DIMENSIONS  ------------
  MACH    ALTITUDE   VELOCITY    PRESSURE    TEMPERATURE     REYNOLDS             REF.      REFERENCE LENGTH   MOMENT REF. CENTER
 NUMBER                                                       NUMBER              AREA       LONG.     LAT.     HORIZ      VERT
             FT       FT/SEC     LB/FT**2       DEG R         1/FT               FT**2        FT        FT        FT        FT
0  .300    1500.00     333.17   2.0040E+03     513.321     2.0121E+07          1329.000     93.000    93.000    41.300      .000
                                                    DYNAMIC DERIVATIVES (PER RADIAN)
0           -------PITCHING-------    -----ACCELERATION------    --------------ROLLING--------------    --------YAWING--------
0   ALPHA       CLQ          CMQ           CLAD         CMAD         CLP          CYP          CNP          CNR          CLR
0
   -16.00    1.444E+00   -3.879E-01     2.275E-01   -1.070E-01   -2.906E-01   -2.705E-01    1.380E-01   -1.957E-01   -2.731E-02
    -8.00                               2.650E-01   -1.246E-01   -3.618E-01   -1.398E-01    7.266E-02   -2.410E-01    5.305E-02
    -6.00                               2.782E-01   -1.308E-01   -3.681E-01   -1.031E-01    5.331E-02   -2.516E-01    7.665E-02
    -4.00                               2.843E-01   -1.337E-01   -3.609E-01   -6.647E-02    3.425E-02   -2.617E-01    9.959E-02
    -2.00                               2.881E-01   -1.355E-01   -3.523E-01   -2.952E-02    1.472E-02   -2.715E-01    1.217E-01
      .00                               2.922E-01   -1.374E-01   -3.474E-01    7.664E-03   -5.218E-03   -2.807E-01    1.428E-01
     2.00                               2.974E-01   -1.398E-01   -3.464E-01    4.535E-02   -2.572E-02   -2.894E-01    1.635E-01
     4.00                               3.015E-01   -1.418E-01   -3.437E-01    8.350E-02   -4.676E-02   -2.975E-01    1.839E-01
     8.00                               3.050E-01   -1.434E-01   -3.336E-01    1.607E-01   -9.022E-02   -3.118E-01    2.226E-01
     9.00                               3.008E-01   -1.415E-01   -3.260E-01    1.802E-01   -1.016E-01   -3.149E-01    2.317E-01
    10.00                               2.865E-01   -1.347E-01   -2.984E-01    2.001E-01   -1.142E-01   -3.179E-01    2.402E-01
    12.00                               2.466E-01   -1.160E-01   -2.199E-01    2.385E-01   -1.399E-01   -3.233E-01    2.515E-01
    14.00                               2.145E-01   -1.009E-01   -1.475E-01    2.744E-01   -1.637E-01   -3.280E-01    2.564E-01
    16.00                               1.936E-01   -9.104E-02   -7.216E-02    3.082E-01   -1.855E-01   -3.319E-01    2.549E-01
    18.00                               1.947E-01   -9.155E-02   -8.435E-02    3.337E-01   -1.983E-01   -3.350E-01    2.467E-01
    19.00                               1.778E-01   -8.358E-02   -7.444E-02    3.493E-01   -2.074E-01   -3.363E-01    2.456E-01
    20.00                               1.285E-01   -6.040E-02    9.218E-02    3.787E-01   -2.258E-01   -3.374E-01    2.415E-01
    21.00                              -4.201E-02    1.975E-02    2.423E-01    4.870E-01   -2.273E-01   -3.383E-01    2.264E-01
    22.00                              -1.508E-01    7.089E-02    2.164E-01    4.625E-01   -2.267E-01   -3.389E-01    2.096E-01
    24.00                              -6.855E-02    3.223E-02    3.698E-02    4.157E-01   -2.406E-01   -3.397E-01    1.872E-01
1                             AUTOMATED STABILITY AND CONTROL METHODS PER APRIL 1976 VERSION OF DATCOM
                                             CONFIGURATION AUXILIARY AND PARTIAL OUTPUT
                                        WING-BODY-VERTICAL TAIL-HORIZONTAL TAIL CONFIGURATION
                                                     TOTAL: Total: X-airplane
 -----------------------  FLIGHT CONDITIONS  ------------------------           --------------  REFERENCE DIMENSIONS  ------------
  MACH    ALTITUDE   VELOCITY    PRESSURE    TEMPERATURE     REYNOLDS             REF.      REFERENCE LENGTH   MOMENT REF. CENTER
 NUMBER                                                       NUMBER              AREA       LONG.     LAT.     HORIZ      VERT
             FT       FT/SEC     LB/FT**2       DEG R         1/FT               FT**2        FT        FT        FT        FT
0  .300    1500.00     333.17   2.0040E+03     513.321     2.0121E+07          1329.000     93.000    93.000    41.300      .000


                                                       BASIC BODY PROPERTIES

            WETTED AREA      XCG     ZCG     BASE AREA     ZERO LIFT DRAG   BASE DRAG   FRICTION DRAG   PRESSURE DRAG
              .2887E+04    41.30     .00      38.3430         .6390E-02     .2194E-02     .4196E-02         NA  


                                         XCG RELATIVE TO THEORETICAL LEADING EDGE MAC=    .19


                                                       BASIC PLANFORM PROPERTIES

                                    TAPER     ASPECT   QUARTER CHORD             QUARTER CHORD              ZERO LIFT    FRICTION
                         AREA       RATIO      RATIO       SWEEP        MAC        X(MAC)       Y(MAC)        DRAG     COEFFICIENT
0      WING
   TOTAL THEORITICAL
+                      .1107E+04     .202     .7949E+01    27.060     .141E+02     .446E+02     .177E+02                       
       TOTAL EXPOSED
+                      .8128E+03     .255     .7874E+01    27.060     .114E+02     .465E+02     .229E+02     .337E-02     .221E-02
0  HORIZONTAL TAIL
   TOTAL THEORITICAL
+                      .2904E+03     .331     .4267E+01    31.000     .895E+01     .841E+02     .732E+01                       
       TOTAL EXPOSED
+                      .2489E+03     .354     .4047E+01    31.000     .844E+01     .847E+02     .840E+01     .108E-02     .232E-02
0   VERTICAL TAIL
   TOTAL THEORITICAL
+                      .2857E+03     .302     .2667E+01    33.000     .113E+02     .824E+02     .189E+02                       
       TOTAL EXPOSED
+                      .1855E+03     .366     .2310E+01    33.000     .961E+01     .852E+02     .156E+02     .787E-03     .227E-02
0*** NA PRINTED WHEN METHOD NOT APPLICABLE
1                             AUTOMATED STABILITY AND CONTROL METHODS PER APRIL 1976 VERSION OF DATCOM
                                             CONFIGURATION AUXILIARY AND PARTIAL OUTPUT
                                        WING-BODY-VERTICAL TAIL-HORIZONTAL TAIL CONFIGURATION
                                                     TOTAL: Total: X-airplane
 -----------------------  FLIGHT CONDITIONS  ------------------------           --------------  REFERENCE DIMENSIONS  ------------
  MACH    ALTITUDE   VELOCITY    PRESSURE    TEMPERATURE     REYNOLDS             REF.      REFERENCE LENGTH   MOMENT REF. CENTER
 NUMBER                                                       NUMBER              AREA       LONG.     LAT.     HORIZ      VERT
             FT       FT/SEC     LB/FT**2       DEG R         1/FT               FT**2        FT        FT        FT        FT
0  .300    1500.00     333.17   2.0040E+03     513.321     2.0121E+07          1329.000     93.000    93.000    41.300      .000
0          CLA-B(W)= 9.532E-03     CLA-W(B)= 5.187E-02     K-B(W)= 2.054E-01     K-W(B)= 1.118E+00     XAC/C-B(W)= 9.186E-02
0          CLA-B(H)= 1.444E-03     CLA-H(B)= 1.219E-02     K-B(H)= 1.278E-01     K-H(B)= 1.079E+00     XAC/C-B(H)= 4.658E-02
0                                      SIDEWASH, (1 + D(SIGMA)/D(BETA))QV/Q = 1.2530429E+00



                ALPHA         IV-B(W)          IV-W(H)          IV-B(H)          GAMMA/                  GAMMA/
                                                                              2*PI*ALPHA*V*R         (2*PI*ALPHA*V*R)T
               -16.000        .0000E+00       -.8089E+00       -.2223E+00          NDM                    .6617E+00
                -8.000        .0000E+00       -.8926E+00        .0000E+00          NDM                      NDM 
                -6.000        .0000E+00       -.9115E+00        .0000E+00          NDM                      NDM 
                -4.000        .0000E+00       -.9294E+00        .0000E+00        .0000E+00                .0000E+00
                -2.000        .0000E+00       -.9462E+00        .0000E+00        .0000E+00                .0000E+00
                  .000        .0000E+00       -.9617E+00        .0000E+00        .0000E+00                .0000E+00
                 2.000        .0000E+00       -.9757E+00        .0000E+00        .0000E+00                .0000E+00
                 4.000        .0000E+00       -.9881E+00        .0000E+00        .0000E+00                .0000E+00
                 8.000        .0000E+00       -.1007E+01        .0000E+00          NDM                      NDM 
                 9.000        .0000E+00       -.1011E+01        .0000E+00          NDM                      NDM 
                10.000        .0000E+00       -.1014E+01        .0000E+00          NDM                      NDM 
                12.000        .0000E+00       -.1018E+01       -.9652E-01          NDM                    .4869E+00
                14.000        .0000E+00       -.1019E+01       -.1726E+00          NDM                    .5740E+00
                16.000        .0000E+00       -.1018E+01       -.2223E+00          NDM                    .6617E+00
                18.000        .0000E+00       -.1014E+01       -.2527E+00          NDM                    .7491E+00
                19.000        .0000E+00       -.1011E+01       -.2638E+00          NDM                    .7957E+00
                20.000        .0000E+00       -.1007E+01       -.2716E+00          NDM                    .8418E+00
                21.000        .0000E+00       -.1002E+01       -.2745E+00          NDM                    .8634E+00
                22.000        .0000E+00       -.9965E+00       -.2771E+00          NDM                    .8850E+00
                24.000        .0000E+00       -.9832E+00       -.2809E+00          NDM                    .9300E+00


                                                  DYNAMIC DERIVATIVE INCREMENTALS
          CLP(GAMMA=CL=0) =-4.0226E-01     CLP(GAMMA)/CLP (GAMMA=0) = 1.0000E+00      CNP/THETA = 4.3701E-04
                              CYP/GAMMA = 0.0000E+00                    CYP/CL (CL=0) = 1.9025E-01

                                             CLB/GAMMA        (CMO/THETA)W     (CMO/THETA)H
                                              -.1996E-03           NA                NA  
0*** NDM PRINTED WHEN NO DATCOM METHODS EXIST
0*** NA PRINTED WHEN METHOD NOT APPLICABLE
1
1                            AUTOMATED STABILITY AND CONTROL METHODS PER APRIL 1976 VERSION OF DATCOM
                                         CHARACTERISTICS OF HIGH LIFT AND CONTROL DEVICES
                                            TAIL PLAIN TRAILING-EDGE FLAP CONFIGURATION
                                                     TOTAL: Total: X-airplane
 -----------------------  FLIGHT CONDITIONS  ------------------------           --------------  REFERENCE DIMENSIONS  ------------
  MACH    ALTITUDE   VELOCITY    PRESSURE    TEMPERATURE     REYNOLDS             REF.      REFERENCE LENGTH   MOMENT REF. CENTER
 NUMBER                                                       NUMBER              AREA       LONG.     LAT.     HORIZ      VERT
             FT       FT/SEC     LB/FT**2       DEG R         1/FT               FT**2        FT        FT        FT        FT
0  .300    1500.00     333.17   2.0040E+03     513.321     2.0121E+07          1329.000     93.000    93.000    41.300      .000
0            ---------INCREMENTS DUE TO DEFLECTION---------              ---DERIVATIVES (PER DEGREE)---
0     DELTA     D(CL)     D(CM)    D(CL MAX)    D(CD MIN)                (CLA)D     (CH)A       (CH)D


      -40.0     -.132      .0611      .096       .01133                  NDM      -2.508E-03  -5.570E-03
      -30.0     -.112      .0520      .084       .00706                  NDM                  -5.488E-03
      -20.0     -.096      .0447      .063       .00360                  NDM                  -5.277E-03
      -10.0     -.056      .0259      .036       .00084                  NDM                  -5.128E-03
         .0      .000      .0000      .000       .00000                  NDM                  -5.128E-03
       10.0      .056     -.0259      .036       .00084                  NDM                  -5.128E-03
       20.0      .096     -.0447      .063       .00360                  NDM                  -5.277E-03
       30.0      .112     -.0520      .084       .00706                  NDM                  -5.488E-03
       40.0      .132     -.0611      .096       .01133                  NDM                  -5.570E-03
0  *** NOTE * HINGE MOMENT DERIVATIVES ARE BASED ON TWICE THE AREA-MOMENT OF THE CONTROL ABOUT ITS HINGE LINE

0            --------- INDUCED DRAG COEFFICIENT INCREMENT , D(CDI) , DUE TO DEFLECTION ---------
0       DELTA = -40.0     -30.0     -20.0     -10.0        .0      10.0      20.0      30.0      40.0
   ALPHA
0
   -16.0        2.06E-02  1.65E-02  1.37E-02  7.01E-03 -5.72E-06 -4.43E-03 -6.01E-03 -6.26E-03 -6.30E-03
    -8.0        1.37E-02  1.07E-02  8.66E-03  4.10E-03 -2.80E-06 -1.51E-03 -9.93E-04 -4.51E-04  5.57E-04
    -6.0        1.22E-02  9.41E-03  7.53E-03  3.44E-03 -2.14E-06 -8.49E-04  1.46E-04  8.68E-04  2.11E-03
    -4.0        1.07E-02  8.11E-03  6.41E-03  2.79E-03 -1.49E-06 -1.99E-04  1.27E-03  2.16E-03  3.64E-03
    -2.0        9.14E-03  6.83E-03  5.30E-03  2.14E-03 -8.47E-07  4.45E-04  2.37E-03  3.45E-03  5.16E-03
      .0        5.91E-03  4.09E-03  2.93E-03  7.66E-04  5.29E-07  1.82E-03  4.74E-03  6.19E-03  8.39E-03
     2.0        6.16E-03  4.29E-03  3.11E-03  8.70E-04  4.25E-07  1.72E-03  4.56E-03  5.98E-03  8.15E-03
     4.0        4.69E-03  3.05E-03  2.03E-03  2.46E-04  1.05E-06  2.34E-03  5.64E-03  7.23E-03  9.61E-03
     8.0        1.78E-03  5.87E-04 -9.68E-05 -9.90E-04  2.28E-06  3.58E-03  7.77E-03  9.69E-03  1.25E-02
     9.0        1.06E-03 -2.82E-05 -6.28E-04 -1.30E-03  2.59E-06  3.89E-03  8.30E-03  1.03E-02  1.32E-02
    10.0        3.15E-04 -6.56E-04 -1.17E-03 -1.61E-03  2.91E-06  4.20E-03  8.84E-03  1.09E-02  1.40E-02
    12.0       -1.27E-03 -2.00E-03 -2.33E-03 -2.29E-03  3.58E-06  4.87E-03  1.00E-02  1.23E-02  1.56E-02
    14.0       -2.98E-03 -3.45E-03 -3.59E-03 -3.02E-03  4.31E-06  5.60E-03  1.13E-02  1.37E-02  1.73E-02
    16.0       -4.78E-03 -4.98E-03 -4.90E-03 -3.78E-03  5.08E-06  6.37E-03  1.26E-02  1.53E-02  1.91E-02
    18.0       -6.64E-03 -6.55E-03 -6.26E-03 -4.57E-03  5.87E-06  7.16E-03  1.39E-02  1.68E-02  2.09E-02
    19.0       -7.51E-03 -7.29E-03 -6.90E-03 -4.94E-03  6.24E-06  7.53E-03  1.46E-02  1.76E-02  2.18E-02
    20.0       -8.50E-03 -8.13E-03 -7.63E-03 -5.36E-03  6.66E-06  7.95E-03  1.53E-02  1.84E-02  2.28E-02
    21.0       -9.56E-03 -9.03E-03 -8.40E-03 -5.81E-03  7.11E-06  8.40E-03  1.61E-02  1.93E-02  2.39E-02
    22.0       -1.11E-02 -1.04E-02 -9.55E-03 -6.48E-03  7.78E-06  9.07E-03  1.72E-02  2.06E-02  2.54E-02
    24.0       -1.38E-02 -1.27E-02 -1.15E-02 -7.63E-03  8.94E-06  1.02E-02  1.92E-02  2.29E-02  2.81E-02
0***NDM PRINTED WHEN NO DATCOM METHODS EXIST
1                            AUTOMATED STABILITY AND CONTROL METHODS PER APRIL 1976 VERSION OF DATCOM
                                         CHARACTERISTICS OF HIGH LIFT AND CONTROL DEVICES
                                          WING-BODY-TAIL TRIM WITH CONTROL DEVICE ON TAIL
 -----------------------  FLIGHT CONDITIONS  ------------------------           --------------  REFERENCE DIMENSIONS  ------------
  MACH    ALTITUDE   VELOCITY    PRESSURE    TEMPERATURE     REYNOLDS             REF.      REFERENCE LENGTH   MOMENT REF. CENTER
 NUMBER                                                       NUMBER              AREA       LONG.     LAT.     HORIZ      VERT
             FT       FT/SEC     LB/FT**2       DEG R         1/FT               FT**2        FT        FT        FT        FT
0  .300    1500.00     333.17   2.0040E+03     513.321     2.0121E+07          1329.000     93.000    93.000    41.300      .000
0         ----------UNTRIMMED----------            -----------------------AT TRIM DEFLECTION-----------------------
0    ALPHA     CL         CD       CM     DELTAT   D(CL)    D(CL MAX)     D(CDI)    D(CD MIN)   CH(A)        CH(D)
0
0*NOTE** TRIM RESULTS HAVE BEEN TERMINATED DUE TO LACK OF CONTROL MOMENT.
1 END OF JOB.
