\BOOKMARK [-1][-]{part.1}{I Aircraft Design Overview}{}% 1
\BOOKMARK [0][-]{chapter.1}{Aircraft Design}{part.1}% 2
\BOOKMARK [0][-]{chapter.2}{ADOpT applicaton overview}{part.1}% 3
\BOOKMARK [-1][-]{part.2}{II Development of Application}{}% 4
\BOOKMARK [0][-]{chapter.3}{Introdution to Java}{part.2}% 5
\BOOKMARK [0][-]{chapter.4}{Work Object}{part.2}% 6
\BOOKMARK [1][-]{section.4.1}{Introduction}{chapter.4}% 7
\BOOKMARK [1][-]{section.4.2}{Input data from .XML file}{chapter.4}% 8
\BOOKMARK [1][-]{section.4.3}{Default Aircraft}{chapter.4}% 9
\BOOKMARK [2][-]{subsection.4.3.1}{How is made a default Aircraft}{section.4.3}% 10
\BOOKMARK [2][-]{subsection.4.3.2}{How is made a default Wing}{section.4.3}% 11
\BOOKMARK [1][-]{section.4.4}{Database in JPAD}{chapter.4}% 12
\BOOKMARK [2][-]{subsection.4.4.1}{Setup database}{section.4.4}% 13
\BOOKMARK [2][-]{subsection.4.4.2}{Assign database using an Aircraft object}{section.4.4}% 14
\BOOKMARK [2][-]{subsection.4.4.3}{Assign database using a Wing object}{section.4.4}% 15
\BOOKMARK [2][-]{subsection.4.4.4}{User's guide}{section.4.4}% 16
\BOOKMARK [-1][-]{part.3}{III Functionality Overview}{}% 17
\BOOKMARK [0][-]{chapter.5}{Work Object Data}{part.3}% 18
\BOOKMARK [0][-]{chapter.6}{Wing Lift Characteristics}{part.3}% 19
\BOOKMARK [1][-]{section.6.1}{Theoretical background}{chapter.6}% 20
\BOOKMARK [2][-]{subsection.6.1.1}{Zero-Lift Angle and Lift Coefficient Slope}{section.6.1}% 21
\BOOKMARK [2][-]{subsection.6.1.2}{End of Linearity angle of attack}{section.6.1}% 22
\BOOKMARK [2][-]{subsection.6.1.3}{Maximum Lift Coefficient}{section.6.1}% 23
\BOOKMARK [2][-]{subsection.6.1.4}{Stall Angle of Attack}{section.6.1}% 24
\BOOKMARK [2][-]{subsection.6.1.5}{Construction of the curve}{section.6.1}% 25
\BOOKMARK [2][-]{subsection.6.1.6}{High Lift devices}{section.6.1}% 26
\BOOKMARK [1][-]{section.6.2}{Java Class Architecture}{chapter.6}% 27
\BOOKMARK [1][-]{section.6.3}{Case Study}{chapter.6}% 28
\BOOKMARK [0][-]{chapter.7}{Wing Drag Characteristics}{part.3}% 29
\BOOKMARK [1][-]{section.7.1}{Theoretical background}{chapter.7}% 30
\BOOKMARK [1][-]{section.7.2}{Java Class Architecture}{chapter.7}% 31
\BOOKMARK [1][-]{section.7.3}{Case Study}{chapter.7}% 32
\BOOKMARK [0][-]{chapter.8}{Downwash Estimation}{part.3}% 33
\BOOKMARK [1][-]{section.8.1}{Theoretical background}{chapter.8}% 34
\BOOKMARK [1][-]{section.8.2}{Java Class Architecture}{chapter.8}% 35
\BOOKMARK [2][-]{subsection.8.2.1}{Constant Downwash Gradient}{section.8.2}% 36
\BOOKMARK [2][-]{subsection.8.2.2}{Variable Downwash Gradient}{section.8.2}% 37
\BOOKMARK [1][-]{section.8.3}{Case Study}{chapter.8}% 38
\BOOKMARK [0][-]{chapter.9}{Aircraft Longitudinal Static Stability}{part.3}% 39
\BOOKMARK [1][-]{section.9.1}{Aerodynamic Lift}{chapter.9}% 40
\BOOKMARK [2][-]{subsection.9.1.1}{Wing}{section.9.1}% 41
\BOOKMARK [2][-]{subsection.9.1.2}{Fuselage}{section.9.1}% 42
\BOOKMARK [2][-]{subsection.9.1.3}{Horizontal Tail}{section.9.1}% 43
\BOOKMARK [2][-]{subsection.9.1.4}{Complete Aircraft}{section.9.1}% 44
\BOOKMARK [1][-]{section.9.2}{Aerodynamic Drag}{chapter.9}% 45
\BOOKMARK [2][-]{subsection.9.2.1}{Wing}{section.9.2}% 46
\BOOKMARK [2][-]{subsection.9.2.2}{Fuselage}{section.9.2}% 47
\BOOKMARK [2][-]{subsection.9.2.3}{Horizontal Tail}{section.9.2}% 48
\BOOKMARK [1][-]{section.9.3}{Pitching Moments}{chapter.9}% 49
\BOOKMARK [2][-]{subsection.9.3.1}{Wing}{section.9.3}% 50
\BOOKMARK [2][-]{subsection.9.3.2}{Fuselage}{section.9.3}% 51
\BOOKMARK [2][-]{subsection.9.3.3}{Horizontal Tail}{section.9.3}% 52
\BOOKMARK [2][-]{subsection.9.3.4}{Propulsors}{section.9.3}% 53
\BOOKMARK [2][-]{subsection.9.3.5}{Stability Calculation}{section.9.3}% 54
\BOOKMARK [1][-]{section.9.4}{Java Class Architecture}{chapter.9}% 55
\BOOKMARK [1][-]{section.9.5}{User's Guide}{chapter.9}% 56
\BOOKMARK [1][-]{section.9.6}{Analysis Results}{chapter.9}% 57
\BOOKMARK [0][-]{chapter.10}{Minor Works}{part.3}% 58
\BOOKMARK [0][-]{Appendix.a.A}{HDF dataset and database reader creation}{part.3}% 59
\BOOKMARK [1][-]{section.a.A.1}{Chart Digitization}{Appendix.a.A}% 60
\BOOKMARK [1][-]{section.a.A.2}{Creation of an HDF file with Matlab}{Appendix.a.A}% 61
\BOOKMARK [0][-]{Appendix.a.B}{App2}{part.3}% 62
\BOOKMARK [0][-]{section*.42}{Glossary}{part.3}% 63
\BOOKMARK [0][-]{section*.44}{Acronyms}{part.3}% 64
\BOOKMARK [0][-]{section*.46}{List of symbols}{part.3}% 65
\BOOKMARK [0][-]{section*.48}{Bibliography}{part.3}% 66
