#
# A fatal error has been detected by the Java Runtime Environment:
#
#  EXCEPTION_UNCAUGHT_CXX_EXCEPTION (0xe06d7363) at pc=0x00007ffe9c6e4008, pid=7680, tid=0x00000000000005f0
#
# JRE version: Java(TM) SE Runtime Environment (8.0_161-b12) (build 1.8.0_161-b12)
# Java VM: Java HotSpot(TM) 64-Bit Server VM (25.161-b12 mixed mode windows-amd64 compressed oops)
# Problematic frame:
# C  [KERNELBASE.dll+0x14008]
#
# Failed to write core dump. Minidumps are not enabled by default on client versions of Windows
#
# If you would like to submit a bug report, please visit:
#   http://bugreport.java.com/bugreport/crash.jsp
# The crash happened outside the Java Virtual Machine in native code.
# See problematic frame for where to report the bug.
#

---------------  T H R E A D  ---------------

Current thread (0x00000000042d4000):  JavaThread "main" [_thread_in_native, id=1520, stack(0x0000000004160000,0x0000000004260000)]

siginfo: ExceptionCode=0xe06d7363, ExceptionInformation=0x0000000019930520 0x000000000425ded0 0x00007ffe6cfe2b90 0x00007ffe6cf30000 

Registers:
RAX=0x00007ffe758cc859, RBX=0x0000000041ada7f8, RCX=0x0000000041adc030, RDX=0x0000000041adbca8
RSP=0x000000000425dd50, RBP=0x000000000425de90, RSI=0x00007ffe6cfe2b90, RDI=0x00007ffe4eb06b48
R8 =0x00007ffe6ce7a0d6, R9 =0x000000000425d850, R10=0x000000000425d860, R11=0xfffffffffffffffe
R12=0x00007ffe4eaebef0, R13=0x00000000421452c8, R14=0x000000000425ded0, R15=0x0000000000000004
RIP=0x00007ffe9c6e4008, EFLAGS=0x0000000000000202

Top of Stack: (sp=0x000000000425dd50)
0x000000000425dd50:   0000000000000000 0000000041ada7f8
0x000000000425dd60:   00007ffe6cfe2b90 00007ffe4eb06b48
0x000000000425dd70:   00000001e06d7363 0000000000000000
0x000000000425dd80:   00007ffe9c6e4008 0000000000000004
0x000000000425dd90:   0000000019930520 000000000425ded0
0x000000000425dda0:   00007ffe6cfe2b90 00007ffe6cf30000
0x000000000425ddb0:   00007ffe4eaebef0 00007ffe4eb06b48
0x000000000425ddc0:   00007ffe6cfe2b90 000000000425deb0
0x000000000425ddd0:   000000000425de90 00007ffea024c66f
0x000000000425dde0:   00000000421452c8 00007ffe00000000
0x000000000425ddf0:   0000000000000000 0000000000000000
0x000000000425de00:   00007ffe6d08d000 00007ffe6cf30000
0x000000000425de10:   00004f03302fa307 00007ffe4eaebf00
0x000000000425de20:   0000000041ada7f8 00007ffe8a8a44f2
0x000000000425de30:   00007ffe4eb06b48 00007ffe9d4fe926
0x000000000425de40:   0000000000000017 0000000000000017 

Instructions: (pc=0x00007ffe9c6e4008)
0x00007ffe9c6e3fe8:   49 8b d1 44 0f 47 c0 44 89 44 24 38 49 c1 e0 03
0x00007ffe9c6e3ff8:   e8 ca 16 07 00 48 8d 4c 24 20 ff 15 e8 4a 16 00
0x00007ffe9c6e4008:   48 8b 8c 24 c0 00 00 00 48 33 cc e8 a8 e6 06 00
0x00007ffe9c6e4018:   48 81 c4 d8 00 00 00 c3 83 64 24 38 00 eb d6 cc 


Register to memory mapping:

RAX=0x00007ffe758cc859 is an unknown value
RBX=0x0000000041ada7f8 is an unknown value
RCX=0x0000000041adc030 is an unknown value
RDX=0x0000000041adbca8 is an unknown value
RSP=0x000000000425dd50 is pointing into the stack for thread: 0x00000000042d4000
RBP=0x000000000425de90 is pointing into the stack for thread: 0x00000000042d4000
RSI=0x00007ffe6cfe2b90 is an unknown value
RDI=0x00007ffe4eb06b48 is an unknown value
R8 =0x00007ffe6ce7a0d6 is an unknown value
R9 =0x000000000425d850 is pointing into the stack for thread: 0x00000000042d4000
R10=0x000000000425d860 is pointing into the stack for thread: 0x00000000042d4000
R11=0xfffffffffffffffe is an unknown value
R12=0x00007ffe4eaebef0 is an unknown value
R13=0x00000000421452c8 is an unknown value
R14=0x000000000425ded0 is pointing into the stack for thread: 0x00000000042d4000
R15=0x0000000000000004 is an unknown value


Stack: [0x0000000004160000,0x0000000004260000],  sp=0x000000000425dd50,  free space=1015k
Native frames: (J=compiled Java code, j=interpreted, Vv=VM code, C=native code)
C  [KERNELBASE.dll+0x14008]
C  [VCRUNTIME140.dll+0x44f2]
C  [TKernel.dll+0x32472]
C  [TKernel.dll+0x32278]
C  [TKBool.dll+0x1ad5ea]
C  [TKOffset.dll+0x11ba0]
C  0x00000000043e8c67

Java frames: (J=compiled Java code, j=interpreted, Vv=VM code)
j  opencascade.OCCwrapJavaJNI.BRepBuilderAPI_MakeShape_Build(JLopencascade/BRepBuilderAPI_MakeShape;)V+0
j  opencascade.BRepBuilderAPI_MakeShape.Build()V+5
j  it.unina.daf.jpadcadsandbox.utils.AircraftUtils.getLiftingSurfaceCAD(Laircraft/components/liftingSurface/LiftingSurface;Lconfiguration/enumerations/ComponentEnum;DZZZ)Ljava/util/List;+4729
j  it.unina.daf.jpadcadsandbox.Test01vt.main([Ljava/lang/String;)V+69
v  ~StubRoutines::call_stub

---------------  P R O C E S S  ---------------

Java Threads: ( => current thread )
  0x000000003b8be800 JavaThread "Service Thread" daemon [_thread_blocked, id=16768, stack(0x000000003d280000,0x000000003d380000)]
  0x000000003b820800 JavaThread "C1 CompilerThread3" daemon [_thread_blocked, id=19384, stack(0x000000003d180000,0x000000003d280000)]
  0x000000003a14d000 JavaThread "C2 CompilerThread2" daemon [_thread_blocked, id=16476, stack(0x000000003d080000,0x000000003d180000)]
  0x000000003b81b000 JavaThread "C2 CompilerThread1" daemon [_thread_blocked, id=6088, stack(0x000000003cf80000,0x000000003d080000)]
  0x000000003b816000 JavaThread "C2 CompilerThread0" daemon [_thread_blocked, id=10724, stack(0x000000003ce80000,0x000000003cf80000)]
  0x000000003b815000 JavaThread "Attach Listener" daemon [_thread_blocked, id=2684, stack(0x000000003cd80000,0x000000003ce80000)]
  0x000000003b814000 JavaThread "Signal Dispatcher" daemon [_thread_blocked, id=7004, stack(0x000000003cc80000,0x000000003cd80000)]
  0x000000003b803800 JavaThread "Finalizer" daemon [_thread_blocked, id=9152, stack(0x000000003ca60000,0x000000003cb60000)]
  0x000000003a13c000 JavaThread "Reference Handler" daemon [_thread_blocked, id=1368, stack(0x000000003c960000,0x000000003ca60000)]
=>0x00000000042d4000 JavaThread "main" [_thread_in_native, id=1520, stack(0x0000000004160000,0x0000000004260000)]

Other Threads:
  0x000000003b7e2800 VMThread [stack: 0x000000003c860000,0x000000003c960000] [id=17636]
  0x000000003b8bf800 WatcherThread [stack: 0x000000003d380000,0x000000003d480000] [id=9420]

VM state:not at safepoint (normal execution)

VM Mutex/Monitor currently owned by a thread: None

Heap:
 PSYoungGen      total 305664K, used 47581K [0x000000066b380000, 0x0000000680880000, 0x00000007c0000000)
  eden space 262144K, 16% used [0x000000066b380000,0x000000066dceef00,0x000000067b380000)
  from space 43520K, 11% used [0x000000067de00000,0x000000067e308510,0x0000000680880000)
  to   space 43520K, 0% used [0x000000067b380000,0x000000067b380000,0x000000067de00000)
 ParOldGen       total 699392K, used 88K [0x00000003c1a00000, 0x00000003ec500000, 0x000000066b380000)
  object space 699392K, 0% used [0x00000003c1a00000,0x00000003c1a16010,0x00000003ec500000)
 Metaspace       used 20423K, capacity 20986K, committed 21120K, reserved 1069056K
  class space    used 1756K, capacity 1890K, committed 1920K, reserved 1048576K

Card table byte_map: [0x0000000013790000,0x0000000015790000] byte_map_base: 0x0000000011983000

Marking Bits: (ParMarkBitMap*) 0x0000000051f5f860
 Begin Bits: [0x00000000176e0000, 0x0000000027678000)
 End Bits:   [0x0000000027678000, 0x0000000037610000)

Polling page: 0x0000000002500000

CodeCache: size=245760Kb used=9208Kb max_used=9217Kb free=236551Kb
 bounds [0x00000000043d0000, 0x0000000004ce0000, 0x00000000133d0000]
 total_blobs=3610 nmethods=2442 adapters=1080
 compilation: enabled

Compilation events (10 events):
Event: 1.845 Thread 0x000000003b820800 2442       3       java.util.stream.Sink::end (1 bytes)
Event: 1.845 Thread 0x000000003b820800 nmethod 2442 0x0000000004ccfcd0 code [0x0000000004ccfe20, 0x0000000004ccff70]
Event: 1.845 Thread 0x000000003b820800 2441       3       opencascade.Standard_Transient::getCPtr (13 bytes)
Event: 1.845 Thread 0x000000003b820800 nmethod 2441 0x0000000004ccffd0 code [0x0000000004cd0120, 0x0000000004cd02b0]
Event: 1.847 Thread 0x000000003b820800 2443       3       java.util.stream.AbstractPipeline::<init> (91 bytes)
Event: 1.847 Thread 0x000000003b820800 nmethod 2443 0x0000000004cd0350 code [0x0000000004cd0500, 0x0000000004cd0af8]
Event: 1.847 Thread 0x000000003b816000 2444       4       jdk.internal.org.objectweb.asm.Type::getArgumentsAndReturnSizes (151 bytes)
Event: 1.850 Thread 0x000000003b820800 2445       3       java.lang.StringBuilder::append (9 bytes)
Event: 1.850 Thread 0x000000003b820800 nmethod 2445 0x0000000004cd0d50 code [0x0000000004cd0ee0, 0x0000000004cd12d8]
Event: 1.851 Thread 0x000000003b816000 nmethod 2444 0x0000000004cd4550 code [0x0000000004cd46c0, 0x0000000004cd4b78]

GC Heap History (4 events):
Event: 1.286 GC heap before
{Heap before GC invocations=1 (full 0):
 PSYoungGen      total 305664K, used 262144K [0x000000066b380000, 0x0000000680880000, 0x00000007c0000000)
  eden space 262144K, 100% used [0x000000066b380000,0x000000067b380000,0x000000067b380000)
  from space 43520K, 0% used [0x000000067de00000,0x000000067de00000,0x0000000680880000)
  to   space 43520K, 0% used [0x000000067b380000,0x000000067b380000,0x000000067de00000)
 ParOldGen       total 699392K, used 0K [0x00000003c1a00000, 0x00000003ec500000, 0x000000066b380000)
  object space 699392K, 0% used [0x00000003c1a00000,0x00000003c1a00000,0x00000003ec500000)
 Metaspace       used 13488K, capacity 13746K, committed 13824K, reserved 1060864K
  class space    used 1447K, capacity 1521K, committed 1536K, reserved 1048576K
Event: 1.290 GC heap after
Heap after GC invocations=1 (full 0):
 PSYoungGen      total 305664K, used 6417K [0x000000066b380000, 0x0000000680880000, 0x00000007c0000000)
  eden space 262144K, 0% used [0x000000066b380000,0x000000066b380000,0x000000067b380000)
  from space 43520K, 14% used [0x000000067b380000,0x000000067b9c4568,0x000000067de00000)
  to   space 43520K, 0% used [0x000000067de00000,0x000000067de00000,0x0000000680880000)
 ParOldGen       total 699392K, used 80K [0x00000003c1a00000, 0x00000003ec500000, 0x000000066b380000)
  object space 699392K, 0% used [0x00000003c1a00000,0x00000003c1a14010,0x00000003ec500000)
 Metaspace       used 13488K, capacity 13746K, committed 13824K, reserved 1060864K
  class space    used 1447K, capacity 1521K, committed 1536K, reserved 1048576K
}
Event: 1.541 GC heap before
{Heap before GC invocations=2 (full 0):
 PSYoungGen      total 305664K, used 268561K [0x000000066b380000, 0x0000000680880000, 0x00000007c0000000)
  eden space 262144K, 100% used [0x000000066b380000,0x000000067b380000,0x000000067b380000)
  from space 43520K, 14% used [0x000000067b380000,0x000000067b9c4568,0x000000067de00000)
  to   space 43520K, 0% used [0x000000067de00000,0x000000067de00000,0x0000000680880000)
 ParOldGen       total 699392K, used 80K [0x00000003c1a00000, 0x00000003ec500000, 0x000000066b380000)
  object space 699392K, 0% used [0x00000003c1a00000,0x00000003c1a14010,0x00000003ec500000)
 Metaspace       used 15282K, capacity 15774K, committed 15872K, reserved 1062912K
  class space    used 1605K, capacity 1727K, committed 1792K, reserved 1048576K
Event: 1.544 GC heap after
Heap after GC invocations=2 (full 0):
 PSYoungGen      total 305664K, used 5153K [0x000000066b380000, 0x0000000680880000, 0x00000007c0000000)
  eden space 262144K, 0% used [0x000000066b380000,0x000000066b380000,0x000000067b380000)
  from space 43520K, 11% used [0x000000067de00000,0x000000067e308510,0x0000000680880000)
  to   space 43520K, 0% used [0x000000067b380000,0x000000067b380000,0x000000067de00000)
 ParOldGen       total 699392K, used 88K [0x00000003c1a00000, 0x00000003ec500000, 0x000000066b380000)
  object space 699392K, 0% used [0x00000003c1a00000,0x00000003c1a16010,0x00000003ec500000)
 Metaspace       used 15282K, capacity 15774K, committed 15872K, reserved 1062912K
  class space    used 1605K, capacity 1727K, committed 1792K, reserved 1048576K
}

Deoptimization events (10 events):
Event: 1.330 Thread 0x00000000042d4000 Uncommon trap: reason=class_check action=maybe_recompile pc=0x0000000004aad37c method=com.sun.org.apache.xerces.internal.dom.NamedNodeMapImpl.item(I)Lorg/w3c/dom/Node; @ 33
Event: 1.333 Thread 0x00000000042d4000 Uncommon trap: reason=speculate_class_check action=maybe_recompile pc=0x00000000049f159c method=com.sun.org.apache.xerces.internal.dom.ElementNSImpl.getNamespaceURI()Ljava/lang/String; @ 8
Event: 1.366 Thread 0x00000000042d4000 Uncommon trap: reason=unstable_if action=reinterpret pc=0x0000000004986388 method=java.lang.Double.equals(Ljava/lang/Object;)Z @ 25
Event: 1.370 Thread 0x00000000042d4000 Uncommon trap: reason=unstable_if action=reinterpret pc=0x0000000004549358 method=sun.nio.cs.UTF_8$Encoder.encode([CII[B)I @ 33
Event: 1.370 Thread 0x00000000042d4000 Uncommon trap: reason=unstable_if action=reinterpret pc=0x00000000045fa330 method=sun.net.www.ParseUtil.encodePath(Ljava/lang/String;Z)Ljava/lang/String; @ 81
Event: 1.370 Thread 0x00000000042d4000 Uncommon trap: reason=unstable_if action=reinterpret pc=0x00000000045ebb84 method=sun.nio.cs.UTF_8$Decoder.decode([BII[C)I @ 30
Event: 1.516 Thread 0x00000000042d4000 Uncommon trap: reason=unstable_if action=reinterpret pc=0x00000000045d53a8 method=java.io.WinNTFileSystem.normalize(Ljava/lang/String;)Ljava/lang/String; @ 74
Event: 1.518 Thread 0x00000000042d4000 Uncommon trap: reason=class_check action=maybe_recompile pc=0x00000000046bdc74 method=com.sun.org.apache.xerces.internal.impl.XMLDocumentFragmentScannerImpl.scanStartElement()Z @ 436
Event: 1.518 Thread 0x00000000042d4000 Uncommon trap: reason=unstable_if action=reinterpret pc=0x0000000004b4a33c method=com.sun.org.apache.xerces.internal.impl.XMLEntityScanner.scanContent(Lcom/sun/org/apache/xerces/internal/xni/XMLString;)I @ 121
Event: 1.563 Thread 0x00000000042d4000 Uncommon trap: reason=unstable_if action=reinterpret pc=0x0000000004bc55a8 method=sun.misc.FloatingDecimal.readJavaFormatString(Ljava/lang/String;)Lsun/misc/FloatingDecimal$ASCIIToBinaryConverter; @ 178

Classes redefined (0 events):
No events

Internal exceptions (10 events):
Event: 0.196 Thread 0x00000000042d4000 Exception <a 'java/security/PrivilegedActionException'> (0x000000066b846698) thrown at [C:\re\workspace\8-2-build-windows-amd64-cygwin\jdk8u161\10277\hotspot\src\share\vm\prims\jvm.cpp, line 1390]
Event: 0.196 Thread 0x00000000042d4000 Exception <a 'java/security/PrivilegedActionException'> (0x000000066b847b28) thrown at [C:\re\workspace\8-2-build-windows-amd64-cygwin\jdk8u161\10277\hotspot\src\share\vm\prims\jvm.cpp, line 1390]
Event: 0.196 Thread 0x00000000042d4000 Exception <a 'java/security/PrivilegedActionException'> (0x000000066b847d38) thrown at [C:\re\workspace\8-2-build-windows-amd64-cygwin\jdk8u161\10277\hotspot\src\share\vm\prims\jvm.cpp, line 1390]
Event: 0.454 Thread 0x00000000042d4000 Implicit null exception at 0x0000000004623e7b to 0x0000000004624619
Event: 0.611 Thread 0x00000000042d4000 Exception <a 'java/lang/NoSuchFieldError': method resolution failed> (0x000000066e227500) thrown at [C:\re\workspace\8-2-build-windows-amd64-cygwin\jdk8u161\10277\hotspot\src\share\vm\prims\methodHandles.cpp, line 1167]
Event: 0.612 Thread 0x00000000042d4000 Exception <a 'java/lang/NoSuchFieldError': method resolution failed> (0x000000066e234bc0) thrown at [C:\re\workspace\8-2-build-windows-amd64-cygwin\jdk8u161\10277\hotspot\src\share\vm\prims\methodHandles.cpp, line 1167]
Event: 0.868 Thread 0x00000000042d4000 Implicit null exception at 0x00000000046c33a0 to 0x00000000046c4f41
Event: 0.883 Thread 0x00000000042d4000 Implicit null exception at 0x000000000481b0b0 to 0x000000000481b10e
Event: 1.048 Thread 0x00000000042d4000 Implicit null exception at 0x00000000046414d4 to 0x0000000004641891
Event: 1.097 Thread 0x00000000042d4000 Implicit null exception at 0x00000000045c3416 to 0x00000000045c37b9

Events (10 events):
Event: 1.810 loading class it/unina/daf/jpadcad/occ/CADGeomCurve3D
Event: 1.810 loading class it/unina/daf/jpadcad/occ/CADGeomCurve3D done
Event: 1.847 loading class it/unina/daf/jpadcad/occ/CADGeomCurve3D
Event: 1.847 loading class it/unina/daf/jpadcad/occ/CADGeomCurve3D done
Event: 1.850 loading class opencascade/BRepOffsetAPI_MakeFilling
Event: 1.850 loading class opencascade/BRepOffsetAPI_MakeFilling done
Event: 1.851 loading class opencascade/GeomAbs_Shape
Event: 1.851 loading class opencascade/GeomAbs_Shape done
Event: 1.851 loading class opencascade/GeomAbs_Shape$SwigNext
Event: 1.851 loading class opencascade/GeomAbs_Shape$SwigNext done


Dynamic libraries:
0x00007ff6260f0000 - 0x00007ff626127000 	C:\Program Files\Java\jdk1.8.0_161\jre\bin\javaw.exe
0x00007ffea01d0000 - 0x00007ffea03b0000 	C:\WINDOWS\SYSTEM32\ntdll.dll
0x00007ffea0050000 - 0x00007ffea00fe000 	C:\WINDOWS\System32\KERNEL32.DLL
0x00007ffe9c6d0000 - 0x00007ffe9c936000 	C:\WINDOWS\System32\KERNELBASE.dll
0x00007ffe9e8f0000 - 0x00007ffe9e991000 	C:\WINDOWS\System32\ADVAPI32.dll
0x00007ffe9e140000 - 0x00007ffe9e1dd000 	C:\WINDOWS\System32\msvcrt.dll
0x00007ffe9d7f0000 - 0x00007ffe9d84b000 	C:\WINDOWS\System32\sechost.dll
0x00007ffe9e430000 - 0x00007ffe9e54f000 	C:\WINDOWS\System32\RPCRT4.dll
0x00007ffe9fea0000 - 0x00007ffea002f000 	C:\WINDOWS\System32\USER32.dll
0x00007ffe9c5d0000 - 0x00007ffe9c5f0000 	C:\WINDOWS\System32\win32u.dll
0x00007ffe9e5b0000 - 0x00007ffe9e5d8000 	C:\WINDOWS\System32\GDI32.dll
0x00007ffe9d350000 - 0x00007ffe9d4e3000 	C:\WINDOWS\System32\gdi32full.dll
0x00007ffe9c940000 - 0x00007ffe9c9db000 	C:\WINDOWS\System32\msvcp_win.dll
0x00007ffe9d4f0000 - 0x00007ffe9d5e6000 	C:\WINDOWS\System32\ucrtbase.dll
0x00007ffe8f630000 - 0x00007ffe8f899000 	C:\WINDOWS\WinSxS\amd64_microsoft.windows.common-controls_6595b64144ccf1df_6.0.16299.248_none_15ced204935f55d7\COMCTL32.dll
0x00007ffe9e5e0000 - 0x00007ffe9e8e8000 	C:\WINDOWS\System32\combase.dll
0x00007ffe9c5f0000 - 0x00007ffe9c662000 	C:\WINDOWS\System32\bcryptPrimitives.dll
0x00007ffe9def0000 - 0x00007ffe9df1d000 	C:\WINDOWS\System32\IMM32.DLL
0x0000000051fe0000 - 0x00000000520b2000 	C:\Program Files\Java\jdk1.8.0_161\jre\bin\msvcr100.dll
0x0000000051740000 - 0x0000000051fdf000 	C:\Program Files\Java\jdk1.8.0_161\jre\bin\server\jvm.dll
0x00007ffe9e9a0000 - 0x00007ffe9e9a8000 	C:\WINDOWS\System32\PSAPI.DLL
0x00007ffe97740000 - 0x00007ffe9774a000 	C:\WINDOWS\SYSTEM32\VERSION.dll
0x00007ffe96bb0000 - 0x00007ffe96bb9000 	C:\WINDOWS\SYSTEM32\WSOCK32.dll
0x00007ffe8fc20000 - 0x00007ffe8fc43000 	C:\WINDOWS\SYSTEM32\WINMM.dll
0x00007ffe9d920000 - 0x00007ffe9d98c000 	C:\WINDOWS\System32\WS2_32.dll
0x00007ffe8fae0000 - 0x00007ffe8fb0a000 	C:\WINDOWS\SYSTEM32\WINMMBASE.dll
0x00007ffe9d300000 - 0x00007ffe9d34a000 	C:\WINDOWS\System32\cfgmgr32.dll
0x0000000051730000 - 0x000000005173f000 	C:\Program Files\Java\jdk1.8.0_161\jre\bin\verify.dll
0x0000000051700000 - 0x0000000051729000 	C:\Program Files\Java\jdk1.8.0_161\jre\bin\java.dll
0x00007ffe9c420000 - 0x00007ffe9c450000 	C:\WINDOWS\SYSTEM32\SspiCli.dll
0x00000000516e0000 - 0x00000000516f6000 	C:\Program Files\Java\jdk1.8.0_161\jre\bin\zip.dll
0x00007ffe9e9b0000 - 0x00007ffe9fde6000 	C:\WINDOWS\System32\SHELL32.dll
0x00007ffe9fdf0000 - 0x00007ffe9fe96000 	C:\WINDOWS\System32\shcore.dll
0x00007ffe9cbb0000 - 0x00007ffe9d2f7000 	C:\WINDOWS\System32\windows.storage.dll
0x00007ffe9e260000 - 0x00007ffe9e2b1000 	C:\WINDOWS\System32\shlwapi.dll
0x00007ffe9c560000 - 0x00007ffe9c571000 	C:\WINDOWS\System32\kernel.appcore.dll
0x00007ffe9c580000 - 0x00007ffe9c5cc000 	C:\WINDOWS\System32\powrprof.dll
0x00007ffe9c540000 - 0x00007ffe9c55b000 	C:\WINDOWS\System32\profapi.dll
0x0000000180000000 - 0x0000000180276000 	C:\Users\DeMarco-PC\JPAD_PROJECT\jpad\libraries\hdf\jhdf5.dll
0x00000000516c0000 - 0x00000000516da000 	C:\Program Files\Java\jdk1.8.0_161\jre\bin\net.dll
0x00007ffe9bdb0000 - 0x00007ffe9be16000 	C:\WINDOWS\system32\mswsock.dll
0x00000000516a0000 - 0x00000000516b1000 	C:\Program Files\Java\jdk1.8.0_161\jre\bin\nio.dll
0x00007ffe4f6d0000 - 0x00007ffe4fd29000 	C:\Users\DeMarco-PC\JPAD_PROJECT\jpad\libraries\occjava\OCCJavaWrapper_OCCT_v7.0.0_vc14_Win64\OCCwrapJava.dll
0x00007ffe77d10000 - 0x00007ffe77d70000 	C:\Users\DeMarco-PC\JPAD_PROJECT\jpad\libraries\occjava\OCCJavaWrapper_OCCT_v7.0.0_vc14_Win64\TKG2d.dll
0x00007ffe75870000 - 0x00007ffe75a0a000 	C:\Users\DeMarco-PC\JPAD_PROJECT\jpad\libraries\occjava\OCCJavaWrapper_OCCT_v7.0.0_vc14_Win64\TKMath.dll
0x00007ffe77c30000 - 0x00007ffe77d04000 	C:\Users\DeMarco-PC\JPAD_PROJECT\jpad\libraries\occjava\OCCJavaWrapper_OCCT_v7.0.0_vc14_Win64\TKG3d.dll
0x00007ffe6cf30000 - 0x00007ffe6d09a000 	C:\Users\DeMarco-PC\JPAD_PROJECT\jpad\libraries\occjava\OCCJavaWrapper_OCCT_v7.0.0_vc14_Win64\TKernel.dll
0x00007ffe4f2d0000 - 0x00007ffe4f6cb000 	C:\Users\DeMarco-PC\JPAD_PROJECT\jpad\libraries\occjava\OCCJavaWrapper_OCCT_v7.0.0_vc14_Win64\TKGeomBase.dll
0x00007ffe4eef0000 - 0x00007ffe4f2d0000 	C:\Users\DeMarco-PC\JPAD_PROJECT\jpad\libraries\occjava\OCCJavaWrapper_OCCT_v7.0.0_vc14_Win64\TKGeomAlgo.dll
0x00007ffe6ce60000 - 0x00007ffe6cf30000 	C:\Users\DeMarco-PC\JPAD_PROJECT\jpad\libraries\occjava\OCCJavaWrapper_OCCT_v7.0.0_vc14_Win64\TKBRep.dll
0x00007ffe6cd60000 - 0x00007ffe6ce5e000 	C:\Users\DeMarco-PC\JPAD_PROJECT\jpad\libraries\occjava\OCCJavaWrapper_OCCT_v7.0.0_vc14_Win64\TKHLR.dll
0x00007ffe4ec60000 - 0x00007ffe4eee3000 	C:\Users\DeMarco-PC\JPAD_PROJECT\jpad\libraries\occjava\OCCJavaWrapper_OCCT_v7.0.0_vc14_Win64\TKTopAlgo.dll
0x00007ffe77bd0000 - 0x00007ffe77c26000 	C:\Users\DeMarco-PC\JPAD_PROJECT\jpad\libraries\occjava\OCCJavaWrapper_OCCT_v7.0.0_vc14_Win64\TKPrim.dll
0x00007ffe4e640000 - 0x00007ffe4e82f000 	C:\Users\DeMarco-PC\JPAD_PROJECT\jpad\libraries\occjava\OCCJavaWrapper_OCCT_v7.0.0_vc14_Win64\TKBO.dll
0x00007ffe4e830000 - 0x00007ffe4ec5f000 	C:\Users\DeMarco-PC\JPAD_PROJECT\jpad\libraries\occjava\OCCJavaWrapper_OCCT_v7.0.0_vc14_Win64\TKBool.dll
0x00007ffe4e370000 - 0x00007ffe4e63b000 	C:\Users\DeMarco-PC\JPAD_PROJECT\jpad\libraries\occjava\OCCJavaWrapper_OCCT_v7.0.0_vc14_Win64\TKShHealing.dll
0x00007ffe6cbd0000 - 0x00007ffe6cd58000 	C:\Users\DeMarco-PC\JPAD_PROJECT\jpad\libraries\occjava\OCCJavaWrapper_OCCT_v7.0.0_vc14_Win64\TKOffset.dll
0x00007ffe4e130000 - 0x00007ffe4e36d000 	C:\Users\DeMarco-PC\JPAD_PROJECT\jpad\libraries\occjava\OCCJavaWrapper_OCCT_v7.0.0_vc14_Win64\TKFillet.dll
0x00007ffe8a6c0000 - 0x00007ffe8a6fb000 	C:\Users\DeMarco-PC\JPAD_PROJECT\jpad\libraries\occjava\OCCJavaWrapper_OCCT_v7.0.0_vc14_Win64\TKService.dll
0x00007ffe4deb0000 - 0x00007ffe4e12e000 	C:\Users\DeMarco-PC\JPAD_PROJECT\jpad\libraries\occjava\OCCJavaWrapper_OCCT_v7.0.0_vc14_Win64\TKV3d.dll
0x00007ffe6c6b0000 - 0x00007ffe6c78c000 	C:\Users\DeMarco-PC\JPAD_PROJECT\jpad\libraries\occjava\OCCJavaWrapper_OCCT_v7.0.0_vc14_Win64\TKOpenGl.dll
0x00007ffe77740000 - 0x00007ffe77798000 	C:\Users\DeMarco-PC\JPAD_PROJECT\jpad\libraries\occjava\OCCJavaWrapper_OCCT_v7.0.0_vc14_Win64\TKCDF.dll
0x00007ffe6b120000 - 0x00007ffe6b1c3000 	C:\Users\DeMarco-PC\JPAD_PROJECT\jpad\libraries\occjava\OCCJavaWrapper_OCCT_v7.0.0_vc14_Win64\TKLCAF.dll
0x00007ffe9dde0000 - 0x00007ffe9deea000 	C:\WINDOWS\System32\COMDLG32.dll
0x00007ffe6d1d0000 - 0x00007ffe6d265000 	C:\Users\DeMarco-PC\JPAD_PROJECT\jpad\libraries\occjava\OCCJavaWrapper_OCCT_v7.0.0_vc14_Win64\TKCAF.dll
0x00007ffe4dc70000 - 0x00007ffe4deab000 	C:\Users\DeMarco-PC\JPAD_PROJECT\jpad\libraries\occjava\OCCJavaWrapper_OCCT_v7.0.0_vc14_Win64\TKXSBase.dll
0x00007ffe4d730000 - 0x00007ffe4da78000 	C:\Users\DeMarco-PC\JPAD_PROJECT\jpad\libraries\occjava\OCCJavaWrapper_OCCT_v7.0.0_vc14_Win64\TKIGES.dll
0x00007ffe4da80000 - 0x00007ffe4dc62000 	C:\Users\DeMarco-PC\JPAD_PROJECT\jpad\libraries\occjava\OCCJavaWrapper_OCCT_v7.0.0_vc14_Win64\TKSTEPBase.dll
0x00007ffe4d450000 - 0x00007ffe4d722000 	C:\Users\DeMarco-PC\JPAD_PROJECT\jpad\libraries\occjava\OCCJavaWrapper_OCCT_v7.0.0_vc14_Win64\TKSTEP.dll
0x00007ffe8a8e0000 - 0x00007ffe8a90b000 	C:\Users\DeMarco-PC\JPAD_PROJECT\jpad\libraries\occjava\OCCJavaWrapper_OCCT_v7.0.0_vc14_Win64\TKSTL.dll
0x00007ffe4d2f0000 - 0x00007ffe4d444000 	C:\Users\DeMarco-PC\JPAD_PROJECT\jpad\libraries\occjava\OCCJavaWrapper_OCCT_v7.0.0_vc14_Win64\TKFeat.dll
0x0000000051690000 - 0x0000000051697000 	C:\Program Files\Java\jdk1.8.0_161\jre\bin\jawt.dll
0x00007ffe71170000 - 0x00007ffe711ee000 	C:\Users\DeMarco-PC\JPAD_PROJECT\jpad\libraries\occjava\OCCJavaWrapper_OCCT_v7.0.0_vc14_Win64\TKVRML.dll
0x00007ffe6b080000 - 0x00007ffe6b11c000 	C:\Program Files\Java\jdk1.8.0_161\jre\bin\MSVCP140.dll
0x00007ffe8a8a0000 - 0x00007ffe8a8b6000 	C:\Program Files\Java\jdk1.8.0_161\jre\bin\VCRUNTIME140.dll
0x00007ffe6c020000 - 0x00007ffe6c095000 	C:\Users\DeMarco-PC\JPAD_PROJECT\jpad\libraries\occjava\OCCJavaWrapper_OCCT_v7.0.0_vc14_Win64\TKMesh.dll
0x00007ffe97920000 - 0x00007ffe979a6000 	C:\WINDOWS\SYSTEM32\WINSPOOL.DRV
0x00007ffe6d990000 - 0x00007ffe6d9d4000 	C:\Users\DeMarco-PC\JPAD_PROJECT\jpad\libraries\occjava\OCCJavaWrapper_OCCT_v7.0.0_vc14_Win64\tbbmalloc.dll
0x00007ffe6c660000 - 0x00007ffe6c6a4000 	C:\Users\DeMarco-PC\JPAD_PROJECT\jpad\libraries\occjava\OCCJavaWrapper_OCCT_v7.0.0_vc14_Win64\tbb.dll
0x00007ffe77a90000 - 0x00007ffe77bae000 	C:\WINDOWS\SYSTEM32\OPENGL32.dll
0x00007ffe56360000 - 0x00007ffe56411000 	C:\Users\DeMarco-PC\JPAD_PROJECT\jpad\libraries\occjava\OCCJavaWrapper_OCCT_v7.0.0_vc14_Win64\freetype.dll
0x00007ffe8a7b0000 - 0x00007ffe8a7ca000 	C:\Users\DeMarco-PC\JPAD_PROJECT\jpad\libraries\occjava\OCCJavaWrapper_OCCT_v7.0.0_vc14_Win64\gl2ps.dll
0x00000000514f0000 - 0x0000000051688000 	C:\Program Files\Java\jdk1.8.0_161\jre\bin\awt.dll
0x00007ffe9d850000 - 0x00007ffe9d915000 	C:\WINDOWS\System32\OLEAUT32.dll
0x00007ffe6aff0000 - 0x00007ffe6b079000 	C:\Users\DeMarco-PC\JPAD_PROJECT\jpad\libraries\occjava\OCCJavaWrapper_OCCT_v7.0.0_vc14_Win64\TKSTEP209.dll
0x00007ffe4d230000 - 0x00007ffe4d2ed000 	C:\Users\DeMarco-PC\JPAD_PROJECT\jpad\libraries\occjava\OCCJavaWrapper_OCCT_v7.0.0_vc14_Win64\TKSTEPAttr.dll
0x00007ffe9bb40000 - 0x00007ffe9bb79000 	C:\WINDOWS\SYSTEM32\IPHLPAPI.DLL
0x00007ffe9c080000 - 0x00007ffe9c0a5000 	C:\WINDOWS\SYSTEM32\bcrypt.dll
0x00007ffe891d0000 - 0x00007ffe891fc000 	C:\WINDOWS\SYSTEM32\GLU32.dll
0x00000000413d0000 - 0x0000000041a07000 	C:\Users\DeMarco-PC\JPAD_PROJECT\jpad\libraries\occjava\OCCJavaWrapper_OCCT_v7.0.0_vc14_Win64\FreeImage.dll
0x0000000041a10000 - 0x0000000041a34000 	C:\Users\DeMarco-PC\JPAD_PROJECT\jpad\libraries\occjava\OCCJavaWrapper_OCCT_v7.0.0_vc14_Win64\FreeImagePlus.dll
0x00007ffe9bf90000 - 0x00007ffe9bf9b000 	C:\WINDOWS\SYSTEM32\CRYPTBASE.DLL
0x00007ffe9a9e0000 - 0x00007ffe9aa68000 	C:\WINDOWS\SYSTEM32\apphelp.dll
0x00007ffe97750000 - 0x00007ffe97918000 	C:\WINDOWS\SYSTEM32\dbghelp.dll

VM Arguments:
jvm_args: -Dfile.encoding=UTF-8 
java_command: it.unina.daf.jpadcadsandbox.Test01vt -i C:\Users\DeMarco-PC\JPAD_PROJECT\jpad/JPADSandBox_v2/in/Template_Aircraft/aircraft_IRON_NEW.xml -ia C:\Users\DeMarco-PC\JPAD_PROJECT\jpad/JPADSandBox_v2/in/Template_Analyses/analysis_IRON.xml -ioc C:\Users\DeMarco-PC\JPAD_PROJECT\jpad/JPADSandBox_v2/in/Template_Analyses/operating_conditions_IRON.xml --database-dir C:\Users\DeMarco-PC\JPAD_PROJECT\jpad/JPADSandBox_v2/data -da C:\Users\DeMarco-PC\JPAD_PROJECT\jpad/JPADSandBox_v2/in/Template_Aircraft/lifting_surfaces/airfoils -df C:\Users\DeMarco-PC\JPAD_PROJECT\jpad/JPADSandBox_v2/in/Template_Aircraft/fuselages -dls C:\Users\DeMarco-PC\JPAD_PROJECT\jpad/JPADSandBox_v2/in/Template_Aircraft/lifting_surfaces -de C:\Users\DeMarco-PC\JPAD_PROJECT\jpad/JPADSandBox_v2/in/Template_Aircraft/engines -dn C:\Users\DeMarco-PC\JPAD_PROJECT\jpad/JPADSandBox_v2/in/Template_Aircraft/nacelles -dlg C:\Users\DeMarco-PC\JPAD_PROJECT\jpad/JPADSandBox_v2/in/Template_Aircraft/landing_gears -ds C:\Users\DeMarco-PC\JPAD_PROJECT\jpad/JPADSandBox_v2/in/Template_Aircraft/systems -dcc C:\Users\DeMarco-PC\JPAD_PROJECT\jpad/JPADSandBox_v2/in/Template_Aircraft/cabin_configurations
java_class_path (initial): C:\Program Files\Java\jdk1.8.0_161\jre\lib\resources.jar;C:\Program Files\Java\jdk1.8.0_161\jre\lib\rt.jar;C:\Program Files\Java\jdk1.8.0_161\jre\lib\jsse.jar;C:\Program Files\Java\jdk1.8.0_161\jre\lib\jce.jar;C:\Program Files\Java\jdk1.8.0_161\jre\lib\charsets.jar;C:\Program Files\Java\jdk1.8.0_161\jre\lib\jfr.jar;C:\Program Files\Java\jdk1.8.0_161\jre\lib\ext\access-bridge-64.jar;C:\Program Files\Java\jdk1.8.0_161\jre\lib\ext\cldrdata.jar;C:\Program Files\Java\jdk1.8.0_161\jre\lib\ext\dnsns.jar;C:\Program Files\Java\jdk1.8.0_161\jre\lib\ext\jaccess.jar;C:\Program Files\Java\jdk1.8.0_161\jre\lib\ext\jfxrt.jar;C:\Program Files\Java\jdk1.8.0_161\jre\lib\ext\localedata.jar;C:\Program Files\Java\jdk1.8.0_161\jre\lib\ext\nashorn.jar;C:\Program Files\Java\jdk1.8.0_161\jre\lib\ext\sunec.jar;C:\Program Files\Java\jdk1.8.0_161\jre\lib\ext\sunjce_provider.jar;C:\Program Files\Java\jdk1.8.0_161\jre\lib\ext\sunmscapi.jar;C:\Program Files\Java\jdk1.8.0_161\jre\lib\ext\sunpkcs11.jar;C:\Program Files\Java\jdk1.8.0_161\jre\lib\ext\zipfs.jar;C:\Users\DeMarco-PC\JPAD_PROJECT\jpad\JPADCADSandbox\bin;C:\Users\DeMarco-PC\JPAD_PROJECT\jpad\JPADCAD\bin;C:\Users\DeMarco-PC\JPAD_PROJECT\jpad\libraries\occjava\OCCJavaWrapper_OCCT_v7.0.0_vc14_Win64\OCCJavaWrapper.jar;C:\Users\DeMarco-PC\JPAD_PROJECT\jpad\libraries\trove\trove-3.1a1.jar;C:\Users\DeMarco-PC\JPAD_PROJECT\jpad\libraries\vecmath\vecmath.jar;C:\Users\DeMarco-PC\JPAD_PROJECT\jpad\libraries\jscience-4.3\jscience.jar;C:\Users\DeMarco-PC\JPAD_PROJECT\jpad\libraries\lombok\lombok.jar;C:\Users\DeMarco-PC\JPAD_PROJECT\jpad\libraries\args4j\args4j-2.0.21.jar;C:\Users\DeMarco-PC\JPAD_PROJECT\jpad\libraries\hdf\jarhdf5-2.10.1.jar;C:\Users\DeMarco-PC\JPAD_PROJECT\jpad\libraries\poi\poi-ooxml-3.10.1-20140818.jar;C:\Users\DeMarco-PC\JPAD_PROJECT\jpad\libraries\log4j\log4j-api-2.0.2.jar;C:\Users\DeMarco-PC\JPAD_PROJECT\jpad\libraries\log4j\log4j-core-2.0.2.jar;C:\Users\DeMarco-PC\JPAD_PROJECT\jpad\libraries\hdf\slf4
Launcher Type: SUN_STANDARD

Environment Variables:
PATH=C:\Users\DeMarco-PC\JPAD_PROJECT\jpad\libraries\occjava\OCCJavaWrapper_OCCT_v7.0.0_vc14_Win64;C:\Users\DeMarco-PC\JPAD_PROJECT\jpad\libraries\occjava\OCCJavaWrapper_OCCT_v7.0.0_vc14_Win64\jre1.8.0_91\bin;C:\Users\DeMarco-PC\JPAD_PROJECT\jpad\libraries\hdf;



---------------  S Y S T E M  ---------------

OS: Windows 10.0 , 64 bit Build 16299 (10.0.16299.15)

CPU:total 12 (initial active 12) (6 cores per cpu, 2 threads per core) family 6 model 63 stepping 2, cmov, cx8, fxsr, mmx, sse, sse2, sse3, ssse3, sse4.1, sse4.2, popcnt, avx, avx2, aes, clmul, erms, lzcnt, ht, tsc, tscinvbit, bmi1, bmi2

Memory: 4k page, physical 67001628k(56588928k free), swap 76963100k(64327108k free)

vm_info: Java HotSpot(TM) 64-Bit Server VM (25.161-b12) for windows-amd64 JRE (1.8.0_161-b12), built on Dec 19 2017 17:52:25 by "java_re" with MS VC++ 10.0 (VS2010)

time: Fri Feb 23 13:43:08 2018
elapsed time: 1 seconds (0d 0h 0m 1s)

