#
# A fatal error has been detected by the Java Runtime Environment:
#
#  EXCEPTION_UNCAUGHT_CXX_EXCEPTION (0xe06d7363) at pc=0x00007ffe9c6e4008, pid=14856, tid=0x0000000000003188
#
# JRE version: Java(TM) SE Runtime Environment (8.0_161-b12) (build 1.8.0_161-b12)
# Java VM: Java HotSpot(TM) 64-Bit Server VM (25.161-b12 mixed mode windows-amd64 compressed oops)
# Problematic frame:
# C  [KERNELBASE.dll+0x14008]
#
# Failed to write core dump. Minidumps are not enabled by default on client versions of Windows
#
# If you would like to submit a bug report, please visit:
#   http://bugreport.java.com/bugreport/crash.jsp
# The crash happened outside the Java Virtual Machine in native code.
# See problematic frame for where to report the bug.
#

---------------  T H R E A D  ---------------

Current thread (0x00000000048b4000):  JavaThread "main" [_thread_in_native, id=12680, stack(0x0000000004770000,0x0000000004870000)]

siginfo: ExceptionCode=0xe06d7363, ExceptionInformation=0x0000000019930520 0x000000000486df30 0x00007ffe75952b90 0x00007ffe758a0000 

Registers:
RAX=0x00007ffe6cf5c859, RBX=0x00000000410ca7f8, RCX=0x00000000410cc108, RDX=0x00000000410cbca8
RSP=0x000000000486ddb0, RBP=0x000000000486def0, RSI=0x00007ffe75952b90, RDI=0x00007ffe4e916b48
R8 =0x00007ffe6ce4a0d6, R9 =0x000000000486d8b0, R10=0x000000000486d8c0, R11=0xfffffffffffffffe
R12=0x00007ffe4e8fbef0, R13=0x0000000041721a48, R14=0x000000000486df30, R15=0x0000000000000004
RIP=0x00007ffe9c6e4008, EFLAGS=0x0000000000000206

Top of Stack: (sp=0x000000000486ddb0)
0x000000000486ddb0:   0000000000000000 00000000410ca7f8
0x000000000486ddc0:   00007ffe75952b90 00007ffe4e916b48
0x000000000486ddd0:   00000001e06d7363 0000000000000000
0x000000000486dde0:   00007ffe9c6e4008 0000000000000004
0x000000000486ddf0:   0000000019930520 000000000486df30
0x000000000486de00:   00007ffe75952b90 00007ffe758a0000
0x000000000486de10:   00007ffe4e8fbef0 00007ffe4e916b48
0x000000000486de20:   00007ffe75952b90 000000000486df10
0x000000000486de30:   000000000486def0 00007ffea024c66f
0x000000000486de40:   0000000041721a48 00007ffe00000000
0x000000000486de50:   0000000000000000 0000000000000000
0x000000000486de60:   00007ffe759fd000 00007ffe758a0000
0x000000000486de70:   00007c4058989f3a 00007ffe4e8fbf00
0x000000000486de80:   00000000410ca7f8 00007ffe8a8a44f2
0x000000000486de90:   00007ffe4e916b48 00007ffe9d4fe926
0x000000000486dea0:   0000000000000017 0000000000000017 

Instructions: (pc=0x00007ffe9c6e4008)
0x00007ffe9c6e3fe8:   49 8b d1 44 0f 47 c0 44 89 44 24 38 49 c1 e0 03
0x00007ffe9c6e3ff8:   e8 ca 16 07 00 48 8d 4c 24 20 ff 15 e8 4a 16 00
0x00007ffe9c6e4008:   48 8b 8c 24 c0 00 00 00 48 33 cc e8 a8 e6 06 00
0x00007ffe9c6e4018:   48 81 c4 d8 00 00 00 c3 83 64 24 38 00 eb d6 cc 


Register to memory mapping:

RAX=0x00007ffe6cf5c859 is an unknown value
RBX=0x00000000410ca7f8 is an unknown value
RCX=0x00000000410cc108 is an unknown value
RDX=0x00000000410cbca8 is an unknown value
RSP=0x000000000486ddb0 is pointing into the stack for thread: 0x00000000048b4000
RBP=0x000000000486def0 is pointing into the stack for thread: 0x00000000048b4000
RSI=0x00007ffe75952b90 is an unknown value
RDI=0x00007ffe4e916b48 is an unknown value
R8 =0x00007ffe6ce4a0d6 is an unknown value
R9 =0x000000000486d8b0 is pointing into the stack for thread: 0x00000000048b4000
R10=0x000000000486d8c0 is pointing into the stack for thread: 0x00000000048b4000
R11=0xfffffffffffffffe is an unknown value
R12=0x00007ffe4e8fbef0 is an unknown value
R13=0x0000000041721a48 is an unknown value
R14=0x000000000486df30 is pointing into the stack for thread: 0x00000000048b4000
R15=0x0000000000000004 is an unknown value


Stack: [0x0000000004770000,0x0000000004870000],  sp=0x000000000486ddb0,  free space=1015k
Native frames: (J=compiled Java code, j=interpreted, Vv=VM code, C=native code)
C  [KERNELBASE.dll+0x14008]
C  [VCRUNTIME140.dll+0x44f2]
C  [TKernel.dll+0x32472]
C  [TKernel.dll+0x32278]
C  [TKBool.dll+0x1ad5ea]
C  [TKOffset.dll+0x11ba0]
C  0x00000000049c8c67

Java frames: (J=compiled Java code, j=interpreted, Vv=VM code)
j  opencascade.OCCwrapJavaJNI.BRepBuilderAPI_MakeShape_Build(JLopencascade/BRepBuilderAPI_MakeShape;)V+0
j  opencascade.BRepBuilderAPI_MakeShape.Build()V+5
j  it.unina.daf.jpadcadsandbox.utils.AircraftUtils.getLiftingSurfaceCAD(Laircraft/components/liftingSurface/LiftingSurface;Lconfiguration/enumerations/ComponentEnum;DZZZ)Ljava/util/List;+4729
j  it.unina.daf.jpadcadsandbox.Test01vt.main([Ljava/lang/String;)V+69
v  ~StubRoutines::call_stub

---------------  P R O C E S S  ---------------

Java Threads: ( => current thread )
  0x000000003be18800 JavaThread "Service Thread" daemon [_thread_blocked, id=16084, stack(0x000000003d870000,0x000000003d970000)]
  0x000000003be03000 JavaThread "C1 CompilerThread3" daemon [_thread_blocked, id=2144, stack(0x000000003d770000,0x000000003d870000)]
  0x000000003a72d000 JavaThread "C2 CompilerThread2" daemon [_thread_blocked, id=19880, stack(0x000000003d670000,0x000000003d770000)]
  0x000000003bdff000 JavaThread "C2 CompilerThread1" daemon [_thread_blocked, id=8508, stack(0x000000003d570000,0x000000003d670000)]
  0x000000003bdf9800 JavaThread "C2 CompilerThread0" daemon [_thread_blocked, id=18212, stack(0x000000003d470000,0x000000003d570000)]
  0x000000003bdf4800 JavaThread "Attach Listener" daemon [_thread_blocked, id=7580, stack(0x000000003d370000,0x000000003d470000)]
  0x000000003bdf3800 JavaThread "Signal Dispatcher" daemon [_thread_blocked, id=10484, stack(0x000000003d270000,0x000000003d370000)]
  0x000000003bde3800 JavaThread "Finalizer" daemon [_thread_blocked, id=5848, stack(0x000000003d060000,0x000000003d160000)]
  0x000000003a71c000 JavaThread "Reference Handler" daemon [_thread_blocked, id=9348, stack(0x000000003cf60000,0x000000003d060000)]
=>0x00000000048b4000 JavaThread "main" [_thread_in_native, id=12680, stack(0x0000000004770000,0x0000000004870000)]

Other Threads:
  0x000000003bdc2800 VMThread [stack: 0x000000003ce60000,0x000000003cf60000] [id=18824]
  0x000000003be19800 WatcherThread [stack: 0x000000003d970000,0x000000003da70000] [id=7296]

VM state:not at safepoint (normal execution)

VM Mutex/Monitor currently owned by a thread: None

Heap:
 PSYoungGen      total 305664K, used 34044K [0x000000066b380000, 0x0000000680880000, 0x00000007c0000000)
  eden space 262144K, 11% used [0x000000066b380000,0x000000066cfb6f38,0x000000067b380000)
  from space 43520K, 11% used [0x000000067de00000,0x000000067e308328,0x0000000680880000)
  to   space 43520K, 0% used [0x000000067b380000,0x000000067b380000,0x000000067de00000)
 ParOldGen       total 699392K, used 88K [0x00000003c1a00000, 0x00000003ec500000, 0x000000066b380000)
  object space 699392K, 0% used [0x00000003c1a00000,0x00000003c1a16010,0x00000003ec500000)
 Metaspace       used 20419K, capacity 20982K, committed 21120K, reserved 1069056K
  class space    used 1757K, capacity 1890K, committed 1920K, reserved 1048576K

Card table byte_map: [0x0000000013d70000,0x0000000015d70000] byte_map_base: 0x0000000011f63000

Marking Bits: (ParMarkBitMap*) 0x0000000051f5f860
 Begin Bits: [0x0000000017cc0000, 0x0000000027c58000)
 End Bits:   [0x0000000027c58000, 0x0000000037bf0000)

Polling page: 0x0000000002a50000

CodeCache: size=245760Kb used=9202Kb max_used=9202Kb free=236557Kb
 bounds [0x00000000049b0000, 0x00000000052c0000, 0x00000000139b0000]
 total_blobs=3604 nmethods=2436 adapters=1080
 compilation: enabled

Compilation events (10 events):
Event: 1.845 Thread 0x000000003be03000 2432       3       sun.misc.FloatingDecimal$BinaryToASCIIBuffer::appendTo (72 bytes)
Event: 1.845 Thread 0x000000003be03000 nmethod 2432 0x00000000052ae610 code [0x00000000052ae7e0, 0x00000000052af208]
Event: 1.845 Thread 0x000000003be03000 2433       3       java.lang.StringBuilder::append (10 bytes)
Event: 1.845 Thread 0x000000003be03000 nmethod 2433 0x00000000052af450 code [0x00000000052af5c0, 0x00000000052af748]
Event: 1.845 Thread 0x000000003be03000 2435       3       java.util.stream.Sink::end (1 bytes)
Event: 1.845 Thread 0x000000003be03000 nmethod 2435 0x00000000052af7d0 code [0x00000000052af920, 0x00000000052afa70]
Event: 1.845 Thread 0x000000003be03000 2434       3       opencascade.Standard_Transient::getCPtr (13 bytes)
Event: 1.845 Thread 0x000000003be03000 nmethod 2434 0x00000000052afad0 code [0x00000000052afc20, 0x00000000052afdb0]
Event: 1.850 Thread 0x000000003be03000 2436       3       java.lang.StringBuilder::append (9 bytes)
Event: 1.850 Thread 0x000000003be03000 nmethod 2436 0x00000000052afe50 code [0x00000000052affe0, 0x00000000052b03d8]

GC Heap History (4 events):
Event: 1.297 GC heap before
{Heap before GC invocations=1 (full 0):
 PSYoungGen      total 305664K, used 262144K [0x000000066b380000, 0x0000000680880000, 0x00000007c0000000)
  eden space 262144K, 100% used [0x000000066b380000,0x000000067b380000,0x000000067b380000)
  from space 43520K, 0% used [0x000000067de00000,0x000000067de00000,0x0000000680880000)
  to   space 43520K, 0% used [0x000000067b380000,0x000000067b380000,0x000000067de00000)
 ParOldGen       total 699392K, used 0K [0x00000003c1a00000, 0x00000003ec500000, 0x000000066b380000)
  object space 699392K, 0% used [0x00000003c1a00000,0x00000003c1a00000,0x00000003ec500000)
 Metaspace       used 13502K, capacity 13746K, committed 13824K, reserved 1060864K
  class space    used 1447K, capacity 1521K, committed 1536K, reserved 1048576K
Event: 1.302 GC heap after
Heap after GC invocations=1 (full 0):
 PSYoungGen      total 305664K, used 6397K [0x000000066b380000, 0x0000000680880000, 0x00000007c0000000)
  eden space 262144K, 0% used [0x000000066b380000,0x000000066b380000,0x000000067b380000)
  from space 43520K, 14% used [0x000000067b380000,0x000000067b9bf648,0x000000067de00000)
  to   space 43520K, 0% used [0x000000067de00000,0x000000067de00000,0x0000000680880000)
 ParOldGen       total 699392K, used 80K [0x00000003c1a00000, 0x00000003ec500000, 0x000000066b380000)
  object space 699392K, 0% used [0x00000003c1a00000,0x00000003c1a14010,0x00000003ec500000)
 Metaspace       used 13502K, capacity 13746K, committed 13824K, reserved 1060864K
  class space    used 1447K, capacity 1521K, committed 1536K, reserved 1048576K
}
Event: 1.551 GC heap before
{Heap before GC invocations=2 (full 0):
 PSYoungGen      total 305664K, used 268541K [0x000000066b380000, 0x0000000680880000, 0x00000007c0000000)
  eden space 262144K, 100% used [0x000000066b380000,0x000000067b380000,0x000000067b380000)
  from space 43520K, 14% used [0x000000067b380000,0x000000067b9bf648,0x000000067de00000)
  to   space 43520K, 0% used [0x000000067de00000,0x000000067de00000,0x0000000680880000)
 ParOldGen       total 699392K, used 80K [0x00000003c1a00000, 0x00000003ec500000, 0x000000066b380000)
  object space 699392K, 0% used [0x00000003c1a00000,0x00000003c1a14010,0x00000003ec500000)
 Metaspace       used 15321K, capacity 15770K, committed 15872K, reserved 1062912K
  class space    used 1609K, capacity 1727K, committed 1792K, reserved 1048576K
Event: 1.555 GC heap after
Heap after GC invocations=2 (full 0):
 PSYoungGen      total 305664K, used 5152K [0x000000066b380000, 0x0000000680880000, 0x00000007c0000000)
  eden space 262144K, 0% used [0x000000066b380000,0x000000066b380000,0x000000067b380000)
  from space 43520K, 11% used [0x000000067de00000,0x000000067e308328,0x0000000680880000)
  to   space 43520K, 0% used [0x000000067b380000,0x000000067b380000,0x000000067de00000)
 ParOldGen       total 699392K, used 88K [0x00000003c1a00000, 0x00000003ec500000, 0x000000066b380000)
  object space 699392K, 0% used [0x00000003c1a00000,0x00000003c1a16010,0x00000003ec500000)
 Metaspace       used 15321K, capacity 15770K, committed 15872K, reserved 1062912K
  class space    used 1609K, capacity 1727K, committed 1792K, reserved 1048576K
}

Deoptimization events (10 events):
Event: 1.324 Thread 0x00000000048b4000 Uncommon trap: reason=speculate_class_check action=maybe_recompile pc=0x0000000004ffd21c method=com.sun.org.apache.xerces.internal.dom.ElementNSImpl.getNamespaceURI()Ljava/lang/String; @ 8
Event: 1.343 Thread 0x00000000048b4000 Uncommon trap: reason=speculate_class_check action=maybe_recompile pc=0x0000000004ffd21c method=com.sun.org.apache.xerces.internal.dom.ElementNSImpl.getNamespaceURI()Ljava/lang/String; @ 8
Event: 1.376 Thread 0x00000000048b4000 Uncommon trap: reason=unstable_if action=reinterpret pc=0x0000000004f79388 method=java.lang.Double.equals(Ljava/lang/Object;)Z @ 25
Event: 1.379 Thread 0x00000000048b4000 Uncommon trap: reason=unstable_if action=reinterpret pc=0x0000000004b28fd8 method=sun.nio.cs.UTF_8$Encoder.encode([CII[B)I @ 33
Event: 1.379 Thread 0x00000000048b4000 Uncommon trap: reason=unstable_if action=reinterpret pc=0x0000000004bd9a30 method=sun.net.www.ParseUtil.encodePath(Ljava/lang/String;Z)Ljava/lang/String; @ 81
Event: 1.380 Thread 0x00000000048b4000 Uncommon trap: reason=unstable_if action=reinterpret pc=0x0000000004bcc604 method=sun.nio.cs.UTF_8$Decoder.decode([BII[C)I @ 30
Event: 1.521 Thread 0x00000000048b4000 Uncommon trap: reason=unstable_if action=reinterpret pc=0x0000000004bbcbc0 method=java.io.WinNTFileSystem.normalize(Ljava/lang/String;)Ljava/lang/String; @ 74
Event: 1.523 Thread 0x00000000048b4000 Uncommon trap: reason=class_check action=maybe_recompile pc=0x0000000004c99fa8 method=com.sun.org.apache.xerces.internal.impl.XMLDocumentFragmentScannerImpl.scanStartElement()Z @ 436
Event: 1.523 Thread 0x00000000048b4000 Uncommon trap: reason=unstable_if action=reinterpret pc=0x000000000512a3bc method=com.sun.org.apache.xerces.internal.impl.XMLEntityScanner.scanContent(Lcom/sun/org/apache/xerces/internal/xni/XMLString;)I @ 121
Event: 1.568 Thread 0x00000000048b4000 Uncommon trap: reason=unstable_if action=reinterpret pc=0x00000000051b2940 method=sun.misc.FloatingDecimal.readJavaFormatString(Ljava/lang/String;)Lsun/misc/FloatingDecimal$ASCIIToBinaryConverter; @ 178

Classes redefined (0 events):
No events

Internal exceptions (10 events):
Event: 0.194 Thread 0x00000000048b4000 Exception <a 'java/security/PrivilegedActionException'> (0x000000066b846698) thrown at [C:\re\workspace\8-2-build-windows-amd64-cygwin\jdk8u161\10277\hotspot\src\share\vm\prims\jvm.cpp, line 1390]
Event: 0.194 Thread 0x00000000048b4000 Exception <a 'java/security/PrivilegedActionException'> (0x000000066b847b28) thrown at [C:\re\workspace\8-2-build-windows-amd64-cygwin\jdk8u161\10277\hotspot\src\share\vm\prims\jvm.cpp, line 1390]
Event: 0.194 Thread 0x00000000048b4000 Exception <a 'java/security/PrivilegedActionException'> (0x000000066b847d38) thrown at [C:\re\workspace\8-2-build-windows-amd64-cygwin\jdk8u161\10277\hotspot\src\share\vm\prims\jvm.cpp, line 1390]
Event: 0.452 Thread 0x00000000048b4000 Implicit null exception at 0x0000000004c0047b to 0x0000000004c00c21
Event: 0.613 Thread 0x00000000048b4000 Exception <a 'java/lang/NoSuchFieldError': method resolution failed> (0x000000066e228430) thrown at [C:\re\workspace\8-2-build-windows-amd64-cygwin\jdk8u161\10277\hotspot\src\share\vm\prims\methodHandles.cpp, line 1167]
Event: 0.614 Thread 0x00000000048b4000 Exception <a 'java/lang/NoSuchFieldError': method resolution failed> (0x000000066e235af0) thrown at [C:\re\workspace\8-2-build-windows-amd64-cygwin\jdk8u161\10277\hotspot\src\share\vm\prims\methodHandles.cpp, line 1167]
Event: 0.868 Thread 0x00000000048b4000 Implicit null exception at 0x0000000004c9f69d to 0x0000000004ca11bc
Event: 0.883 Thread 0x00000000048b4000 Implicit null exception at 0x0000000004e05330 to 0x0000000004e0538e
Event: 1.056 Thread 0x00000000048b4000 Implicit null exception at 0x0000000004c21316 to 0x0000000004c216c1
Event: 1.104 Thread 0x00000000048b4000 Implicit null exception at 0x0000000004bc6596 to 0x0000000004bc6939

Events (10 events):
Event: 1.811 loading class it/unina/daf/jpadcad/occ/CADGeomCurve3D
Event: 1.811 loading class it/unina/daf/jpadcad/occ/CADGeomCurve3D done
Event: 1.847 loading class it/unina/daf/jpadcad/occ/CADGeomCurve3D
Event: 1.847 loading class it/unina/daf/jpadcad/occ/CADGeomCurve3D done
Event: 1.850 loading class opencascade/BRepOffsetAPI_MakeFilling
Event: 1.850 loading class opencascade/BRepOffsetAPI_MakeFilling done
Event: 1.851 loading class opencascade/GeomAbs_Shape
Event: 1.851 loading class opencascade/GeomAbs_Shape done
Event: 1.851 loading class opencascade/GeomAbs_Shape$SwigNext
Event: 1.851 loading class opencascade/GeomAbs_Shape$SwigNext done


Dynamic libraries:
0x00007ff6260f0000 - 0x00007ff626127000 	C:\Program Files\Java\jdk1.8.0_161\jre\bin\javaw.exe
0x00007ffea01d0000 - 0x00007ffea03b0000 	C:\WINDOWS\SYSTEM32\ntdll.dll
0x00007ffea0050000 - 0x00007ffea00fe000 	C:\WINDOWS\System32\KERNEL32.DLL
0x00007ffe9c6d0000 - 0x00007ffe9c936000 	C:\WINDOWS\System32\KERNELBASE.dll
0x00007ffe9e8f0000 - 0x00007ffe9e991000 	C:\WINDOWS\System32\ADVAPI32.dll
0x00007ffe9e140000 - 0x00007ffe9e1dd000 	C:\WINDOWS\System32\msvcrt.dll
0x00007ffe9d7f0000 - 0x00007ffe9d84b000 	C:\WINDOWS\System32\sechost.dll
0x00007ffe9e430000 - 0x00007ffe9e54f000 	C:\WINDOWS\System32\RPCRT4.dll
0x00007ffe9fea0000 - 0x00007ffea002f000 	C:\WINDOWS\System32\USER32.dll
0x00007ffe9c5d0000 - 0x00007ffe9c5f0000 	C:\WINDOWS\System32\win32u.dll
0x00007ffe9e5b0000 - 0x00007ffe9e5d8000 	C:\WINDOWS\System32\GDI32.dll
0x00007ffe9d350000 - 0x00007ffe9d4e3000 	C:\WINDOWS\System32\gdi32full.dll
0x00007ffe9c940000 - 0x00007ffe9c9db000 	C:\WINDOWS\System32\msvcp_win.dll
0x00007ffe9d4f0000 - 0x00007ffe9d5e6000 	C:\WINDOWS\System32\ucrtbase.dll
0x00007ffe8f630000 - 0x00007ffe8f899000 	C:\WINDOWS\WinSxS\amd64_microsoft.windows.common-controls_6595b64144ccf1df_6.0.16299.248_none_15ced204935f55d7\COMCTL32.dll
0x00007ffe9e5e0000 - 0x00007ffe9e8e8000 	C:\WINDOWS\System32\combase.dll
0x00007ffe9c5f0000 - 0x00007ffe9c662000 	C:\WINDOWS\System32\bcryptPrimitives.dll
0x00007ffe9def0000 - 0x00007ffe9df1d000 	C:\WINDOWS\System32\IMM32.DLL
0x0000000051fe0000 - 0x00000000520b2000 	C:\Program Files\Java\jdk1.8.0_161\jre\bin\msvcr100.dll
0x0000000051740000 - 0x0000000051fdf000 	C:\Program Files\Java\jdk1.8.0_161\jre\bin\server\jvm.dll
0x00007ffe9e9a0000 - 0x00007ffe9e9a8000 	C:\WINDOWS\System32\PSAPI.DLL
0x00007ffe8fc20000 - 0x00007ffe8fc43000 	C:\WINDOWS\SYSTEM32\WINMM.dll
0x00007ffe96bb0000 - 0x00007ffe96bb9000 	C:\WINDOWS\SYSTEM32\WSOCK32.dll
0x00007ffe97740000 - 0x00007ffe9774a000 	C:\WINDOWS\SYSTEM32\VERSION.dll
0x00007ffe9d920000 - 0x00007ffe9d98c000 	C:\WINDOWS\System32\WS2_32.dll
0x00007ffe8fae0000 - 0x00007ffe8fb0a000 	C:\WINDOWS\SYSTEM32\WINMMBASE.dll
0x00007ffe9d300000 - 0x00007ffe9d34a000 	C:\WINDOWS\System32\cfgmgr32.dll
0x0000000051730000 - 0x000000005173f000 	C:\Program Files\Java\jdk1.8.0_161\jre\bin\verify.dll
0x0000000051700000 - 0x0000000051729000 	C:\Program Files\Java\jdk1.8.0_161\jre\bin\java.dll
0x00007ffe9c420000 - 0x00007ffe9c450000 	C:\WINDOWS\SYSTEM32\SspiCli.dll
0x00000000516e0000 - 0x00000000516f6000 	C:\Program Files\Java\jdk1.8.0_161\jre\bin\zip.dll
0x00007ffe9e9b0000 - 0x00007ffe9fde6000 	C:\WINDOWS\System32\SHELL32.dll
0x00007ffe9fdf0000 - 0x00007ffe9fe96000 	C:\WINDOWS\System32\shcore.dll
0x00007ffe9cbb0000 - 0x00007ffe9d2f7000 	C:\WINDOWS\System32\windows.storage.dll
0x00007ffe9e260000 - 0x00007ffe9e2b1000 	C:\WINDOWS\System32\shlwapi.dll
0x00007ffe9c560000 - 0x00007ffe9c571000 	C:\WINDOWS\System32\kernel.appcore.dll
0x00007ffe9c580000 - 0x00007ffe9c5cc000 	C:\WINDOWS\System32\powrprof.dll
0x00007ffe9c540000 - 0x00007ffe9c55b000 	C:\WINDOWS\System32\profapi.dll
0x0000000180000000 - 0x0000000180276000 	C:\Users\DeMarco-PC\JPAD_PROJECT\jpad\libraries\hdf\jhdf5.dll
0x00000000516c0000 - 0x00000000516da000 	C:\Program Files\Java\jdk1.8.0_161\jre\bin\net.dll
0x00007ffe9bdb0000 - 0x00007ffe9be16000 	C:\WINDOWS\system32\mswsock.dll
0x00000000516a0000 - 0x00000000516b1000 	C:\Program Files\Java\jdk1.8.0_161\jre\bin\nio.dll
0x00007ffe4f6d0000 - 0x00007ffe4fd29000 	C:\Users\DeMarco-PC\JPAD_PROJECT\jpad\libraries\occjava\OCCJavaWrapper_OCCT_v7.0.0_vc14_Win64\OCCwrapJava.dll
0x00007ffe77d10000 - 0x00007ffe77d70000 	C:\Users\DeMarco-PC\JPAD_PROJECT\jpad\libraries\occjava\OCCJavaWrapper_OCCT_v7.0.0_vc14_Win64\TKG2d.dll
0x00007ffe758a0000 - 0x00007ffe75a0a000 	C:\Users\DeMarco-PC\JPAD_PROJECT\jpad\libraries\occjava\OCCJavaWrapper_OCCT_v7.0.0_vc14_Win64\TKernel.dll
0x00007ffe77c30000 - 0x00007ffe77d04000 	C:\Users\DeMarco-PC\JPAD_PROJECT\jpad\libraries\occjava\OCCJavaWrapper_OCCT_v7.0.0_vc14_Win64\TKG3d.dll
0x00007ffe6cf00000 - 0x00007ffe6d09a000 	C:\Users\DeMarco-PC\JPAD_PROJECT\jpad\libraries\occjava\OCCJavaWrapper_OCCT_v7.0.0_vc14_Win64\TKMath.dll
0x00007ffe6ce30000 - 0x00007ffe6cf00000 	C:\Users\DeMarco-PC\JPAD_PROJECT\jpad\libraries\occjava\OCCJavaWrapper_OCCT_v7.0.0_vc14_Win64\TKBRep.dll
0x00007ffe4f2d0000 - 0x00007ffe4f6cb000 	C:\Users\DeMarco-PC\JPAD_PROJECT\jpad\libraries\occjava\OCCJavaWrapper_OCCT_v7.0.0_vc14_Win64\TKGeomBase.dll
0x00007ffe6cd30000 - 0x00007ffe6ce2e000 	C:\Users\DeMarco-PC\JPAD_PROJECT\jpad\libraries\occjava\OCCJavaWrapper_OCCT_v7.0.0_vc14_Win64\TKHLR.dll
0x00007ffe4eef0000 - 0x00007ffe4f2d0000 	C:\Users\DeMarco-PC\JPAD_PROJECT\jpad\libraries\occjava\OCCJavaWrapper_OCCT_v7.0.0_vc14_Win64\TKGeomAlgo.dll
0x00007ffe77bd0000 - 0x00007ffe77c26000 	C:\Users\DeMarco-PC\JPAD_PROJECT\jpad\libraries\occjava\OCCJavaWrapper_OCCT_v7.0.0_vc14_Win64\TKPrim.dll
0x00007ffe4ec60000 - 0x00007ffe4eee3000 	C:\Users\DeMarco-PC\JPAD_PROJECT\jpad\libraries\occjava\OCCJavaWrapper_OCCT_v7.0.0_vc14_Win64\TKTopAlgo.dll
0x00007ffe4ea70000 - 0x00007ffe4ec5f000 	C:\Users\DeMarco-PC\JPAD_PROJECT\jpad\libraries\occjava\OCCJavaWrapper_OCCT_v7.0.0_vc14_Win64\TKBO.dll
0x00007ffe4e640000 - 0x00007ffe4ea6f000 	C:\Users\DeMarco-PC\JPAD_PROJECT\jpad\libraries\occjava\OCCJavaWrapper_OCCT_v7.0.0_vc14_Win64\TKBool.dll
0x00007ffe4e370000 - 0x00007ffe4e63b000 	C:\Users\DeMarco-PC\JPAD_PROJECT\jpad\libraries\occjava\OCCJavaWrapper_OCCT_v7.0.0_vc14_Win64\TKShHealing.dll
0x00007ffe6cba0000 - 0x00007ffe6cd28000 	C:\Users\DeMarco-PC\JPAD_PROJECT\jpad\libraries\occjava\OCCJavaWrapper_OCCT_v7.0.0_vc14_Win64\TKOffset.dll
0x00007ffe4e130000 - 0x00007ffe4e36d000 	C:\Users\DeMarco-PC\JPAD_PROJECT\jpad\libraries\occjava\OCCJavaWrapper_OCCT_v7.0.0_vc14_Win64\TKFillet.dll
0x00007ffe8a6c0000 - 0x00007ffe8a6fb000 	C:\Users\DeMarco-PC\JPAD_PROJECT\jpad\libraries\occjava\OCCJavaWrapper_OCCT_v7.0.0_vc14_Win64\TKService.dll
0x00007ffe4deb0000 - 0x00007ffe4e12e000 	C:\Users\DeMarco-PC\JPAD_PROJECT\jpad\libraries\occjava\OCCJavaWrapper_OCCT_v7.0.0_vc14_Win64\TKV3d.dll
0x00007ffe9dde0000 - 0x00007ffe9deea000 	C:\WINDOWS\System32\COMDLG32.dll
0x00007ffe77740000 - 0x00007ffe77798000 	C:\Users\DeMarco-PC\JPAD_PROJECT\jpad\libraries\occjava\OCCJavaWrapper_OCCT_v7.0.0_vc14_Win64\TKCDF.dll
0x00007ffe6c6b0000 - 0x00007ffe6c78c000 	C:\Users\DeMarco-PC\JPAD_PROJECT\jpad\libraries\occjava\OCCJavaWrapper_OCCT_v7.0.0_vc14_Win64\TKOpenGl.dll
0x00007ffe6b120000 - 0x00007ffe6b1c3000 	C:\Users\DeMarco-PC\JPAD_PROJECT\jpad\libraries\occjava\OCCJavaWrapper_OCCT_v7.0.0_vc14_Win64\TKLCAF.dll
0x00007ffe6d1d0000 - 0x00007ffe6d265000 	C:\Users\DeMarco-PC\JPAD_PROJECT\jpad\libraries\occjava\OCCJavaWrapper_OCCT_v7.0.0_vc14_Win64\TKCAF.dll
0x00007ffe4d730000 - 0x00007ffe4da78000 	C:\Users\DeMarco-PC\JPAD_PROJECT\jpad\libraries\occjava\OCCJavaWrapper_OCCT_v7.0.0_vc14_Win64\TKIGES.dll
0x00007ffe4dc70000 - 0x00007ffe4deab000 	C:\Users\DeMarco-PC\JPAD_PROJECT\jpad\libraries\occjava\OCCJavaWrapper_OCCT_v7.0.0_vc14_Win64\TKXSBase.dll
0x00007ffe4da80000 - 0x00007ffe4dc62000 	C:\Users\DeMarco-PC\JPAD_PROJECT\jpad\libraries\occjava\OCCJavaWrapper_OCCT_v7.0.0_vc14_Win64\TKSTEPBase.dll
0x00007ffe4d450000 - 0x00007ffe4d722000 	C:\Users\DeMarco-PC\JPAD_PROJECT\jpad\libraries\occjava\OCCJavaWrapper_OCCT_v7.0.0_vc14_Win64\TKSTEP.dll
0x00007ffe8a8e0000 - 0x00007ffe8a90b000 	C:\Users\DeMarco-PC\JPAD_PROJECT\jpad\libraries\occjava\OCCJavaWrapper_OCCT_v7.0.0_vc14_Win64\TKSTL.dll
0x00007ffe71170000 - 0x00007ffe711ee000 	C:\Users\DeMarco-PC\JPAD_PROJECT\jpad\libraries\occjava\OCCJavaWrapper_OCCT_v7.0.0_vc14_Win64\TKVRML.dll
0x00007ffe4d2f0000 - 0x00007ffe4d444000 	C:\Users\DeMarco-PC\JPAD_PROJECT\jpad\libraries\occjava\OCCJavaWrapper_OCCT_v7.0.0_vc14_Win64\TKFeat.dll
0x0000000051690000 - 0x0000000051697000 	C:\Program Files\Java\jdk1.8.0_161\jre\bin\jawt.dll
0x00007ffe8a8a0000 - 0x00007ffe8a8b6000 	C:\Program Files\Java\jdk1.8.0_161\jre\bin\VCRUNTIME140.dll
0x00007ffe6b080000 - 0x00007ffe6b11c000 	C:\Program Files\Java\jdk1.8.0_161\jre\bin\MSVCP140.dll
0x00007ffe6c020000 - 0x00007ffe6c095000 	C:\Users\DeMarco-PC\JPAD_PROJECT\jpad\libraries\occjava\OCCJavaWrapper_OCCT_v7.0.0_vc14_Win64\TKMesh.dll
0x00007ffe97920000 - 0x00007ffe979a6000 	C:\WINDOWS\SYSTEM32\WINSPOOL.DRV
0x00007ffe6d990000 - 0x00007ffe6d9d4000 	C:\Users\DeMarco-PC\JPAD_PROJECT\jpad\libraries\occjava\OCCJavaWrapper_OCCT_v7.0.0_vc14_Win64\tbbmalloc.dll
0x00007ffe6c660000 - 0x00007ffe6c6a4000 	C:\Users\DeMarco-PC\JPAD_PROJECT\jpad\libraries\occjava\OCCJavaWrapper_OCCT_v7.0.0_vc14_Win64\tbb.dll
0x00007ffe56360000 - 0x00007ffe56411000 	C:\Users\DeMarco-PC\JPAD_PROJECT\jpad\libraries\occjava\OCCJavaWrapper_OCCT_v7.0.0_vc14_Win64\freetype.dll
0x00007ffe77a90000 - 0x00007ffe77bae000 	C:\WINDOWS\SYSTEM32\OPENGL32.dll
0x00007ffe8a7b0000 - 0x00007ffe8a7ca000 	C:\Users\DeMarco-PC\JPAD_PROJECT\jpad\libraries\occjava\OCCJavaWrapper_OCCT_v7.0.0_vc14_Win64\gl2ps.dll
0x00007ffe4d230000 - 0x00007ffe4d2ed000 	C:\Users\DeMarco-PC\JPAD_PROJECT\jpad\libraries\occjava\OCCJavaWrapper_OCCT_v7.0.0_vc14_Win64\TKSTEPAttr.dll
0x00000000514f0000 - 0x0000000051688000 	C:\Program Files\Java\jdk1.8.0_161\jre\bin\awt.dll
0x00007ffe6aff0000 - 0x00007ffe6b079000 	C:\Users\DeMarco-PC\JPAD_PROJECT\jpad\libraries\occjava\OCCJavaWrapper_OCCT_v7.0.0_vc14_Win64\TKSTEP209.dll
0x00007ffe9d850000 - 0x00007ffe9d915000 	C:\WINDOWS\System32\OLEAUT32.dll
0x00007ffe9bb40000 - 0x00007ffe9bb79000 	C:\WINDOWS\SYSTEM32\IPHLPAPI.DLL
0x00007ffe9c080000 - 0x00007ffe9c0a5000 	C:\WINDOWS\SYSTEM32\bcrypt.dll
0x00007ffe891d0000 - 0x00007ffe891fc000 	C:\WINDOWS\SYSTEM32\GLU32.dll
0x00000000409f0000 - 0x0000000041027000 	C:\Users\DeMarco-PC\JPAD_PROJECT\jpad\libraries\occjava\OCCJavaWrapper_OCCT_v7.0.0_vc14_Win64\FreeImage.dll
0x0000000040700000 - 0x0000000040724000 	C:\Users\DeMarco-PC\JPAD_PROJECT\jpad\libraries\occjava\OCCJavaWrapper_OCCT_v7.0.0_vc14_Win64\FreeImagePlus.dll
0x00007ffe9bf90000 - 0x00007ffe9bf9b000 	C:\WINDOWS\SYSTEM32\CRYPTBASE.DLL
0x00007ffe9a9e0000 - 0x00007ffe9aa68000 	C:\WINDOWS\SYSTEM32\apphelp.dll
0x00007ffe97750000 - 0x00007ffe97918000 	C:\WINDOWS\SYSTEM32\dbghelp.dll

VM Arguments:
jvm_args: -Dfile.encoding=UTF-8 
java_command: it.unina.daf.jpadcadsandbox.Test01vt -i C:\Users\DeMarco-PC\JPAD_PROJECT\jpad/JPADSandBox_v2/in/Template_Aircraft/aircraft_IRON_NEW.xml -ia C:\Users\DeMarco-PC\JPAD_PROJECT\jpad/JPADSandBox_v2/in/Template_Analyses/analysis_IRON.xml -ioc C:\Users\DeMarco-PC\JPAD_PROJECT\jpad/JPADSandBox_v2/in/Template_Analyses/operating_conditions_IRON.xml --database-dir C:\Users\DeMarco-PC\JPAD_PROJECT\jpad/JPADSandBox_v2/data -da C:\Users\DeMarco-PC\JPAD_PROJECT\jpad/JPADSandBox_v2/in/Template_Aircraft/lifting_surfaces/airfoils -df C:\Users\DeMarco-PC\JPAD_PROJECT\jpad/JPADSandBox_v2/in/Template_Aircraft/fuselages -dls C:\Users\DeMarco-PC\JPAD_PROJECT\jpad/JPADSandBox_v2/in/Template_Aircraft/lifting_surfaces -de C:\Users\DeMarco-PC\JPAD_PROJECT\jpad/JPADSandBox_v2/in/Template_Aircraft/engines -dn C:\Users\DeMarco-PC\JPAD_PROJECT\jpad/JPADSandBox_v2/in/Template_Aircraft/nacelles -dlg C:\Users\DeMarco-PC\JPAD_PROJECT\jpad/JPADSandBox_v2/in/Template_Aircraft/landing_gears -ds C:\Users\DeMarco-PC\JPAD_PROJECT\jpad/JPADSandBox_v2/in/Template_Aircraft/systems -dcc C:\Users\DeMarco-PC\JPAD_PROJECT\jpad/JPADSandBox_v2/in/Template_Aircraft/cabin_configurations
java_class_path (initial): C:\Program Files\Java\jdk1.8.0_161\jre\lib\resources.jar;C:\Program Files\Java\jdk1.8.0_161\jre\lib\rt.jar;C:\Program Files\Java\jdk1.8.0_161\jre\lib\jsse.jar;C:\Program Files\Java\jdk1.8.0_161\jre\lib\jce.jar;C:\Program Files\Java\jdk1.8.0_161\jre\lib\charsets.jar;C:\Program Files\Java\jdk1.8.0_161\jre\lib\jfr.jar;C:\Program Files\Java\jdk1.8.0_161\jre\lib\ext\access-bridge-64.jar;C:\Program Files\Java\jdk1.8.0_161\jre\lib\ext\cldrdata.jar;C:\Program Files\Java\jdk1.8.0_161\jre\lib\ext\dnsns.jar;C:\Program Files\Java\jdk1.8.0_161\jre\lib\ext\jaccess.jar;C:\Program Files\Java\jdk1.8.0_161\jre\lib\ext\jfxrt.jar;C:\Program Files\Java\jdk1.8.0_161\jre\lib\ext\localedata.jar;C:\Program Files\Java\jdk1.8.0_161\jre\lib\ext\nashorn.jar;C:\Program Files\Java\jdk1.8.0_161\jre\lib\ext\sunec.jar;C:\Program Files\Java\jdk1.8.0_161\jre\lib\ext\sunjce_provider.jar;C:\Program Files\Java\jdk1.8.0_161\jre\lib\ext\sunmscapi.jar;C:\Program Files\Java\jdk1.8.0_161\jre\lib\ext\sunpkcs11.jar;C:\Program Files\Java\jdk1.8.0_161\jre\lib\ext\zipfs.jar;C:\Users\DeMarco-PC\JPAD_PROJECT\jpad\JPADCADSandbox\bin;C:\Users\DeMarco-PC\JPAD_PROJECT\jpad\JPADCAD\bin;C:\Users\DeMarco-PC\JPAD_PROJECT\jpad\libraries\occjava\OCCJavaWrapper_OCCT_v7.0.0_vc14_Win64\OCCJavaWrapper.jar;C:\Users\DeMarco-PC\JPAD_PROJECT\jpad\libraries\trove\trove-3.1a1.jar;C:\Users\DeMarco-PC\JPAD_PROJECT\jpad\libraries\vecmath\vecmath.jar;C:\Users\DeMarco-PC\JPAD_PROJECT\jpad\libraries\jscience-4.3\jscience.jar;C:\Users\DeMarco-PC\JPAD_PROJECT\jpad\libraries\lombok\lombok.jar;C:\Users\DeMarco-PC\JPAD_PROJECT\jpad\libraries\args4j\args4j-2.0.21.jar;C:\Users\DeMarco-PC\JPAD_PROJECT\jpad\libraries\hdf\jarhdf5-2.10.1.jar;C:\Users\DeMarco-PC\JPAD_PROJECT\jpad\libraries\poi\poi-ooxml-3.10.1-20140818.jar;C:\Users\DeMarco-PC\JPAD_PROJECT\jpad\libraries\log4j\log4j-api-2.0.2.jar;C:\Users\DeMarco-PC\JPAD_PROJECT\jpad\libraries\log4j\log4j-core-2.0.2.jar;C:\Users\DeMarco-PC\JPAD_PROJECT\jpad\libraries\hdf\slf4
Launcher Type: SUN_STANDARD

Environment Variables:
PATH=C:\Users\DeMarco-PC\JPAD_PROJECT\jpad\libraries\occjava\OCCJavaWrapper_OCCT_v7.0.0_vc14_Win64;C:\Users\DeMarco-PC\JPAD_PROJECT\jpad\libraries\occjava\OCCJavaWrapper_OCCT_v7.0.0_vc14_Win64\jre1.8.0_91\bin;C:\Users\DeMarco-PC\JPAD_PROJECT\jpad\libraries\hdf;



---------------  S Y S T E M  ---------------

OS: Windows 10.0 , 64 bit Build 16299 (10.0.16299.15)

CPU:total 12 (initial active 12) (6 cores per cpu, 2 threads per core) family 6 model 63 stepping 2, cmov, cx8, fxsr, mmx, sse, sse2, sse3, ssse3, sse4.1, sse4.2, popcnt, avx, avx2, aes, clmul, erms, lzcnt, ht, tsc, tscinvbit, bmi1, bmi2

Memory: 4k page, physical 67001628k(56590040k free), swap 76963100k(64329872k free)

vm_info: Java HotSpot(TM) 64-Bit Server VM (25.161-b12) for windows-amd64 JRE (1.8.0_161-b12), built on Dec 19 2017 17:52:25 by "java_re" with MS VC++ 10.0 (VS2010)

time: Fri Feb 23 13:43:23 2018
elapsed time: 1 seconds (0d 0h 0m 1s)

