#
# A fatal error has been detected by the Java Runtime Environment:
#
#  EXCEPTION_ACCESS_VIOLATION (0xc0000005) at pc=0x00007ffc87dd0422, pid=9068, tid=0x0000000000001fc4
#
# JRE version: Java(TM) SE Runtime Environment (8.0_151-b12) (build 1.8.0_151-b12)
# Java VM: Java HotSpot(TM) 64-Bit Server VM (25.151-b12 mixed mode windows-amd64 compressed oops)
# Problematic frame:
# C  [TKernel.dll+0x60422]
#
# Failed to write core dump. Minidumps are not enabled by default on client versions of Windows
#
# If you would like to submit a bug report, please visit:
#   http://bugreport.java.com/bugreport/crash.jsp
# The crash happened outside the Java Virtual Machine in native code.
# See problematic frame for where to report the bug.
#

---------------  T H R E A D  ---------------

Current thread (0x00000000050f3800):  JavaThread "main" [_thread_in_native, id=8132, stack(0x0000000004ff0000,0x00000000050f0000)]

siginfo: ExceptionCode=0xc0000005, reading address 0x0000000000000000

Registers:
RAX=0x0000000000000000, RBX=0x0000000000000000, RCX=0x0000000042954958, RDX=0x00000000050edd68
RSP=0x00000000050ed940, RBP=0x00000000050eda70, RSI=0x00000000050eda28, RDI=0x00000000050edd60
R8 =0x00007ffc74a98480, R9 =0x0000000000000001, R10=0x0000000000000001, R11=0x00000000050ed928
R12=0x00007ffc74d4bef0, R13=0x0000000042f64f78, R14=0x00000000050edec8, R15=0x0000000000000000
RIP=0x00007ffc87dd0422, EFLAGS=0x0000000000010202

Top of Stack: (sp=0x00000000050ed940)
0x00000000050ed940:   00007ffc74d4bef0 0000000042990398
0x00000000050ed950:   00000000050edd60 0000000000000000
0x00000000050ed960:   0000000042990398 00007ffc74c3fd4d
0x00000000050ed970:   0000000000000000 00000000050edd60
0x00000000050ed980:   00000000050ed828 00000000050ed830
0x00000000050ed990:   0000000000000000 0000000000000000
0x00000000050ed9a0:   0000000000000001 0000000000000000
0x00000000050ed9b0:   0000000000000000 0000000000000000
0x00000000050ed9c0:   0000000042990398 0000000000000000
0x00000000050ed9d0:   0000000000000001 0000000042985270
0x00000000050ed9e0:   0000000000000000 0000000000000001
0x00000000050ed9f0:   00000000429851e0 0000000000000000
0x00000000050eda00:   0000000000000000 0000000042997120
0x00000000050eda10:   0000000000000000 0000000000000000
0x00000000050eda20:   0000000000000000 0000000000000000
0x00000000050eda30:   0000000042954958 fffffffffffffffe 

Instructions: (pc=0x00007ffc87dd0422)
0x00007ffc87dd0402:   00 00 48 8b 47 10 48 89 06 48 8b 74 24 38 48 83
0x00007ffc87dd0412:   c4 20 5f c3 48 8b 02 48 8d 57 08 48 89 5c 24 30
0x00007ffc87dd0422:   48 8b 18 48 89 19 48 8b 0e 41 ff d0 48 85 db 48
0x00007ffc87dd0432:   89 1e 48 8b 5c 24 30 75 08 48 8b 46 08 48 89 47 


Register to memory mapping:

RAX=0x0000000000000000 is an unknown value
RBX=0x0000000000000000 is an unknown value
RCX=0x0000000042954958 is an unknown value
RDX=0x00000000050edd68 is pointing into the stack for thread: 0x00000000050f3800
RSP=0x00000000050ed940 is pointing into the stack for thread: 0x00000000050f3800
RBP=0x00000000050eda70 is pointing into the stack for thread: 0x00000000050f3800
RSI=0x00000000050eda28 is pointing into the stack for thread: 0x00000000050f3800
RDI=0x00000000050edd60 is pointing into the stack for thread: 0x00000000050f3800
R8 =0x00007ffc74a98480 is an unknown value
R9 =0x0000000000000001 is an unknown value
R10=0x0000000000000001 is an unknown value
R11=0x00000000050ed928 is pointing into the stack for thread: 0x00000000050f3800
R12=0x00007ffc74d4bef0 is an unknown value
R13=0x0000000042f64f78 is an unknown value
R14=0x00000000050edec8 is pointing into the stack for thread: 0x00000000050f3800
R15=0x0000000000000000 is an unknown value


Stack: [0x0000000004ff0000,0x00000000050f0000],  sp=0x00000000050ed940,  free space=1014k
Native frames: (J=compiled Java code, j=interpreted, Vv=VM code, C=native code)
C  [TKernel.dll+0x60422]
C  [TKBool.dll+0x1afd4d]
C  [TKBool.dll+0x1ad5d0]
C  [TKOffset.dll+0x11ba0]
C  0x0000000005207f74

Java frames: (J=compiled Java code, j=interpreted, Vv=VM code)
j  opencascade.OCCwrapJavaJNI.BRepBuilderAPI_MakeShape_Build(JLopencascade/BRepBuilderAPI_MakeShape;)V+0
j  opencascade.BRepBuilderAPI_MakeShape.Build()V+5
j  it.unina.daf.jpadcad.occ.OCCUtils.makeFilledFace(Ljava/util/List;)Lit/unina/daf/jpadcad/occ/CADShape;+26
j  it.unina.daf.jpadcad.occ.OCCUtils.makeFilledFace([Lit/unina/daf/jpadcad/occ/CADGeomCurve3D;)Lit/unina/daf/jpadcad/occ/CADShape;+50
j  it.unina.daf.jpadcadsandbox.utils.AircraftUtils.getFuselageCAD(Laircraft/components/fuselage/Fuselage;DDIIIDDIZZ)Ljava/util/List;+3123
j  it.unina.daf.jpadcadsandbox.utils.AircraftUtils.getFuselageCAD(Laircraft/components/fuselage/Fuselage;Z)Ljava/util/List;+17
j  it.unina.daf.jpadcadsandbox.Test16.main([Ljava/lang/String;)V+89
v  ~StubRoutines::call_stub

---------------  P R O C E S S  ---------------

Java Threads: ( => current thread )
  0x000000003c700800 JavaThread "Service Thread" daemon [_thread_blocked, id=17392, stack(0x000000003e1b0000,0x000000003e2b0000)]
  0x000000003c66b000 JavaThread "C1 CompilerThread3" daemon [_thread_blocked, id=7616, stack(0x000000003e0b0000,0x000000003e1b0000)]
  0x000000003af6e000 JavaThread "C2 CompilerThread2" daemon [_thread_blocked, id=16888, stack(0x000000003dfb0000,0x000000003e0b0000)]
  0x000000003c65f800 JavaThread "C2 CompilerThread1" daemon [_thread_blocked, id=10676, stack(0x000000003deb0000,0x000000003dfb0000)]
  0x000000003c65a800 JavaThread "C2 CompilerThread0" daemon [_thread_blocked, id=8896, stack(0x000000003ddb0000,0x000000003deb0000)]
  0x000000003c659000 JavaThread "Attach Listener" daemon [_thread_blocked, id=6148, stack(0x000000003dcb0000,0x000000003ddb0000)]
  0x000000003c653000 JavaThread "Signal Dispatcher" daemon [_thread_blocked, id=14296, stack(0x000000003dbb0000,0x000000003dcb0000)]
  0x000000003af61800 JavaThread "Finalizer" daemon [_thread_blocked, id=10288, stack(0x000000003d8a0000,0x000000003d9a0000)]
  0x00000000051ee000 JavaThread "Reference Handler" daemon [_thread_blocked, id=11328, stack(0x000000003d7a0000,0x000000003d8a0000)]
=>0x00000000050f3800 JavaThread "main" [_thread_in_native, id=8132, stack(0x0000000004ff0000,0x00000000050f0000)]

Other Threads:
  0x00000000051eb000 VMThread [stack: 0x000000003d6a0000,0x000000003d7a0000] [id=11316]
  0x000000003c72b800 WatcherThread [stack: 0x000000003e2b0000,0x000000003e3b0000] [id=11424]

VM state:not at safepoint (normal execution)

VM Mutex/Monitor currently owned by a thread: None

Heap:
 PSYoungGen      total 305664K, used 33577K [0x000000066b380000, 0x0000000680880000, 0x00000007c0000000)
  eden space 262144K, 10% used [0x000000066b380000,0x000000066cfa17d8,0x000000067b380000)
  from space 43520K, 10% used [0x000000067de00000,0x000000067e2a8d08,0x0000000680880000)
  to   space 43520K, 0% used [0x000000067b380000,0x000000067b380000,0x000000067de00000)
 ParOldGen       total 699392K, used 96K [0x00000003c1a00000, 0x00000003ec500000, 0x000000066b380000)
  object space 699392K, 0% used [0x00000003c1a00000,0x00000003c1a18010,0x00000003ec500000)
 Metaspace       used 19586K, capacity 20194K, committed 20352K, reserved 1067008K
  class space    used 1713K, capacity 1848K, committed 1920K, reserved 1048576K

Card table byte_map: [0x00000000145b0000,0x00000000165b0000] byte_map_base: 0x00000000127a3000

Marking Bits: (ParMarkBitMap*) 0x0000000065cfd850
 Begin Bits: [0x0000000018500000, 0x0000000028498000)
 End Bits:   [0x0000000028498000, 0x0000000038430000)

Polling page: 0x00000000036f0000

CodeCache: size=245760Kb used=9021Kb max_used=9021Kb free=236738Kb
 bounds [0x00000000051f0000, 0x0000000005ad0000, 0x00000000141f0000]
 total_blobs=3456 nmethods=2334 adapters=1033
 compilation: enabled

Compilation events (10 events):
Event: 2.020 Thread 0x000000003c66b000 2332       3       jdk.internal.org.objectweb.asm.ClassWriter::<init> (122 bytes)
Event: 2.021 Thread 0x000000003c66b000 nmethod 2332 0x0000000005aba450 code [0x0000000005aba660, 0x0000000005abb0a8]
Event: 2.021 Thread 0x000000003c66b000 2333       3       jdk.internal.org.objectweb.asm.ClassVisitor::<init> (7 bytes)
Event: 2.021 Thread 0x000000003c66b000 nmethod 2333 0x0000000005ac0b10 code [0x0000000005ac0ca0, 0x0000000005ac1008]
Event: 2.027 Thread 0x000000003c66b000 2334       3       sun.misc.FDBigInteger::cmp (147 bytes)
Event: 2.028 Thread 0x000000003c66b000 nmethod 2334 0x0000000005abfd10 code [0x0000000005abfee0, 0x0000000005ac0630]
Event: 2.032 Thread 0x000000003c66b000 2335       3       jdk.internal.org.objectweb.asm.MethodVisitor::visitVarInsn (17 bytes)
Event: 2.032 Thread 0x000000003c66b000 nmethod 2335 0x0000000005ac29d0 code [0x0000000005ac2b40, 0x0000000005ac2da8]
Event: 2.032 Thread 0x000000003c66b000 2337       3       sun.reflect.NativeConstructorAccessorImpl::newInstance (89 bytes)
Event: 2.033 Thread 0x000000003c66b000 nmethod 2337 0x0000000005ac2e90 code [0x0000000005ac3100, 0x0000000005ac4478]

GC Heap History (4 events):
Event: 1.407 GC heap before
{Heap before GC invocations=1 (full 0):
 PSYoungGen      total 305664K, used 262144K [0x000000066b380000, 0x0000000680880000, 0x00000007c0000000)
  eden space 262144K, 100% used [0x000000066b380000,0x000000067b380000,0x000000067b380000)
  from space 43520K, 0% used [0x000000067de00000,0x000000067de00000,0x0000000680880000)
  to   space 43520K, 0% used [0x000000067b380000,0x000000067b380000,0x000000067de00000)
 ParOldGen       total 699392K, used 0K [0x00000003c1a00000, 0x00000003ec500000, 0x000000066b380000)
  object space 699392K, 0% used [0x00000003c1a00000,0x00000003c1a00000,0x00000003ec500000)
 Metaspace       used 13354K, capacity 13612K, committed 13824K, reserved 1060864K
  class space    used 1442K, capacity 1522K, committed 1536K, reserved 1048576K
Event: 1.412 GC heap after
Heap after GC invocations=1 (full 0):
 PSYoungGen      total 305664K, used 6325K [0x000000066b380000, 0x0000000680880000, 0x00000007c0000000)
  eden space 262144K, 0% used [0x000000066b380000,0x000000066b380000,0x000000067b380000)
  from space 43520K, 14% used [0x000000067b380000,0x000000067b9ad588,0x000000067de00000)
  to   space 43520K, 0% used [0x000000067de00000,0x000000067de00000,0x0000000680880000)
 ParOldGen       total 699392K, used 88K [0x00000003c1a00000, 0x00000003ec500000, 0x000000066b380000)
  object space 699392K, 0% used [0x00000003c1a00000,0x00000003c1a16010,0x00000003ec500000)
 Metaspace       used 13354K, capacity 13612K, committed 13824K, reserved 1060864K
  class space    used 1442K, capacity 1522K, committed 1536K, reserved 1048576K
}
Event: 1.749 GC heap before
{Heap before GC invocations=2 (full 0):
 PSYoungGen      total 305664K, used 268469K [0x000000066b380000, 0x0000000680880000, 0x00000007c0000000)
  eden space 262144K, 100% used [0x000000066b380000,0x000000067b380000,0x000000067b380000)
  from space 43520K, 14% used [0x000000067b380000,0x000000067b9ad588,0x000000067de00000)
  to   space 43520K, 0% used [0x000000067de00000,0x000000067de00000,0x0000000680880000)
 ParOldGen       total 699392K, used 88K [0x00000003c1a00000, 0x00000003ec500000, 0x000000066b380000)
  object space 699392K, 0% used [0x00000003c1a00000,0x00000003c1a16010,0x00000003ec500000)
 Metaspace       used 15305K, capacity 15770K, committed 15872K, reserved 1062912K
  class space    used 1612K, capacity 1729K, committed 1792K, reserved 1048576K
Event: 1.753 GC heap after
Heap after GC invocations=2 (full 0):
 PSYoungGen      total 305664K, used 4771K [0x000000066b380000, 0x0000000680880000, 0x00000007c0000000)
  eden space 262144K, 0% used [0x000000066b380000,0x000000066b380000,0x000000067b380000)
  from space 43520K, 10% used [0x000000067de00000,0x000000067e2a8d08,0x0000000680880000)
  to   space 43520K, 0% used [0x000000067b380000,0x000000067b380000,0x000000067de00000)
 ParOldGen       total 699392K, used 96K [0x00000003c1a00000, 0x00000003ec500000, 0x000000066b380000)
  object space 699392K, 0% used [0x00000003c1a00000,0x00000003c1a18010,0x00000003ec500000)
 Metaspace       used 15305K, capacity 15770K, committed 15872K, reserved 1062912K
  class space    used 1612K, capacity 1729K, committed 1792K, reserved 1048576K
}

Deoptimization events (10 events):
Event: 1.500 Thread 0x00000000050f3800 Uncommon trap: reason=unstable_if action=reinterpret pc=0x0000000005367e1c method=sun.nio.cs.UTF_8$Encoder.encode([CII[B)I @ 33
Event: 1.500 Thread 0x00000000050f3800 Uncommon trap: reason=unstable_if action=reinterpret pc=0x000000000540c0b0 method=sun.net.www.ParseUtil.encodePath(Ljava/lang/String;Z)Ljava/lang/String; @ 81
Event: 1.501 Thread 0x00000000050f3800 Uncommon trap: reason=unstable_if action=reinterpret pc=0x00000000053e58c8 method=sun.nio.cs.UTF_8$Decoder.decode([BII[C)I @ 30
Event: 1.617 Thread 0x00000000050f3800 Uncommon trap: reason=unstable_if action=reinterpret pc=0x0000000005633068 method=sun.misc.FloatingDecimal.readJavaFormatString(Ljava/lang/String;)Lsun/misc/FloatingDecimal$ASCIIToBinaryConverter; @ 445
Event: 1.653 Thread 0x00000000050f3800 Uncommon trap: reason=unstable_if action=reinterpret pc=0x00000000053ef480 method=java.io.WinNTFileSystem.normalize(Ljava/lang/String;)Ljava/lang/String; @ 74
Event: 1.656 Thread 0x00000000050f3800 Uncommon trap: reason=class_check action=maybe_recompile pc=0x00000000054cb368 method=com.sun.org.apache.xerces.internal.impl.XMLDocumentFragmentScannerImpl.scanStartElement()Z @ 436
Event: 1.696 Thread 0x00000000050f3800 Uncommon trap: reason=unstable_if action=reinterpret pc=0x00000000056394bc method=sun.misc.FDBigInteger.valueOfMulPow52(JII)Lsun/misc/FDBigInteger; @ 69
Event: 1.696 Thread 0x00000000050f3800 Uncommon trap: reason=unstable_if action=reinterpret pc=0x00000000055fee8c method=sun.misc.FDBigInteger.leftShift(I)Lsun/misc/FDBigInteger; @ 30
Event: 1.747 Thread 0x00000000050f3800 Uncommon trap: reason=unstable_if action=reinterpret pc=0x00000000059e2860 method=sun.misc.FloatingDecimal.readJavaFormatString(Ljava/lang/String;)Lsun/misc/FloatingDecimal$ASCIIToBinaryConverter; @ 178
Event: 2.019 Thread 0x00000000050f3800 Uncommon trap: reason=unstable_if action=reinterpret pc=0x0000000005615b48 method=sun.misc.FDBigInteger.cmp(Lsun/misc/FDBigInteger;)I @ 22

Internal exceptions (10 events):
Event: 0.226 Thread 0x00000000050f3800 Exception <a 'java/security/PrivilegedActionException'> (0x000000066b7bf420) thrown at [C:\re\workspace\8-2-build-windows-amd64-cygwin\jdk8u151\9699\hotspot\src\share\vm\prims\jvm.cpp, line 1390]
Event: 0.226 Thread 0x00000000050f3800 Exception <a 'java/security/PrivilegedActionException'> (0x000000066b7c0878) thrown at [C:\re\workspace\8-2-build-windows-amd64-cygwin\jdk8u151\9699\hotspot\src\share\vm\prims\jvm.cpp, line 1390]
Event: 0.226 Thread 0x00000000050f3800 Exception <a 'java/security/PrivilegedActionException'> (0x000000066b7c0a88) thrown at [C:\re\workspace\8-2-build-windows-amd64-cygwin\jdk8u151\9699\hotspot\src\share\vm\prims\jvm.cpp, line 1390]
Event: 0.503 Thread 0x00000000050f3800 Implicit null exception at 0x000000000542cdbb to 0x000000000542d465
Event: 0.675 Thread 0x00000000050f3800 Exception <a 'java/lang/NoSuchFieldError': method resolution failed> (0x000000066e12d0a0) thrown at [C:\re\workspace\8-2-build-windows-amd64-cygwin\jdk8u151\9699\hotspot\src\share\vm\prims\methodHandles.cpp, line 1146]
Event: 0.676 Thread 0x00000000050f3800 Exception <a 'java/lang/NoSuchFieldError': method resolution failed> (0x000000066e13a760) thrown at [C:\re\workspace\8-2-build-windows-amd64-cygwin\jdk8u151\9699\hotspot\src\share\vm\prims\methodHandles.cpp, line 1146]
Event: 0.945 Thread 0x00000000050f3800 Implicit null exception at 0x0000000005524e9d to 0x00000000055269bc
Event: 0.961 Thread 0x00000000050f3800 Implicit null exception at 0x000000000562a9f0 to 0x000000000562aa4e
Event: 1.146 Thread 0x00000000050f3800 Implicit null exception at 0x0000000005428356 to 0x0000000005428701
Event: 1.204 Thread 0x00000000050f3800 Implicit null exception at 0x00000000053ea316 to 0x00000000053ea6b9

Events (10 events):
Event: 2.027 loading class it/unina/daf/jpadcad/occ/CADVertex
Event: 2.027 loading class it/unina/daf/jpadcad/occ/CADVertex done
Event: 2.032 loading class it/unina/daf/jpadcad/occ/CADVertex
Event: 2.032 loading class it/unina/daf/jpadcad/occ/CADVertex done
Event: 2.032 loading class it/unina/daf/jpadcad/occ/CADVertex
Event: 2.032 loading class it/unina/daf/jpadcad/occ/CADVertex done
Event: 2.032 loading class it/unina/daf/jpadcad/occ/CADVertex
Event: 2.032 loading class it/unina/daf/jpadcad/occ/CADVertex done
Event: 2.032 loading class it/unina/daf/jpadcad/occ/CADVertex
Event: 2.032 loading class it/unina/daf/jpadcad/occ/CADVertex done


Dynamic libraries:
0x00007ff7c1ec0000 - 0x00007ff7c1ef7000 	C:\Program Files\Java\jdk1.8.0_151\bin\javaw.exe
0x00007ffcc8ff0000 - 0x00007ffcc91d0000 	C:\WINDOWS\SYSTEM32\ntdll.dll
0x00007ffcc7de0000 - 0x00007ffcc7e8e000 	C:\WINDOWS\System32\KERNEL32.DLL
0x00007ffcc5720000 - 0x00007ffcc5986000 	C:\WINDOWS\System32\KERNELBASE.dll
0x00007ffcc7cd0000 - 0x00007ffcc7d71000 	C:\WINDOWS\System32\ADVAPI32.dll
0x00007ffcc64c0000 - 0x00007ffcc655d000 	C:\WINDOWS\System32\msvcrt.dll
0x00007ffcc8520000 - 0x00007ffcc857b000 	C:\WINDOWS\System32\sechost.dll
0x00007ffcc8b90000 - 0x00007ffcc8caf000 	C:\WINDOWS\System32\RPCRT4.dll
0x00007ffcc87e0000 - 0x00007ffcc896f000 	C:\WINDOWS\System32\USER32.dll
0x00007ffcc5990000 - 0x00007ffcc59b0000 	C:\WINDOWS\System32\win32u.dll
0x00007ffcc7d80000 - 0x00007ffcc7da8000 	C:\WINDOWS\System32\GDI32.dll
0x00007ffcc59b0000 - 0x00007ffcc5b44000 	C:\WINDOWS\System32\gdi32full.dll
0x00007ffcc54f0000 - 0x00007ffcc558b000 	C:\WINDOWS\System32\msvcp_win.dll
0x00007ffcc53f0000 - 0x00007ffcc54e6000 	C:\WINDOWS\System32\ucrtbase.dll
0x00007ffcb7c00000 - 0x00007ffcb7e69000 	C:\WINDOWS\WinSxS\amd64_microsoft.windows.common-controls_6595b64144ccf1df_6.0.16299.64_none_cc9304e22215ca8f\COMCTL32.dll
0x00007ffcc8cb0000 - 0x00007ffcc8fb8000 	C:\WINDOWS\System32\combase.dll
0x00007ffcc5590000 - 0x00007ffcc5602000 	C:\WINDOWS\System32\bcryptPrimitives.dll
0x00007ffcc7db0000 - 0x00007ffcc7ddd000 	C:\WINDOWS\System32\IMM32.DLL
0x0000000065d80000 - 0x0000000065e52000 	C:\Program Files\Java\jdk1.8.0_151\jre\bin\msvcr100.dll
0x00000000654e0000 - 0x0000000065d7d000 	C:\Program Files\Java\jdk1.8.0_151\jre\bin\server\jvm.dll
0x00007ffcc8aa0000 - 0x00007ffcc8aa8000 	C:\WINDOWS\System32\PSAPI.DLL
0x00007ffcb5450000 - 0x00007ffcb5459000 	C:\WINDOWS\SYSTEM32\WSOCK32.dll
0x00007ffcc05d0000 - 0x00007ffcc05f3000 	C:\WINDOWS\SYSTEM32\WINMM.dll
0x00007ffcc8980000 - 0x00007ffcc89ec000 	C:\WINDOWS\System32\WS2_32.dll
0x00007ffcbe810000 - 0x00007ffcbe81a000 	C:\WINDOWS\SYSTEM32\VERSION.dll
0x00007ffcc0520000 - 0x00007ffcc054a000 	C:\WINDOWS\SYSTEM32\WINMMBASE.dll
0x00007ffcc62a0000 - 0x00007ffcc62ea000 	C:\WINDOWS\System32\cfgmgr32.dll
0x00000000654d0000 - 0x00000000654df000 	C:\Program Files\Java\jdk1.8.0_151\jre\bin\verify.dll
0x00000000654a0000 - 0x00000000654c9000 	C:\Program Files\Java\jdk1.8.0_151\jre\bin\java.dll
0x00007ffcc5240000 - 0x00007ffcc5270000 	C:\WINDOWS\SYSTEM32\SspiCli.dll
0x0000000065480000 - 0x0000000065496000 	C:\Program Files\Java\jdk1.8.0_151\jre\bin\zip.dll
0x00007ffcc6560000 - 0x00007ffcc7997000 	C:\WINDOWS\System32\SHELL32.dll
0x00007ffcc89f0000 - 0x00007ffcc8a96000 	C:\WINDOWS\System32\shcore.dll
0x00007ffcc5b50000 - 0x00007ffcc6297000 	C:\WINDOWS\System32\windows.storage.dll
0x00007ffcc7c60000 - 0x00007ffcc7cb1000 	C:\WINDOWS\System32\shlwapi.dll
0x00007ffcc5360000 - 0x00007ffcc5371000 	C:\WINDOWS\System32\kernel.appcore.dll
0x00007ffcc5380000 - 0x00007ffcc53cc000 	C:\WINDOWS\System32\powrprof.dll
0x00007ffcc5340000 - 0x00007ffcc535b000 	C:\WINDOWS\System32\profapi.dll
0x0000000180000000 - 0x0000000180276000 	C:\Users\agodemar\ADOPT_PROJECT\jpad\libraries\hdf\jhdf5.dll
0x0000000065460000 - 0x000000006547a000 	C:\Program Files\Java\jdk1.8.0_151\jre\bin\net.dll
0x00007ffcc4b70000 - 0x00007ffcc4bd6000 	C:\WINDOWS\system32\mswsock.dll
0x0000000065440000 - 0x0000000065451000 	C:\Program Files\Java\jdk1.8.0_151\jre\bin\nio.dll
0x00007ffc75cc0000 - 0x00007ffc76319000 	C:\Users\agodemar\ADOPT_PROJECT\jpad\libraries\occjava\OCCJavaWrapper_OCCT_v7.0.0_vc14_Win64\OCCwrapJava.dll
0x00007ffc87d70000 - 0x00007ffc87eda000 	C:\Users\agodemar\ADOPT_PROJECT\jpad\libraries\occjava\OCCJavaWrapper_OCCT_v7.0.0_vc14_Win64\TKernel.dll
0x00007ffc97e40000 - 0x00007ffc97ea0000 	C:\Users\agodemar\ADOPT_PROJECT\jpad\libraries\occjava\OCCJavaWrapper_OCCT_v7.0.0_vc14_Win64\TKG2d.dll
0x00007ffc915c0000 - 0x00007ffc91694000 	C:\Users\agodemar\ADOPT_PROJECT\jpad\libraries\occjava\OCCJavaWrapper_OCCT_v7.0.0_vc14_Win64\TKG3d.dll
0x00007ffc75b20000 - 0x00007ffc75cba000 	C:\Users\agodemar\ADOPT_PROJECT\jpad\libraries\occjava\OCCJavaWrapper_OCCT_v7.0.0_vc14_Win64\TKMath.dll
0x00007ffc8dab0000 - 0x00007ffc8db80000 	C:\Users\agodemar\ADOPT_PROJECT\jpad\libraries\occjava\OCCJavaWrapper_OCCT_v7.0.0_vc14_Win64\TKBRep.dll
0x00007ffc8c5c0000 - 0x00007ffc8c6be000 	C:\Users\agodemar\ADOPT_PROJECT\jpad\libraries\occjava\OCCJavaWrapper_OCCT_v7.0.0_vc14_Win64\TKHLR.dll
0x00007ffc75720000 - 0x00007ffc75b1b000 	C:\Users\agodemar\ADOPT_PROJECT\jpad\libraries\occjava\OCCJavaWrapper_OCCT_v7.0.0_vc14_Win64\TKGeomBase.dll
0x00007ffc75340000 - 0x00007ffc75720000 	C:\Users\agodemar\ADOPT_PROJECT\jpad\libraries\occjava\OCCJavaWrapper_OCCT_v7.0.0_vc14_Win64\TKGeomAlgo.dll
0x00007ffc97110000 - 0x00007ffc97166000 	C:\Users\agodemar\ADOPT_PROJECT\jpad\libraries\occjava\OCCJavaWrapper_OCCT_v7.0.0_vc14_Win64\TKPrim.dll
0x00007ffc750b0000 - 0x00007ffc75333000 	C:\Users\agodemar\ADOPT_PROJECT\jpad\libraries\occjava\OCCJavaWrapper_OCCT_v7.0.0_vc14_Win64\TKTopAlgo.dll
0x00007ffc74ec0000 - 0x00007ffc750af000 	C:\Users\agodemar\ADOPT_PROJECT\jpad\libraries\occjava\OCCJavaWrapper_OCCT_v7.0.0_vc14_Win64\TKBO.dll
0x00007ffc74a90000 - 0x00007ffc74ebf000 	C:\Users\agodemar\ADOPT_PROJECT\jpad\libraries\occjava\OCCJavaWrapper_OCCT_v7.0.0_vc14_Win64\TKBool.dll
0x00007ffc747c0000 - 0x00007ffc74a8b000 	C:\Users\agodemar\ADOPT_PROJECT\jpad\libraries\occjava\OCCJavaWrapper_OCCT_v7.0.0_vc14_Win64\TKShHealing.dll
0x00007ffc74630000 - 0x00007ffc747b8000 	C:\Users\agodemar\ADOPT_PROJECT\jpad\libraries\occjava\OCCJavaWrapper_OCCT_v7.0.0_vc14_Win64\TKOffset.dll
0x00007ffc743f0000 - 0x00007ffc7462d000 	C:\Users\agodemar\ADOPT_PROJECT\jpad\libraries\occjava\OCCJavaWrapper_OCCT_v7.0.0_vc14_Win64\TKFillet.dll
0x00007ffca2480000 - 0x00007ffca24bb000 	C:\Users\agodemar\ADOPT_PROJECT\jpad\libraries\occjava\OCCJavaWrapper_OCCT_v7.0.0_vc14_Win64\TKService.dll
0x00007ffc74170000 - 0x00007ffc743ee000 	C:\Users\agodemar\ADOPT_PROJECT\jpad\libraries\occjava\OCCJavaWrapper_OCCT_v7.0.0_vc14_Win64\TKV3d.dll
0x00007ffc8c1f0000 - 0x00007ffc8c2cc000 	C:\Users\agodemar\ADOPT_PROJECT\jpad\libraries\occjava\OCCJavaWrapper_OCCT_v7.0.0_vc14_Win64\TKOpenGl.dll
0x00007ffc94df0000 - 0x00007ffc94e48000 	C:\Users\agodemar\ADOPT_PROJECT\jpad\libraries\occjava\OCCJavaWrapper_OCCT_v7.0.0_vc14_Win64\TKCDF.dll
0x00007ffcc8580000 - 0x00007ffcc868a000 	C:\WINDOWS\System32\COMDLG32.dll
0x00007ffc868e0000 - 0x00007ffc86983000 	C:\Users\agodemar\ADOPT_PROJECT\jpad\libraries\occjava\OCCJavaWrapper_OCCT_v7.0.0_vc14_Win64\TKLCAF.dll
0x00007ffc8be20000 - 0x00007ffc8beb5000 	C:\Users\agodemar\ADOPT_PROJECT\jpad\libraries\occjava\OCCJavaWrapper_OCCT_v7.0.0_vc14_Win64\TKCAF.dll
0x00007ffc73be0000 - 0x00007ffc73f28000 	C:\Users\agodemar\ADOPT_PROJECT\jpad\libraries\occjava\OCCJavaWrapper_OCCT_v7.0.0_vc14_Win64\TKIGES.dll
0x00007ffc73f30000 - 0x00007ffc7416b000 	C:\Users\agodemar\ADOPT_PROJECT\jpad\libraries\occjava\OCCJavaWrapper_OCCT_v7.0.0_vc14_Win64\TKXSBase.dll
0x00007ffc739f0000 - 0x00007ffc73bd2000 	C:\Users\agodemar\ADOPT_PROJECT\jpad\libraries\occjava\OCCJavaWrapper_OCCT_v7.0.0_vc14_Win64\TKSTEPBase.dll
0x00007ffc73710000 - 0x00007ffc739e2000 	C:\Users\agodemar\ADOPT_PROJECT\jpad\libraries\occjava\OCCJavaWrapper_OCCT_v7.0.0_vc14_Win64\TKSTEP.dll
0x00007ffca4dd0000 - 0x00007ffca4dfb000 	C:\Users\agodemar\ADOPT_PROJECT\jpad\libraries\occjava\OCCJavaWrapper_OCCT_v7.0.0_vc14_Win64\TKSTL.dll
0x00007ffc8b6c0000 - 0x00007ffc8b73e000 	C:\Users\agodemar\ADOPT_PROJECT\jpad\libraries\occjava\OCCJavaWrapper_OCCT_v7.0.0_vc14_Win64\TKVRML.dll
0x00007ffc735b0000 - 0x00007ffc73704000 	C:\Users\agodemar\ADOPT_PROJECT\jpad\libraries\occjava\OCCJavaWrapper_OCCT_v7.0.0_vc14_Win64\TKFeat.dll
0x00007ffca6ad0000 - 0x00007ffca6b6f000 	C:\WINDOWS\SYSTEM32\MSVCP140.dll
0x0000000065430000 - 0x0000000065437000 	C:\Users\agodemar\ADOPT_PROJECT\jpad\libraries\occjava\OCCJavaWrapper_OCCT_v7.0.0_vc14_Win64\jre1.8.0_91\bin\jawt.dll
0x00007ffcc26a0000 - 0x00007ffcc26b6000 	C:\WINDOWS\SYSTEM32\VCRUNTIME140.dll
0x00007ffc8aca0000 - 0x00007ffc8ad15000 	C:\Users\agodemar\ADOPT_PROJECT\jpad\libraries\occjava\OCCJavaWrapper_OCCT_v7.0.0_vc14_Win64\TKMesh.dll
0x00007ffcc0140000 - 0x00007ffcc01c6000 	C:\WINDOWS\SYSTEM32\WINSPOOL.DRV
0x00007ffc94940000 - 0x00007ffc94984000 	C:\Users\agodemar\ADOPT_PROJECT\jpad\libraries\occjava\OCCJavaWrapper_OCCT_v7.0.0_vc14_Win64\tbbmalloc.dll
0x00007ffc911c0000 - 0x00007ffc91204000 	C:\Users\agodemar\ADOPT_PROJECT\jpad\libraries\occjava\OCCJavaWrapper_OCCT_v7.0.0_vc14_Win64\tbb.dll
0x00007ffca44f0000 - 0x00007ffca460e000 	C:\WINDOWS\SYSTEM32\OPENGL32.dll
0x00007ffc7d930000 - 0x00007ffc7d9e1000 	C:\Users\agodemar\ADOPT_PROJECT\jpad\libraries\occjava\OCCJavaWrapper_OCCT_v7.0.0_vc14_Win64\freetype.dll
0x00007ffca2600000 - 0x00007ffca261a000 	C:\Users\agodemar\ADOPT_PROJECT\jpad\libraries\occjava\OCCJavaWrapper_OCCT_v7.0.0_vc14_Win64\gl2ps.dll
0x00007ffc8a4c0000 - 0x00007ffc8a549000 	C:\Users\agodemar\ADOPT_PROJECT\jpad\libraries\occjava\OCCJavaWrapper_OCCT_v7.0.0_vc14_Win64\TKSTEP209.dll
0x00007ffc734f0000 - 0x00007ffc735ad000 	C:\Users\agodemar\ADOPT_PROJECT\jpad\libraries\occjava\OCCJavaWrapper_OCCT_v7.0.0_vc14_Win64\TKSTEPAttr.dll
0x00007ffcc4900000 - 0x00007ffcc4939000 	C:\WINDOWS\SYSTEM32\IPHLPAPI.DLL
0x00007ffcc4e40000 - 0x00007ffcc4e65000 	C:\WINDOWS\SYSTEM32\bcrypt.dll
0x0000000065290000 - 0x0000000065428000 	C:\Users\agodemar\ADOPT_PROJECT\jpad\libraries\occjava\OCCJavaWrapper_OCCT_v7.0.0_vc14_Win64\jre1.8.0_91\bin\awt.dll
0x00007ffcc7a00000 - 0x00007ffcc7ac5000 	C:\WINDOWS\System32\OLEAUT32.dll
0x00007ffcbd5f0000 - 0x00007ffcbd61c000 	C:\WINDOWS\SYSTEM32\GLU32.dll
0x0000000042300000 - 0x0000000042937000 	C:\Users\agodemar\ADOPT_PROJECT\jpad\libraries\occjava\OCCJavaWrapper_OCCT_v7.0.0_vc14_Win64\FreeImage.dll
0x0000000040ec0000 - 0x0000000040ee4000 	C:\Users\agodemar\ADOPT_PROJECT\jpad\libraries\occjava\OCCJavaWrapper_OCCT_v7.0.0_vc14_Win64\FreeImagePlus.dll
0x00007ffcc4d50000 - 0x00007ffcc4d5b000 	C:\WINDOWS\SYSTEM32\CRYPTBASE.DLL
0x00007ffcc34c0000 - 0x00007ffcc3547000 	C:\WINDOWS\SYSTEM32\apphelp.dll
0x00007ffcb64b0000 - 0x00007ffcb6678000 	C:\WINDOWS\SYSTEM32\dbghelp.dll

VM Arguments:
jvm_args: -Dfile.encoding=UTF-8 
java_command: it.unina.daf.jpadcadsandbox.Test16 -i C:\Users\agodemar\ADOPT_PROJECT\jpad/JPADSandBox_v2/in/Template_Aircraft/aircraft_ATR72.xml -ia C:\Users\agodemar\ADOPT_PROJECT\jpad/JPADSandBox_v2/in/Template_Analyses/analysis_ATR72.xml -ioc C:\Users\agodemar\ADOPT_PROJECT\jpad/JPADSandBox_v2/in/Template_Analyses/operating_conditions_ATR72.xml --database-dir C:\Users\agodemar\ADOPT_PROJECT\jpad/JPADSandBox_v2/data -da C:\Users\agodemar\ADOPT_PROJECT\jpad/JPADSandBox_v2/in/Template_Aircraft/lifting_surfaces/airfoils -df C:\Users\agodemar\ADOPT_PROJECT\jpad/JPADSandBox_v2/in/Template_Aircraft/fuselages -dls C:\Users\agodemar\ADOPT_PROJECT\jpad/JPADSandBox_v2/in/Template_Aircraft/lifting_surfaces -de C:\Users\agodemar\ADOPT_PROJECT\jpad/JPADSandBox_v2/in/Template_Aircraft/engines -dn C:\Users\agodemar\ADOPT_PROJECT\jpad/JPADSandBox_v2/in/Template_Aircraft/nacelles -dlg C:\Users\agodemar\ADOPT_PROJECT\jpad/JPADSandBox_v2/in/Template_Aircraft/landing_gears -ds C:\Users\agodemar\ADOPT_PROJECT\jpad/JPADSandBox_v2/in/Template_Aircraft/systems -dcc C:\Users\agodemar\ADOPT_PROJECT\jpad/JPADSandBox_v2/in/Template_Aircraft/cabin_configurations
java_class_path (initial): C:\Program Files\Java\jdk1.8.0_151\jre\lib\resources.jar;C:\Program Files\Java\jdk1.8.0_151\jre\lib\rt.jar;C:\Program Files\Java\jdk1.8.0_151\jre\lib\jsse.jar;C:\Program Files\Java\jdk1.8.0_151\jre\lib\jce.jar;C:\Program Files\Java\jdk1.8.0_151\jre\lib\charsets.jar;C:\Program Files\Java\jdk1.8.0_151\jre\lib\jfr.jar;C:\Program Files\Java\jdk1.8.0_151\jre\lib\ext\access-bridge-64.jar;C:\Program Files\Java\jdk1.8.0_151\jre\lib\ext\cldrdata.jar;C:\Program Files\Java\jdk1.8.0_151\jre\lib\ext\dnsns.jar;C:\Program Files\Java\jdk1.8.0_151\jre\lib\ext\jaccess.jar;C:\Program Files\Java\jdk1.8.0_151\jre\lib\ext\jfxrt.jar;C:\Program Files\Java\jdk1.8.0_151\jre\lib\ext\localedata.jar;C:\Program Files\Java\jdk1.8.0_151\jre\lib\ext\nashorn.jar;C:\Program Files\Java\jdk1.8.0_151\jre\lib\ext\sunec.jar;C:\Program Files\Java\jdk1.8.0_151\jre\lib\ext\sunjce_provider.jar;C:\Program Files\Java\jdk1.8.0_151\jre\lib\ext\sunmscapi.jar;C:\Program Files\Java\jdk1.8.0_151\jre\lib\ext\sunpkcs11.jar;C:\Program Files\Java\jdk1.8.0_151\jre\lib\ext\zipfs.jar;C:\Users\agodemar\ADOPT_PROJECT\jpad\JPADCADSandbox\bin;C:\Users\agodemar\ADOPT_PROJECT\jpad\JPADCAD\bin;C:\Users\agodemar\ADOPT_PROJECT\jpad\libraries\occjava\OCCJavaWrapper_OCCT_v7.0.0_vc14_Win64\OCCJavaWrapper.jar;C:\Users\agodemar\ADOPT_PROJECT\jpad\libraries\trove\trove-3.1a1.jar;C:\Users\agodemar\ADOPT_PROJECT\jpad\libraries\vecmath\vecmath.jar;C:\Users\agodemar\ADOPT_PROJECT\jpad\libraries\jscience-4.3\jscience.jar;C:\Users\agodemar\ADOPT_PROJECT\jpad\libraries\lombok\lombok.jar;C:\Users\agodemar\ADOPT_PROJECT\jpad\libraries\args4j\args4j-2.0.21.jar;C:\Users\agodemar\ADOPT_PROJECT\jpad\libraries\hdf\jarhdf5-2.10.1.jar;C:\Users\agodemar\ADOPT_PROJECT\jpad\libraries\poi\poi-ooxml-3.10.1-20140818.jar;C:\Users\agodemar\ADOPT_PROJECT\jpad\libraries\log4j\log4j-api-2.0.2.jar;C:\Users\agodemar\ADOPT_PROJECT\jpad\libraries\log4j\log4j-core-2.0.2.jar;C:\Users\agodemar\ADOPT_PROJECT\jpad\libraries\hdf\slf4j-api-1.7.5.j
Launcher Type: SUN_STANDARD

Environment Variables:
PATH=C:\Users\agodemar\ADOPT_PROJECT\jpad\libraries\occjava\OCCJavaWrapper_OCCT_v7.0.0_vc14_Win64;C:\Users\agodemar\ADOPT_PROJECT\jpad\libraries\occjava\OCCJavaWrapper_OCCT_v7.0.0_vc14_Win64\jre1.8.0_91\bin;C:\Users\agodemar\ADOPT_PROJECT\jpad\libraries\hdf;



---------------  S Y S T E M  ---------------

OS: Windows 10.0 , 64 bit Build 16299 (10.0.16299.15)

CPU:total 12 (initial active 12) (6 cores per cpu, 2 threads per core) family 6 model 63 stepping 2, cmov, cx8, fxsr, mmx, sse, sse2, sse3, ssse3, sse4.1, sse4.2, popcnt, avx, avx2, aes, clmul, erms, lzcnt, ht, tsc, tscinvbit, bmi1, bmi2

Memory: 4k page, physical 67001628k(55947980k free), swap 134110492k(121556456k free)

vm_info: Java HotSpot(TM) 64-Bit Server VM (25.151-b12) for windows-amd64 JRE (1.8.0_151-b12), built on Sep  5 2017 19:33:46 by "java_re" with MS VC++ 10.0 (VS2010)

time: Wed Dec 06 19:26:29 2017
elapsed time: 2 seconds (0d 0h 0m 2s)

