#
# A fatal error has been detected by the Java Runtime Environment:
#
#  EXCEPTION_ACCESS_VIOLATION (0xc0000005) at pc=0x00007ffc94a20422, pid=11240, tid=0x00000000000042cc
#
# JRE version: Java(TM) SE Runtime Environment (8.0_151-b12) (build 1.8.0_151-b12)
# Java VM: Java HotSpot(TM) 64-Bit Server VM (25.151-b12 mixed mode windows-amd64 compressed oops)
# Problematic frame:
# C  [TKernel.dll+0x60422]
#
# Failed to write core dump. Minidumps are not enabled by default on client versions of Windows
#
# If you would like to submit a bug report, please visit:
#   http://bugreport.java.com/bugreport/crash.jsp
# The crash happened outside the Java Virtual Machine in native code.
# See problematic frame for where to report the bug.
#

---------------  T H R E A D  ---------------

Current thread (0x0000000004be3000):  JavaThread "main" [_thread_in_native, id=17100, stack(0x0000000004a40000,0x0000000004b40000)]

siginfo: ExceptionCode=0xc0000005, reading address 0x0000000000000000

Registers:
RAX=0x0000000000000000, RBX=0x0000000000000000, RCX=0x0000000021f47ab0, RDX=0x0000000004b3e918
RSP=0x0000000004b3e4f0, RBP=0x0000000004b3e620, RSI=0x0000000004b3e5d8, RDI=0x0000000004b3e910
R8 =0x00007ffc93838480, R9 =0x0000000000000001, R10=0x0000000000000001, R11=0x0000000004b3e4d8
R12=0x00007ffc93aebef0, R13=0x0000000002e70888, R14=0x0000000004b3ea78, R15=0x0000000000000000
RIP=0x00007ffc94a20422, EFLAGS=0x0000000000010202

Top of Stack: (sp=0x0000000004b3e4f0)
0x0000000004b3e4f0:   00007ffc93aebef0 0000000021f3f508
0x0000000004b3e500:   0000000004b3e910 0000000000000000
0x0000000004b3e510:   0000000021f3f508 00007ffc939dfd4d
0x0000000004b3e520:   0000000000000000 0000000004b3e910
0x0000000004b3e530:   0000000004b3e3d8 0000000004b3e3e0
0x0000000004b3e540:   0000000000000000 0000000000000000
0x0000000004b3e550:   0000000000000001 0000000000000000
0x0000000004b3e560:   0000000000000000 0000000000000000
0x0000000004b3e570:   0000000021f3f508 0000000000000000
0x0000000004b3e580:   0000000000000000 0000000021f3e528
0x0000000004b3e590:   0000000000000000 0000000000000001
0x0000000004b3e5a0:   0000000021f3e528 0000000000000000
0x0000000004b3e5b0:   0000000000000000 0000000021f41318
0x0000000004b3e5c0:   0000000000000000 0000000000000000
0x0000000004b3e5d0:   0000000000000000 0000000000000000
0x0000000004b3e5e0:   0000000021f47ab0 fffffffffffffffe 

Instructions: (pc=0x00007ffc94a20422)
0x00007ffc94a20402:   00 00 48 8b 47 10 48 89 06 48 8b 74 24 38 48 83
0x00007ffc94a20412:   c4 20 5f c3 48 8b 02 48 8d 57 08 48 89 5c 24 30
0x00007ffc94a20422:   48 8b 18 48 89 19 48 8b 0e 41 ff d0 48 85 db 48
0x00007ffc94a20432:   89 1e 48 8b 5c 24 30 75 08 48 8b 46 08 48 89 47 


Register to memory mapping:

RAX=0x0000000000000000 is an unknown value
RBX=0x0000000000000000 is an unknown value
RCX=0x0000000021f47ab0 is an unknown value
RDX=0x0000000004b3e918 is pointing into the stack for thread: 0x0000000004be3000
RSP=0x0000000004b3e4f0 is pointing into the stack for thread: 0x0000000004be3000
RBP=0x0000000004b3e620 is pointing into the stack for thread: 0x0000000004be3000
RSI=0x0000000004b3e5d8 is pointing into the stack for thread: 0x0000000004be3000
RDI=0x0000000004b3e910 is pointing into the stack for thread: 0x0000000004be3000
R8 =0x00007ffc93838480 is an unknown value
R9 =0x0000000000000001 is an unknown value
R10=0x0000000000000001 is an unknown value
R11=0x0000000004b3e4d8 is pointing into the stack for thread: 0x0000000004be3000
R12=0x00007ffc93aebef0 is an unknown value
R13=0x0000000002e70888 is an unknown value
R14=0x0000000004b3ea78 is pointing into the stack for thread: 0x0000000004be3000
R15=0x0000000000000000 is an unknown value


Stack: [0x0000000004a40000,0x0000000004b40000],  sp=0x0000000004b3e4f0,  free space=1017k
Native frames: (J=compiled Java code, j=interpreted, Vv=VM code, C=native code)
C  [TKernel.dll+0x60422]
C  [TKBool.dll+0x1afd4d]
C  [TKBool.dll+0x1ad5d0]
C  [TKOffset.dll+0x11ba0]
C  0x0000000004dc7f74

Java frames: (J=compiled Java code, j=interpreted, Vv=VM code)
j  opencascade.OCCwrapJavaJNI.BRepBuilderAPI_MakeShape_Build(JLopencascade/BRepBuilderAPI_MakeShape;)V+0
j  opencascade.BRepBuilderAPI_MakeShape.Build()V+5
j  it.unina.daf.jpadcadsandbox.Test19.main([Ljava/lang/String;)V+871
v  ~StubRoutines::call_stub

---------------  P R O C E S S  ---------------

Java Threads: ( => current thread )
  0x0000000020777000 JavaThread "Service Thread" daemon [_thread_blocked, id=7196, stack(0x00000000212c0000,0x00000000213c0000)]
  0x00000000206f1800 JavaThread "C1 CompilerThread3" daemon [_thread_blocked, id=7372, stack(0x00000000211c0000,0x00000000212c0000)]
  0x00000000206e2000 JavaThread "C2 CompilerThread2" daemon [_thread_blocked, id=8788, stack(0x00000000210c0000,0x00000000211c0000)]
  0x00000000206de000 JavaThread "C2 CompilerThread1" daemon [_thread_blocked, id=11932, stack(0x0000000020fc0000,0x00000000210c0000)]
  0x00000000206dc000 JavaThread "C2 CompilerThread0" daemon [_thread_blocked, id=2540, stack(0x0000000020ec0000,0x0000000020fc0000)]
  0x000000001e7fe000 JavaThread "Attach Listener" daemon [_thread_blocked, id=9728, stack(0x0000000020dc0000,0x0000000020ec0000)]
  0x000000001e7fd000 JavaThread "Signal Dispatcher" daemon [_thread_blocked, id=13744, stack(0x0000000020cc0000,0x0000000020dc0000)]
  0x00000000206d0800 JavaThread "Finalizer" daemon [_thread_blocked, id=10868, stack(0x0000000020ab0000,0x0000000020bb0000)]
  0x000000001e7ec800 JavaThread "Reference Handler" daemon [_thread_blocked, id=3444, stack(0x00000000205b0000,0x00000000206b0000)]
=>0x0000000004be3000 JavaThread "main" [_thread_in_native, id=17100, stack(0x0000000004a40000,0x0000000004b40000)]

Other Threads:
  0x000000001e7e8800 VMThread [stack: 0x00000000204b0000,0x00000000205b0000] [id=4204]
  0x000000002079a000 WatcherThread [stack: 0x00000000213c0000,0x00000000214c0000] [id=14916]

VM state:not at safepoint (normal execution)

VM Mutex/Monitor currently owned by a thread: None

Heap:
 PSYoungGen      total 76288K, used 9510K [0x000000076b300000, 0x0000000770800000, 0x00000007c0000000)
  eden space 65536K, 14% used [0x000000076b300000,0x000000076bc49b98,0x000000076f300000)
  from space 10752K, 0% used [0x000000076fd80000,0x000000076fd80000,0x0000000770800000)
  to   space 10752K, 0% used [0x000000076f300000,0x000000076f300000,0x000000076fd80000)
 ParOldGen       total 175104K, used 0K [0x00000006c1800000, 0x00000006cc300000, 0x000000076b300000)
  object space 175104K, 0% used [0x00000006c1800000,0x00000006c1800000,0x00000006cc300000)
 Metaspace       used 8384K, capacity 8822K, committed 8960K, reserved 1056768K
  class space    used 563K, capacity 642K, committed 768K, reserved 1048576K

Card table byte_map: [0x0000000014170000,0x0000000014970000] byte_map_base: 0x0000000010b64000

Marking Bits: (ParMarkBitMap*) 0x0000000073d9d850
 Begin Bits: [0x00000000156c0000, 0x0000000019660000)
 End Bits:   [0x0000000019660000, 0x000000001d600000)

Polling page: 0x0000000002d80000

CodeCache: size=245760Kb used=2123Kb max_used=2123Kb free=243636Kb
 bounds [0x0000000004db0000, 0x0000000005020000, 0x0000000013db0000]
 total_blobs=1231 nmethods=309 adapters=835
 compilation: enabled

Compilation events (10 events):
Event: 0.300 Thread 0x00000000206f1800  305       3       java.io.File::exists (43 bytes)
Event: 0.300 Thread 0x00000000206f1800 nmethod 305 0x0000000004fbbe50 code [0x0000000004fbbfe0, 0x0000000004fbc468]
Event: 0.302 Thread 0x00000000206f1800  306   !   3       java.net.URL::set (114 bytes)
Event: 0.302 Thread 0x00000000206f1800 nmethod 306 0x0000000004fc0b50 code [0x0000000004fc0d40, 0x0000000004fc1898]
Event: 0.303 Thread 0x00000000206f1800  307       3       java.util.ArrayList::get (11 bytes)
Event: 0.303 Thread 0x00000000206f1800 nmethod 307 0x0000000004fbb750 code [0x0000000004fbb8e0, 0x0000000004fbbc38]
Event: 0.304 Thread 0x00000000206f1800  308       3       java.lang.String::<init> (15 bytes)
Event: 0.304 Thread 0x00000000206f1800 nmethod 308 0x0000000004fc2dd0 code [0x0000000004fc2f60, 0x0000000004fc3348]
Event: 0.304 Thread 0x00000000206f1800  309       3       java.lang.String::equalsIgnoreCase (48 bytes)
Event: 0.304 Thread 0x00000000206f1800 nmethod 309 0x0000000004fc3510 code [0x0000000004fc3680, 0x0000000004fc39e8]

GC Heap History (0 events):
No events

Deoptimization events (1 events):
Event: 0.112 Thread 0x0000000004be3000 Uncommon trap: reason=unstable_if action=reinterpret pc=0x0000000004ec70c4 method=java.lang.String.hashCode()I @ 14

Internal exceptions (4 events):
Event: 0.027 Thread 0x0000000004be3000 Exception <a 'java/lang/NoSuchMethodError': Method sun.misc.Unsafe.defineClass(Ljava/lang/String;[BII)Ljava/lang/Class; name or signature does not match> (0x000000076b307ca8) thrown at [C:\re\workspace\8-2-build-windows-amd64-cygwin\jdk8u151\9699\hotspot\
Event: 0.027 Thread 0x0000000004be3000 Exception <a 'java/lang/NoSuchMethodError': Method sun.misc.Unsafe.prefetchRead(Ljava/lang/Object;J)V name or signature does not match> (0x000000076b307f90) thrown at [C:\re\workspace\8-2-build-windows-amd64-cygwin\jdk8u151\9699\hotspot\src\share\vm\prims
Event: 0.271 Thread 0x0000000004be3000 Exception <a 'java/lang/NoSuchFieldError': method resolution failed> (0x000000076babeb88) thrown at [C:\re\workspace\8-2-build-windows-amd64-cygwin\jdk8u151\9699\hotspot\src\share\vm\prims\methodHandles.cpp, line 1146]
Event: 0.273 Thread 0x0000000004be3000 Exception <a 'java/lang/NoSuchFieldError': method resolution failed> (0x000000076bacbf88) thrown at [C:\re\workspace\8-2-build-windows-amd64-cygwin\jdk8u151\9699\hotspot\src\share\vm\prims\methodHandles.cpp, line 1146]

Events (10 events):
Event: 0.301 loading class it/unina/daf/jpadcad/occ/OCCShapeTypes$8
Event: 0.301 loading class it/unina/daf/jpadcad/occ/OCCShapeTypes$8 done
Event: 0.302 loading class it/unina/daf/jpadcad/occ/CADGeomSurface
Event: 0.302 loading class it/unina/daf/jpadcad/occ/CADGeomSurface done
Event: 0.303 loading class opencascade/BRepOffsetAPI_MakeFilling
Event: 0.303 loading class opencascade/BRepOffsetAPI_MakeFilling done
Event: 0.303 loading class opencascade/GeomAbs_Shape
Event: 0.303 loading class opencascade/GeomAbs_Shape done
Event: 0.304 loading class opencascade/GeomAbs_Shape$SwigNext
Event: 0.304 loading class opencascade/GeomAbs_Shape$SwigNext done


Dynamic libraries:
0x00007ff67f0c0000 - 0x00007ff67f0f7000 	C:\Program Files\Java\jre1.8.0_151\bin\javaw.exe
0x00007ffce28e0000 - 0x00007ffce2ac0000 	C:\WINDOWS\SYSTEM32\ntdll.dll
0x00007ffce1f40000 - 0x00007ffce1fee000 	C:\WINDOWS\System32\KERNEL32.DLL
0x00007ffcdf2f0000 - 0x00007ffcdf556000 	C:\WINDOWS\System32\KERNELBASE.dll
0x00007ffce0570000 - 0x00007ffce0611000 	C:\WINDOWS\System32\ADVAPI32.dll
0x00007ffcdfe40000 - 0x00007ffcdfedd000 	C:\WINDOWS\System32\msvcrt.dll
0x00007ffce2640000 - 0x00007ffce269b000 	C:\WINDOWS\System32\sechost.dll
0x00007ffcdff50000 - 0x00007ffce006f000 	C:\WINDOWS\System32\RPCRT4.dll
0x00007ffce2720000 - 0x00007ffce28af000 	C:\WINDOWS\System32\USER32.dll
0x00007ffcdf100000 - 0x00007ffcdf120000 	C:\WINDOWS\System32\win32u.dll
0x00007ffce0120000 - 0x00007ffce0148000 	C:\WINDOWS\System32\GDI32.dll
0x00007ffcdef60000 - 0x00007ffcdf0f3000 	C:\WINDOWS\System32\gdi32full.dll
0x00007ffcdfcb0000 - 0x00007ffcdfd4b000 	C:\WINDOWS\System32\msvcp_win.dll
0x00007ffcdece0000 - 0x00007ffcdedd6000 	C:\WINDOWS\System32\ucrtbase.dll
0x00007ffcd6ea0000 - 0x00007ffcd7109000 	C:\WINDOWS\WinSxS\amd64_microsoft.windows.common-controls_6595b64144ccf1df_6.0.16299.125_none_15cbcf8893620c09\COMCTL32.dll
0x00007ffce1c30000 - 0x00007ffce1f38000 	C:\WINDOWS\System32\combase.dll
0x00007ffcdede0000 - 0x00007ffcdee52000 	C:\WINDOWS\System32\bcryptPrimitives.dll
0x00007ffcdfdb0000 - 0x00007ffcdfddd000 	C:\WINDOWS\System32\IMM32.DLL
0x0000000072600000 - 0x00000000726d2000 	C:\Program Files\Java\jre1.8.0_151\bin\msvcr100.dll
0x0000000073580000 - 0x0000000073e1d000 	C:\Program Files\Java\jre1.8.0_151\bin\server\jvm.dll
0x00007ffce26a0000 - 0x00007ffce26a8000 	C:\WINDOWS\System32\PSAPI.DLL
0x00007ffcd85c0000 - 0x00007ffcd85ca000 	C:\WINDOWS\SYSTEM32\VERSION.dll
0x00007ffcdd8e0000 - 0x00007ffcdd8e9000 	C:\WINDOWS\SYSTEM32\WSOCK32.dll
0x00007ffcda6f0000 - 0x00007ffcda713000 	C:\WINDOWS\SYSTEM32\WINMM.dll
0x00007ffce26b0000 - 0x00007ffce271c000 	C:\WINDOWS\System32\WS2_32.dll
0x00007ffcda690000 - 0x00007ffcda6ba000 	C:\WINDOWS\SYSTEM32\winmmbase.dll
0x00007ffcdef10000 - 0x00007ffcdef5a000 	C:\WINDOWS\System32\cfgmgr32.dll
0x0000000075a70000 - 0x0000000075a7f000 	C:\Program Files\Java\jre1.8.0_151\bin\verify.dll
0x0000000075a40000 - 0x0000000075a69000 	C:\Program Files\Java\jre1.8.0_151\bin\java.dll
0x00007ffcdeb30000 - 0x00007ffcdeb60000 	C:\WINDOWS\SYSTEM32\SspiCli.dll
0x00000000759f0000 - 0x0000000075a06000 	C:\Program Files\Java\jre1.8.0_151\bin\zip.dll
0x00007ffce07f0000 - 0x00007ffce1c26000 	C:\WINDOWS\System32\SHELL32.dll
0x00007ffce0070000 - 0x00007ffce0116000 	C:\WINDOWS\System32\shcore.dll
0x00007ffcdf560000 - 0x00007ffcdfca7000 	C:\WINDOWS\System32\windows.storage.dll
0x00007ffcdfde0000 - 0x00007ffcdfe31000 	C:\WINDOWS\System32\shlwapi.dll
0x00007ffcdeca0000 - 0x00007ffcdecb1000 	C:\WINDOWS\System32\kernel.appcore.dll
0x00007ffcdec50000 - 0x00007ffcdec9c000 	C:\WINDOWS\System32\powrprof.dll
0x00007ffcdec30000 - 0x00007ffcdec4b000 	C:\WINDOWS\System32\profapi.dll
0x00007ffcab720000 - 0x00007ffcabd79000 	C:\Users\agodemar\JPAD_PROJECT\jpad\libraries\occjava\OCCJavaWrapper_OCCT_v7.0.0_vc14_Win64\OCCwrapJava.dll
0x00007ffc94b30000 - 0x00007ffc94cca000 	C:\Users\agodemar\JPAD_PROJECT\jpad\libraries\occjava\OCCJavaWrapper_OCCT_v7.0.0_vc14_Win64\TKMath.dll
0x00007ffcae9b0000 - 0x00007ffcaea10000 	C:\Users\agodemar\JPAD_PROJECT\jpad\libraries\occjava\OCCJavaWrapper_OCCT_v7.0.0_vc14_Win64\TKG2d.dll
0x00007ffcaaaa0000 - 0x00007ffcaab74000 	C:\Users\agodemar\JPAD_PROJECT\jpad\libraries\occjava\OCCJavaWrapper_OCCT_v7.0.0_vc14_Win64\TKG3d.dll
0x00007ffc949c0000 - 0x00007ffc94b2a000 	C:\Users\agodemar\JPAD_PROJECT\jpad\libraries\occjava\OCCJavaWrapper_OCCT_v7.0.0_vc14_Win64\TKernel.dll
0x00007ffcab650000 - 0x00007ffcab720000 	C:\Users\agodemar\JPAD_PROJECT\jpad\libraries\occjava\OCCJavaWrapper_OCCT_v7.0.0_vc14_Win64\TKBRep.dll
0x00007ffc940e0000 - 0x00007ffc941de000 	C:\Users\agodemar\JPAD_PROJECT\jpad\libraries\occjava\OCCJavaWrapper_OCCT_v7.0.0_vc14_Win64\TKHLR.dll
0x00007ffc945c0000 - 0x00007ffc949bb000 	C:\Users\agodemar\JPAD_PROJECT\jpad\libraries\occjava\OCCJavaWrapper_OCCT_v7.0.0_vc14_Win64\TKGeomBase.dll
0x00007ffc941e0000 - 0x00007ffc945c0000 	C:\Users\agodemar\JPAD_PROJECT\jpad\libraries\occjava\OCCJavaWrapper_OCCT_v7.0.0_vc14_Win64\TKGeomAlgo.dll
0x00007ffc93e50000 - 0x00007ffc940d3000 	C:\Users\agodemar\JPAD_PROJECT\jpad\libraries\occjava\OCCJavaWrapper_OCCT_v7.0.0_vc14_Win64\TKTopAlgo.dll
0x00007ffcadf00000 - 0x00007ffcadf56000 	C:\Users\agodemar\JPAD_PROJECT\jpad\libraries\occjava\OCCJavaWrapper_OCCT_v7.0.0_vc14_Win64\TKPrim.dll
0x00007ffc93c60000 - 0x00007ffc93e4f000 	C:\Users\agodemar\JPAD_PROJECT\jpad\libraries\occjava\OCCJavaWrapper_OCCT_v7.0.0_vc14_Win64\TKBO.dll
0x00007ffc93830000 - 0x00007ffc93c5f000 	C:\Users\agodemar\JPAD_PROJECT\jpad\libraries\occjava\OCCJavaWrapper_OCCT_v7.0.0_vc14_Win64\TKBool.dll
0x00007ffc93560000 - 0x00007ffc9382b000 	C:\Users\agodemar\JPAD_PROJECT\jpad\libraries\occjava\OCCJavaWrapper_OCCT_v7.0.0_vc14_Win64\TKShHealing.dll
0x00007ffc93320000 - 0x00007ffc9355d000 	C:\Users\agodemar\JPAD_PROJECT\jpad\libraries\occjava\OCCJavaWrapper_OCCT_v7.0.0_vc14_Win64\TKFillet.dll
0x00007ffc93190000 - 0x00007ffc93318000 	C:\Users\agodemar\JPAD_PROJECT\jpad\libraries\occjava\OCCJavaWrapper_OCCT_v7.0.0_vc14_Win64\TKOffset.dll
0x00007ffcb7aa0000 - 0x00007ffcb7adb000 	C:\Users\agodemar\JPAD_PROJECT\jpad\libraries\occjava\OCCJavaWrapper_OCCT_v7.0.0_vc14_Win64\TKService.dll
0x00007ffc91100000 - 0x00007ffc9137e000 	C:\Users\agodemar\JPAD_PROJECT\jpad\libraries\occjava\OCCJavaWrapper_OCCT_v7.0.0_vc14_Win64\TKV3d.dll
0x00007ffc91020000 - 0x00007ffc910fc000 	C:\Users\agodemar\JPAD_PROJECT\jpad\libraries\occjava\OCCJavaWrapper_OCCT_v7.0.0_vc14_Win64\TKOpenGl.dll
0x00007ffc9ece0000 - 0x00007ffc9ed38000 	C:\Users\agodemar\JPAD_PROJECT\jpad\libraries\occjava\OCCJavaWrapper_OCCT_v7.0.0_vc14_Win64\TKCDF.dll
0x00007ffce0150000 - 0x00007ffce025a000 	C:\WINDOWS\System32\COMDLG32.dll
0x00007ffc90f70000 - 0x00007ffc91013000 	C:\Users\agodemar\JPAD_PROJECT\jpad\libraries\occjava\OCCJavaWrapper_OCCT_v7.0.0_vc14_Win64\TKLCAF.dll
0x00007ffc90ed0000 - 0x00007ffc90f65000 	C:\Users\agodemar\JPAD_PROJECT\jpad\libraries\occjava\OCCJavaWrapper_OCCT_v7.0.0_vc14_Win64\TKCAF.dll
0x00007ffc90c90000 - 0x00007ffc90ecb000 	C:\Users\agodemar\JPAD_PROJECT\jpad\libraries\occjava\OCCJavaWrapper_OCCT_v7.0.0_vc14_Win64\TKXSBase.dll
0x00007ffc90940000 - 0x00007ffc90c88000 	C:\Users\agodemar\JPAD_PROJECT\jpad\libraries\occjava\OCCJavaWrapper_OCCT_v7.0.0_vc14_Win64\TKIGES.dll
0x00007ffc90750000 - 0x00007ffc90932000 	C:\Users\agodemar\JPAD_PROJECT\jpad\libraries\occjava\OCCJavaWrapper_OCCT_v7.0.0_vc14_Win64\TKSTEPBase.dll
0x00007ffc90470000 - 0x00007ffc90742000 	C:\Users\agodemar\JPAD_PROJECT\jpad\libraries\occjava\OCCJavaWrapper_OCCT_v7.0.0_vc14_Win64\TKSTEP.dll
0x00007ffcb9e70000 - 0x00007ffcb9e9b000 	C:\Users\agodemar\JPAD_PROJECT\jpad\libraries\occjava\OCCJavaWrapper_OCCT_v7.0.0_vc14_Win64\TKSTL.dll
0x00007ffc93110000 - 0x00007ffc9318e000 	C:\Users\agodemar\JPAD_PROJECT\jpad\libraries\occjava\OCCJavaWrapper_OCCT_v7.0.0_vc14_Win64\TKVRML.dll
0x00007ffc90310000 - 0x00007ffc90464000 	C:\Users\agodemar\JPAD_PROJECT\jpad\libraries\occjava\OCCJavaWrapper_OCCT_v7.0.0_vc14_Win64\TKFeat.dll
0x0000000075990000 - 0x0000000075997000 	C:\Program Files\Java\jre1.8.0_151\bin\jawt.dll
0x00007ffc90270000 - 0x00007ffc9030c000 	C:\Program Files\Java\jre1.8.0_151\bin\MSVCP140.dll
0x00007ffcd5870000 - 0x00007ffcd5886000 	C:\Program Files\Java\jre1.8.0_151\bin\VCRUNTIME140.dll
0x00007ffc901f0000 - 0x00007ffc90265000 	C:\Users\agodemar\JPAD_PROJECT\jpad\libraries\occjava\OCCJavaWrapper_OCCT_v7.0.0_vc14_Win64\TKMesh.dll
0x00007ffcd8250000 - 0x00007ffcd82d6000 	C:\WINDOWS\SYSTEM32\WINSPOOL.DRV
0x00007ffc901a0000 - 0x00007ffc901e4000 	C:\Users\agodemar\JPAD_PROJECT\jpad\libraries\occjava\OCCJavaWrapper_OCCT_v7.0.0_vc14_Win64\tbbmalloc.dll
0x00007ffc90150000 - 0x00007ffc90194000 	C:\Users\agodemar\JPAD_PROJECT\jpad\libraries\occjava\OCCJavaWrapper_OCCT_v7.0.0_vc14_Win64\tbb.dll
0x00007ffcc6090000 - 0x00007ffcc61ae000 	C:\WINDOWS\SYSTEM32\OPENGL32.dll
0x0000000180000000 - 0x0000000180637000 	C:\Users\agodemar\JPAD_PROJECT\jpad\libraries\occjava\OCCJavaWrapper_OCCT_v7.0.0_vc14_Win64\FreeImage.dll
0x00007ffc90090000 - 0x00007ffc90141000 	C:\Users\agodemar\JPAD_PROJECT\jpad\libraries\occjava\OCCJavaWrapper_OCCT_v7.0.0_vc14_Win64\freetype.dll
0x00007ffcd56c0000 - 0x00007ffcd56da000 	C:\Users\agodemar\JPAD_PROJECT\jpad\libraries\occjava\OCCJavaWrapper_OCCT_v7.0.0_vc14_Win64\gl2ps.dll
0x00007ffc8ffd0000 - 0x00007ffc9008d000 	C:\Users\agodemar\JPAD_PROJECT\jpad\libraries\occjava\OCCJavaWrapper_OCCT_v7.0.0_vc14_Win64\TKSTEPAttr.dll
0x00007ffc8ff40000 - 0x00007ffc8ffc9000 	C:\Users\agodemar\JPAD_PROJECT\jpad\libraries\occjava\OCCJavaWrapper_OCCT_v7.0.0_vc14_Win64\TKSTEP209.dll
0x0000000072460000 - 0x00000000725f8000 	C:\Program Files\Java\jre1.8.0_151\bin\awt.dll
0x00007ffce0400000 - 0x00007ffce04c5000 	C:\WINDOWS\System32\OLEAUT32.dll
0x00007ffcde250000 - 0x00007ffcde289000 	C:\WINDOWS\SYSTEM32\IPHLPAPI.DLL
0x00007ffcde790000 - 0x00007ffcde7b5000 	C:\WINDOWS\SYSTEM32\bcrypt.dll
0x00007ffcd60f0000 - 0x00007ffcd611c000 	C:\WINDOWS\SYSTEM32\GLU32.dll
0x00007ffcde6a0000 - 0x00007ffcde6ab000 	C:\WINDOWS\SYSTEM32\CRYPTBASE.DLL
0x0000000021650000 - 0x0000000021674000 	C:\Users\agodemar\JPAD_PROJECT\jpad\libraries\occjava\OCCJavaWrapper_OCCT_v7.0.0_vc14_Win64\FreeImagePlus.dll
0x00007ffcdc530000 - 0x00007ffcdc5b8000 	C:\WINDOWS\SYSTEM32\apphelp.dll
0x00007ffcdd6f0000 - 0x00007ffcdd8b8000 	C:\WINDOWS\SYSTEM32\dbghelp.dll

VM Arguments:
jvm_args: -Dfile.encoding=UTF-8 
java_command: it.unina.daf.jpadcadsandbox.Test19 -i C:\Users\agodemar\JPAD_PROJECT\jpad/JPADSandBox_v2/in/Template_Aircraft/aircraft_ATR72.xml -ia C:\Users\agodemar\JPAD_PROJECT\jpad/JPADSandBox_v2/in/Template_Analyses/analysis_ATR72.xml -ioc C:\Users\agodemar\JPAD_PROJECT\jpad/JPADSandBox_v2/in/Template_Analyses/operating_conditions_ATR72.xml --database-dir C:\Users\agodemar\JPAD_PROJECT\jpad/JPADSandBox_v2/data -da C:\Users\agodemar\JPAD_PROJECT\jpad/JPADSandBox_v2/in/Template_Aircraft/lifting_surfaces/airfoils -df C:\Users\agodemar\JPAD_PROJECT\jpad/JPADSandBox_v2/in/Template_Aircraft/fuselages -dls C:\Users\agodemar\JPAD_PROJECT\jpad/JPADSandBox_v2/in/Template_Aircraft/lifting_surfaces -de C:\Users\agodemar\JPAD_PROJECT\jpad/JPADSandBox_v2/in/Template_Aircraft/engines -dn C:\Users\agodemar\JPAD_PROJECT\jpad/JPADSandBox_v2/in/Template_Aircraft/nacelles -dlg C:\Users\agodemar\JPAD_PROJECT\jpad/JPADSandBox_v2/in/Template_Aircraft/landing_gears -ds C:\Users\agodemar\JPAD_PROJECT\jpad/JPADSandBox_v2/in/Template_Aircraft/systems -dcc C:\Users\agodemar\JPAD_PROJECT\jpad/JPADSandBox_v2/in/Template_Aircraft/cabin_configurations
java_class_path (initial): C:\Program Files\Java\jre1.8.0_151\lib\resources.jar;C:\Program Files\Java\jre1.8.0_151\lib\rt.jar;C:\Program Files\Java\jre1.8.0_151\lib\jsse.jar;C:\Program Files\Java\jre1.8.0_151\lib\jce.jar;C:\Program Files\Java\jre1.8.0_151\lib\charsets.jar;C:\Program Files\Java\jre1.8.0_151\lib\jfr.jar;C:\Program Files\Java\jre1.8.0_151\lib\ext\access-bridge-64.jar;C:\Program Files\Java\jre1.8.0_151\lib\ext\cldrdata.jar;C:\Program Files\Java\jre1.8.0_151\lib\ext\dnsns.jar;C:\Program Files\Java\jre1.8.0_151\lib\ext\jaccess.jar;C:\Program Files\Java\jre1.8.0_151\lib\ext\jfxrt.jar;C:\Program Files\Java\jre1.8.0_151\lib\ext\localedata.jar;C:\Program Files\Java\jre1.8.0_151\lib\ext\nashorn.jar;C:\Program Files\Java\jre1.8.0_151\lib\ext\sunec.jar;C:\Program Files\Java\jre1.8.0_151\lib\ext\sunjce_provider.jar;C:\Program Files\Java\jre1.8.0_151\lib\ext\sunmscapi.jar;C:\Program Files\Java\jre1.8.0_151\lib\ext\sunpkcs11.jar;C:\Program Files\Java\jre1.8.0_151\lib\ext\zipfs.jar;C:\Users\agodemar\JPAD_PROJECT\jpad\JPADCADSandbox\bin;C:\Users\agodemar\JPAD_PROJECT\jpad\JPADCAD\bin;C:\Users\agodemar\JPAD_PROJECT\jpad\libraries\occjava\OCCJavaWrapper_OCCT_v7.0.0_vc14_Win64\OCCJavaWrapper.jar;C:\Users\agodemar\JPAD_PROJECT\jpad\libraries\trove\trove-3.1a1.jar;C:\Users\agodemar\JPAD_PROJECT\jpad\libraries\vecmath\vecmath.jar;C:\Users\agodemar\JPAD_PROJECT\jpad\libraries\jscience-4.3\jscience.jar;C:\Users\agodemar\JPAD_PROJECT\jpad\libraries\lombok\lombok.jar;C:\Users\agodemar\JPAD_PROJECT\jpad\libraries\args4j\args4j-2.0.21.jar;C:\Users\agodemar\JPAD_PROJECT\jpad\libraries\hdf\jarhdf5-2.10.1.jar;C:\Users\agodemar\JPAD_PROJECT\jpad\libraries\poi\poi-ooxml-3.10.1-20140818.jar;C:\Users\agodemar\JPAD_PROJECT\jpad\libraries\log4j\log4j-api-2.0.2.jar;C:\Users\agodemar\JPAD_PROJECT\jpad\libraries\log4j\log4j-core-2.0.2.jar;C:\Users\agodemar\JPAD_PROJECT\jpad\libraries\hdf\slf4j-api-1.7.5.jar;C:\Users\agodemar\JPAD_PROJECT\jpad\libraries\hdf\slf4j-nop-1.7.5.jar;C:\Users\ago
Launcher Type: SUN_STANDARD

Environment Variables:
PATH=C:\Users\agodemar\JPAD_PROJECT\jpad\libraries\occjava\OCCJavaWrapper_OCCT_v7.0.0_vc14_Win64;C:\Users\agodemar\JPAD_PROJECT\jpad\libraries\occjava\OCCJavaWrapper_OCCT_v7.0.0_vc14_Win64\jre1.8.0_91\bin;C:\Users\agodemar\JPAD_PROJECT\jpad\libraries\hdf;



---------------  S Y S T E M  ---------------

OS: Windows 10.0 , 64 bit Build 16299 (10.0.16299.15)

CPU:total 8 (initial active 8) (4 cores per cpu, 2 threads per core) family 6 model 94 stepping 3, cmov, cx8, fxsr, mmx, sse, sse2, sse3, ssse3, sse4.1, sse4.2, popcnt, avx, avx2, aes, clmul, erms, rtm, 3dnowpref, lzcnt, ht, tsc, tscinvbit, bmi1, bmi2, adx

Memory: 4k page, physical 16673296k(8458992k free), swap 19163664k(8882116k free)

vm_info: Java HotSpot(TM) 64-Bit Server VM (25.151-b12) for windows-amd64 JRE (1.8.0_151-b12), built on Sep  5 2017 19:33:46 by "java_re" with MS VC++ 10.0 (VS2010)

time: Fri Dec 29 16:10:28 2017
elapsed time: 0 seconds (0d 0h 0m 0s)

