#
# A fatal error has been detected by the Java Runtime Environment:
#
#  EXCEPTION_ACCESS_VIOLATION (0xc0000005) at pc=0x00007ffc139c0e56, pid=17316, tid=0x00000000000036bc
#
# JRE version: Java(TM) SE Runtime Environment (8.0_151-b12) (build 1.8.0_151-b12)
# Java VM: Java HotSpot(TM) 64-Bit Server VM (25.151-b12 mixed mode windows-amd64 compressed oops)
# Problematic frame:
# C  [TKG2d.dll+0x10e56]
#
# Failed to write core dump. Minidumps are not enabled by default on client versions of Windows
#
# If you would like to submit a bug report, please visit:
#   http://bugreport.java.com/bugreport/crash.jsp
# The crash happened outside the Java Virtual Machine in native code.
# See problematic frame for where to report the bug.
#

---------------  T H R E A D  ---------------

Current thread (0x0000000004602800):  JavaThread "main" [_thread_in_native, id=14012, stack(0x0000000004410000,0x0000000004510000)]

siginfo: ExceptionCode=0xc0000005, reading address 0x0000000000000000

Registers:
RAX=0xbff0000000000000, RBX=0x000000000450d0f0, RCX=0x0000000000000000, RDX=0x000000000450d090
RSP=0x000000000450d010, RBP=0x000000000450d141, RSI=0x000000000450d1f0, RDI=0x000000000450d090
R8 =0x000000000450d0f0, R9 =0x000000000450cde8, R10=0x0000000000000000, R11=0x000000000450d040
R12=0x000000000450d280, R13=0x000000002ea125b0, R14=0x000000002ee68220, R15=0x000000002ea12630
RIP=0x00007ffc139c0e56, EFLAGS=0x0000000000010202

Top of Stack: (sp=0x000000000450d010)
0x000000000450d010:   3ffca0e590e09f82 0000000000000000
0x000000000450d020:   0000000000000000 0000000000000000
0x000000000450d030:   3ff0000000000000 fffffffffffffffe
0x000000000450d040:   0000000000000000 00007ffbd1ca954b
0x000000000450d050:   0000000000000000 000000000450d090
0x000000000450d060:   000000000450d010 000000000450d1a8
0x000000000450d070:   000000000450d0a8 000000000450d200
0x000000000450d080:   000000000450d4c0 0000000000000008
0x000000000450d090:   0000000000000000 000000000450d4c0
0x000000000450d0a0:   0000000000000000 000000002e93d848
0x000000000450d0b0:   000000000450d200 000000002e93d7d0
0x000000000450d0c0:   0000000000000000 000000000450d230
0x000000000450d0d0:   000000002ee681e0 000000002ea15a80
0x000000000450d0e0:   fffffffffffffffe fffffffffffffffe
0x000000000450d0f0:   bff0000000000000 00007ffc00000004
0x000000000450d100:   3ff0000000000000 8000000000000000 

Instructions: (pc=0x00007ffc139c0e56)
0x00007ffc139c0e36:   48 83 ec 30 48 c7 44 24 28 fe ff ff ff 48 89 5c
0x00007ffc139c0e46:   24 40 49 8b d8 48 8b fa c7 44 24 20 00 00 00 00
0x00007ffc139c0e56:   48 8b 01 ff 50 20 c7 44 24 20 01 00 00 00 48 8b
0x00007ffc139c0e66:   0f 48 8b 01 48 8b d3 ff 50 18 48 8b c7 48 8b 5c 


Register to memory mapping:

RAX=0xbff0000000000000 is an unknown value
RBX=0x000000000450d0f0 is pointing into the stack for thread: 0x0000000004602800
RCX=0x0000000000000000 is an unknown value
RDX=0x000000000450d090 is pointing into the stack for thread: 0x0000000004602800
RSP=0x000000000450d010 is pointing into the stack for thread: 0x0000000004602800
RBP=0x000000000450d141 is pointing into the stack for thread: 0x0000000004602800
RSI=0x000000000450d1f0 is pointing into the stack for thread: 0x0000000004602800
RDI=0x000000000450d090 is pointing into the stack for thread: 0x0000000004602800
R8 =0x000000000450d0f0 is pointing into the stack for thread: 0x0000000004602800
R9 =0x000000000450cde8 is pointing into the stack for thread: 0x0000000004602800
R10=0x0000000000000000 is an unknown value
R11=0x000000000450d040 is pointing into the stack for thread: 0x0000000004602800
R12=0x000000000450d280 is pointing into the stack for thread: 0x0000000004602800
R13=0x000000002ea125b0 is an unknown value
R14=0x000000002ee68220 is an unknown value
R15=0x000000002ea12630 is an unknown value


Stack: [0x0000000004410000,0x0000000004510000],  sp=0x000000000450d010,  free space=1012k
Native frames: (J=compiled Java code, j=interpreted, Vv=VM code, C=native code)
C  [TKG2d.dll+0x10e56]
C  [TKShHealing.dll+0x3954b]
C  [TKBRep.dll+0x3205d]
C  [TKBRep.dll+0x3194f]
C  [TKBRep.dll+0x3194f]
C  [TKBRep.dll+0x30ad0]
C  [TKBRep.dll+0x302e3]
C  [TKShHealing.dll+0x169ce9]
C  [TKShHealing.dll+0x16b138]
C  [TKShHealing.dll+0x164b9b]
C  [TKXSBase.dll+0xea433]
C  [TKSTEP.dll+0xfd036]
C  [TKSTEP.dll+0xf9127]
C  [TKXSBase.dll+0x2cd2a]
C  [TKXSBase.dll+0x36615]
C  [TKXSBase.dll+0x3692a]
C  [TKXSBase.dll+0x3654c]
C  [TKXSBase.dll+0x9aa02]
C  [TKXSBase.dll+0x9abf3]
C  [TKSTEP.dll+0x10418e]
C  [TKXSBase.dll+0xaf07d]
C  [TKXSBase.dll+0xb6f4e]
C  [TKSTEP.dll+0x107590]
C  0x0000000004717f74

Java frames: (J=compiled Java code, j=interpreted, Vv=VM code)
j  opencascade.OCCwrapJavaJNI.STEPControl_Writer_Transfer__SWIG_1(JLopencascade/STEPControl_Writer;JLopencascade/TopoDS_Shape;I)I+0
j  opencascade.STEPControl_Writer.Transfer(Lopencascade/TopoDS_Shape;Lopencascade/STEPControl_StepModelType;)Lopencascade/IFSelect_ReturnStatus;+14
j  it.unina.daf.jpadcadsandbox.utils.AircraftUtils.lambda$75(Lopencascade/STEPControl_Writer;Lopencascade/TopoDS_Shape;)V+5
j  it.unina.daf.jpadcadsandbox.utils.AircraftUtils$$Lambda$149.accept(Ljava/lang/Object;)V+8
j  java.util.ArrayList.forEach(Ljava/util/function/Consumer;)V+47
j  it.unina.daf.jpadcadsandbox.utils.AircraftUtils.getAircraftSolidFile(Ljava/util/List;Ljava/lang/String;Ljava/lang/String;)V+312
j  it.unina.daf.jpadcadsandbox.Test01vt.main([Ljava/lang/String;)V+80
v  ~StubRoutines::call_stub

---------------  P R O C E S S  ---------------

Java Threads: ( => current thread )
  0x000000002966a000 JavaThread "Service Thread" daemon [_thread_blocked, id=1528, stack(0x000000002a1b0000,0x000000002a2b0000)]
  0x00000000295f9000 JavaThread "C1 CompilerThread3" daemon [_thread_blocked, id=11324, stack(0x000000002a0b0000,0x000000002a1b0000)]
  0x00000000295cd000 JavaThread "C2 CompilerThread2" daemon [_thread_blocked, id=9352, stack(0x0000000029fb0000,0x000000002a0b0000)]
  0x00000000295ca000 JavaThread "C2 CompilerThread1" daemon [_thread_blocked, id=14392, stack(0x0000000029eb0000,0x0000000029fb0000)]
  0x00000000295c4000 JavaThread "C2 CompilerThread0" daemon [_thread_blocked, id=9360, stack(0x0000000029db0000,0x0000000029eb0000)]
  0x00000000295d3800 JavaThread "Attach Listener" daemon [_thread_blocked, id=15276, stack(0x0000000029cb0000,0x0000000029db0000)]
  0x00000000295d2800 JavaThread "Signal Dispatcher" daemon [_thread_blocked, id=5964, stack(0x0000000029bb0000,0x0000000029cb0000)]
  0x00000000276d3000 JavaThread "Finalizer" daemon [_thread_blocked, id=4536, stack(0x00000000299a0000,0x0000000029aa0000)]
  0x00000000276cc800 JavaThread "Reference Handler" daemon [_thread_blocked, id=16308, stack(0x00000000294a0000,0x00000000295a0000)]
=>0x0000000004602800 JavaThread "main" [_thread_in_native, id=14012, stack(0x0000000004410000,0x0000000004510000)]

Other Threads:
  0x00000000276c8000 VMThread [stack: 0x00000000293a0000,0x00000000294a0000] [id=16780]
  0x0000000029695000 WatcherThread [stack: 0x000000002a2b0000,0x000000002a3b0000] [id=9196]

VM state:not at safepoint (normal execution)

VM Mutex/Monitor currently owned by a thread: None

Heap:
 PSYoungGen      total 284672K, used 11187K [0x0000000715b80000, 0x0000000738680000, 0x00000007c0000000)
  eden space 263168K, 4% used [0x0000000715b80000,0x000000071666cc98,0x0000000725c80000)
  from space 21504K, 0% used [0x0000000725c80000,0x0000000725c80000,0x0000000727180000)
  to   space 20992K, 0% used [0x0000000737200000,0x0000000737200000,0x0000000738680000)
 ParOldGen       total 201216K, used 8664K [0x00000005c1200000, 0x00000005cd680000, 0x0000000715b80000)
  object space 201216K, 4% used [0x00000005c1200000,0x00000005c1a76110,0x00000005cd680000)
 Metaspace       used 21026K, capacity 21656K, committed 21936K, reserved 1069056K
  class space    used 1827K, capacity 1989K, committed 2048K, reserved 1048576K

Card table byte_map: [0x0000000013ac0000,0x0000000014ac0000] byte_map_base: 0x0000000010cb7000

Marking Bits: (ParMarkBitMap*) 0x0000000077f7d850
 Begin Bits: [0x0000000015d70000, 0x000000001dd28000)
 End Bits:   [0x000000001dd28000, 0x0000000025ce0000)

Polling page: 0x0000000002770000

CodeCache: size=245760Kb used=9568Kb max_used=9568Kb free=236191Kb
 bounds [0x0000000004700000, 0x0000000005060000, 0x0000000013700000]
 total_blobs=3679 nmethods=2509 adapters=1081
 compilation: enabled

Compilation events (10 events):
Event: 1.748 Thread 0x00000000295f9000 2506       3       opencascade.TopoDS::ToEdge (17 bytes)
Event: 1.748 Thread 0x00000000295f9000 nmethod 2506 0x0000000005057d50 code [0x0000000005057ee0, 0x0000000005058318]
Event: 1.748 Thread 0x00000000295f9000 2505       3       java.lang.invoke.MemberName::isVarargs (23 bytes)
Event: 1.749 Thread 0x00000000295f9000 nmethod 2505 0x00000000050574d0 code [0x0000000005057660, 0x0000000005057bd0]
Event: 1.749 Thread 0x00000000295f9000 2507       1       opencascade.TopAbs_ShapeEnum::swigValue (5 bytes)
Event: 1.749 Thread 0x00000000295f9000 nmethod 2507 0x0000000005057210 code [0x0000000005057360, 0x0000000005057470]
Event: 1.752 Thread 0x00000000295f9000 2508       3       java.lang.invoke.MethodHandles$Lookup::getDirectMethodCommon (271 bytes)
Event: 1.753 Thread 0x00000000295f9000 nmethod 2508 0x0000000005059610 code [0x0000000005059920, 0x000000000505b3d8]
Event: 1.753 Thread 0x00000000295f9000 2509       3       java.lang.invoke.MethodHandles$Lookup::checkMethod (83 bytes)
Event: 1.753 Thread 0x00000000295f9000 nmethod 2509 0x000000000505bd10 code [0x000000000505bee0, 0x000000000505c918]

GC Heap History (10 events):
Event: 1.095 GC heap before
{Heap before GC invocations=2 (full 0):
 PSYoungGen      total 153088K, used 139504K [0x0000000715b80000, 0x0000000720600000, 0x00000007c0000000)
  eden space 131584K, 100% used [0x0000000715b80000,0x000000071dc00000,0x000000071dc00000)
  from space 21504K, 36% used [0x000000071dc00000,0x000000071e3bc1c8,0x000000071f100000)
  to   space 21504K, 0% used [0x000000071f100000,0x000000071f100000,0x0000000720600000)
 ParOldGen       total 349696K, used 16K [0x00000005c1200000, 0x00000005d6780000, 0x0000000715b80000)
  object space 349696K, 0% used [0x00000005c1200000,0x00000005c1204000,0x00000005d6780000)
 Metaspace       used 13571K, capacity 13876K, committed 14080K, reserved 1062912K
  class space    used 1457K, capacity 1522K, committed 1536K, reserved 1048576K
Event: 1.098 GC heap after
Heap after GC invocations=2 (full 0):
 PSYoungGen      total 153088K, used 4433K [0x0000000715b80000, 0x0000000720600000, 0x00000007c0000000)
  eden space 131584K, 0% used [0x0000000715b80000,0x0000000715b80000,0x000000071dc00000)
  from space 21504K, 20% used [0x000000071f100000,0x000000071f5545c8,0x0000000720600000)
  to   space 21504K, 0% used [0x000000071dc00000,0x000000071dc00000,0x000000071f100000)
 ParOldGen       total 349696K, used 88K [0x00000005c1200000, 0x00000005d6780000, 0x0000000715b80000)
  object space 349696K, 0% used [0x00000005c1200000,0x00000005c1216010,0x00000005d6780000)
 Metaspace       used 13571K, capacity 13876K, committed 14080K, reserved 1062912K
  class space    used 1457K, capacity 1522K, committed 1536K, reserved 1048576K
}
Event: 1.228 GC heap before
{Heap before GC invocations=3 (full 0):
 PSYoungGen      total 153088K, used 136017K [0x0000000715b80000, 0x0000000720600000, 0x00000007c0000000)
  eden space 131584K, 100% used [0x0000000715b80000,0x000000071dc00000,0x000000071dc00000)
  from space 21504K, 20% used [0x000000071f100000,0x000000071f5545c8,0x0000000720600000)
  to   space 21504K, 0% used [0x000000071dc00000,0x000000071dc00000,0x000000071f100000)
 ParOldGen       total 349696K, used 88K [0x00000005c1200000, 0x00000005d6780000, 0x0000000715b80000)
  object space 349696K, 0% used [0x00000005c1200000,0x00000005c1216010,0x00000005d6780000)
 Metaspace       used 14973K, capacity 15436K, committed 15616K, reserved 1062912K
  class space    used 1599K, capacity 1722K, committed 1792K, reserved 1048576K
Event: 1.231 GC heap after
Heap after GC invocations=3 (full 0):
 PSYoungGen      total 153088K, used 4870K [0x0000000715b80000, 0x0000000728680000, 0x00000007c0000000)
  eden space 131584K, 0% used [0x0000000715b80000,0x0000000715b80000,0x000000071dc00000)
  from space 21504K, 22% used [0x000000071dc00000,0x000000071e0c1a20,0x000000071f100000)
  to   space 21504K, 0% used [0x0000000727180000,0x0000000727180000,0x0000000728680000)
 ParOldGen       total 349696K, used 96K [0x00000005c1200000, 0x00000005d6780000, 0x0000000715b80000)
  object space 349696K, 0% used [0x00000005c1200000,0x00000005c1218010,0x00000005d6780000)
 Metaspace       used 14973K, capacity 15436K, committed 15616K, reserved 1062912K
  class space    used 1599K, capacity 1722K, committed 1792K, reserved 1048576K
}
Event: 1.367 GC heap before
{Heap before GC invocations=4 (full 0):
 PSYoungGen      total 153088K, used 136454K [0x0000000715b80000, 0x0000000728680000, 0x00000007c0000000)
  eden space 131584K, 100% used [0x0000000715b80000,0x000000071dc00000,0x000000071dc00000)
  from space 21504K, 22% used [0x000000071dc00000,0x000000071e0c1a20,0x000000071f100000)
  to   space 21504K, 0% used [0x0000000727180000,0x0000000727180000,0x0000000728680000)
 ParOldGen       total 349696K, used 96K [0x00000005c1200000, 0x00000005d6780000, 0x0000000715b80000)
  object space 349696K, 0% used [0x00000005c1200000,0x00000005c1218010,0x00000005d6780000)
 Metaspace       used 15321K, capacity 15810K, committed 15872K, reserved 1062912K
  class space    used 1623K, capacity 1761K, committed 1792K, reserved 1048576K
Event: 1.375 GC heap after
Heap after GC invocations=4 (full 0):
 PSYoungGen      total 284672K, used 21487K [0x0000000715b80000, 0x0000000728680000, 0x00000007c0000000)
  eden space 263168K, 0% used [0x0000000715b80000,0x0000000715b80000,0x0000000725c80000)
  from space 21504K, 99% used [0x0000000727180000,0x000000072867bf78,0x0000000728680000)
  to   space 21504K, 0% used [0x0000000725c80000,0x0000000725c80000,0x0000000727180000)
 ParOldGen       total 349696K, used 3096K [0x00000005c1200000, 0x00000005d6780000, 0x0000000715b80000)
  object space 349696K, 0% used [0x00000005c1200000,0x00000005c1506010,0x00000005d6780000)
 Metaspace       used 15321K, capacity 15810K, committed 15872K, reserved 1062912K
  class space    used 1623K, capacity 1761K, committed 1792K, reserved 1048576K
}
Event: 1.582 GC heap before
{Heap before GC invocations=5 (full 0):
 PSYoungGen      total 284672K, used 92309K [0x0000000715b80000, 0x0000000728680000, 0x00000007c0000000)
  eden space 263168K, 26% used [0x0000000715b80000,0x000000071a0a97f8,0x0000000725c80000)
  from space 21504K, 99% used [0x0000000727180000,0x000000072867bf78,0x0000000728680000)
  to   space 21504K, 0% used [0x0000000725c80000,0x0000000725c80000,0x0000000727180000)
 ParOldGen       total 349696K, used 3096K [0x00000005c1200000, 0x00000005d6780000, 0x0000000715b80000)
  object space 349696K, 0% used [0x00000005c1200000,0x00000005c1506010,0x00000005d6780000)
 Metaspace       used 20761K, capacity 21250K, committed 21296K, reserved 1069056K
  class space    used 1783K, capacity 1916K, committed 1920K, reserved 1048576K
Event: 1.593 GC heap after
Heap after GC invocations=5 (full 0):
 PSYoungGen      total 284672K, used 8504K [0x0000000715b80000, 0x0000000738680000, 0x00000007c0000000)
  eden space 263168K, 0% used [0x0000000715b80000,0x0000000715b80000,0x0000000725c80000)
  from space 21504K, 39% used [0x0000000725c80000,0x00000007264ce250,0x0000000727180000)
  to   space 20992K, 0% used [0x0000000737200000,0x0000000737200000,0x0000000738680000)
 ParOldGen       total 349696K, used 3104K [0x00000005c1200000, 0x00000005d6780000, 0x0000000715b80000)
  object space 349696K, 0% used [0x00000005c1200000,0x00000005c1508010,0x00000005d6780000)
 Metaspace       used 20761K, capacity 21250K, committed 21296K, reserved 1069056K
  class space    used 1783K, capacity 1916K, committed 1920K, reserved 1048576K
}
Event: 1.593 GC heap before
{Heap before GC invocations=6 (full 1):
 PSYoungGen      total 284672K, used 8504K [0x0000000715b80000, 0x0000000738680000, 0x00000007c0000000)
  eden space 263168K, 0% used [0x0000000715b80000,0x0000000715b80000,0x0000000725c80000)
  from space 21504K, 39% used [0x0000000725c80000,0x00000007264ce250,0x0000000727180000)
  to   space 20992K, 0% used [0x0000000737200000,0x0000000737200000,0x0000000738680000)
 ParOldGen       total 349696K, used 3104K [0x00000005c1200000, 0x00000005d6780000, 0x0000000715b80000)
  object space 349696K, 0% used [0x00000005c1200000,0x00000005c1508010,0x00000005d6780000)
 Metaspace       used 20761K, capacity 21250K, committed 21296K, reserved 1069056K
  class space    used 1783K, capacity 1916K, committed 1920K, reserved 1048576K
Event: 1.632 GC heap after
Heap after GC invocations=6 (full 1):
 PSYoungGen      total 284672K, used 0K [0x0000000715b80000, 0x0000000738680000, 0x00000007c0000000)
  eden space 263168K, 0% used [0x0000000715b80000,0x0000000715b80000,0x0000000725c80000)
  from space 21504K, 0% used [0x0000000725c80000,0x0000000725c80000,0x0000000727180000)
  to   space 20992K, 0% used [0x0000000737200000,0x0000000737200000,0x0000000738680000)
 ParOldGen       total 201216K, used 8664K [0x00000005c1200000, 0x00000005cd680000, 0x0000000715b80000)
  object space 201216K, 4% used [0x00000005c1200000,0x00000005c1a76110,0x00000005cd680000)
 Metaspace       used 20761K, capacity 21250K, committed 21296K, reserved 1069056K
  class space    used 1783K, capacity 1916K, committed 1920K, reserved 1048576K
}

Deoptimization events (10 events):
Event: 1.127 Thread 0x0000000004602800 Uncommon trap: reason=speculate_class_check action=maybe_recompile pc=0x0000000004d330dc method=com.sun.org.apache.xerces.internal.dom.ElementNSImpl.getNamespaceURI()Ljava/lang/String; @ 8
Event: 1.157 Thread 0x0000000004602800 Uncommon trap: reason=unstable_if action=reinterpret pc=0x0000000004cb0e48 method=java.lang.Double.equals(Ljava/lang/Object;)Z @ 25
Event: 1.160 Thread 0x0000000004602800 Uncommon trap: reason=unstable_if action=reinterpret pc=0x000000000487669c method=sun.nio.cs.UTF_8$Encoder.encode([CII[B)I @ 33
Event: 1.160 Thread 0x0000000004602800 Uncommon trap: reason=unstable_if action=reinterpret pc=0x0000000004917b90 method=sun.net.www.ParseUtil.encodePath(Ljava/lang/String;Z)Ljava/lang/String; @ 81
Event: 1.160 Thread 0x0000000004602800 Uncommon trap: reason=unstable_if action=reinterpret pc=0x000000000490a1c8 method=sun.nio.cs.UTF_8$Decoder.decode([BII[C)I @ 30
Event: 1.253 Thread 0x0000000004602800 Uncommon trap: reason=unstable_if action=reinterpret pc=0x0000000004ebe35c method=sun.misc.FloatingDecimal.readJavaFormatString(Ljava/lang/String;)Lsun/misc/FloatingDecimal$ASCIIToBinaryConverter; @ 178
Event: 1.299 Thread 0x0000000004602800 Uncommon trap: reason=unstable_if action=reinterpret pc=0x00000000048f91e8 method=java.io.WinNTFileSystem.normalize(Ljava/lang/String;)Ljava/lang/String; @ 74
Event: 1.302 Thread 0x0000000004602800 Uncommon trap: reason=class_check action=maybe_recompile pc=0x00000000049d3e68 method=com.sun.org.apache.xerces.internal.impl.XMLDocumentFragmentScannerImpl.scanStartElement()Z @ 436
Event: 1.302 Thread 0x0000000004602800 Uncommon trap: reason=unstable_if action=reinterpret pc=0x0000000004e5277c method=com.sun.org.apache.xerces.internal.impl.XMLEntityScanner.scanContent(Lcom/sun/org/apache/xerces/internal/xni/XMLString;)I @ 121
Event: 1.355 Thread 0x0000000004602800 Uncommon trap: reason=unstable_if action=reinterpret pc=0x0000000004bf2148 method=sun.misc.FloatingDecimal$ASCIIToBinaryBuffer.doubleValue()D @ 254

Internal exceptions (10 events):
Event: 0.156 Thread 0x0000000004602800 Exception <a 'java/security/PrivilegedActionException'> (0x0000000716261ad0) thrown at [C:\re\workspace\8-2-build-windows-amd64-cygwin\jdk8u151\9699\hotspot\src\share\vm\prims\jvm.cpp, line 1390]
Event: 0.156 Thread 0x0000000004602800 Exception <a 'java/security/PrivilegedActionException'> (0x0000000716262c58) thrown at [C:\re\workspace\8-2-build-windows-amd64-cygwin\jdk8u151\9699\hotspot\src\share\vm\prims\jvm.cpp, line 1390]
Event: 0.156 Thread 0x0000000004602800 Exception <a 'java/security/PrivilegedActionException'> (0x0000000716262e68) thrown at [C:\re\workspace\8-2-build-windows-amd64-cygwin\jdk8u151\9699\hotspot\src\share\vm\prims\jvm.cpp, line 1390]
Event: 0.367 Thread 0x0000000004602800 Implicit null exception at 0x000000000493c37b to 0x000000000493ca1d
Event: 0.501 Thread 0x0000000004602800 Exception <a 'java/lang/NoSuchFieldError': method resolution failed> (0x0000000718364c70) thrown at [C:\re\workspace\8-2-build-windows-amd64-cygwin\jdk8u151\9699\hotspot\src\share\vm\prims\methodHandles.cpp, line 1146]
Event: 0.501 Thread 0x0000000004602800 Exception <a 'java/lang/NoSuchFieldError': method resolution failed> (0x0000000718372330) thrown at [C:\re\workspace\8-2-build-windows-amd64-cygwin\jdk8u151\9699\hotspot\src\share\vm\prims\methodHandles.cpp, line 1146]
Event: 0.729 Thread 0x0000000004602800 Implicit null exception at 0x0000000004a2b45d to 0x0000000004a2cf7c
Event: 0.743 Thread 0x0000000004602800 Implicit null exception at 0x0000000004b52130 to 0x0000000004b5218e
Event: 0.903 Thread 0x0000000004602800 Implicit null exception at 0x0000000004934f96 to 0x0000000004935341
Event: 0.942 Thread 0x0000000004602800 Implicit null exception at 0x0000000004902bd6 to 0x0000000004902f79

Events (10 events):
Event: 1.752 loading class opencascade/STEPControl_Writer
Event: 1.752 loading class opencascade/STEPControl_Writer done
Event: 1.752 loading class opencascade/TopoDS_Shape
Event: 1.752 loading class opencascade/TopoDS_Shape done
Event: 1.752 loading class opencascade/STEPControl_Writer
Event: 1.752 loading class opencascade/STEPControl_Writer done
Event: 1.752 loading class opencascade/STEPControl_StepModelType
Event: 1.752 loading class opencascade/STEPControl_StepModelType done
Event: 1.752 loading class opencascade/STEPControl_StepModelType$SwigNext
Event: 1.752 loading class opencascade/STEPControl_StepModelType$SwigNext done


Dynamic libraries:
0x00007ff7a3b40000 - 0x00007ff7a3b77000 	C:\Program Files\Java\jdk1.8.0_151\bin\javaw.exe
0x00007ffc2c780000 - 0x00007ffc2c960000 	C:\WINDOWS\SYSTEM32\ntdll.dll
0x00007ffc2b220000 - 0x00007ffc2b2ce000 	C:\WINDOWS\System32\KERNEL32.DLL
0x00007ffc29720000 - 0x00007ffc29986000 	C:\WINDOWS\System32\KERNELBASE.dll
0x00007ffc2b090000 - 0x00007ffc2b131000 	C:\WINDOWS\System32\ADVAPI32.dll
0x00007ffc2b300000 - 0x00007ffc2b39d000 	C:\WINDOWS\System32\msvcrt.dll
0x00007ffc2b1c0000 - 0x00007ffc2b21b000 	C:\WINDOWS\System32\sechost.dll
0x00007ffc2c610000 - 0x00007ffc2c72f000 	C:\WINDOWS\System32\RPCRT4.dll
0x00007ffc2c130000 - 0x00007ffc2c2bf000 	C:\WINDOWS\System32\USER32.dll
0x00007ffc29c30000 - 0x00007ffc29c50000 	C:\WINDOWS\System32\win32u.dll
0x00007ffc2b2d0000 - 0x00007ffc2b2f8000 	C:\WINDOWS\System32\GDI32.dll
0x00007ffc29a90000 - 0x00007ffc29c23000 	C:\WINDOWS\System32\gdi32full.dll
0x00007ffc29680000 - 0x00007ffc2971b000 	C:\WINDOWS\System32\msvcp_win.dll
0x00007ffc28e30000 - 0x00007ffc28f26000 	C:\WINDOWS\System32\ucrtbase.dll
0x00007ffc0f460000 - 0x00007ffc0f6c9000 	C:\WINDOWS\WinSxS\amd64_microsoft.windows.common-controls_6595b64144ccf1df_6.0.16299.248_none_15ced204935f55d7\COMCTL32.dll
0x00007ffc2bdb0000 - 0x00007ffc2c0b8000 	C:\WINDOWS\System32\combase.dll
0x00007ffc28b80000 - 0x00007ffc28bf2000 	C:\WINDOWS\System32\bcryptPrimitives.dll
0x00007ffc2c2c0000 - 0x00007ffc2c2ed000 	C:\WINDOWS\System32\IMM32.DLL
0x00007ffc27cc0000 - 0x00007ffc27cf1000 	C:\WINDOWS\SYSTEM32\ntmarta.dll
0x00007ffc289d0000 - 0x00007ffc28a00000 	C:\WINDOWS\SYSTEM32\SspiCli.dll
0x0000000050410000 - 0x00000000504e2000 	C:\Program Files\Java\jdk1.8.0_151\jre\bin\msvcr100.dll
0x0000000077760000 - 0x0000000077ffd000 	C:\Program Files\Java\jdk1.8.0_151\jre\bin\server\jvm.dll
0x00007ffc2c740000 - 0x00007ffc2c748000 	C:\WINDOWS\System32\PSAPI.DLL
0x00007ffc0d5a0000 - 0x00007ffc0d5a9000 	C:\WINDOWS\SYSTEM32\WSOCK32.dll
0x00007ffc2c0c0000 - 0x00007ffc2c12c000 	C:\WINDOWS\System32\WS2_32.dll
0x00007ffc18220000 - 0x00007ffc18243000 	C:\WINDOWS\SYSTEM32\WINMM.dll
0x00007ffc249d0000 - 0x00007ffc249da000 	C:\WINDOWS\SYSTEM32\VERSION.dll
0x00007ffc181f0000 - 0x00007ffc1821a000 	C:\WINDOWS\SYSTEM32\winmmbase.dll
0x00007ffc29a40000 - 0x00007ffc29a8a000 	C:\WINDOWS\System32\cfgmgr32.dll
0x0000000050400000 - 0x000000005040f000 	C:\Program Files\Java\jdk1.8.0_151\jre\bin\verify.dll
0x00000000503d0000 - 0x00000000503f9000 	C:\Program Files\Java\jdk1.8.0_151\jre\bin\java.dll
0x00000000503b0000 - 0x00000000503c6000 	C:\Program Files\Java\jdk1.8.0_151\jre\bin\zip.dll
0x00007ffc29c50000 - 0x00007ffc2b086000 	C:\WINDOWS\System32\SHELL32.dll
0x00007ffc2c360000 - 0x00007ffc2c406000 	C:\WINDOWS\System32\shcore.dll
0x00007ffc28f30000 - 0x00007ffc29677000 	C:\WINDOWS\System32\windows.storage.dll
0x00007ffc2c5b0000 - 0x00007ffc2c601000 	C:\WINDOWS\System32\shlwapi.dll
0x00007ffc28af0000 - 0x00007ffc28b01000 	C:\WINDOWS\System32\kernel.appcore.dll
0x00007ffc28b10000 - 0x00007ffc28b5c000 	C:\WINDOWS\System32\powrprof.dll
0x00007ffc28b60000 - 0x00007ffc28b7b000 	C:\WINDOWS\System32\profapi.dll
0x0000000180000000 - 0x0000000180276000 	D:\JPAD\jpad\libraries\hdf\jhdf5.dll
0x0000000050390000 - 0x00000000503aa000 	C:\Program Files\Java\jdk1.8.0_151\jre\bin\net.dll
0x00007ffc28300000 - 0x00007ffc28366000 	C:\WINDOWS\system32\mswsock.dll
0x0000000050370000 - 0x0000000050381000 	C:\Program Files\Java\jdk1.8.0_151\jre\bin\nio.dll
0x00007ffbd1f40000 - 0x00007ffbd2599000 	D:\JPAD\jpad\libraries\occjava\OCCJavaWrapper_OCCT_v7.0.0_vc14_Win64\OCCwrapJava.dll
0x00007ffbdf640000 - 0x00007ffbdf7aa000 	D:\JPAD\jpad\libraries\occjava\OCCJavaWrapper_OCCT_v7.0.0_vc14_Win64\TKernel.dll
0x00007ffbdc520000 - 0x00007ffbdc6ba000 	D:\JPAD\jpad\libraries\occjava\OCCJavaWrapper_OCCT_v7.0.0_vc14_Win64\TKMath.dll
0x00007ffc139b0000 - 0x00007ffc13a10000 	D:\JPAD\jpad\libraries\occjava\OCCJavaWrapper_OCCT_v7.0.0_vc14_Win64\TKG2d.dll
0x00007ffc04980000 - 0x00007ffc04a54000 	D:\JPAD\jpad\libraries\occjava\OCCJavaWrapper_OCCT_v7.0.0_vc14_Win64\TKG3d.dll
0x00007ffbc47e0000 - 0x00007ffbc4bdb000 	D:\JPAD\jpad\libraries\occjava\OCCJavaWrapper_OCCT_v7.0.0_vc14_Win64\TKGeomBase.dll
0x00007ffc021e0000 - 0x00007ffc022b0000 	D:\JPAD\jpad\libraries\occjava\OCCJavaWrapper_OCCT_v7.0.0_vc14_Win64\TKBRep.dll
0x00007ffbc4400000 - 0x00007ffbc47e0000 	D:\JPAD\jpad\libraries\occjava\OCCJavaWrapper_OCCT_v7.0.0_vc14_Win64\TKGeomAlgo.dll
0x00007ffbf58e0000 - 0x00007ffbf59de000 	D:\JPAD\jpad\libraries\occjava\OCCJavaWrapper_OCCT_v7.0.0_vc14_Win64\TKHLR.dll
0x00007ffc02500000 - 0x00007ffc02556000 	D:\JPAD\jpad\libraries\occjava\OCCJavaWrapper_OCCT_v7.0.0_vc14_Win64\TKPrim.dll
0x00007ffbdc290000 - 0x00007ffbdc513000 	D:\JPAD\jpad\libraries\occjava\OCCJavaWrapper_OCCT_v7.0.0_vc14_Win64\TKTopAlgo.dll
0x00007ffbd7ef0000 - 0x00007ffbd80df000 	D:\JPAD\jpad\libraries\occjava\OCCJavaWrapper_OCCT_v7.0.0_vc14_Win64\TKBO.dll
0x00007ffbc3fd0000 - 0x00007ffbc43ff000 	D:\JPAD\jpad\libraries\occjava\OCCJavaWrapper_OCCT_v7.0.0_vc14_Win64\TKBool.dll
0x00007ffbd1c70000 - 0x00007ffbd1f3b000 	D:\JPAD\jpad\libraries\occjava\OCCJavaWrapper_OCCT_v7.0.0_vc14_Win64\TKShHealing.dll
0x00007ffbd7480000 - 0x00007ffbd7608000 	D:\JPAD\jpad\libraries\occjava\OCCJavaWrapper_OCCT_v7.0.0_vc14_Win64\TKOffset.dll
0x00007ffbc3d90000 - 0x00007ffbc3fcd000 	D:\JPAD\jpad\libraries\occjava\OCCJavaWrapper_OCCT_v7.0.0_vc14_Win64\TKFillet.dll
0x00007ffc11d70000 - 0x00007ffc11dab000 	D:\JPAD\jpad\libraries\occjava\OCCJavaWrapper_OCCT_v7.0.0_vc14_Win64\TKService.dll
0x00007ffbc3b10000 - 0x00007ffbc3d8e000 	D:\JPAD\jpad\libraries\occjava\OCCJavaWrapper_OCCT_v7.0.0_vc14_Win64\TKV3d.dll
0x00007ffbf3970000 - 0x00007ffbf3a4c000 	D:\JPAD\jpad\libraries\occjava\OCCJavaWrapper_OCCT_v7.0.0_vc14_Win64\TKOpenGl.dll
0x00007ffc00180000 - 0x00007ffc001d8000 	D:\JPAD\jpad\libraries\occjava\OCCJavaWrapper_OCCT_v7.0.0_vc14_Win64\TKCDF.dll
0x00007ffc2b9c0000 - 0x00007ffc2baca000 	C:\WINDOWS\System32\COMDLG32.dll
0x00007ffbf5da0000 - 0x00007ffbf5e43000 	D:\JPAD\jpad\libraries\occjava\OCCJavaWrapper_OCCT_v7.0.0_vc14_Win64\TKLCAF.dll
0x00007ffbf3770000 - 0x00007ffbf3805000 	D:\JPAD\jpad\libraries\occjava\OCCJavaWrapper_OCCT_v7.0.0_vc14_Win64\TKCAF.dll
0x00007ffbc38d0000 - 0x00007ffbc3b0b000 	D:\JPAD\jpad\libraries\occjava\OCCJavaWrapper_OCCT_v7.0.0_vc14_Win64\TKXSBase.dll
0x00007ffbc3580000 - 0x00007ffbc38c8000 	D:\JPAD\jpad\libraries\occjava\OCCJavaWrapper_OCCT_v7.0.0_vc14_Win64\TKIGES.dll
0x00007ffbc3390000 - 0x00007ffbc3572000 	D:\JPAD\jpad\libraries\occjava\OCCJavaWrapper_OCCT_v7.0.0_vc14_Win64\TKSTEPBase.dll
0x00007ffbc2490000 - 0x00007ffbc2762000 	D:\JPAD\jpad\libraries\occjava\OCCJavaWrapper_OCCT_v7.0.0_vc14_Win64\TKSTEP.dll
0x00007ffc036a0000 - 0x00007ffc036cb000 	D:\JPAD\jpad\libraries\occjava\OCCJavaWrapper_OCCT_v7.0.0_vc14_Win64\TKSTL.dll
0x00007ffbf4b10000 - 0x00007ffbf4b8e000 	D:\JPAD\jpad\libraries\occjava\OCCJavaWrapper_OCCT_v7.0.0_vc14_Win64\TKVRML.dll
0x00007ffbdfd10000 - 0x00007ffbdfe64000 	D:\JPAD\jpad\libraries\occjava\OCCJavaWrapper_OCCT_v7.0.0_vc14_Win64\TKFeat.dll
0x0000000050360000 - 0x0000000050367000 	D:\JPAD\jpad\libraries\occjava\OCCJavaWrapper_OCCT_v7.0.0_vc14_Win64\jre1.8.0_91\bin\jawt.dll
0x00007ffbf0850000 - 0x00007ffbf08ef000 	C:\WINDOWS\SYSTEM32\MSVCP140.dll
0x00007ffbf3040000 - 0x00007ffbf30b5000 	D:\JPAD\jpad\libraries\occjava\OCCJavaWrapper_OCCT_v7.0.0_vc14_Win64\TKMesh.dll
0x00007ffc0f1a0000 - 0x00007ffc0f1b6000 	C:\WINDOWS\SYSTEM32\VCRUNTIME140.dll
0x00007ffc23630000 - 0x00007ffc236b6000 	C:\WINDOWS\SYSTEM32\WINSPOOL.DRV
0x00007ffbfc840000 - 0x00007ffbfc884000 	D:\JPAD\jpad\libraries\occjava\OCCJavaWrapper_OCCT_v7.0.0_vc14_Win64\tbbmalloc.dll
0x00007ffbfba80000 - 0x00007ffbfbac4000 	D:\JPAD\jpad\libraries\occjava\OCCJavaWrapper_OCCT_v7.0.0_vc14_Win64\tbb.dll
0x00007ffbf2a50000 - 0x00007ffbf2b01000 	D:\JPAD\jpad\libraries\occjava\OCCJavaWrapper_OCCT_v7.0.0_vc14_Win64\freetype.dll
0x00007ffc13990000 - 0x00007ffc139aa000 	D:\JPAD\jpad\libraries\occjava\OCCJavaWrapper_OCCT_v7.0.0_vc14_Win64\gl2ps.dll
0x00007ffbed7e0000 - 0x00007ffbed8fe000 	C:\WINDOWS\SYSTEM32\OPENGL32.dll
0x00007ffbecda0000 - 0x00007ffbece5d000 	D:\JPAD\jpad\libraries\occjava\OCCJavaWrapper_OCCT_v7.0.0_vc14_Win64\TKSTEPAttr.dll
0x00007ffbe06e0000 - 0x00007ffbe0769000 	D:\JPAD\jpad\libraries\occjava\OCCJavaWrapper_OCCT_v7.0.0_vc14_Win64\TKSTEP209.dll
0x00000000501c0000 - 0x0000000050358000 	D:\JPAD\jpad\libraries\occjava\OCCJavaWrapper_OCCT_v7.0.0_vc14_Win64\jre1.8.0_91\bin\awt.dll
0x00007ffc2b8f0000 - 0x00007ffc2b9b5000 	C:\WINDOWS\System32\OLEAUT32.dll
0x00007ffc28090000 - 0x00007ffc280c9000 	C:\WINDOWS\SYSTEM32\IPHLPAPI.DLL
0x00007ffc28630000 - 0x00007ffc28655000 	C:\WINDOWS\SYSTEM32\bcrypt.dll
0x00007ffc025d0000 - 0x00007ffc025fc000 	C:\WINDOWS\SYSTEM32\GLU32.dll
0x000000002e0e0000 - 0x000000002e104000 	D:\JPAD\jpad\libraries\occjava\OCCJavaWrapper_OCCT_v7.0.0_vc14_Win64\FreeImagePlus.dll
0x000000002e110000 - 0x000000002e747000 	D:\JPAD\jpad\libraries\occjava\OCCJavaWrapper_OCCT_v7.0.0_vc14_Win64\FreeImage.dll
0x00007ffc284c0000 - 0x00007ffc284cb000 	C:\WINDOWS\SYSTEM32\CRYPTBASE.DLL
0x00007ffc26f90000 - 0x00007ffc27018000 	C:\WINDOWS\SYSTEM32\apphelp.dll
0x00007ffc23ae0000 - 0x00007ffc23ca8000 	C:\WINDOWS\SYSTEM32\dbghelp.dll

VM Arguments:
jvm_args: -Dfile.encoding=UTF-8 
java_command: it.unina.daf.jpadcadsandbox.Test01vt -i D:\JPAD\jpad/JPADSandBox_v2/in/Template_Aircraft/aircraft_IRON_NEW.xml -ia D:\JPAD\jpad/JPADSandBox_v2/in/Template_Analyses/analysis_IRON.xml -ioc D:\JPAD\jpad/JPADSandBox_v2/in/Template_Analyses/operating_conditions_IRON.xml --database-dir D:\JPAD\jpad/JPADSandBox_v2/data -da D:\JPAD\jpad/JPADSandBox_v2/in/Template_Aircraft/lifting_surfaces/airfoils -df D:\JPAD\jpad/JPADSandBox_v2/in/Template_Aircraft/fuselages -dls D:\JPAD\jpad/JPADSandBox_v2/in/Template_Aircraft/lifting_surfaces -de D:\JPAD\jpad/JPADSandBox_v2/in/Template_Aircraft/engines -dn D:\JPAD\jpad/JPADSandBox_v2/in/Template_Aircraft/nacelles -dlg D:\JPAD\jpad/JPADSandBox_v2/in/Template_Aircraft/landing_gears -dcc D:\JPAD\jpad/JPADSandBox_v2/in/Template_Aircraft/cabin_configurations
java_class_path (initial): C:\Program Files\Java\jdk1.8.0_151\jre\lib\resources.jar;C:\Program Files\Java\jdk1.8.0_151\jre\lib\rt.jar;C:\Program Files\Java\jdk1.8.0_151\jre\lib\jsse.jar;C:\Program Files\Java\jdk1.8.0_151\jre\lib\jce.jar;C:\Program Files\Java\jdk1.8.0_151\jre\lib\charsets.jar;C:\Program Files\Java\jdk1.8.0_151\jre\lib\jfr.jar;C:\Program Files\Java\jdk1.8.0_151\jre\lib\ext\access-bridge-64.jar;C:\Program Files\Java\jdk1.8.0_151\jre\lib\ext\cldrdata.jar;C:\Program Files\Java\jdk1.8.0_151\jre\lib\ext\dnsns.jar;C:\Program Files\Java\jdk1.8.0_151\jre\lib\ext\jaccess.jar;C:\Program Files\Java\jdk1.8.0_151\jre\lib\ext\jfxrt.jar;C:\Program Files\Java\jdk1.8.0_151\jre\lib\ext\localedata.jar;C:\Program Files\Java\jdk1.8.0_151\jre\lib\ext\nashorn.jar;C:\Program Files\Java\jdk1.8.0_151\jre\lib\ext\sunec.jar;C:\Program Files\Java\jdk1.8.0_151\jre\lib\ext\sunjce_provider.jar;C:\Program Files\Java\jdk1.8.0_151\jre\lib\ext\sunmscapi.jar;C:\Program Files\Java\jdk1.8.0_151\jre\lib\ext\sunpkcs11.jar;C:\Program Files\Java\jdk1.8.0_151\jre\lib\ext\zipfs.jar;D:\JPAD\jpad\JPADCADSandbox\bin;D:\JPAD\jpad\JPADCAD\bin;D:\JPAD\jpad\libraries\occjava\OCCJavaWrapper_OCCT_v7.0.0_vc14_Win64\OCCJavaWrapper.jar;D:\JPAD\jpad\libraries\trove\trove-3.1a1.jar;D:\JPAD\jpad\libraries\vecmath\vecmath.jar;D:\JPAD\jpad\libraries\jscience-4.3\jscience.jar;D:\JPAD\jpad\libraries\lombok\lombok.jar;D:\JPAD\jpad\libraries\args4j\args4j-2.0.21.jar;D:\JPAD\jpad\libraries\hdf\jarhdf5-2.10.1.jar;D:\JPAD\jpad\libraries\poi\poi-ooxml-3.10.1-20140818.jar;D:\JPAD\jpad\libraries\log4j\log4j-api-2.0.2.jar;D:\JPAD\jpad\libraries\log4j\log4j-core-2.0.2.jar;D:\JPAD\jpad\libraries\hdf\slf4j-api-1.7.5.jar;D:\JPAD\jpad\libraries\hdf\slf4j-nop-1.7.5.jar;D:\JPAD\jpad\libraries\processing\v3.3.6\library\core.jar;D:\JPAD\jpad\libraries\fxyz\fxyz3d-0.1.1.jar;D:\JPAD\jpad\libraries\jim\jimStlMeshImporterJFX.jar;D:\JPAD\jpad\libraries\jim\jimObjModelImporterJFX.jar;D:\JPAD\jpad\libraries\vvecmath\VVecMath.jar;D:\JPAD
Launcher Type: SUN_STANDARD

Environment Variables:
PATH=D:\JPAD\jpad\libraries\occjava\OCCJavaWrapper_OCCT_v7.0.0_vc14_Win64;D:\JPAD\jpad\libraries\occjava\OCCJavaWrapper_OCCT_v7.0.0_vc14_Win64\jre1.8.0_91\bin;D:\JPAD\jpad\libraries\hdf;



---------------  S Y S T E M  ---------------

OS: Windows 10.0 , 64 bit Build 16299 (10.0.16299.15)

CPU:total 8 (initial active 8) (4 cores per cpu, 2 threads per core) family 6 model 158 stepping 9, cmov, cx8, fxsr, mmx, sse, sse2, sse3, ssse3, sse4.1, sse4.2, popcnt, avx, avx2, aes, clmul, erms, rtm, 3dnowpref, lzcnt, ht, tsc, tscinvbit, bmi1, bmi2, adx

Memory: 4k page, physical 33479776k(25932584k free), swap 73325664k(63862400k free)

vm_info: Java HotSpot(TM) 64-Bit Server VM (25.151-b12) for windows-amd64 JRE (1.8.0_151-b12), built on Sep  5 2017 19:33:46 by "java_re" with MS VC++ 10.0 (VS2010)

time: Fri Mar 02 11:40:31 2018
elapsed time: 1 seconds (0d 0h 0m 1s)

