#
# A fatal error has been detected by the Java Runtime Environment:
#
#  EXCEPTION_UNCAUGHT_CXX_EXCEPTION (0xe06d7363) at pc=0x00007ff8740ea388, pid=11344, tid=0x0000000000001804
#
# JRE version: Java(TM) SE Runtime Environment (8.0_171-b11) (build 1.8.0_171-b11)
# Java VM: Java HotSpot(TM) 64-Bit Server VM (25.171-b11 mixed mode windows-amd64 compressed oops)
# Problematic frame:
# C  [KERNELBASE.dll+0x3a388]
#
# Failed to write core dump. Minidumps are not enabled by default on client versions of Windows
#
# If you would like to submit a bug report, please visit:
#   http://bugreport.java.com/bugreport/crash.jsp
# The crash happened outside the Java Virtual Machine in native code.
# See problematic frame for where to report the bug.
#

---------------  T H R E A D  ---------------

Current thread (0x00000000029d4000):  JavaThread "main" [_thread_in_native, id=6148, stack(0x00000000010b0000,0x00000000011b0000)]

siginfo: ExceptionCode=0xe06d7363, ExceptionInformation=0x0000000019930520 0x00000000011af610 0x00007ff81b38ce88 0x00007ff81afd0000 

Registers:
RAX=0x000000005928ed8c, RBX=0x0000000040629898, RCX=0x00000000011af090, RDX=0x0000000002d99f4c
RSP=0x00000000011af490, RBP=0x00000000011af5d0, RSI=0x00007ff81b38ce88, RDI=0x00007ff81b31d3d8
R8 =0x00000000011aefe0, R9 =0x0000000000000000, R10=0x000000067091af90, R11=0x0000000200000001
R12=0x0000000000000000, R13=0x000000003fb45670, R14=0x00000000011af610, R15=0x00000000029d4000
RIP=0x00007ff8740ea388, EFLAGS=0x0000000000000202

Top of Stack: (sp=0x00000000011af490)
0x00000000011af490:   0000000000cb0000 0000000040629898
0x00000000011af4a0:   00007ff81b38ce88 00007ff81b31d3d8
0x00000000011af4b0:   00000001e06d7363 0000000000000000
0x00000000011af4c0:   00007ff8740ea388 0000000000000004
0x00000000011af4d0:   0000000019930520 00000000011af610
0x00000000011af4e0:   00007ff81b38ce88 00007ff81afd0000
0x00000000011af4f0:   00000000011af610 0000000000000000
0x00000000011af500:   00007ff81b31d3d8 00007ff81b38ce88
0x00000000011af510:   00000000011af5d0 00007ff876eaa39f
0x00000000011af520:   00000000011af5f0 0000000000000000
0x00000000011af530:   0000000000000000 00000000011af698
0x00000000011af540:   00007ff81b5dc000 00007ff81afd0000
0x00000000011af550:   0000ac31e0ebbb22 0000000000000000
0x00000000011af560:   0000000040629898 00007ff85c6446e2
0x00000000011af570:   00000000011af728 00007ff8733ac686
0x00000000011af580:   000000000000001c 000000000000001c 

Instructions: (pc=0x00007ff8740ea388)
0x00007ff8740ea368:   49 8b d1 44 0f 47 c0 44 89 44 24 38 49 c1 e0 03
0x00007ff8740ea378:   e8 da 3d 04 00 48 8d 4c 24 20 ff 15 a0 82 14 00
0x00007ff8740ea388:   48 8b 8c 24 c0 00 00 00 48 33 cc e8 08 fe 03 00
0x00007ff8740ea398:   48 81 c4 d8 00 00 00 c3 83 64 24 38 00 eb d6 cc 


Register to memory mapping:

RAX=0x000000005928ed8c is an unknown value
RBX=0x0000000040629898 is an unknown value
RCX=0x00000000011af090 is pointing into the stack for thread: 0x00000000029d4000
RDX=0x0000000002d99f4c is at entry_point+1228 in (nmethod*)0x0000000002d998d0
RSP=0x00000000011af490 is pointing into the stack for thread: 0x00000000029d4000
RBP=0x00000000011af5d0 is pointing into the stack for thread: 0x00000000029d4000
RSI=0x00007ff81b38ce88 is an unknown value
RDI=0x00007ff81b31d3d8 is an unknown value
R8 =0x00000000011aefe0 is pointing into the stack for thread: 0x00000000029d4000
R9 =0x0000000000000000 is an unknown value
R10=0x000000067091af90 is an oop
java.lang.String 
 - klass: 'java/lang/String'
R11=0x0000000200000001 is an unknown value
R12=0x0000000000000000 is an unknown value
R13={method} {0x000000003fb45678} 'TopTools_ListOfShape_First' '(JLopencascade/TopTools_ListOfShape;)J' in 'opencascade/OCCwrapJavaJNI'
R14=0x00000000011af610 is pointing into the stack for thread: 0x00000000029d4000
R15=0x00000000029d4000 is a thread


Stack: [0x00000000010b0000,0x00000000011b0000],  sp=0x00000000011af490,  free space=1021k
Native frames: (J=compiled Java code, j=interpreted, Vv=VM code, C=native code)
C  [KERNELBASE.dll+0x3a388]
C  [VCRUNTIME140.dll+0x46e2]
C  [OCCwrapJava.dll+0x5c68e]
C  [OCCwrapJava.dll+0x4eac2]
C  [OCCwrapJava.dll+0x21f6a0]
C  0x0000000002be8c67

Java frames: (J=compiled Java code, j=interpreted, Vv=VM code)
j  opencascade.OCCwrapJavaJNI.TopTools_ListOfShape_First(JLopencascade/TopTools_ListOfShape;)J+0
j  opencascade.TopTools_ListOfShape.First()Lopencascade/TopoDS_Shape;+9
j  it.unina.daf.jpadcadsandbox.TestBoolean02mds.main([Ljava/lang/String;)V+881
v  ~StubRoutines::call_stub

---------------  P R O C E S S  ---------------

Java Threads: ( => current thread )
  0x000000003a0c5800 JavaThread "Service Thread" daemon [_thread_blocked, id=4992, stack(0x000000003ba80000,0x000000003bb80000)]
  0x000000003894e800 JavaThread "C1 CompilerThread3" daemon [_thread_blocked, id=4844, stack(0x000000003b980000,0x000000003ba80000)]
  0x000000003894d800 JavaThread "C2 CompilerThread2" daemon [_thread_blocked, id=3392, stack(0x000000003b880000,0x000000003b980000)]
  0x000000003a02a800 JavaThread "C2 CompilerThread1" daemon [_thread_blocked, id=10372, stack(0x000000003b780000,0x000000003b880000)]
  0x000000003a025800 JavaThread "C2 CompilerThread0" daemon [_thread_blocked, id=9136, stack(0x000000003b680000,0x000000003b780000)]
  0x000000003a024000 JavaThread "Attach Listener" daemon [_thread_blocked, id=2812, stack(0x000000003b580000,0x000000003b680000)]
  0x000000003a023000 JavaThread "Signal Dispatcher" daemon [_thread_blocked, id=3116, stack(0x000000003b480000,0x000000003b580000)]
  0x000000003a013800 JavaThread "Finalizer" daemon [_thread_blocked, id=16336, stack(0x000000003b270000,0x000000003b370000)]
  0x000000003893c800 JavaThread "Reference Handler" daemon [_thread_blocked, id=4356, stack(0x000000003b170000,0x000000003b270000)]
=>0x00000000029d4000 JavaThread "main" [_thread_in_native, id=6148, stack(0x00000000010b0000,0x00000000011b0000)]

Other Threads:
  0x0000000039ff2800 VMThread [stack: 0x000000003b070000,0x000000003b170000] [id=8012]
  0x000000003a049000 WatcherThread [stack: 0x000000003bb80000,0x000000003bc80000] [id=8008]

VM state:not at safepoint (normal execution)

VM Mutex/Monitor currently owned by a thread: None

Heap:
 PSYoungGen      total 305664K, used 97022K [0x000000066b380000, 0x0000000680880000, 0x00000007c0000000)
  eden space 262144K, 35% used [0x000000066b380000,0x0000000670d1d290,0x000000067b380000)
  from space 43520K, 12% used [0x000000067de00000,0x000000067e3226c8,0x0000000680880000)
  to   space 43520K, 0% used [0x000000067b380000,0x000000067b380000,0x000000067de00000)
 ParOldGen       total 699392K, used 88K [0x00000003c1a00000, 0x00000003ec500000, 0x000000066b380000)
  object space 699392K, 0% used [0x00000003c1a00000,0x00000003c1a16010,0x00000003ec500000)
 Metaspace       used 20338K, capacity 20824K, committed 21120K, reserved 1069056K
  class space    used 1726K, capacity 1863K, committed 1920K, reserved 1048576K

Card table byte_map: [0x0000000011f90000,0x0000000013f90000] byte_map_base: 0x0000000010183000

Marking Bits: (ParMarkBitMap*) 0x00000000599f08c0
 Begin Bits: [0x0000000015ee0000, 0x0000000025e78000)
 End Bits:   [0x0000000025e78000, 0x0000000035e10000)

Polling page: 0x0000000000c50000

CodeCache: size=245760Kb used=9233Kb max_used=9233Kb free=236526Kb
 bounds [0x0000000002bd0000, 0x00000000034e0000, 0x0000000011bd0000]
 total_blobs=3490 nmethods=2362 adapters=1040
 compilation: enabled

Compilation events (10 events):
Event: 2.090 Thread 0x000000003894e800 2365       3       jdk.internal.org.objectweb.asm.MethodWriter::put (1599 bytes)
Event: 2.092 Thread 0x000000003894e800 nmethod 2365 0x00000000034ced10 code [0x00000000034cf5a0, 0x00000000034d3158]
Event: 2.092 Thread 0x000000003894e800 2361       3       jdk.internal.org.objectweb.asm.MethodVisitor::<init> (7 bytes)
Event: 2.092 Thread 0x000000003894e800 nmethod 2361 0x00000000034d5610 code [0x00000000034d57a0, 0x00000000034d5b08]
Event: 2.092 Thread 0x000000003894e800 2363       3       jdk.internal.org.objectweb.asm.MethodWriter::visitEnd (1 bytes)
Event: 2.092 Thread 0x000000003894e800 nmethod 2363 0x00000000034d5c90 code [0x00000000034d5de0, 0x00000000034d5f30]
Event: 2.092 Thread 0x000000003894e800 2364       3       jdk.internal.org.objectweb.asm.MethodWriter::getSize (838 bytes)
Event: 2.094 Thread 0x000000003894e800 nmethod 2364 0x00000000034d5f90 code [0x00000000034d6400, 0x00000000034d88e8]
Event: 2.094 Thread 0x000000003894e800 2362       3       java.lang.invoke.InnerClassLambdaMetafactory::getLoadOpcode (25 bytes)
Event: 2.094 Thread 0x000000003894e800 nmethod 2362 0x00000000034d9c90 code [0x00000000034d9e20, 0x00000000034da098]

GC Heap History (4 events):
Event: 1.544 GC heap before
{Heap before GC invocations=1 (full 0):
 PSYoungGen      total 305664K, used 262144K [0x000000066b380000, 0x0000000680880000, 0x00000007c0000000)
  eden space 262144K, 100% used [0x000000066b380000,0x000000067b380000,0x000000067b380000)
  from space 43520K, 0% used [0x000000067de00000,0x000000067de00000,0x0000000680880000)
  to   space 43520K, 0% used [0x000000067b380000,0x000000067b380000,0x000000067de00000)
 ParOldGen       total 699392K, used 0K [0x00000003c1a00000, 0x00000003ec500000, 0x000000066b380000)
  object space 699392K, 0% used [0x00000003c1a00000,0x00000003c1a00000,0x00000003ec500000)
 Metaspace       used 12711K, capacity 12894K, committed 13056K, reserved 1060864K
  class space    used 1372K, capacity 1441K, committed 1536K, reserved 1048576K
Event: 1.549 GC heap after
Heap after GC invocations=1 (full 0):
 PSYoungGen      total 305664K, used 6373K [0x000000066b380000, 0x0000000680880000, 0x00000007c0000000)
  eden space 262144K, 0% used [0x000000066b380000,0x000000066b380000,0x000000067b380000)
  from space 43520K, 14% used [0x000000067b380000,0x000000067b9b97a0,0x000000067de00000)
  to   space 43520K, 0% used [0x000000067de00000,0x000000067de00000,0x0000000680880000)
 ParOldGen       total 699392K, used 80K [0x00000003c1a00000, 0x00000003ec500000, 0x000000066b380000)
  object space 699392K, 0% used [0x00000003c1a00000,0x00000003c1a14010,0x00000003ec500000)
 Metaspace       used 12711K, capacity 12894K, committed 13056K, reserved 1060864K
  class space    used 1372K, capacity 1441K, committed 1536K, reserved 1048576K
}
Event: 1.860 GC heap before
{Heap before GC invocations=2 (full 0):
 PSYoungGen      total 305664K, used 268517K [0x000000066b380000, 0x0000000680880000, 0x00000007c0000000)
  eden space 262144K, 100% used [0x000000066b380000,0x000000067b380000,0x000000067b380000)
  from space 43520K, 14% used [0x000000067b380000,0x000000067b9b97a0,0x000000067de00000)
  to   space 43520K, 0% used [0x000000067de00000,0x000000067de00000,0x0000000680880000)
 ParOldGen       total 699392K, used 80K [0x00000003c1a00000, 0x00000003ec500000, 0x000000066b380000)
  object space 699392K, 0% used [0x00000003c1a00000,0x00000003c1a14010,0x00000003ec500000)
 Metaspace       used 15577K, capacity 15998K, committed 16128K, reserved 1062912K
  class space    used 1648K, capacity 1757K, committed 1792K, reserved 1048576K
Event: 1.864 GC heap after
Heap after GC invocations=2 (full 0):
 PSYoungGen      total 305664K, used 5257K [0x000000066b380000, 0x0000000680880000, 0x00000007c0000000)
  eden space 262144K, 0% used [0x000000066b380000,0x000000066b380000,0x000000067b380000)
  from space 43520K, 12% used [0x000000067de00000,0x000000067e3226c8,0x0000000680880000)
  to   space 43520K, 0% used [0x000000067b380000,0x000000067b380000,0x000000067de00000)
 ParOldGen       total 699392K, used 88K [0x00000003c1a00000, 0x00000003ec500000, 0x000000066b380000)
  object space 699392K, 0% used [0x00000003c1a00000,0x00000003c1a16010,0x00000003ec500000)
 Metaspace       used 15577K, capacity 15998K, committed 16128K, reserved 1062912K
  class space    used 1648K, capacity 1757K, committed 1792K, reserved 1048576K
}

Deoptimization events (10 events):
Event: 1.756 Thread 0x00000000029d4000 Uncommon trap: reason=unstable_if action=reinterpret pc=0x0000000002df1fb0 method=sun.net.www.ParseUtil.encodePath(Ljava/lang/String;Z)Ljava/lang/String; @ 81
Event: 1.756 Thread 0x00000000029d4000 Uncommon trap: reason=unstable_if action=reinterpret pc=0x0000000002de46c4 method=sun.nio.cs.UTF_8$Decoder.decode([BII[C)I @ 30
Event: 1.856 Thread 0x00000000029d4000 Uncommon trap: reason=unstable_if action=reinterpret pc=0x0000000003045968 method=sun.misc.FloatingDecimal.readJavaFormatString(Ljava/lang/String;)Lsun/misc/FloatingDecimal$ASCIIToBinaryConverter; @ 445
Event: 1.886 Thread 0x00000000029d4000 Uncommon trap: reason=unstable_if action=reinterpret pc=0x0000000002dc9f1c method=java.io.WinNTFileSystem.normalize(Ljava/lang/String;)Ljava/lang/String; @ 74
Event: 1.889 Thread 0x00000000029d4000 Uncommon trap: reason=class_check action=maybe_recompile pc=0x0000000002ec3f50 method=com.sun.org.apache.xerces.internal.impl.XMLDocumentFragmentScannerImpl.scanStartElement()Z @ 436
Event: 1.889 Thread 0x00000000029d4000 Uncommon trap: reason=unstable_if action=reinterpret pc=0x0000000003390b78 method=com.sun.org.apache.xerces.internal.impl.XMLEntityScanner.scanContent(Lcom/sun/org/apache/xerces/internal/xni/XMLString;)I @ 121
Event: 1.942 Thread 0x00000000029d4000 Uncommon trap: reason=unstable_if action=reinterpret pc=0x0000000003023ea4 method=sun.misc.FDBigInteger.valueOfMulPow52(JII)Lsun/misc/FDBigInteger; @ 69
Event: 1.988 Thread 0x00000000029d4000 Uncommon trap: reason=unstable_if action=reinterpret pc=0x00000000032ae670 method=java.util.HashMap.putVal(ILjava/lang/Object;Ljava/lang/Object;ZZ)Ljava/lang/Object; @ 162
Event: 1.988 Thread 0x00000000029d4000 Uncommon trap: reason=unstable_if action=reinterpret pc=0x000000000319d8e0 method=java.util.HashMap.putVal(ILjava/lang/Object;Ljava/lang/Object;ZZ)Ljava/lang/Object; @ 162
Event: 2.004 Thread 0x00000000029d4000 Uncommon trap: reason=unstable_if action=reinterpret pc=0x0000000003428674 method=sun.misc.FloatingDecimal.readJavaFormatString(Ljava/lang/String;)Lsun/misc/FloatingDecimal$ASCIIToBinaryConverter; @ 178

Classes redefined (0 events):
No events

Internal exceptions (10 events):
Event: 0.202 Thread 0x00000000029d4000 Exception <a 'java/security/PrivilegedActionException'> (0x000000066bdc8090) thrown at [C:\re\workspace\8-2-build-windows-amd64-cygwin\jdk8u171\10807\hotspot\src\share\vm\prims\jvm.cpp, line 1435]
Event: 0.202 Thread 0x00000000029d4000 Exception <a 'java/security/PrivilegedActionException'> (0x000000066bdc9520) thrown at [C:\re\workspace\8-2-build-windows-amd64-cygwin\jdk8u171\10807\hotspot\src\share\vm\prims\jvm.cpp, line 1435]
Event: 0.202 Thread 0x00000000029d4000 Exception <a 'java/security/PrivilegedActionException'> (0x000000066bdc9730) thrown at [C:\re\workspace\8-2-build-windows-amd64-cygwin\jdk8u171\10807\hotspot\src\share\vm\prims\jvm.cpp, line 1435]
Event: 0.701 Thread 0x00000000029d4000 Implicit null exception at 0x0000000002e25dbb to 0x0000000002e26559
Event: 0.874 Thread 0x00000000029d4000 Exception <a 'java/lang/NoSuchFieldError': method resolution failed> (0x000000067009c780) thrown at [C:\re\workspace\8-2-build-windows-amd64-cygwin\jdk8u171\10807\hotspot\src\share\vm\prims\methodHandles.cpp, line 1167]
Event: 0.875 Thread 0x00000000029d4000 Exception <a 'java/lang/NoSuchFieldError': method resolution failed> (0x00000006700a9e40) thrown at [C:\re\workspace\8-2-build-windows-amd64-cygwin\jdk8u171\10807\hotspot\src\share\vm\prims\methodHandles.cpp, line 1167]
Event: 1.249 Thread 0x00000000029d4000 Implicit null exception at 0x0000000002ef4a9d to 0x0000000002ef65bc
Event: 1.263 Thread 0x00000000029d4000 Implicit null exception at 0x000000000302fdb0 to 0x000000000302fe0e
Event: 1.412 Thread 0x00000000029d4000 Implicit null exception at 0x0000000002de3a57 to 0x0000000002de3e4d
Event: 1.458 Thread 0x00000000029d4000 Implicit null exception at 0x0000000002dba9d4 to 0x0000000002dbada1

Events (10 events):
Event: 2.088 loading class opencascade/gp_Pnt
Event: 2.088 loading class opencascade/gp_Pnt done
Event: 2.088 loading class opencascade/gp_Pnt
Event: 2.088 loading class opencascade/gp_Pnt done
Event: 2.089 loading class opencascade/Message_ProgressIndicator
Event: 2.089 loading class opencascade/Message_ProgressIndicator done
Event: 2.090 loading class opencascade/TopTools_ListOfShape
Event: 2.090 loading class opencascade/TopTools_ListOfShape done
Event: 2.090 loading class opencascade/NCollection_BaseAllocator
Event: 2.090 loading class opencascade/NCollection_BaseAllocator done


Dynamic libraries:
0x00007ff677fd0000 - 0x00007ff678007000 	C:\Program Files\Java\jdk1.8.0_171\bin\javaw.exe
0x00007ff876ea0000 - 0x00007ff877081000 	C:\WINDOWS\SYSTEM32\ntdll.dll
0x00007ff876db0000 - 0x00007ff876e62000 	C:\WINDOWS\System32\KERNEL32.DLL
0x00007ff8740b0000 - 0x00007ff874323000 	C:\WINDOWS\System32\KERNELBASE.dll
0x00007ff874330000 - 0x00007ff8743d1000 	C:\WINDOWS\System32\ADVAPI32.dll
0x00007ff8758a0000 - 0x00007ff87593e000 	C:\WINDOWS\System32\msvcrt.dll
0x00007ff875840000 - 0x00007ff87589b000 	C:\WINDOWS\System32\sechost.dll
0x00007ff876a50000 - 0x00007ff876b74000 	C:\WINDOWS\System32\RPCRT4.dll
0x00007ff875e00000 - 0x00007ff875f90000 	C:\WINDOWS\System32\USER32.dll
0x00007ff874090000 - 0x00007ff8740b0000 	C:\WINDOWS\System32\win32u.dll
0x00007ff876800000 - 0x00007ff876828000 	C:\WINDOWS\System32\GDI32.dll
0x00007ff873ef0000 - 0x00007ff874082000 	C:\WINDOWS\System32\gdi32full.dll
0x00007ff873bb0000 - 0x00007ff873c4f000 	C:\WINDOWS\System32\msvcp_win.dll
0x00007ff8733a0000 - 0x00007ff87349a000 	C:\WINDOWS\System32\ucrtbase.dll
0x00007ff864ad0000 - 0x00007ff864d39000 	C:\WINDOWS\WinSxS\amd64_microsoft.windows.common-controls_6595b64144ccf1df_6.0.17134.165_none_fb429645306569ac\COMCTL32.dll
0x00007ff876200000 - 0x00007ff876523000 	C:\WINDOWS\System32\combase.dll
0x00007ff873320000 - 0x00007ff87339a000 	C:\WINDOWS\System32\bcryptPrimitives.dll
0x00007ff876c20000 - 0x00007ff876c4d000 	C:\WINDOWS\System32\IMM32.DLL
0x0000000059a70000 - 0x0000000059b42000 	C:\Program Files\Java\jdk1.8.0_171\jre\bin\msvcr100.dll
0x00000000591d0000 - 0x0000000059a70000 	C:\Program Files\Java\jdk1.8.0_171\jre\bin\server\jvm.dll
0x00007ff875df0000 - 0x00007ff875df8000 	C:\WINDOWS\System32\PSAPI.DLL
0x00007ff86cee0000 - 0x00007ff86cee9000 	C:\WINDOWS\SYSTEM32\WSOCK32.dll
0x00007ff8655f0000 - 0x00007ff865613000 	C:\WINDOWS\SYSTEM32\WINMM.dll
0x00007ff876190000 - 0x00007ff8761fc000 	C:\WINDOWS\System32\WS2_32.dll
0x00007ff86de40000 - 0x00007ff86de4a000 	C:\WINDOWS\SYSTEM32\VERSION.dll
0x00007ff8655c0000 - 0x00007ff8655ea000 	C:\WINDOWS\SYSTEM32\WINMMBASE.dll
0x00007ff8732d0000 - 0x00007ff873319000 	C:\WINDOWS\System32\cfgmgr32.dll
0x00000000591c0000 - 0x00000000591cf000 	C:\Program Files\Java\jdk1.8.0_171\jre\bin\verify.dll
0x0000000059190000 - 0x00000000591b9000 	C:\Program Files\Java\jdk1.8.0_171\jre\bin\java.dll
0x00007ff8730e0000 - 0x00007ff873110000 	C:\WINDOWS\SYSTEM32\SspiCli.dll
0x0000000059170000 - 0x0000000059186000 	C:\Program Files\Java\jdk1.8.0_171\jre\bin\zip.dll
0x00007ff874400000 - 0x00007ff875840000 	C:\WINDOWS\System32\SHELL32.dll
0x00007ff876660000 - 0x00007ff876709000 	C:\WINDOWS\System32\shcore.dll
0x00007ff8734a0000 - 0x00007ff873bad000 	C:\WINDOWS\System32\windows.storage.dll
0x00007ff875940000 - 0x00007ff875991000 	C:\WINDOWS\System32\shlwapi.dll
0x00007ff873250000 - 0x00007ff873261000 	C:\WINDOWS\System32\kernel.appcore.dll
0x00007ff873230000 - 0x00007ff87324f000 	C:\WINDOWS\System32\profapi.dll
0x00007ff8731c0000 - 0x00007ff87320c000 	C:\WINDOWS\System32\powrprof.dll
0x00007ff8731b0000 - 0x00007ff8731ba000 	C:\WINDOWS\System32\FLTLIB.DLL
0x0000000180000000 - 0x0000000180276000 	C:\Users\DeMarco-PC\JPAD_PROJECT\jpad\libraries\hdf\jhdf5.dll
0x0000000059150000 - 0x000000005916a000 	C:\Program Files\Java\jdk1.8.0_171\jre\bin\net.dll
0x00007ff8729e0000 - 0x00007ff872a46000 	C:\WINDOWS\system32\mswsock.dll
0x0000000059130000 - 0x0000000059141000 	C:\Program Files\Java\jdk1.8.0_171\jre\bin\nio.dll
0x00007ff81afd0000 - 0x00007ff81b629000 	C:\Users\DeMarco-PC\JPAD_PROJECT\jpad\libraries\occjava\OCCJavaWrapper_OCCT_v7.0.0_vc14_Win64\OCCwrapJava.dll
0x00007ff848ce0000 - 0x00007ff848e4a000 	C:\Users\DeMarco-PC\JPAD_PROJECT\jpad\libraries\occjava\OCCJavaWrapper_OCCT_v7.0.0_vc14_Win64\TKernel.dll
0x00007ff8228c0000 - 0x00007ff822a5a000 	C:\Users\DeMarco-PC\JPAD_PROJECT\jpad\libraries\occjava\OCCJavaWrapper_OCCT_v7.0.0_vc14_Win64\TKMath.dll
0x00007ff8494b0000 - 0x00007ff849510000 	C:\Users\DeMarco-PC\JPAD_PROJECT\jpad\libraries\occjava\OCCJavaWrapper_OCCT_v7.0.0_vc14_Win64\TKG2d.dll
0x00007ff8227e0000 - 0x00007ff8228b4000 	C:\Users\DeMarco-PC\JPAD_PROJECT\jpad\libraries\occjava\OCCJavaWrapper_OCCT_v7.0.0_vc14_Win64\TKG3d.dll
0x00007ff81e900000 - 0x00007ff81ecfb000 	C:\Users\DeMarco-PC\JPAD_PROJECT\jpad\libraries\occjava\OCCJavaWrapper_OCCT_v7.0.0_vc14_Win64\TKGeomBase.dll
0x00007ff822710000 - 0x00007ff8227e0000 	C:\Users\DeMarco-PC\JPAD_PROJECT\jpad\libraries\occjava\OCCJavaWrapper_OCCT_v7.0.0_vc14_Win64\TKBRep.dll
0x00007ff81e800000 - 0x00007ff81e8fe000 	C:\Users\DeMarco-PC\JPAD_PROJECT\jpad\libraries\occjava\OCCJavaWrapper_OCCT_v7.0.0_vc14_Win64\TKHLR.dll
0x00007ff819730000 - 0x00007ff819b10000 	C:\Users\DeMarco-PC\JPAD_PROJECT\jpad\libraries\occjava\OCCJavaWrapper_OCCT_v7.0.0_vc14_Win64\TKGeomAlgo.dll
0x00007ff81ad40000 - 0x00007ff81afc3000 	C:\Users\DeMarco-PC\JPAD_PROJECT\jpad\libraries\occjava\OCCJavaWrapper_OCCT_v7.0.0_vc14_Win64\TKTopAlgo.dll
0x00007ff848c80000 - 0x00007ff848cd6000 	C:\Users\DeMarco-PC\JPAD_PROJECT\jpad\libraries\occjava\OCCJavaWrapper_OCCT_v7.0.0_vc14_Win64\TKPrim.dll
0x00007ff819540000 - 0x00007ff81972f000 	C:\Users\DeMarco-PC\JPAD_PROJECT\jpad\libraries\occjava\OCCJavaWrapper_OCCT_v7.0.0_vc14_Win64\TKBO.dll
0x00007ff816980000 - 0x00007ff816daf000 	C:\Users\DeMarco-PC\JPAD_PROJECT\jpad\libraries\occjava\OCCJavaWrapper_OCCT_v7.0.0_vc14_Win64\TKBool.dll
0x00007ff819270000 - 0x00007ff81953b000 	C:\Users\DeMarco-PC\JPAD_PROJECT\jpad\libraries\occjava\OCCJavaWrapper_OCCT_v7.0.0_vc14_Win64\TKShHealing.dll
0x00007ff8167f0000 - 0x00007ff816978000 	C:\Users\DeMarco-PC\JPAD_PROJECT\jpad\libraries\occjava\OCCJavaWrapper_OCCT_v7.0.0_vc14_Win64\TKOffset.dll
0x00007ff8165b0000 - 0x00007ff8167ed000 	C:\Users\DeMarco-PC\JPAD_PROJECT\jpad\libraries\occjava\OCCJavaWrapper_OCCT_v7.0.0_vc14_Win64\TKFillet.dll
0x00007ff84c490000 - 0x00007ff84c4cb000 	C:\Users\DeMarco-PC\JPAD_PROJECT\jpad\libraries\occjava\OCCJavaWrapper_OCCT_v7.0.0_vc14_Win64\TKService.dll
0x00007ff816330000 - 0x00007ff8165ae000 	C:\Users\DeMarco-PC\JPAD_PROJECT\jpad\libraries\occjava\OCCJavaWrapper_OCCT_v7.0.0_vc14_Win64\TKV3d.dll
0x00007ff819190000 - 0x00007ff81926c000 	C:\Users\DeMarco-PC\JPAD_PROJECT\jpad\libraries\occjava\OCCJavaWrapper_OCCT_v7.0.0_vc14_Win64\TKOpenGl.dll
0x00007ff876710000 - 0x00007ff8767fd000 	C:\WINDOWS\System32\COMDLG32.dll
0x00007ff8162d0000 - 0x00007ff816328000 	C:\Users\DeMarco-PC\JPAD_PROJECT\jpad\libraries\occjava\OCCJavaWrapper_OCCT_v7.0.0_vc14_Win64\TKCDF.dll
0x00007ff816220000 - 0x00007ff8162c3000 	C:\Users\DeMarco-PC\JPAD_PROJECT\jpad\libraries\occjava\OCCJavaWrapper_OCCT_v7.0.0_vc14_Win64\TKLCAF.dll
0x00007ff816180000 - 0x00007ff816215000 	C:\Users\DeMarco-PC\JPAD_PROJECT\jpad\libraries\occjava\OCCJavaWrapper_OCCT_v7.0.0_vc14_Win64\TKCAF.dll
0x00007ff815bf0000 - 0x00007ff815f38000 	C:\Users\DeMarco-PC\JPAD_PROJECT\jpad\libraries\occjava\OCCJavaWrapper_OCCT_v7.0.0_vc14_Win64\TKIGES.dll
0x00007ff815f40000 - 0x00007ff81617b000 	C:\Users\DeMarco-PC\JPAD_PROJECT\jpad\libraries\occjava\OCCJavaWrapper_OCCT_v7.0.0_vc14_Win64\TKXSBase.dll
0x00007ff815a00000 - 0x00007ff815be2000 	C:\Users\DeMarco-PC\JPAD_PROJECT\jpad\libraries\occjava\OCCJavaWrapper_OCCT_v7.0.0_vc14_Win64\TKSTEPBase.dll
0x00007ff815720000 - 0x00007ff8159f2000 	C:\Users\DeMarco-PC\JPAD_PROJECT\jpad\libraries\occjava\OCCJavaWrapper_OCCT_v7.0.0_vc14_Win64\TKSTEP.dll
0x00007ff84c700000 - 0x00007ff84c72b000 	C:\Users\DeMarco-PC\JPAD_PROJECT\jpad\libraries\occjava\OCCJavaWrapper_OCCT_v7.0.0_vc14_Win64\TKSTL.dll
0x00007ff8156a0000 - 0x00007ff81571e000 	C:\Users\DeMarco-PC\JPAD_PROJECT\jpad\libraries\occjava\OCCJavaWrapper_OCCT_v7.0.0_vc14_Win64\TKVRML.dll
0x00007ff815540000 - 0x00007ff815694000 	C:\Users\DeMarco-PC\JPAD_PROJECT\jpad\libraries\occjava\OCCJavaWrapper_OCCT_v7.0.0_vc14_Win64\TKFeat.dll
0x0000000059120000 - 0x0000000059127000 	C:\Users\DeMarco-PC\JPAD_PROJECT\jpad\libraries\occjava\OCCJavaWrapper_OCCT_v7.0.0_vc14_Win64\jre1.8.0_91\bin\jawt.dll
0x00007ff815490000 - 0x00007ff81553a000 	C:\WINDOWS\SYSTEM32\MSVCP140.dll
0x00007ff85c640000 - 0x00007ff85c656000 	C:\WINDOWS\SYSTEM32\VCRUNTIME140.dll
0x00007ff86e830000 - 0x00007ff86e8b4000 	C:\WINDOWS\SYSTEM32\WINSPOOL.DRV
0x00007ff815410000 - 0x00007ff815485000 	C:\Users\DeMarco-PC\JPAD_PROJECT\jpad\libraries\occjava\OCCJavaWrapper_OCCT_v7.0.0_vc14_Win64\TKMesh.dll
0x00007ff84a6b0000 - 0x00007ff84a6f4000 	C:\Users\DeMarco-PC\JPAD_PROJECT\jpad\libraries\occjava\OCCJavaWrapper_OCCT_v7.0.0_vc14_Win64\tbbmalloc.dll
0x00007ff8422f0000 - 0x00007ff842334000 	C:\Users\DeMarco-PC\JPAD_PROJECT\jpad\libraries\occjava\OCCJavaWrapper_OCCT_v7.0.0_vc14_Win64\tbb.dll
0x00007ff830d00000 - 0x00007ff830e20000 	C:\WINDOWS\SYSTEM32\OPENGL32.dll
0x00007ff815350000 - 0x00007ff815401000 	C:\Users\DeMarco-PC\JPAD_PROJECT\jpad\libraries\occjava\OCCJavaWrapper_OCCT_v7.0.0_vc14_Win64\freetype.dll
0x00007ff863010000 - 0x00007ff86302a000 	C:\Users\DeMarco-PC\JPAD_PROJECT\jpad\libraries\occjava\OCCJavaWrapper_OCCT_v7.0.0_vc14_Win64\gl2ps.dll
0x00007ff8152c0000 - 0x00007ff815349000 	C:\Users\DeMarco-PC\JPAD_PROJECT\jpad\libraries\occjava\OCCJavaWrapper_OCCT_v7.0.0_vc14_Win64\TKSTEP209.dll
0x00007ff815200000 - 0x00007ff8152bd000 	C:\Users\DeMarco-PC\JPAD_PROJECT\jpad\libraries\occjava\OCCJavaWrapper_OCCT_v7.0.0_vc14_Win64\TKSTEPAttr.dll
0x00007ff870870000 - 0x00007ff870a24000 	C:\WINDOWS\SYSTEM32\PROPSYS.dll
0x0000000058f80000 - 0x0000000059118000 	C:\Users\DeMarco-PC\JPAD_PROJECT\jpad\libraries\occjava\OCCJavaWrapper_OCCT_v7.0.0_vc14_Win64\jre1.8.0_91\bin\awt.dll
0x00007ff872770000 - 0x00007ff8727a8000 	C:\WINDOWS\SYSTEM32\IPHLPAPI.DLL
0x00007ff876530000 - 0x00007ff8765f2000 	C:\WINDOWS\System32\OLEAUT32.dll
0x00007ff872d40000 - 0x00007ff872d65000 	C:\WINDOWS\SYSTEM32\bcrypt.dll
0x00007ff851400000 - 0x00007ff85142c000 	C:\WINDOWS\SYSTEM32\GLU32.dll
0x000000003ff10000 - 0x0000000040547000 	C:\Users\DeMarco-PC\JPAD_PROJECT\jpad\libraries\occjava\OCCJavaWrapper_OCCT_v7.0.0_vc14_Win64\FreeImage.dll
0x000000003fab0000 - 0x000000003fad4000 	C:\Users\DeMarco-PC\JPAD_PROJECT\jpad\libraries\occjava\OCCJavaWrapper_OCCT_v7.0.0_vc14_Win64\FreeImagePlus.dll
0x00007ff872b40000 - 0x00007ff872b4b000 	C:\WINDOWS\SYSTEM32\CRYPTBASE.DLL
0x00007ff870f30000 - 0x00007ff870fbb000 	C:\WINDOWS\SYSTEM32\apphelp.dll
0x00007ff86de80000 - 0x00007ff86e049000 	C:\WINDOWS\SYSTEM32\dbghelp.dll

VM Arguments:
jvm_args: -Dfile.encoding=UTF-8 
java_command: it.unina.daf.jpadcadsandbox.TestBoolean02mds -i C:\Users\DeMarco-PC\JPAD_PROJECT\jpad/JPADSandBox_v2/in/Template_Aircraft/aircraft_ATR72.xml -ia C:\Users\DeMarco-PC\JPAD_PROJECT\jpad/JPADSandBox_v2/in/Template_Analyses/analysis_ATR72.xml -ioc C:\Users\DeMarco-PC\JPAD_PROJECT\jpad/JPADSandBox_v2/in/Template_Analyses/operating_conditions_ATR72.xml --database-dir C:\Users\DeMarco-PC\JPAD_PROJECT\jpad/JPADSandBox_v2/data -da C:\Users\DeMarco-PC\JPAD_PROJECT\jpad/JPADSandBox_v2/in/Template_Aircraft/lifting_surfaces/airfoils -df C:\Users\DeMarco-PC\JPAD_PROJECT\jpad/JPADSandBox_v2/in/Template_Aircraft/fuselages -dls C:\Users\DeMarco-PC\JPAD_PROJECT\jpad/JPADSandBox_v2/in/Template_Aircraft/lifting_surfaces -de C:\Users\DeMarco-PC\JPAD_PROJECT\jpad/JPADSandBox_v2/in/Template_Aircraft/engines -dn C:\Users\DeMarco-PC\JPAD_PROJECT\jpad/JPADSandBox_v2/in/Template_Aircraft/nacelles -dlg C:\Users\DeMarco-PC\JPAD_PROJECT\jpad/JPADSandBox_v2/in/Template_Aircraft/landing_gears -dcc C:\Users\DeMarco-PC\JPAD_PROJECT\jpad/JPADSandBox_v2/in/Template_Aircraft/cabin_configurations
java_class_path (initial): C:\Program Files\Java\jdk1.8.0_171\jre\lib\resources.jar;C:\Program Files\Java\jdk1.8.0_171\jre\lib\rt.jar;C:\Program Files\Java\jdk1.8.0_171\jre\lib\jsse.jar;C:\Program Files\Java\jdk1.8.0_171\jre\lib\jce.jar;C:\Program Files\Java\jdk1.8.0_171\jre\lib\charsets.jar;C:\Program Files\Java\jdk1.8.0_171\jre\lib\jfr.jar;C:\Program Files\Java\jdk1.8.0_171\jre\lib\ext\access-bridge-64.jar;C:\Program Files\Java\jdk1.8.0_171\jre\lib\ext\cldrdata.jar;C:\Program Files\Java\jdk1.8.0_171\jre\lib\ext\dnsns.jar;C:\Program Files\Java\jdk1.8.0_171\jre\lib\ext\jaccess.jar;C:\Program Files\Java\jdk1.8.0_171\jre\lib\ext\jfxrt.jar;C:\Program Files\Java\jdk1.8.0_171\jre\lib\ext\localedata.jar;C:\Program Files\Java\jdk1.8.0_171\jre\lib\ext\nashorn.jar;C:\Program Files\Java\jdk1.8.0_171\jre\lib\ext\sunec.jar;C:\Program Files\Java\jdk1.8.0_171\jre\lib\ext\sunjce_provider.jar;C:\Program Files\Java\jdk1.8.0_171\jre\lib\ext\sunmscapi.jar;C:\Program Files\Java\jdk1.8.0_171\jre\lib\ext\sunpkcs11.jar;C:\Program Files\Java\jdk1.8.0_171\jre\lib\ext\zipfs.jar;C:\Users\DeMarco-PC\JPAD_PROJECT\jpad\JPADCADSandbox\bin;C:\Users\DeMarco-PC\JPAD_PROJECT\jpad\JPADCAD\bin;C:\Users\DeMarco-PC\JPAD_PROJECT\jpad\libraries\occjava\OCCJavaWrapper_OCCT_v7.0.0_vc14_Win64\OCCJavaWrapper.jar;C:\Users\DeMarco-PC\JPAD_PROJECT\jpad\libraries\trove\trove-3.1a1.jar;C:\Users\DeMarco-PC\JPAD_PROJECT\jpad\libraries\vecmath\vecmath.jar;C:\Users\DeMarco-PC\JPAD_PROJECT\jpad\libraries\jscience-4.3\jscience.jar;C:\Users\DeMarco-PC\JPAD_PROJECT\jpad\libraries\lombok\lombok.jar;C:\Users\DeMarco-PC\JPAD_PROJECT\jpad\libraries\args4j\args4j-2.0.21.jar;C:\Users\DeMarco-PC\JPAD_PROJECT\jpad\libraries\hdf\jarhdf5-2.10.1.jar;C:\Users\DeMarco-PC\JPAD_PROJECT\jpad\libraries\poi\poi-ooxml-3.10.1-20140818.jar;C:\Users\DeMarco-PC\JPAD_PROJECT\jpad\libraries\log4j\log4j-api-2.0.2.jar;C:\Users\DeMarco-PC\JPAD_PROJECT\jpad\libraries\log4j\log4j-core-2.0.2.jar;C:\Users\DeMarco-PC\JPAD_PROJECT\jpad\libraries\hdf\slf4
Launcher Type: SUN_STANDARD

Environment Variables:
PATH=C:\Users\DeMarco-PC\JPAD_PROJECT\jpad\libraries\occjava\OCCJavaWrapper_OCCT_v7.0.0_vc14_Win64;C:\Users\DeMarco-PC\JPAD_PROJECT\jpad\libraries\occjava\OCCJavaWrapper_OCCT_v7.0.0_vc14_Win64\jre1.8.0_91\bin;C:\Users\DeMarco-PC\JPAD_PROJECT\jpad\libraries\hdf;



---------------  S Y S T E M  ---------------

OS: Windows 10.0 , 64 bit Build 17134 (10.0.17134.1)

CPU:total 12 (initial active 12) (6 cores per cpu, 2 threads per core) family 6 model 63 stepping 2, cmov, cx8, fxsr, mmx, sse, sse2, sse3, ssse3, sse4.1, sse4.2, popcnt, avx, avx2, aes, clmul, erms, lzcnt, ht, tsc, tscinvbit, bmi1, bmi2

Memory: 4k page, physical 67001628k(53698120k free), swap 76963100k(60230780k free)

vm_info: Java HotSpot(TM) 64-Bit Server VM (25.171-b11) for windows-amd64 JRE (1.8.0_171-b11), built on Mar 28 2018 16:06:12 by "java_re" with MS VC++ 10.0 (VS2010)

time: Tue Jul 17 13:59:36 2018
elapsed time: 2 seconds (0d 0h 0m 2s)

