#
# A fatal error has been detected by the Java Runtime Environment:
#
#  EXCEPTION_UNCAUGHT_CXX_EXCEPTION (0xe06d7363) at pc=0x00007ffe9c6e4008, pid=7632, tid=0x00000000000043e4
#
# JRE version: Java(TM) SE Runtime Environment (8.0_161-b12) (build 1.8.0_161-b12)
# Java VM: Java HotSpot(TM) 64-Bit Server VM (25.161-b12 mixed mode windows-amd64 compressed oops)
# Problematic frame:
# C  [KERNELBASE.dll+0x14008]
#
# Failed to write core dump. Minidumps are not enabled by default on client versions of Windows
#
# If you would like to submit a bug report, please visit:
#   http://bugreport.java.com/bugreport/crash.jsp
# The crash happened outside the Java Virtual Machine in native code.
# See problematic frame for where to report the bug.
#

---------------  T H R E A D  ---------------

Current thread (0x0000000004cf4000):  JavaThread "main" [_thread_in_native, id=17380, stack(0x0000000004b20000,0x0000000004c20000)]

siginfo: ExceptionCode=0xe06d7363, ExceptionInformation=0x0000000019930520 0x0000000004c1e250 0x00007ffe75ac2b90 0x00007ffe75a10000 

Registers:
RAX=0x00007ffe777cc859, RBX=0x0000000041465628, RCX=0x00000000414669b0, RDX=0x0000000041466668
RSP=0x0000000004c1e0d0, RBP=0x0000000004c1e210, RSI=0x00007ffe75ac2b90, RDI=0x00007ffe6b076b48
R8 =0x00007ffe84e5a0d6, R9 =0x0000000004c1dbd0, R10=0x0000000004c1dbe0, R11=0xfffffffffffffffe
R12=0x00007ffe6b05bef0, R13=0x000000004185ca38, R14=0x0000000004c1e250, R15=0x0000000000000004
RIP=0x00007ffe9c6e4008, EFLAGS=0x0000000000000206

Top of Stack: (sp=0x0000000004c1e0d0)
0x0000000004c1e0d0:   0000000000000000 0000000041465628
0x0000000004c1e0e0:   00007ffe75ac2b90 00007ffe6b076b48
0x0000000004c1e0f0:   00000001e06d7363 0000000000000000
0x0000000004c1e100:   00007ffe9c6e4008 0000000000000004
0x0000000004c1e110:   0000000019930520 0000000004c1e250
0x0000000004c1e120:   00007ffe75ac2b90 00007ffe75a10000
0x0000000004c1e130:   00007ffe6b05bef0 00007ffe6b076b48
0x0000000004c1e140:   00007ffe75ac2b90 0000000004c1e230
0x0000000004c1e150:   0000000004c1e210 00007ffea024c66f
0x0000000004c1e160:   000000004185ca38 00007ffe00000000
0x0000000004c1e170:   0000000000000000 0000000000000000
0x0000000004c1e180:   00007ffe75b6d000 00007ffe75a10000
0x0000000004c1e190:   000037a0e13b1ad1 00007ffe6b05bf00
0x0000000004c1e1a0:   0000000041465628 00007ffe966044f2
0x0000000004c1e1b0:   00007ffe6b076b48 00007ffe9d4fe926
0x0000000004c1e1c0:   0000000000000017 0000000000000017 

Instructions: (pc=0x00007ffe9c6e4008)
0x00007ffe9c6e3fe8:   49 8b d1 44 0f 47 c0 44 89 44 24 38 49 c1 e0 03
0x00007ffe9c6e3ff8:   e8 ca 16 07 00 48 8d 4c 24 20 ff 15 e8 4a 16 00
0x00007ffe9c6e4008:   48 8b 8c 24 c0 00 00 00 48 33 cc e8 a8 e6 06 00
0x00007ffe9c6e4018:   48 81 c4 d8 00 00 00 c3 83 64 24 38 00 eb d6 cc 


Register to memory mapping:

RAX=0x00007ffe777cc859 is an unknown value
RBX=0x0000000041465628 is an unknown value
RCX=0x00000000414669b0 is an unknown value
RDX=0x0000000041466668 is an unknown value
RSP=0x0000000004c1e0d0 is pointing into the stack for thread: 0x0000000004cf4000
RBP=0x0000000004c1e210 is pointing into the stack for thread: 0x0000000004cf4000
RSI=0x00007ffe75ac2b90 is an unknown value
RDI=0x00007ffe6b076b48 is an unknown value
R8 =0x00007ffe84e5a0d6 is an unknown value
R9 =0x0000000004c1dbd0 is pointing into the stack for thread: 0x0000000004cf4000
R10=0x0000000004c1dbe0 is pointing into the stack for thread: 0x0000000004cf4000
R11=0xfffffffffffffffe is an unknown value
R12=0x00007ffe6b05bef0 is an unknown value
R13=0x000000004185ca38 is an unknown value
R14=0x0000000004c1e250 is pointing into the stack for thread: 0x0000000004cf4000
R15=0x0000000000000004 is an unknown value


Stack: [0x0000000004b20000,0x0000000004c20000],  sp=0x0000000004c1e0d0,  free space=1016k
Native frames: (J=compiled Java code, j=interpreted, Vv=VM code, C=native code)
C  [KERNELBASE.dll+0x14008]
C  [VCRUNTIME140.dll+0x44f2]
C  [TKernel.dll+0x32472]
C  [TKernel.dll+0x32278]
C  [TKBool.dll+0x1ad5ea]
C  [TKOffset.dll+0x11ba0]
C  0x0000000004e08c67

Java frames: (J=compiled Java code, j=interpreted, Vv=VM code)
j  opencascade.OCCwrapJavaJNI.BRepBuilderAPI_MakeShape_Build(JLopencascade/BRepBuilderAPI_MakeShape;)V+0
j  opencascade.BRepBuilderAPI_MakeShape.Build()V+5
j  it.unina.daf.jpadcadsandbox.utils.AircraftUtils.getLiftingSurfaceCAD(Laircraft/components/liftingSurface/LiftingSurface;Lconfiguration/enumerations/ComponentEnum;DZZZ)Ljava/util/List;+4729
j  it.unina.daf.jpadcadsandbox.Test01vt.main([Ljava/lang/String;)V+52
v  ~StubRoutines::call_stub

---------------  P R O C E S S  ---------------

Java Threads: ( => current thread )
  0x000000003c2e0000 JavaThread "Service Thread" daemon [_thread_blocked, id=18936, stack(0x000000003dc90000,0x000000003dd90000)]
  0x000000003ab6e000 JavaThread "C1 CompilerThread3" daemon [_thread_blocked, id=12584, stack(0x000000003db90000,0x000000003dc90000)]
  0x000000003c23f800 JavaThread "C2 CompilerThread2" daemon [_thread_blocked, id=11412, stack(0x000000003da90000,0x000000003db90000)]
  0x000000003c23b800 JavaThread "C2 CompilerThread1" daemon [_thread_blocked, id=10976, stack(0x000000003d990000,0x000000003da90000)]
  0x000000003c236800 JavaThread "C2 CompilerThread0" daemon [_thread_blocked, id=10300, stack(0x000000003d890000,0x000000003d990000)]
  0x000000003c235800 JavaThread "Attach Listener" daemon [_thread_blocked, id=16040, stack(0x000000003d790000,0x000000003d890000)]
  0x000000003c234000 JavaThread "Signal Dispatcher" daemon [_thread_blocked, id=14344, stack(0x000000003d690000,0x000000003d790000)]
  0x000000003c223800 JavaThread "Finalizer" daemon [_thread_blocked, id=10080, stack(0x000000003d480000,0x000000003d580000)]
  0x000000003ab5c800 JavaThread "Reference Handler" daemon [_thread_blocked, id=9596, stack(0x000000003d380000,0x000000003d480000)]
=>0x0000000004cf4000 JavaThread "main" [_thread_in_native, id=17380, stack(0x0000000004b20000,0x0000000004c20000)]

Other Threads:
  0x000000003c202800 VMThread [stack: 0x000000003d280000,0x000000003d380000] [id=11040]
  0x000000003c2e1000 WatcherThread [stack: 0x000000003dd90000,0x000000003de90000] [id=13148]

VM state:not at safepoint (normal execution)

VM Mutex/Monitor currently owned by a thread: None

Heap:
 PSYoungGen      total 305664K, used 37845K [0x000000066b380000, 0x0000000680880000, 0x00000007c0000000)
  eden space 262144K, 12% used [0x000000066b380000,0x000000066d353bb0,0x000000067b380000)
  from space 43520K, 12% used [0x000000067de00000,0x000000067e3219b8,0x0000000680880000)
  to   space 43520K, 0% used [0x000000067b380000,0x000000067b380000,0x000000067de00000)
 ParOldGen       total 699392K, used 96K [0x00000003c1a00000, 0x00000003ec500000, 0x000000066b380000)
  object space 699392K, 0% used [0x00000003c1a00000,0x00000003c1a18010,0x00000003ec500000)
 Metaspace       used 20423K, capacity 20982K, committed 21120K, reserved 1069056K
  class space    used 1757K, capacity 1890K, committed 1920K, reserved 1048576K

Card table byte_map: [0x00000000141b0000,0x00000000161b0000] byte_map_base: 0x00000000123a3000

Marking Bits: (ParMarkBitMap*) 0x0000000052f6f860
 Begin Bits: [0x0000000018100000, 0x0000000028098000)
 End Bits:   [0x0000000028098000, 0x0000000038030000)

Polling page: 0x0000000003260000

CodeCache: size=245760Kb used=9218Kb max_used=9218Kb free=236541Kb
 bounds [0x0000000004df0000, 0x0000000005700000, 0x0000000013df0000]
 total_blobs=3583 nmethods=2415 adapters=1080
 compilation: enabled

Compilation events (10 events):
Event: 1.774 Thread 0x000000003ab6e000 2413       3       opencascade.MMgt_TShared::<init> (7 bytes)
Event: 1.774 Thread 0x000000003ab6e000 nmethod 2413 0x00000000056f2410 code [0x00000000056f2580, 0x00000000056f27d0]
Event: 1.774 Thread 0x000000003ab6e000 2414       3       opencascade.Standard_Transient::<init> (15 bytes)
Event: 1.774 Thread 0x000000003ab6e000 nmethod 2414 0x00000000056f2910 code [0x00000000056f2a80, 0x00000000056f2c70]
Event: 1.775 Thread 0x000000003ab6e000 2415       3       opencascade.Standard_Transient::getCPtr (13 bytes)
Event: 1.775 Thread 0x000000003ab6e000 nmethod 2415 0x00000000056f2d50 code [0x00000000056f2ea0, 0x00000000056f3030]
Event: 1.778 Thread 0x000000003ab6e000 2416       3       java.lang.StringBuilder::append (9 bytes)
Event: 1.778 Thread 0x000000003ab6e000 nmethod 2416 0x00000000056f30d0 code [0x00000000056f3260, 0x00000000056f3658]
Event: 1.779 Thread 0x000000003ab6e000 2417       3       opencascade.TopoDS_Edge::<init> (15 bytes)
Event: 1.779 Thread 0x000000003ab6e000 nmethod 2417 0x00000000056f46d0 code [0x00000000056f4840, 0x00000000056f4ac8]

GC Heap History (4 events):
Event: 1.283 GC heap before
{Heap before GC invocations=1 (full 0):
 PSYoungGen      total 305664K, used 262144K [0x000000066b380000, 0x0000000680880000, 0x00000007c0000000)
  eden space 262144K, 100% used [0x000000066b380000,0x000000067b380000,0x000000067b380000)
  from space 43520K, 0% used [0x000000067de00000,0x000000067de00000,0x0000000680880000)
  to   space 43520K, 0% used [0x000000067b380000,0x000000067b380000,0x000000067de00000)
 ParOldGen       total 699392K, used 0K [0x00000003c1a00000, 0x00000003ec500000, 0x000000066b380000)
  object space 699392K, 0% used [0x00000003c1a00000,0x00000003c1a00000,0x00000003ec500000)
 Metaspace       used 13492K, capacity 13746K, committed 13824K, reserved 1060864K
  class space    used 1447K, capacity 1521K, committed 1536K, reserved 1048576K
Event: 1.288 GC heap after
Heap after GC invocations=1 (full 0):
 PSYoungGen      total 305664K, used 6493K [0x000000066b380000, 0x0000000680880000, 0x00000007c0000000)
  eden space 262144K, 0% used [0x000000066b380000,0x000000066b380000,0x000000067b380000)
  from space 43520K, 14% used [0x000000067b380000,0x000000067b9d75a8,0x000000067de00000)
  to   space 43520K, 0% used [0x000000067de00000,0x000000067de00000,0x0000000680880000)
 ParOldGen       total 699392K, used 88K [0x00000003c1a00000, 0x00000003ec500000, 0x000000066b380000)
  object space 699392K, 0% used [0x00000003c1a00000,0x00000003c1a16010,0x00000003ec500000)
 Metaspace       used 13492K, capacity 13746K, committed 13824K, reserved 1060864K
  class space    used 1447K, capacity 1521K, committed 1536K, reserved 1048576K
}
Event: 1.531 GC heap before
{Heap before GC invocations=2 (full 0):
 PSYoungGen      total 305664K, used 268637K [0x000000066b380000, 0x0000000680880000, 0x00000007c0000000)
  eden space 262144K, 100% used [0x000000066b380000,0x000000067b380000,0x000000067b380000)
  from space 43520K, 14% used [0x000000067b380000,0x000000067b9d75a8,0x000000067de00000)
  to   space 43520K, 0% used [0x000000067de00000,0x000000067de00000,0x0000000680880000)
 ParOldGen       total 699392K, used 88K [0x00000003c1a00000, 0x00000003ec500000, 0x000000066b380000)
  object space 699392K, 0% used [0x00000003c1a00000,0x00000003c1a16010,0x00000003ec500000)
 Metaspace       used 15272K, capacity 15770K, committed 15872K, reserved 1062912K
  class space    used 1606K, capacity 1727K, committed 1792K, reserved 1048576K
Event: 1.534 GC heap after
Heap after GC invocations=2 (full 0):
 PSYoungGen      total 305664K, used 5254K [0x000000066b380000, 0x0000000680880000, 0x00000007c0000000)
  eden space 262144K, 0% used [0x000000066b380000,0x000000066b380000,0x000000067b380000)
  from space 43520K, 12% used [0x000000067de00000,0x000000067e3219b8,0x0000000680880000)
  to   space 43520K, 0% used [0x000000067b380000,0x000000067b380000,0x000000067de00000)
 ParOldGen       total 699392K, used 96K [0x00000003c1a00000, 0x00000003ec500000, 0x000000066b380000)
  object space 699392K, 0% used [0x00000003c1a00000,0x00000003c1a18010,0x00000003ec500000)
 Metaspace       used 15272K, capacity 15770K, committed 15872K, reserved 1062912K
  class space    used 1606K, capacity 1727K, committed 1792K, reserved 1048576K
}

Deoptimization events (10 events):
Event: 1.309 Thread 0x0000000004cf4000 Uncommon trap: reason=speculate_class_check action=maybe_recompile pc=0x000000000543f71c method=com.sun.org.apache.xerces.internal.dom.ElementNSImpl.getNamespaceURI()Ljava/lang/String; @ 8
Event: 1.327 Thread 0x0000000004cf4000 Uncommon trap: reason=speculate_class_check action=maybe_recompile pc=0x000000000543f71c method=com.sun.org.apache.xerces.internal.dom.ElementNSImpl.getNamespaceURI()Ljava/lang/String; @ 8
Event: 1.359 Thread 0x0000000004cf4000 Uncommon trap: reason=unstable_if action=reinterpret pc=0x00000000053bc148 method=java.lang.Double.equals(Ljava/lang/Object;)Z @ 25
Event: 1.362 Thread 0x0000000004cf4000 Uncommon trap: reason=unstable_if action=reinterpret pc=0x0000000004f693d8 method=sun.nio.cs.UTF_8$Encoder.encode([CII[B)I @ 33
Event: 1.362 Thread 0x0000000004cf4000 Uncommon trap: reason=unstable_if action=reinterpret pc=0x00000000050167f0 method=sun.net.www.ParseUtil.encodePath(Ljava/lang/String;Z)Ljava/lang/String; @ 81
Event: 1.363 Thread 0x0000000004cf4000 Uncommon trap: reason=unstable_if action=reinterpret pc=0x0000000005008044 method=sun.nio.cs.UTF_8$Decoder.decode([BII[C)I @ 30
Event: 1.470 Thread 0x0000000004cf4000 Uncommon trap: reason=unstable_if action=reinterpret pc=0x00000000055c588c method=sun.misc.FloatingDecimal.readJavaFormatString(Ljava/lang/String;)Lsun/misc/FloatingDecimal$ASCIIToBinaryConverter; @ 178
Event: 1.506 Thread 0x0000000004cf4000 Uncommon trap: reason=unstable_if action=reinterpret pc=0x0000000004ff2124 method=java.io.WinNTFileSystem.normalize(Ljava/lang/String;)Ljava/lang/String; @ 74
Event: 1.507 Thread 0x0000000004cf4000 Uncommon trap: reason=class_check action=maybe_recompile pc=0x00000000050db668 method=com.sun.org.apache.xerces.internal.impl.XMLDocumentFragmentScannerImpl.scanStartElement()Z @ 436
Event: 1.508 Thread 0x0000000004cf4000 Uncommon trap: reason=unstable_if action=reinterpret pc=0x00000000055608fc method=com.sun.org.apache.xerces.internal.impl.XMLEntityScanner.scanContent(Lcom/sun/org/apache/xerces/internal/xni/XMLString;)I @ 121

Classes redefined (0 events):
No events

Internal exceptions (10 events):
Event: 0.193 Thread 0x0000000004cf4000 Exception <a 'java/security/PrivilegedActionException'> (0x000000066b8465c0) thrown at [C:\re\workspace\8-2-build-windows-amd64-cygwin\jdk8u161\10277\hotspot\src\share\vm\prims\jvm.cpp, line 1390]
Event: 0.193 Thread 0x0000000004cf4000 Exception <a 'java/security/PrivilegedActionException'> (0x000000066b847a50) thrown at [C:\re\workspace\8-2-build-windows-amd64-cygwin\jdk8u161\10277\hotspot\src\share\vm\prims\jvm.cpp, line 1390]
Event: 0.193 Thread 0x0000000004cf4000 Exception <a 'java/security/PrivilegedActionException'> (0x000000066b847c60) thrown at [C:\re\workspace\8-2-build-windows-amd64-cygwin\jdk8u161\10277\hotspot\src\share\vm\prims\jvm.cpp, line 1390]
Event: 0.446 Thread 0x0000000004cf4000 Implicit null exception at 0x000000000504123b to 0x00000000050419d9
Event: 0.602 Thread 0x0000000004cf4000 Exception <a 'java/lang/NoSuchFieldError': method resolution failed> (0x000000066e227448) thrown at [C:\re\workspace\8-2-build-windows-amd64-cygwin\jdk8u161\10277\hotspot\src\share\vm\prims\methodHandles.cpp, line 1167]
Event: 0.603 Thread 0x0000000004cf4000 Exception <a 'java/lang/NoSuchFieldError': method resolution failed> (0x000000066e234b08) thrown at [C:\re\workspace\8-2-build-windows-amd64-cygwin\jdk8u161\10277\hotspot\src\share\vm\prims\methodHandles.cpp, line 1167]
Event: 0.854 Thread 0x0000000004cf4000 Implicit null exception at 0x00000000050e0d5d to 0x00000000050e287c
Event: 0.869 Thread 0x0000000004cf4000 Implicit null exception at 0x000000000523ad30 to 0x000000000523ad8e
Event: 1.042 Thread 0x0000000004cf4000 Implicit null exception at 0x0000000005064954 to 0x0000000005064d11
Event: 1.089 Thread 0x0000000004cf4000 Implicit null exception at 0x0000000004fe4854 to 0x0000000004fe4c31

Events (10 events):
Event: 1.740 loading class it/unina/daf/jpadcad/occ/CADGeomCurve3D
Event: 1.740 loading class it/unina/daf/jpadcad/occ/CADGeomCurve3D done
Event: 1.775 loading class it/unina/daf/jpadcad/occ/CADGeomCurve3D
Event: 1.775 loading class it/unina/daf/jpadcad/occ/CADGeomCurve3D done
Event: 1.778 loading class opencascade/BRepOffsetAPI_MakeFilling
Event: 1.778 loading class opencascade/BRepOffsetAPI_MakeFilling done
Event: 1.779 loading class opencascade/GeomAbs_Shape
Event: 1.779 loading class opencascade/GeomAbs_Shape done
Event: 1.779 loading class opencascade/GeomAbs_Shape$SwigNext
Event: 1.779 loading class opencascade/GeomAbs_Shape$SwigNext done


Dynamic libraries:
0x00007ff6260f0000 - 0x00007ff626127000 	C:\Program Files\Java\jdk1.8.0_161\jre\bin\javaw.exe
0x00007ffea01d0000 - 0x00007ffea03b0000 	C:\WINDOWS\SYSTEM32\ntdll.dll
0x00007ffea0050000 - 0x00007ffea00fe000 	C:\WINDOWS\System32\KERNEL32.DLL
0x00007ffe9c6d0000 - 0x00007ffe9c936000 	C:\WINDOWS\System32\KERNELBASE.dll
0x00007ffe9e8f0000 - 0x00007ffe9e991000 	C:\WINDOWS\System32\ADVAPI32.dll
0x00007ffe9e140000 - 0x00007ffe9e1dd000 	C:\WINDOWS\System32\msvcrt.dll
0x00007ffe9d7f0000 - 0x00007ffe9d84b000 	C:\WINDOWS\System32\sechost.dll
0x00007ffe9e430000 - 0x00007ffe9e54f000 	C:\WINDOWS\System32\RPCRT4.dll
0x00007ffe9fea0000 - 0x00007ffea002f000 	C:\WINDOWS\System32\USER32.dll
0x00007ffe9c5d0000 - 0x00007ffe9c5f0000 	C:\WINDOWS\System32\win32u.dll
0x00007ffe9e5b0000 - 0x00007ffe9e5d8000 	C:\WINDOWS\System32\GDI32.dll
0x00007ffe9d350000 - 0x00007ffe9d4e3000 	C:\WINDOWS\System32\gdi32full.dll
0x00007ffe9c940000 - 0x00007ffe9c9db000 	C:\WINDOWS\System32\msvcp_win.dll
0x00007ffe9d4f0000 - 0x00007ffe9d5e6000 	C:\WINDOWS\System32\ucrtbase.dll
0x00007ffe8f630000 - 0x00007ffe8f899000 	C:\WINDOWS\WinSxS\amd64_microsoft.windows.common-controls_6595b64144ccf1df_6.0.16299.248_none_15ced204935f55d7\COMCTL32.dll
0x00007ffe9e5e0000 - 0x00007ffe9e8e8000 	C:\WINDOWS\System32\combase.dll
0x00007ffe9c5f0000 - 0x00007ffe9c662000 	C:\WINDOWS\System32\bcryptPrimitives.dll
0x00007ffe9def0000 - 0x00007ffe9df1d000 	C:\WINDOWS\System32\IMM32.DLL
0x0000000052ff0000 - 0x00000000530c2000 	C:\Program Files\Java\jdk1.8.0_161\jre\bin\msvcr100.dll
0x0000000052750000 - 0x0000000052fef000 	C:\Program Files\Java\jdk1.8.0_161\jre\bin\server\jvm.dll
0x00007ffe9e9a0000 - 0x00007ffe9e9a8000 	C:\WINDOWS\System32\PSAPI.DLL
0x00007ffe96bb0000 - 0x00007ffe96bb9000 	C:\WINDOWS\SYSTEM32\WSOCK32.dll
0x00007ffe8fc20000 - 0x00007ffe8fc43000 	C:\WINDOWS\SYSTEM32\WINMM.dll
0x00007ffe97740000 - 0x00007ffe9774a000 	C:\WINDOWS\SYSTEM32\VERSION.dll
0x00007ffe9d920000 - 0x00007ffe9d98c000 	C:\WINDOWS\System32\WS2_32.dll
0x00007ffe8fae0000 - 0x00007ffe8fb0a000 	C:\WINDOWS\SYSTEM32\WINMMBASE.dll
0x00007ffe9d300000 - 0x00007ffe9d34a000 	C:\WINDOWS\System32\cfgmgr32.dll
0x0000000052740000 - 0x000000005274f000 	C:\Program Files\Java\jdk1.8.0_161\jre\bin\verify.dll
0x0000000052710000 - 0x0000000052739000 	C:\Program Files\Java\jdk1.8.0_161\jre\bin\java.dll
0x00007ffe9c420000 - 0x00007ffe9c450000 	C:\WINDOWS\SYSTEM32\SspiCli.dll
0x00000000526f0000 - 0x0000000052706000 	C:\Program Files\Java\jdk1.8.0_161\jre\bin\zip.dll
0x00007ffe9e9b0000 - 0x00007ffe9fde6000 	C:\WINDOWS\System32\SHELL32.dll
0x00007ffe9fdf0000 - 0x00007ffe9fe96000 	C:\WINDOWS\System32\shcore.dll
0x00007ffe9cbb0000 - 0x00007ffe9d2f7000 	C:\WINDOWS\System32\windows.storage.dll
0x00007ffe9e260000 - 0x00007ffe9e2b1000 	C:\WINDOWS\System32\shlwapi.dll
0x00007ffe9c560000 - 0x00007ffe9c571000 	C:\WINDOWS\System32\kernel.appcore.dll
0x00007ffe9c580000 - 0x00007ffe9c5cc000 	C:\WINDOWS\System32\powrprof.dll
0x00007ffe9c540000 - 0x00007ffe9c55b000 	C:\WINDOWS\System32\profapi.dll
0x0000000180000000 - 0x0000000180276000 	C:\Users\DeMarco-PC\JPAD_PROJECT\jpad\libraries\hdf\jhdf5.dll
0x00000000526d0000 - 0x00000000526ea000 	C:\Program Files\Java\jdk1.8.0_161\jre\bin\net.dll
0x00007ffe9bdb0000 - 0x00007ffe9be16000 	C:\WINDOWS\system32\mswsock.dll
0x00000000526b0000 - 0x00000000526c1000 	C:\Program Files\Java\jdk1.8.0_161\jre\bin\nio.dll
0x00007ffe56490000 - 0x00007ffe56ae9000 	C:\Users\DeMarco-PC\JPAD_PROJECT\jpad\libraries\occjava\OCCJavaWrapper_OCCT_v7.0.0_vc14_Win64\OCCwrapJava.dll
0x00007ffe8b580000 - 0x00007ffe8b5e0000 	C:\Users\DeMarco-PC\JPAD_PROJECT\jpad\libraries\occjava\OCCJavaWrapper_OCCT_v7.0.0_vc14_Win64\TKG2d.dll
0x00007ffe77ad0000 - 0x00007ffe77ba4000 	C:\Users\DeMarco-PC\JPAD_PROJECT\jpad\libraries\occjava\OCCJavaWrapper_OCCT_v7.0.0_vc14_Win64\TKG3d.dll
0x00007ffe75a10000 - 0x00007ffe75b7a000 	C:\Users\DeMarco-PC\JPAD_PROJECT\jpad\libraries\occjava\OCCJavaWrapper_OCCT_v7.0.0_vc14_Win64\TKernel.dll
0x00007ffe77770000 - 0x00007ffe7790a000 	C:\Users\DeMarco-PC\JPAD_PROJECT\jpad\libraries\occjava\OCCJavaWrapper_OCCT_v7.0.0_vc14_Win64\TKMath.dll
0x00007ffe84e40000 - 0x00007ffe84f10000 	C:\Users\DeMarco-PC\JPAD_PROJECT\jpad\libraries\occjava\OCCJavaWrapper_OCCT_v7.0.0_vc14_Win64\TKBRep.dll
0x00007ffe6cca0000 - 0x00007ffe6d09b000 	C:\Users\DeMarco-PC\JPAD_PROJECT\jpad\libraries\occjava\OCCJavaWrapper_OCCT_v7.0.0_vc14_Win64\TKGeomBase.dll
0x00007ffe6c670000 - 0x00007ffe6ca50000 	C:\Users\DeMarco-PC\JPAD_PROJECT\jpad\libraries\occjava\OCCJavaWrapper_OCCT_v7.0.0_vc14_Win64\TKGeomAlgo.dll
0x00007ffe712b0000 - 0x00007ffe713ae000 	C:\Users\DeMarco-PC\JPAD_PROJECT\jpad\libraries\occjava\OCCJavaWrapper_OCCT_v7.0.0_vc14_Win64\TKHLR.dll
0x00007ffe6d990000 - 0x00007ffe6dc13000 	C:\Users\DeMarco-PC\JPAD_PROJECT\jpad\libraries\occjava\OCCJavaWrapper_OCCT_v7.0.0_vc14_Win64\TKTopAlgo.dll
0x00007ffe8abf0000 - 0x00007ffe8ac46000 	C:\Users\DeMarco-PC\JPAD_PROJECT\jpad\libraries\occjava\OCCJavaWrapper_OCCT_v7.0.0_vc14_Win64\TKPrim.dll
0x00007ffe6d3a0000 - 0x00007ffe6d58f000 	C:\Users\DeMarco-PC\JPAD_PROJECT\jpad\libraries\occjava\OCCJavaWrapper_OCCT_v7.0.0_vc14_Win64\TKBO.dll
0x00007ffe6ada0000 - 0x00007ffe6b1cf000 	C:\Users\DeMarco-PC\JPAD_PROJECT\jpad\libraries\occjava\OCCJavaWrapper_OCCT_v7.0.0_vc14_Win64\TKBool.dll
0x00007ffe57520000 - 0x00007ffe577eb000 	C:\Users\DeMarco-PC\JPAD_PROJECT\jpad\libraries\occjava\OCCJavaWrapper_OCCT_v7.0.0_vc14_Win64\TKShHealing.dll
0x00007ffe6d210000 - 0x00007ffe6d398000 	C:\Users\DeMarco-PC\JPAD_PROJECT\jpad\libraries\occjava\OCCJavaWrapper_OCCT_v7.0.0_vc14_Win64\TKOffset.dll
0x00007ffe54a50000 - 0x00007ffe54c8d000 	C:\Users\DeMarco-PC\JPAD_PROJECT\jpad\libraries\occjava\OCCJavaWrapper_OCCT_v7.0.0_vc14_Win64\TKFillet.dll
0x00007ffe8abb0000 - 0x00007ffe8abeb000 	C:\Users\DeMarco-PC\JPAD_PROJECT\jpad\libraries\occjava\OCCJavaWrapper_OCCT_v7.0.0_vc14_Win64\TKService.dll
0x00007ffe547d0000 - 0x00007ffe54a4e000 	C:\Users\DeMarco-PC\JPAD_PROJECT\jpad\libraries\occjava\OCCJavaWrapper_OCCT_v7.0.0_vc14_Win64\TKV3d.dll
0x00007ffe866c0000 - 0x00007ffe86718000 	C:\Users\DeMarco-PC\JPAD_PROJECT\jpad\libraries\occjava\OCCJavaWrapper_OCCT_v7.0.0_vc14_Win64\TKCDF.dll
0x00007ffe711d0000 - 0x00007ffe712ac000 	C:\Users\DeMarco-PC\JPAD_PROJECT\jpad\libraries\occjava\OCCJavaWrapper_OCCT_v7.0.0_vc14_Win64\TKOpenGl.dll
0x00007ffe9dde0000 - 0x00007ffe9deea000 	C:\WINDOWS\System32\COMDLG32.dll
0x00007ffe7c690000 - 0x00007ffe7c733000 	C:\Users\DeMarco-PC\JPAD_PROJECT\jpad\libraries\occjava\OCCJavaWrapper_OCCT_v7.0.0_vc14_Win64\TKLCAF.dll
0x00007ffe79010000 - 0x00007ffe790a5000 	C:\Users\DeMarco-PC\JPAD_PROJECT\jpad\libraries\occjava\OCCJavaWrapper_OCCT_v7.0.0_vc14_Win64\TKCAF.dll
0x00007ffe54480000 - 0x00007ffe547c8000 	C:\Users\DeMarco-PC\JPAD_PROJECT\jpad\libraries\occjava\OCCJavaWrapper_OCCT_v7.0.0_vc14_Win64\TKIGES.dll
0x00007ffe54240000 - 0x00007ffe5447b000 	C:\Users\DeMarco-PC\JPAD_PROJECT\jpad\libraries\occjava\OCCJavaWrapper_OCCT_v7.0.0_vc14_Win64\TKXSBase.dll
0x00007ffe54050000 - 0x00007ffe54232000 	C:\Users\DeMarco-PC\JPAD_PROJECT\jpad\libraries\occjava\OCCJavaWrapper_OCCT_v7.0.0_vc14_Win64\TKSTEPBase.dll
0x00007ffe53d70000 - 0x00007ffe54042000 	C:\Users\DeMarco-PC\JPAD_PROJECT\jpad\libraries\occjava\OCCJavaWrapper_OCCT_v7.0.0_vc14_Win64\TKSTEP.dll
0x00007ffe7c580000 - 0x00007ffe7c5fe000 	C:\Users\DeMarco-PC\JPAD_PROJECT\jpad\libraries\occjava\OCCJavaWrapper_OCCT_v7.0.0_vc14_Win64\TKVRML.dll
0x00000000526a0000 - 0x00000000526a7000 	C:\Program Files\Java\jdk1.8.0_161\jre\bin\jawt.dll
0x00007ffe8a6d0000 - 0x00007ffe8a6fb000 	C:\Users\DeMarco-PC\JPAD_PROJECT\jpad\libraries\occjava\OCCJavaWrapper_OCCT_v7.0.0_vc14_Win64\TKSTL.dll
0x00007ffe634e0000 - 0x00007ffe63634000 	C:\Users\DeMarco-PC\JPAD_PROJECT\jpad\libraries\occjava\OCCJavaWrapper_OCCT_v7.0.0_vc14_Win64\TKFeat.dll
0x00007ffe78230000 - 0x00007ffe782cc000 	C:\Program Files\Java\jdk1.8.0_161\jre\bin\MSVCP140.dll
0x00007ffe96600000 - 0x00007ffe96616000 	C:\Program Files\Java\jdk1.8.0_161\jre\bin\VCRUNTIME140.dll
0x00007ffe757e0000 - 0x00007ffe75855000 	C:\Users\DeMarco-PC\JPAD_PROJECT\jpad\libraries\occjava\OCCJavaWrapper_OCCT_v7.0.0_vc14_Win64\TKMesh.dll
0x00007ffe97920000 - 0x00007ffe979a6000 	C:\WINDOWS\SYSTEM32\WINSPOOL.DRV
0x00007ffe89b90000 - 0x00007ffe89bd4000 	C:\Users\DeMarco-PC\JPAD_PROJECT\jpad\libraries\occjava\OCCJavaWrapper_OCCT_v7.0.0_vc14_Win64\tbbmalloc.dll
0x00007ffe85a90000 - 0x00007ffe85ad4000 	C:\Users\DeMarco-PC\JPAD_PROJECT\jpad\libraries\occjava\OCCJavaWrapper_OCCT_v7.0.0_vc14_Win64\tbb.dll
0x00007ffe73ca0000 - 0x00007ffe73d51000 	C:\Users\DeMarco-PC\JPAD_PROJECT\jpad\libraries\occjava\OCCJavaWrapper_OCCT_v7.0.0_vc14_Win64\freetype.dll
0x00007ffe56370000 - 0x00007ffe5648e000 	C:\WINDOWS\SYSTEM32\OPENGL32.dll
0x00007ffe8b560000 - 0x00007ffe8b57a000 	C:\Users\DeMarco-PC\JPAD_PROJECT\jpad\libraries\occjava\OCCJavaWrapper_OCCT_v7.0.0_vc14_Win64\gl2ps.dll
0x0000000052500000 - 0x0000000052698000 	C:\Program Files\Java\jdk1.8.0_161\jre\bin\awt.dll
0x00007ffe9d850000 - 0x00007ffe9d915000 	C:\WINDOWS\System32\OLEAUT32.dll
0x00007ffe70080000 - 0x00007ffe7013d000 	C:\Users\DeMarco-PC\JPAD_PROJECT\jpad\libraries\occjava\OCCJavaWrapper_OCCT_v7.0.0_vc14_Win64\TKSTEPAttr.dll
0x00007ffe75450000 - 0x00007ffe754d9000 	C:\Users\DeMarco-PC\JPAD_PROJECT\jpad\libraries\occjava\OCCJavaWrapper_OCCT_v7.0.0_vc14_Win64\TKSTEP209.dll
0x00007ffe9bb40000 - 0x00007ffe9bb79000 	C:\WINDOWS\SYSTEM32\IPHLPAPI.DLL
0x00007ffe9c080000 - 0x00007ffe9c0a5000 	C:\WINDOWS\SYSTEM32\bcrypt.dll
0x00007ffe8a2d0000 - 0x00007ffe8a2fc000 	C:\WINDOWS\SYSTEM32\GLU32.dll
0x0000000040b70000 - 0x0000000040b94000 	C:\Users\DeMarco-PC\JPAD_PROJECT\jpad\libraries\occjava\OCCJavaWrapper_OCCT_v7.0.0_vc14_Win64\FreeImagePlus.dll
0x0000000040db0000 - 0x00000000413e7000 	C:\Users\DeMarco-PC\JPAD_PROJECT\jpad\libraries\occjava\OCCJavaWrapper_OCCT_v7.0.0_vc14_Win64\FreeImage.dll
0x00007ffe9bf90000 - 0x00007ffe9bf9b000 	C:\WINDOWS\SYSTEM32\CRYPTBASE.DLL
0x00007ffe9a9e0000 - 0x00007ffe9aa68000 	C:\WINDOWS\SYSTEM32\apphelp.dll
0x00007ffe97750000 - 0x00007ffe97918000 	C:\WINDOWS\SYSTEM32\dbghelp.dll

VM Arguments:
jvm_args: -Dfile.encoding=UTF-8 
java_command: it.unina.daf.jpadcadsandbox.Test01vt -i C:\Users\DeMarco-PC\JPAD_PROJECT\jpad/JPADSandBox_v2/in/Template_Aircraft/aircraft_IRON_NEW.xml -ia C:\Users\DeMarco-PC\JPAD_PROJECT\jpad/JPADSandBox_v2/in/Template_Analyses/analysis_IRON.xml -ioc C:\Users\DeMarco-PC\JPAD_PROJECT\jpad/JPADSandBox_v2/in/Template_Analyses/operating_conditions_IRON.xml --database-dir C:\Users\DeMarco-PC\JPAD_PROJECT\jpad/JPADSandBox_v2/data -da C:\Users\DeMarco-PC\JPAD_PROJECT\jpad/JPADSandBox_v2/in/Template_Aircraft/lifting_surfaces/airfoils -df C:\Users\DeMarco-PC\JPAD_PROJECT\jpad/JPADSandBox_v2/in/Template_Aircraft/fuselages -dls C:\Users\DeMarco-PC\JPAD_PROJECT\jpad/JPADSandBox_v2/in/Template_Aircraft/lifting_surfaces -de C:\Users\DeMarco-PC\JPAD_PROJECT\jpad/JPADSandBox_v2/in/Template_Aircraft/engines -dn C:\Users\DeMarco-PC\JPAD_PROJECT\jpad/JPADSandBox_v2/in/Template_Aircraft/nacelles -dlg C:\Users\DeMarco-PC\JPAD_PROJECT\jpad/JPADSandBox_v2/in/Template_Aircraft/landing_gears -ds C:\Users\DeMarco-PC\JPAD_PROJECT\jpad/JPADSandBox_v2/in/Template_Aircraft/systems -dcc C:\Users\DeMarco-PC\JPAD_PROJECT\jpad/JPADSandBox_v2/in/Template_Aircraft/cabin_configurations
java_class_path (initial): C:\Program Files\Java\jdk1.8.0_161\jre\lib\resources.jar;C:\Program Files\Java\jdk1.8.0_161\jre\lib\rt.jar;C:\Program Files\Java\jdk1.8.0_161\jre\lib\jsse.jar;C:\Program Files\Java\jdk1.8.0_161\jre\lib\jce.jar;C:\Program Files\Java\jdk1.8.0_161\jre\lib\charsets.jar;C:\Program Files\Java\jdk1.8.0_161\jre\lib\jfr.jar;C:\Program Files\Java\jdk1.8.0_161\jre\lib\ext\access-bridge-64.jar;C:\Program Files\Java\jdk1.8.0_161\jre\lib\ext\cldrdata.jar;C:\Program Files\Java\jdk1.8.0_161\jre\lib\ext\dnsns.jar;C:\Program Files\Java\jdk1.8.0_161\jre\lib\ext\jaccess.jar;C:\Program Files\Java\jdk1.8.0_161\jre\lib\ext\jfxrt.jar;C:\Program Files\Java\jdk1.8.0_161\jre\lib\ext\localedata.jar;C:\Program Files\Java\jdk1.8.0_161\jre\lib\ext\nashorn.jar;C:\Program Files\Java\jdk1.8.0_161\jre\lib\ext\sunec.jar;C:\Program Files\Java\jdk1.8.0_161\jre\lib\ext\sunjce_provider.jar;C:\Program Files\Java\jdk1.8.0_161\jre\lib\ext\sunmscapi.jar;C:\Program Files\Java\jdk1.8.0_161\jre\lib\ext\sunpkcs11.jar;C:\Program Files\Java\jdk1.8.0_161\jre\lib\ext\zipfs.jar;C:\Users\DeMarco-PC\JPAD_PROJECT\jpad\JPADCADSandbox\bin;C:\Users\DeMarco-PC\JPAD_PROJECT\jpad\JPADCAD\bin;C:\Users\DeMarco-PC\JPAD_PROJECT\jpad\libraries\occjava\OCCJavaWrapper_OCCT_v7.0.0_vc14_Win64\OCCJavaWrapper.jar;C:\Users\DeMarco-PC\JPAD_PROJECT\jpad\libraries\trove\trove-3.1a1.jar;C:\Users\DeMarco-PC\JPAD_PROJECT\jpad\libraries\vecmath\vecmath.jar;C:\Users\DeMarco-PC\JPAD_PROJECT\jpad\libraries\jscience-4.3\jscience.jar;C:\Users\DeMarco-PC\JPAD_PROJECT\jpad\libraries\lombok\lombok.jar;C:\Users\DeMarco-PC\JPAD_PROJECT\jpad\libraries\args4j\args4j-2.0.21.jar;C:\Users\DeMarco-PC\JPAD_PROJECT\jpad\libraries\hdf\jarhdf5-2.10.1.jar;C:\Users\DeMarco-PC\JPAD_PROJECT\jpad\libraries\poi\poi-ooxml-3.10.1-20140818.jar;C:\Users\DeMarco-PC\JPAD_PROJECT\jpad\libraries\log4j\log4j-api-2.0.2.jar;C:\Users\DeMarco-PC\JPAD_PROJECT\jpad\libraries\log4j\log4j-core-2.0.2.jar;C:\Users\DeMarco-PC\JPAD_PROJECT\jpad\libraries\hdf\slf4
Launcher Type: SUN_STANDARD

Environment Variables:
PATH=C:\Users\DeMarco-PC\JPAD_PROJECT\jpad\libraries\occjava\OCCJavaWrapper_OCCT_v7.0.0_vc14_Win64;C:\Users\DeMarco-PC\JPAD_PROJECT\jpad\libraries\occjava\OCCJavaWrapper_OCCT_v7.0.0_vc14_Win64\jre1.8.0_91\bin;C:\Users\DeMarco-PC\JPAD_PROJECT\jpad\libraries\hdf;



---------------  S Y S T E M  ---------------

OS: Windows 10.0 , 64 bit Build 16299 (10.0.16299.15)

CPU:total 12 (initial active 12) (6 cores per cpu, 2 threads per core) family 6 model 63 stepping 2, cmov, cx8, fxsr, mmx, sse, sse2, sse3, ssse3, sse4.1, sse4.2, popcnt, avx, avx2, aes, clmul, erms, lzcnt, ht, tsc, tscinvbit, bmi1, bmi2

Memory: 4k page, physical 67001628k(56882740k free), swap 76963100k(64454024k free)

vm_info: Java HotSpot(TM) 64-Bit Server VM (25.161-b12) for windows-amd64 JRE (1.8.0_161-b12), built on Dec 19 2017 17:52:25 by "java_re" with MS VC++ 10.0 (VS2010)

time: Fri Feb 23 13:09:53 2018
elapsed time: 1 seconds (0d 0h 0m 1s)

