#
# A fatal error has been detected by the Java Runtime Environment:
#
#  EXCEPTION_UNCAUGHT_CXX_EXCEPTION (0xe06d7363) at pc=0x00007ffc29734008, pid=13136, tid=0x0000000000003c78
#
# JRE version: Java(TM) SE Runtime Environment (8.0_151-b12) (build 1.8.0_151-b12)
# Java VM: Java HotSpot(TM) 64-Bit Server VM (25.151-b12 mixed mode windows-amd64 compressed oops)
# Problematic frame:
# C  [KERNELBASE.dll+0x14008]
#
# Failed to write core dump. Minidumps are not enabled by default on client versions of Windows
#
# If you would like to submit a bug report, please visit:
#   http://bugreport.java.com/bugreport/crash.jsp
# The crash happened outside the Java Virtual Machine in native code.
# See problematic frame for where to report the bug.
#

---------------  T H R E A D  ---------------

Current thread (0x0000000005242800):  JavaThread "main" [_thread_in_native, id=15480, stack(0x0000000005140000,0x0000000005240000)]

siginfo: ExceptionCode=0xe06d7363, ExceptionInformation=0x0000000019930520 0x000000000523e1a0 0x00007ffbd76d2b90 0x00007ffbd7620000 

Registers:
RAX=0x00007ffbf0f0c859, RBX=0x000000002e515628, RCX=0x000000002e516ac0, RDX=0x000000002e516668
RSP=0x000000000523e020, RBP=0x000000000523e160, RSI=0x00007ffbd76d2b90, RDI=0x00007ffbbd436b48
R8 =0x00007ffbef35a0d6, R9 =0x000000000523db20, R10=0x000000000523db30, R11=0xfffffffffffffffe
R12=0x00007ffbbd41bef0, R13=0x000000002e8f8d98, R14=0x000000000523e1a0, R15=0x0000000000000004
RIP=0x00007ffc29734008, EFLAGS=0x0000000000000206

Top of Stack: (sp=0x000000000523e020)
0x000000000523e020:   0000000000000000 000000002e515628
0x000000000523e030:   00007ffbd76d2b90 00007ffbbd436b48
0x000000000523e040:   00000001e06d7363 0000000000000000
0x000000000523e050:   00007ffc29734008 0000000000000004
0x000000000523e060:   0000000019930520 000000000523e1a0
0x000000000523e070:   00007ffbd76d2b90 00007ffbd7620000
0x000000000523e080:   00007ffbbd41bef0 00007ffbbd436b48
0x000000000523e090:   00007ffbd76d2b90 000000000523e180
0x000000000523e0a0:   000000000523e160 00007ffc2c7fc66f
0x000000000523e0b0:   000000002e8f8d98 00007ffb00000000
0x000000000523e0c0:   0000000000000000 0000000000000000
0x000000000523e0d0:   00007ffbd777d000 00007ffbd7620000
0x000000000523e0e0:   0000fbb7326c5374 00007ffbbd41bf00
0x000000000523e0f0:   000000002e515628 00007ffc129444f2
0x000000000523e100:   00007ffbbd436b48 00007ffc28e3e926
0x000000000523e110:   0000000000000017 0000000000000017 

Instructions: (pc=0x00007ffc29734008)
0x00007ffc29733fe8:   49 8b d1 44 0f 47 c0 44 89 44 24 38 49 c1 e0 03
0x00007ffc29733ff8:   e8 ca 16 07 00 48 8d 4c 24 20 ff 15 e8 4a 16 00
0x00007ffc29734008:   48 8b 8c 24 c0 00 00 00 48 33 cc e8 a8 e6 06 00
0x00007ffc29734018:   48 81 c4 d8 00 00 00 c3 83 64 24 38 00 eb d6 cc 


Register to memory mapping:

RAX=0x00007ffbf0f0c859 is an unknown value
RBX=0x000000002e515628 is an unknown value
RCX=0x000000002e516ac0 is an unknown value
RDX=0x000000002e516668 is an unknown value
RSP=0x000000000523e020 is pointing into the stack for thread: 0x0000000005242800
RBP=0x000000000523e160 is pointing into the stack for thread: 0x0000000005242800
RSI=0x00007ffbd76d2b90 is an unknown value
RDI=0x00007ffbbd436b48 is an unknown value
R8 =0x00007ffbef35a0d6 is an unknown value
R9 =0x000000000523db20 is pointing into the stack for thread: 0x0000000005242800
R10=0x000000000523db30 is pointing into the stack for thread: 0x0000000005242800
R11=0xfffffffffffffffe is an unknown value
R12=0x00007ffbbd41bef0 is an unknown value
R13=0x000000002e8f8d98 is an unknown value
R14=0x000000000523e1a0 is pointing into the stack for thread: 0x0000000005242800
R15=0x0000000000000004 is an unknown value


Stack: [0x0000000005140000,0x0000000005240000],  sp=0x000000000523e020,  free space=1016k
Native frames: (J=compiled Java code, j=interpreted, Vv=VM code, C=native code)
C  [KERNELBASE.dll+0x14008]
C  [VCRUNTIME140.dll+0x44f2]
C  [TKernel.dll+0x32472]
C  [TKernel.dll+0x32278]
C  [TKBool.dll+0x1ad5ea]
C  [TKOffset.dll+0x11ba0]
C  0x0000000005357f74

Java frames: (J=compiled Java code, j=interpreted, Vv=VM code)
j  opencascade.OCCwrapJavaJNI.BRepBuilderAPI_MakeShape_Build(JLopencascade/BRepBuilderAPI_MakeShape;)V+0
j  opencascade.BRepBuilderAPI_MakeShape.Build()V+5
j  it.unina.daf.jpadcadsandbox.utils.AircraftUtils.getLiftingSurfaceCAD(Laircraft/components/liftingSurface/LiftingSurface;Lconfiguration/enumerations/ComponentEnum;DZZZ)Ljava/util/List;+4729
j  it.unina.daf.jpadcadsandbox.Test01vt.main([Ljava/lang/String;)V+57
v  ~StubRoutines::call_stub

---------------  P R O C E S S  ---------------

Java Threads: ( => current thread )
  0x000000002a323000 JavaThread "Service Thread" daemon [_thread_blocked, id=5832, stack(0x000000002aea0000,0x000000002afa0000)]
  0x000000002a2d3800 JavaThread "C1 CompilerThread3" daemon [_thread_blocked, id=9692, stack(0x000000002ada0000,0x000000002aea0000)]
  0x000000002a2c7800 JavaThread "C2 CompilerThread2" daemon [_thread_blocked, id=9804, stack(0x000000002aca0000,0x000000002ada0000)]
  0x000000002a2c1000 JavaThread "C2 CompilerThread1" daemon [_thread_blocked, id=13308, stack(0x000000002aba0000,0x000000002aca0000)]
  0x000000002a2be000 JavaThread "C2 CompilerThread0" daemon [_thread_blocked, id=5980, stack(0x000000002aaa0000,0x000000002aba0000)]
  0x000000002a2b7000 JavaThread "Attach Listener" daemon [_thread_blocked, id=4248, stack(0x000000002a9a0000,0x000000002aaa0000)]
  0x000000002a2b6000 JavaThread "Signal Dispatcher" daemon [_thread_blocked, id=10612, stack(0x000000002a8a0000,0x000000002a9a0000)]
  0x00000000283b3800 JavaThread "Finalizer" daemon [_thread_blocked, id=3280, stack(0x000000002a690000,0x000000002a790000)]
  0x00000000283ac800 JavaThread "Reference Handler" daemon [_thread_blocked, id=7024, stack(0x000000002a190000,0x000000002a290000)]
=>0x0000000005242800 JavaThread "main" [_thread_in_native, id=15480, stack(0x0000000005140000,0x0000000005240000)]

Other Threads:
  0x00000000283a8000 VMThread [stack: 0x000000002a090000,0x000000002a190000] [id=14676]
  0x000000002a325800 WatcherThread [stack: 0x000000002afa0000,0x000000002b0a0000] [id=10228]

VM state:not at safepoint (normal execution)

VM Mutex/Monitor currently owned by a thread: None

Heap:
 PSYoungGen      total 153088K, used 64657K [0x0000000715b80000, 0x0000000720600000, 0x00000007c0000000)
  eden space 131584K, 45% used [0x0000000715b80000,0x0000000719628608,0x000000071dc00000)
  from space 21504K, 21% used [0x000000071f100000,0x000000071f57c0d0,0x0000000720600000)
  to   space 21504K, 0% used [0x000000071dc00000,0x000000071dc00000,0x000000071f100000)
 ParOldGen       total 349696K, used 104K [0x00000005c1200000, 0x00000005d6780000, 0x0000000715b80000)
  object space 349696K, 0% used [0x00000005c1200000,0x00000005c121a010,0x00000005d6780000)
 Metaspace       used 20366K, capacity 20930K, committed 21120K, reserved 1069056K
  class space    used 1757K, capacity 1892K, committed 1920K, reserved 1048576K

Card table byte_map: [0x0000000014700000,0x0000000015700000] byte_map_base: 0x00000000118f7000

Marking Bits: (ParMarkBitMap*) 0x0000000077f7d850
 Begin Bits: [0x00000000169b0000, 0x000000001e968000)
 End Bits:   [0x000000001e968000, 0x0000000026920000)

Polling page: 0x0000000003480000

CodeCache: size=245760Kb used=9229Kb max_used=9229Kb free=236530Kb
 bounds [0x0000000005340000, 0x0000000005c50000, 0x0000000014340000]
 total_blobs=3551 nmethods=2385 adapters=1077
 compilation: enabled

Compilation events (10 events):
Event: 7.885 Thread 0x000000002a2d3800 2381       3       opencascade.MMgt_TShared::<init> (7 bytes)
Event: 7.885 Thread 0x000000002a2d3800 nmethod 2381 0x0000000005c44310 code [0x0000000005c44480, 0x0000000005c446d0]
Event: 7.885 Thread 0x000000002a2d3800 2382       3       opencascade.Standard_Transient::<init> (15 bytes)
Event: 7.885 Thread 0x000000002a2d3800 nmethod 2382 0x0000000005c44810 code [0x0000000005c44980, 0x0000000005c44b70]
Event: 7.885 Thread 0x000000002a2d3800 2383       3       opencascade.Standard_Transient::getCPtr (13 bytes)
Event: 7.885 Thread 0x000000002a2d3800 nmethod 2383 0x0000000005c44c50 code [0x0000000005c44da0, 0x0000000005c44f30]
Event: 7.888 Thread 0x000000002a2d3800 2384       3       java.lang.StringBuilder::append (9 bytes)
Event: 7.888 Thread 0x000000002a2d3800 nmethod 2384 0x0000000005c44fd0 code [0x0000000005c45160, 0x0000000005c45558]
Event: 7.894 Thread 0x000000002a2d3800 2385       3       opencascade.TopoDS_Edge::<init> (15 bytes)
Event: 7.894 Thread 0x000000002a2d3800 nmethod 2385 0x0000000005c465d0 code [0x0000000005c46740, 0x0000000005c469c8]

GC Heap History (8 events):
Event: 4.007 GC heap before
{Heap before GC invocations=1 (full 0):
 PSYoungGen      total 153088K, used 131584K [0x0000000715b80000, 0x0000000720600000, 0x00000007c0000000)
  eden space 131584K, 100% used [0x0000000715b80000,0x000000071dc00000,0x000000071dc00000)
  from space 21504K, 0% used [0x000000071f100000,0x000000071f100000,0x0000000720600000)
  to   space 21504K, 0% used [0x000000071dc00000,0x000000071dc00000,0x000000071f100000)
 ParOldGen       total 349696K, used 0K [0x00000005c1200000, 0x00000005d6780000, 0x0000000715b80000)
  object space 349696K, 0% used [0x00000005c1200000,0x00000005c1200000,0x00000005d6780000)
 Metaspace       used 10490K, capacity 10644K, committed 11008K, reserved 1058816K
  class space    used 1118K, capacity 1184K, committed 1280K, reserved 1048576K
Event: 4.012 GC heap after
Heap after GC invocations=1 (full 0):
 PSYoungGen      total 153088K, used 6765K [0x0000000715b80000, 0x0000000720600000, 0x00000007c0000000)
  eden space 131584K, 0% used [0x0000000715b80000,0x0000000715b80000,0x000000071dc00000)
  from space 21504K, 31% used [0x000000071dc00000,0x000000071e29b4e0,0x000000071f100000)
  to   space 21504K, 0% used [0x000000071f100000,0x000000071f100000,0x0000000720600000)
 ParOldGen       total 349696K, used 80K [0x00000005c1200000, 0x00000005d6780000, 0x0000000715b80000)
  object space 349696K, 0% used [0x00000005c1200000,0x00000005c1214010,0x00000005d6780000)
 Metaspace       used 10490K, capacity 10644K, committed 11008K, reserved 1058816K
  class space    used 1118K, capacity 1184K, committed 1280K, reserved 1048576K
}
Event: 4.872 GC heap before
{Heap before GC invocations=2 (full 0):
 PSYoungGen      total 153088K, used 138349K [0x0000000715b80000, 0x0000000720600000, 0x00000007c0000000)
  eden space 131584K, 100% used [0x0000000715b80000,0x000000071dc00000,0x000000071dc00000)
  from space 21504K, 31% used [0x000000071dc00000,0x000000071e29b4e0,0x000000071f100000)
  to   space 21504K, 0% used [0x000000071f100000,0x000000071f100000,0x0000000720600000)
 ParOldGen       total 349696K, used 80K [0x00000005c1200000, 0x00000005d6780000, 0x0000000715b80000)
  object space 349696K, 0% used [0x00000005c1200000,0x00000005c1214010,0x00000005d6780000)
 Metaspace       used 13464K, capacity 13748K, committed 13824K, reserved 1060864K
  class space    used 1443K, capacity 1522K, committed 1536K, reserved 1048576K
Event: 4.875 GC heap after
Heap after GC invocations=2 (full 0):
 PSYoungGen      total 153088K, used 4353K [0x0000000715b80000, 0x0000000720600000, 0x00000007c0000000)
  eden space 131584K, 0% used [0x0000000715b80000,0x0000000715b80000,0x000000071dc00000)
  from space 21504K, 20% used [0x000000071f100000,0x000000071f540598,0x0000000720600000)
  to   space 21504K, 0% used [0x000000071dc00000,0x000000071dc00000,0x000000071f100000)
 ParOldGen       total 349696K, used 88K [0x00000005c1200000, 0x00000005d6780000, 0x0000000715b80000)
  object space 349696K, 0% used [0x00000005c1200000,0x00000005c1216010,0x00000005d6780000)
 Metaspace       used 13464K, capacity 13748K, committed 13824K, reserved 1060864K
  class space    used 1443K, capacity 1522K, committed 1536K, reserved 1048576K
}
Event: 5.592 GC heap before
{Heap before GC invocations=3 (full 0):
 PSYoungGen      total 153088K, used 135937K [0x0000000715b80000, 0x0000000720600000, 0x00000007c0000000)
  eden space 131584K, 100% used [0x0000000715b80000,0x000000071dc00000,0x000000071dc00000)
  from space 21504K, 20% used [0x000000071f100000,0x000000071f540598,0x0000000720600000)
  to   space 21504K, 0% used [0x000000071dc00000,0x000000071dc00000,0x000000071f100000)
 ParOldGen       total 349696K, used 88K [0x00000005c1200000, 0x00000005d6780000, 0x0000000715b80000)
  object space 349696K, 0% used [0x00000005c1200000,0x00000005c1216010,0x00000005d6780000)
 Metaspace       used 14737K, capacity 15208K, committed 15360K, reserved 1062912K
  class space    used 1569K, capacity 1690K, committed 1792K, reserved 1048576K
Event: 5.595 GC heap after
Heap after GC invocations=3 (full 0):
 PSYoungGen      total 153088K, used 4740K [0x0000000715b80000, 0x0000000720600000, 0x00000007c0000000)
  eden space 131584K, 0% used [0x0000000715b80000,0x0000000715b80000,0x000000071dc00000)
  from space 21504K, 22% used [0x000000071dc00000,0x000000071e0a12f0,0x000000071f100000)
  to   space 21504K, 0% used [0x000000071f100000,0x000000071f100000,0x0000000720600000)
 ParOldGen       total 349696K, used 96K [0x00000005c1200000, 0x00000005d6780000, 0x0000000715b80000)
  object space 349696K, 0% used [0x00000005c1200000,0x00000005c1218010,0x00000005d6780000)
 Metaspace       used 14737K, capacity 15208K, committed 15360K, reserved 1062912K
  class space    used 1569K, capacity 1690K, committed 1792K, reserved 1048576K
}
Event: 6.273 GC heap before
{Heap before GC invocations=4 (full 0):
 PSYoungGen      total 153088K, used 136324K [0x0000000715b80000, 0x0000000720600000, 0x00000007c0000000)
  eden space 131584K, 100% used [0x0000000715b80000,0x000000071dc00000,0x000000071dc00000)
  from space 21504K, 22% used [0x000000071dc00000,0x000000071e0a12f0,0x000000071f100000)
  to   space 21504K, 0% used [0x000000071f100000,0x000000071f100000,0x0000000720600000)
 ParOldGen       total 349696K, used 96K [0x00000005c1200000, 0x00000005d6780000, 0x0000000715b80000)
  object space 349696K, 0% used [0x00000005c1200000,0x00000005c1218010,0x00000005d6780000)
 Metaspace       used 15116K, capacity 15590K, committed 15872K, reserved 1062912K
  class space    used 1598K, capacity 1729K, committed 1792K, reserved 1048576K
Event: 6.280 GC heap after
Heap after GC invocations=4 (full 0):
 PSYoungGen      total 153088K, used 4592K [0x0000000715b80000, 0x0000000720600000, 0x00000007c0000000)
  eden space 131584K, 0% used [0x0000000715b80000,0x0000000715b80000,0x000000071dc00000)
  from space 21504K, 21% used [0x000000071f100000,0x000000071f57c0d0,0x0000000720600000)
  to   space 21504K, 0% used [0x000000071dc00000,0x000000071dc00000,0x000000071f100000)
 ParOldGen       total 349696K, used 104K [0x00000005c1200000, 0x00000005d6780000, 0x0000000715b80000)
  object space 349696K, 0% used [0x00000005c1200000,0x00000005c121a010,0x00000005d6780000)
 Metaspace       used 15116K, capacity 15590K, committed 15872K, reserved 1062912K
  class space    used 1598K, capacity 1729K, committed 1792K, reserved 1048576K
}

Deoptimization events (10 events):
Event: 4.952 Thread 0x0000000005242800 Uncommon trap: reason=speculate_class_check action=maybe_recompile pc=0x000000000596651c method=com.sun.org.apache.xerces.internal.dom.ElementNSImpl.getNamespaceURI()Ljava/lang/String; @ 8
Event: 5.080 Thread 0x0000000005242800 Uncommon trap: reason=unstable_if action=reinterpret pc=0x00000000058f2708 method=java.lang.Double.equals(Ljava/lang/Object;)Z @ 25
Event: 5.162 Thread 0x0000000005242800 Uncommon trap: reason=unstable_if action=reinterpret pc=0x00000000054bfc9c method=sun.nio.cs.UTF_8$Encoder.encode([CII[B)I @ 33
Event: 5.162 Thread 0x0000000005242800 Uncommon trap: reason=unstable_if action=reinterpret pc=0x00000000055547c0 method=sun.net.www.ParseUtil.encodePath(Ljava/lang/String;Z)Ljava/lang/String; @ 81
Event: 5.163 Thread 0x0000000005242800 Uncommon trap: reason=unstable_if action=reinterpret pc=0x0000000005549088 method=sun.nio.cs.UTF_8$Decoder.decode([BII[C)I @ 30
Event: 6.086 Thread 0x0000000005242800 Uncommon trap: reason=unstable_if action=reinterpret pc=0x000000000552e554 method=java.io.WinNTFileSystem.normalize(Ljava/lang/String;)Ljava/lang/String; @ 74
Event: 6.109 Thread 0x0000000005242800 Uncommon trap: reason=class_check action=maybe_recompile pc=0x0000000005650fa0 method=com.sun.org.apache.xerces.internal.impl.XMLDocumentFragmentScannerImpl.scanStartElement()Z @ 436
Event: 6.109 Thread 0x0000000005242800 Uncommon trap: reason=unstable_if action=reinterpret pc=0x0000000005a8df3c method=com.sun.org.apache.xerces.internal.impl.XMLEntityScanner.scanContent(Lcom/sun/org/apache/xerces/internal/xni/XMLString;)I @ 121
Event: 6.154 Thread 0x0000000005242800 Uncommon trap: reason=unstable_if action=reinterpret pc=0x000000000581b7cc method=sun.misc.FloatingDecimal$ASCIIToBinaryBuffer.doubleValue()D @ 254
Event: 6.535 Thread 0x0000000005242800 Uncommon trap: reason=unstable_if action=reinterpret pc=0x0000000005b07a38 method=sun.misc.FloatingDecimal.readJavaFormatString(Ljava/lang/String;)Lsun/misc/FloatingDecimal$ASCIIToBinaryConverter; @ 178

Internal exceptions (10 events):
Event: 0.327 Thread 0x0000000005242800 Exception <a 'java/security/PrivilegedActionException'> (0x00000007162636e0) thrown at [C:\re\workspace\8-2-build-windows-amd64-cygwin\jdk8u151\9699\hotspot\src\share\vm\prims\jvm.cpp, line 1390]
Event: 0.327 Thread 0x0000000005242800 Exception <a 'java/security/PrivilegedActionException'> (0x0000000716264868) thrown at [C:\re\workspace\8-2-build-windows-amd64-cygwin\jdk8u151\9699\hotspot\src\share\vm\prims\jvm.cpp, line 1390]
Event: 0.327 Thread 0x0000000005242800 Exception <a 'java/security/PrivilegedActionException'> (0x0000000716264a78) thrown at [C:\re\workspace\8-2-build-windows-amd64-cygwin\jdk8u151\9699\hotspot\src\share\vm\prims\jvm.cpp, line 1390]
Event: 2.464 Thread 0x0000000005242800 Implicit null exception at 0x000000000557917b to 0x0000000005579821
Event: 2.666 Thread 0x0000000005242800 Exception <a 'java/lang/NoSuchFieldError': method resolution failed> (0x00000007183646a0) thrown at [C:\re\workspace\8-2-build-windows-amd64-cygwin\jdk8u151\9699\hotspot\src\share\vm\prims\methodHandles.cpp, line 1146]
Event: 2.667 Thread 0x0000000005242800 Exception <a 'java/lang/NoSuchFieldError': method resolution failed> (0x0000000718371d60) thrown at [C:\re\workspace\8-2-build-windows-amd64-cygwin\jdk8u151\9699\hotspot\src\share\vm\prims\methodHandles.cpp, line 1146]
Event: 3.449 Thread 0x0000000005242800 Implicit null exception at 0x0000000005617a5d to 0x000000000561957c
Event: 3.468 Thread 0x0000000005242800 Implicit null exception at 0x0000000005779270 to 0x00000000057792ce
Event: 4.052 Thread 0x0000000005242800 Implicit null exception at 0x000000000556d5d9 to 0x000000000556d995
Event: 4.266 Thread 0x0000000005242800 Implicit null exception at 0x0000000005514b56 to 0x0000000005514ef9

Events (10 events):
Event: 7.840 loading class it/unina/daf/jpadcad/occ/CADGeomCurve3D
Event: 7.840 loading class it/unina/daf/jpadcad/occ/CADGeomCurve3D done
Event: 7.886 loading class it/unina/daf/jpadcad/occ/CADGeomCurve3D
Event: 7.886 loading class it/unina/daf/jpadcad/occ/CADGeomCurve3D done
Event: 7.888 loading class opencascade/BRepOffsetAPI_MakeFilling
Event: 7.888 loading class opencascade/BRepOffsetAPI_MakeFilling done
Event: 7.889 loading class opencascade/GeomAbs_Shape
Event: 7.889 loading class opencascade/GeomAbs_Shape done
Event: 7.893 loading class opencascade/GeomAbs_Shape$SwigNext
Event: 7.893 loading class opencascade/GeomAbs_Shape$SwigNext done


Dynamic libraries:
0x00007ff6f49d0000 - 0x00007ff6f4a07000 	C:\Program Files\Java\jdk1.8.0_151\bin\javaw.exe
0x00007ffc2c780000 - 0x00007ffc2c960000 	C:\WINDOWS\SYSTEM32\ntdll.dll
0x00007ffc2b220000 - 0x00007ffc2b2ce000 	C:\WINDOWS\System32\KERNEL32.DLL
0x00007ffc29720000 - 0x00007ffc29986000 	C:\WINDOWS\System32\KERNELBASE.dll
0x00007ffc2b090000 - 0x00007ffc2b131000 	C:\WINDOWS\System32\ADVAPI32.dll
0x00007ffc2b300000 - 0x00007ffc2b39d000 	C:\WINDOWS\System32\msvcrt.dll
0x00007ffc2b1c0000 - 0x00007ffc2b21b000 	C:\WINDOWS\System32\sechost.dll
0x00007ffc2c610000 - 0x00007ffc2c72f000 	C:\WINDOWS\System32\RPCRT4.dll
0x00007ffc2c130000 - 0x00007ffc2c2bf000 	C:\WINDOWS\System32\USER32.dll
0x00007ffc29c30000 - 0x00007ffc29c50000 	C:\WINDOWS\System32\win32u.dll
0x00007ffc2b2d0000 - 0x00007ffc2b2f8000 	C:\WINDOWS\System32\GDI32.dll
0x00007ffc29a90000 - 0x00007ffc29c23000 	C:\WINDOWS\System32\gdi32full.dll
0x00007ffc29680000 - 0x00007ffc2971b000 	C:\WINDOWS\System32\msvcp_win.dll
0x00007ffc28e30000 - 0x00007ffc28f26000 	C:\WINDOWS\System32\ucrtbase.dll
0x00007ffc0f460000 - 0x00007ffc0f6c9000 	C:\WINDOWS\WinSxS\amd64_microsoft.windows.common-controls_6595b64144ccf1df_6.0.16299.248_none_15ced204935f55d7\COMCTL32.dll
0x00007ffc2bdb0000 - 0x00007ffc2c0b8000 	C:\WINDOWS\System32\combase.dll
0x00007ffc28b80000 - 0x00007ffc28bf2000 	C:\WINDOWS\System32\bcryptPrimitives.dll
0x00007ffc2c2c0000 - 0x00007ffc2c2ed000 	C:\WINDOWS\System32\IMM32.DLL
0x00007ffc27cc0000 - 0x00007ffc27cf1000 	C:\WINDOWS\SYSTEM32\ntmarta.dll
0x00007ffc289d0000 - 0x00007ffc28a00000 	C:\WINDOWS\SYSTEM32\SspiCli.dll
0x0000000050410000 - 0x00000000504e2000 	C:\Program Files\Java\jdk1.8.0_151\jre\bin\msvcr100.dll
0x0000000077760000 - 0x0000000077ffd000 	C:\Program Files\Java\jdk1.8.0_151\jre\bin\server\jvm.dll
0x00007ffc2c740000 - 0x00007ffc2c748000 	C:\WINDOWS\System32\PSAPI.DLL
0x00007ffc0d5a0000 - 0x00007ffc0d5a9000 	C:\WINDOWS\SYSTEM32\WSOCK32.dll
0x00007ffc2c0c0000 - 0x00007ffc2c12c000 	C:\WINDOWS\System32\WS2_32.dll
0x00007ffc249d0000 - 0x00007ffc249da000 	C:\WINDOWS\SYSTEM32\VERSION.dll
0x00007ffc18220000 - 0x00007ffc18243000 	C:\WINDOWS\SYSTEM32\WINMM.dll
0x00007ffc181f0000 - 0x00007ffc1821a000 	C:\WINDOWS\SYSTEM32\WINMMBASE.dll
0x00007ffc29a40000 - 0x00007ffc29a8a000 	C:\WINDOWS\System32\cfgmgr32.dll
0x0000000050400000 - 0x000000005040f000 	C:\Program Files\Java\jdk1.8.0_151\jre\bin\verify.dll
0x00000000503d0000 - 0x00000000503f9000 	C:\Program Files\Java\jdk1.8.0_151\jre\bin\java.dll
0x00000000503b0000 - 0x00000000503c6000 	C:\Program Files\Java\jdk1.8.0_151\jre\bin\zip.dll
0x00007ffc29c50000 - 0x00007ffc2b086000 	C:\WINDOWS\System32\SHELL32.dll
0x00007ffc2c360000 - 0x00007ffc2c406000 	C:\WINDOWS\System32\shcore.dll
0x00007ffc28f30000 - 0x00007ffc29677000 	C:\WINDOWS\System32\windows.storage.dll
0x00007ffc2c5b0000 - 0x00007ffc2c601000 	C:\WINDOWS\System32\shlwapi.dll
0x00007ffc28af0000 - 0x00007ffc28b01000 	C:\WINDOWS\System32\kernel.appcore.dll
0x00007ffc28b10000 - 0x00007ffc28b5c000 	C:\WINDOWS\System32\powrprof.dll
0x00007ffc28b60000 - 0x00007ffc28b7b000 	C:\WINDOWS\System32\profapi.dll
0x0000000180000000 - 0x0000000180276000 	D:\JPAD\jpad\libraries\hdf\jhdf5.dll
0x0000000050390000 - 0x00000000503aa000 	C:\Program Files\Java\jdk1.8.0_151\jre\bin\net.dll
0x00007ffc28300000 - 0x00007ffc28366000 	C:\WINDOWS\system32\mswsock.dll
0x0000000050370000 - 0x0000000050381000 	C:\Program Files\Java\jdk1.8.0_151\jre\bin\nio.dll
0x00007ffbbe3a0000 - 0x00007ffbbe9f9000 	D:\JPAD\jpad\libraries\occjava\OCCJavaWrapper_OCCT_v7.0.0_vc14_Win64\OCCwrapJava.dll
0x00007ffc15190000 - 0x00007ffc151f0000 	D:\JPAD\jpad\libraries\occjava\OCCJavaWrapper_OCCT_v7.0.0_vc14_Win64\TKG2d.dll
0x00007ffbf2c70000 - 0x00007ffbf2d44000 	D:\JPAD\jpad\libraries\occjava\OCCJavaWrapper_OCCT_v7.0.0_vc14_Win64\TKG3d.dll
0x00007ffbf0eb0000 - 0x00007ffbf104a000 	D:\JPAD\jpad\libraries\occjava\OCCJavaWrapper_OCCT_v7.0.0_vc14_Win64\TKMath.dll
0x00007ffbd7620000 - 0x00007ffbd778a000 	D:\JPAD\jpad\libraries\occjava\OCCJavaWrapper_OCCT_v7.0.0_vc14_Win64\TKernel.dll
0x00007ffbef340000 - 0x00007ffbef410000 	D:\JPAD\jpad\libraries\occjava\OCCJavaWrapper_OCCT_v7.0.0_vc14_Win64\TKBRep.dll
0x00007ffbbdfc0000 - 0x00007ffbbe3a0000 	D:\JPAD\jpad\libraries\occjava\OCCJavaWrapper_OCCT_v7.0.0_vc14_Win64\TKGeomAlgo.dll
0x00007ffbd5b10000 - 0x00007ffbd5c0e000 	D:\JPAD\jpad\libraries\occjava\OCCJavaWrapper_OCCT_v7.0.0_vc14_Win64\TKHLR.dll
0x00007ffbf5ca0000 - 0x00007ffbf5cf6000 	D:\JPAD\jpad\libraries\occjava\OCCJavaWrapper_OCCT_v7.0.0_vc14_Win64\TKPrim.dll
0x00007ffbbd590000 - 0x00007ffbbd98b000 	D:\JPAD\jpad\libraries\occjava\OCCJavaWrapper_OCCT_v7.0.0_vc14_Win64\TKGeomBase.dll
0x00007ffbd2c30000 - 0x00007ffbd2e1f000 	D:\JPAD\jpad\libraries\occjava\OCCJavaWrapper_OCCT_v7.0.0_vc14_Win64\TKBO.dll
0x00007ffbbdd30000 - 0x00007ffbbdfb3000 	D:\JPAD\jpad\libraries\occjava\OCCJavaWrapper_OCCT_v7.0.0_vc14_Win64\TKTopAlgo.dll
0x00007ffbbd160000 - 0x00007ffbbd58f000 	D:\JPAD\jpad\libraries\occjava\OCCJavaWrapper_OCCT_v7.0.0_vc14_Win64\TKBool.dll
0x00007ffbbce90000 - 0x00007ffbbd15b000 	D:\JPAD\jpad\libraries\occjava\OCCJavaWrapper_OCCT_v7.0.0_vc14_Win64\TKShHealing.dll
0x00007ffbbcc50000 - 0x00007ffbbce8d000 	D:\JPAD\jpad\libraries\occjava\OCCJavaWrapper_OCCT_v7.0.0_vc14_Win64\TKFillet.dll
0x00007ffbfe990000 - 0x00007ffbfe9cb000 	D:\JPAD\jpad\libraries\occjava\OCCJavaWrapper_OCCT_v7.0.0_vc14_Win64\TKService.dll
0x00007ffbbc9d0000 - 0x00007ffbbcc4e000 	D:\JPAD\jpad\libraries\occjava\OCCJavaWrapper_OCCT_v7.0.0_vc14_Win64\TKV3d.dll
0x00007ffc2b9c0000 - 0x00007ffc2baca000 	C:\WINDOWS\System32\COMDLG32.dll
0x00007ffbcee70000 - 0x00007ffbceff8000 	D:\JPAD\jpad\libraries\occjava\OCCJavaWrapper_OCCT_v7.0.0_vc14_Win64\TKOffset.dll
0x00007ffbf4da0000 - 0x00007ffbf4df8000 	D:\JPAD\jpad\libraries\occjava\OCCJavaWrapper_OCCT_v7.0.0_vc14_Win64\TKCDF.dll
0x00007ffbef680000 - 0x00007ffbef715000 	D:\JPAD\jpad\libraries\occjava\OCCJavaWrapper_OCCT_v7.0.0_vc14_Win64\TKCAF.dll
0x00007ffbece00000 - 0x00007ffbecea3000 	D:\JPAD\jpad\libraries\occjava\OCCJavaWrapper_OCCT_v7.0.0_vc14_Win64\TKLCAF.dll
0x00007ffbd35a0000 - 0x00007ffbd367c000 	D:\JPAD\jpad\libraries\occjava\OCCJavaWrapper_OCCT_v7.0.0_vc14_Win64\TKOpenGl.dll
0x00007ffbbc680000 - 0x00007ffbbc9c8000 	D:\JPAD\jpad\libraries\occjava\OCCJavaWrapper_OCCT_v7.0.0_vc14_Win64\TKIGES.dll
0x00007ffbbc440000 - 0x00007ffbbc67b000 	D:\JPAD\jpad\libraries\occjava\OCCJavaWrapper_OCCT_v7.0.0_vc14_Win64\TKXSBase.dll
0x00007ffbbc250000 - 0x00007ffbbc432000 	D:\JPAD\jpad\libraries\occjava\OCCJavaWrapper_OCCT_v7.0.0_vc14_Win64\TKSTEPBase.dll
0x00007ffbbbf70000 - 0x00007ffbbc242000 	D:\JPAD\jpad\libraries\occjava\OCCJavaWrapper_OCCT_v7.0.0_vc14_Win64\TKSTEP.dll
0x00007ffc15160000 - 0x00007ffc1518b000 	D:\JPAD\jpad\libraries\occjava\OCCJavaWrapper_OCCT_v7.0.0_vc14_Win64\TKSTL.dll
0x00007ffbf48c0000 - 0x00007ffbf493e000 	D:\JPAD\jpad\libraries\occjava\OCCJavaWrapper_OCCT_v7.0.0_vc14_Win64\TKVRML.dll
0x00007ffbf3800000 - 0x00007ffbf389f000 	C:\WINDOWS\SYSTEM32\MSVCP140.dll
0x0000000050360000 - 0x0000000050367000 	D:\JPAD\jpad\libraries\occjava\OCCJavaWrapper_OCCT_v7.0.0_vc14_Win64\jre1.8.0_91\bin\jawt.dll
0x00007ffbbbe10000 - 0x00007ffbbbf64000 	D:\JPAD\jpad\libraries\occjava\OCCJavaWrapper_OCCT_v7.0.0_vc14_Win64\TKFeat.dll
0x00007ffbec780000 - 0x00007ffbec7f5000 	D:\JPAD\jpad\libraries\occjava\OCCJavaWrapper_OCCT_v7.0.0_vc14_Win64\TKMesh.dll
0x00007ffc12940000 - 0x00007ffc12956000 	C:\WINDOWS\SYSTEM32\VCRUNTIME140.dll
0x00007ffc23630000 - 0x00007ffc236b6000 	C:\WINDOWS\SYSTEM32\WINSPOOL.DRV
0x00007ffbf5440000 - 0x00007ffbf5484000 	D:\JPAD\jpad\libraries\occjava\OCCJavaWrapper_OCCT_v7.0.0_vc14_Win64\tbbmalloc.dll
0x00007ffbf2c20000 - 0x00007ffbf2c64000 	D:\JPAD\jpad\libraries\occjava\OCCJavaWrapper_OCCT_v7.0.0_vc14_Win64\tbb.dll
0x00007ffbbbcf0000 - 0x00007ffbbbe0e000 	C:\WINDOWS\SYSTEM32\OPENGL32.dll
0x00007ffc13a30000 - 0x00007ffc13a4a000 	D:\JPAD\jpad\libraries\occjava\OCCJavaWrapper_OCCT_v7.0.0_vc14_Win64\gl2ps.dll
0x00007ffbd6ee0000 - 0x00007ffbd6f91000 	D:\JPAD\jpad\libraries\occjava\OCCJavaWrapper_OCCT_v7.0.0_vc14_Win64\freetype.dll
0x00007ffc28090000 - 0x00007ffc280c9000 	C:\WINDOWS\SYSTEM32\IPHLPAPI.DLL
0x00007ffc28630000 - 0x00007ffc28655000 	C:\WINDOWS\SYSTEM32\bcrypt.dll
0x00007ffbbdc70000 - 0x00007ffbbdd2d000 	D:\JPAD\jpad\libraries\occjava\OCCJavaWrapper_OCCT_v7.0.0_vc14_Win64\TKSTEPAttr.dll
0x00007ffbf7ab0000 - 0x00007ffbf7adc000 	C:\WINDOWS\SYSTEM32\GLU32.dll
0x00007ffbeaa50000 - 0x00007ffbeaad9000 	D:\JPAD\jpad\libraries\occjava\OCCJavaWrapper_OCCT_v7.0.0_vc14_Win64\TKSTEP209.dll
0x00000000501c0000 - 0x0000000050358000 	D:\JPAD\jpad\libraries\occjava\OCCJavaWrapper_OCCT_v7.0.0_vc14_Win64\jre1.8.0_91\bin\awt.dll
0x00007ffc2b8f0000 - 0x00007ffc2b9b5000 	C:\WINDOWS\System32\OLEAUT32.dll
0x000000002de30000 - 0x000000002e467000 	D:\JPAD\jpad\libraries\occjava\OCCJavaWrapper_OCCT_v7.0.0_vc14_Win64\FreeImage.dll
0x000000002e470000 - 0x000000002e494000 	D:\JPAD\jpad\libraries\occjava\OCCJavaWrapper_OCCT_v7.0.0_vc14_Win64\FreeImagePlus.dll
0x00007ffc284c0000 - 0x00007ffc284cb000 	C:\WINDOWS\SYSTEM32\CRYPTBASE.DLL
0x00007ffc26f90000 - 0x00007ffc27018000 	C:\WINDOWS\SYSTEM32\apphelp.dll
0x00007ffc23ae0000 - 0x00007ffc23ca8000 	C:\WINDOWS\SYSTEM32\dbghelp.dll

VM Arguments:
jvm_args: -Dfile.encoding=UTF-8 
java_command: it.unina.daf.jpadcadsandbox.Test01vt -i D:\JPAD\jpad/JPADSandBox_v2/in/Template_Aircraft/aircraft_IRON_NEW.xml -ia D:\JPAD\jpad/JPADSandBox_v2/in/Template_Analyses/analysis_IRON.xml -ioc D:\JPAD\jpad/JPADSandBox_v2/in/Template_Analyses/operating_conditions_IRON.xml --database-dir D:\JPAD\jpad/JPADSandBox_v2/data -da D:\JPAD\jpad/JPADSandBox_v2/in/Template_Aircraft/lifting_surfaces/airfoils -df D:\JPAD\jpad/JPADSandBox_v2/in/Template_Aircraft/fuselages -dls D:\JPAD\jpad/JPADSandBox_v2/in/Template_Aircraft/lifting_surfaces -de D:\JPAD\jpad/JPADSandBox_v2/in/Template_Aircraft/engines -dn D:\JPAD\jpad/JPADSandBox_v2/in/Template_Aircraft/nacelles -dlg D:\JPAD\jpad/JPADSandBox_v2/in/Template_Aircraft/landing_gears -ds D:\JPAD\jpad/JPADSandBox_v2/in/Template_Aircraft/systems -dcc D:\JPAD\jpad/JPADSandBox_v2/in/Template_Aircraft/cabin_configurations
java_class_path (initial): C:\Program Files\Java\jdk1.8.0_151\jre\lib\resources.jar;C:\Program Files\Java\jdk1.8.0_151\jre\lib\rt.jar;C:\Program Files\Java\jdk1.8.0_151\jre\lib\jsse.jar;C:\Program Files\Java\jdk1.8.0_151\jre\lib\jce.jar;C:\Program Files\Java\jdk1.8.0_151\jre\lib\charsets.jar;C:\Program Files\Java\jdk1.8.0_151\jre\lib\jfr.jar;C:\Program Files\Java\jdk1.8.0_151\jre\lib\ext\access-bridge-64.jar;C:\Program Files\Java\jdk1.8.0_151\jre\lib\ext\cldrdata.jar;C:\Program Files\Java\jdk1.8.0_151\jre\lib\ext\dnsns.jar;C:\Program Files\Java\jdk1.8.0_151\jre\lib\ext\jaccess.jar;C:\Program Files\Java\jdk1.8.0_151\jre\lib\ext\jfxrt.jar;C:\Program Files\Java\jdk1.8.0_151\jre\lib\ext\localedata.jar;C:\Program Files\Java\jdk1.8.0_151\jre\lib\ext\nashorn.jar;C:\Program Files\Java\jdk1.8.0_151\jre\lib\ext\sunec.jar;C:\Program Files\Java\jdk1.8.0_151\jre\lib\ext\sunjce_provider.jar;C:\Program Files\Java\jdk1.8.0_151\jre\lib\ext\sunmscapi.jar;C:\Program Files\Java\jdk1.8.0_151\jre\lib\ext\sunpkcs11.jar;C:\Program Files\Java\jdk1.8.0_151\jre\lib\ext\zipfs.jar;D:\JPAD\jpad\JPADCADSandbox\bin;D:\JPAD\jpad\JPADCAD\bin;D:\JPAD\jpad\libraries\occjava\OCCJavaWrapper_OCCT_v7.0.0_vc14_Win64\OCCJavaWrapper.jar;D:\JPAD\jpad\libraries\trove\trove-3.1a1.jar;D:\JPAD\jpad\libraries\vecmath\vecmath.jar;D:\JPAD\jpad\libraries\jscience-4.3\jscience.jar;D:\JPAD\jpad\libraries\lombok\lombok.jar;D:\JPAD\jpad\libraries\args4j\args4j-2.0.21.jar;D:\JPAD\jpad\libraries\hdf\jarhdf5-2.10.1.jar;D:\JPAD\jpad\libraries\poi\poi-ooxml-3.10.1-20140818.jar;D:\JPAD\jpad\libraries\log4j\log4j-api-2.0.2.jar;D:\JPAD\jpad\libraries\log4j\log4j-core-2.0.2.jar;D:\JPAD\jpad\libraries\hdf\slf4j-api-1.7.5.jar;D:\JPAD\jpad\libraries\hdf\slf4j-nop-1.7.5.jar;D:\JPAD\jpad\libraries\processing\v3.3.6\library\core.jar;D:\JPAD\jpad\libraries\fxyz\fxyz3d-0.1.1.jar;D:\JPAD\jpad\libraries\jim\jimStlMeshImporterJFX.jar;D:\JPAD\jpad\libraries\jim\jimObjModelImporterJFX.jar;D:\JPAD\jpad\libraries\vvecmath\VVecMath.jar;D:\JPAD
Launcher Type: SUN_STANDARD

Environment Variables:
PATH=D:\JPAD\jpad\libraries\occjava\OCCJavaWrapper_OCCT_v7.0.0_vc14_Win64;D:\JPAD\jpad\libraries\occjava\OCCJavaWrapper_OCCT_v7.0.0_vc14_Win64\jre1.8.0_91\bin;D:\JPAD\jpad\libraries\hdf;



---------------  S Y S T E M  ---------------

OS: Windows 10.0 , 64 bit Build 16299 (10.0.16299.15)

CPU:total 8 (initial active 8) (4 cores per cpu, 2 threads per core) family 6 model 158 stepping 9, cmov, cx8, fxsr, mmx, sse, sse2, sse3, ssse3, sse4.1, sse4.2, popcnt, avx, avx2, aes, clmul, erms, rtm, 3dnowpref, lzcnt, ht, tsc, tscinvbit, bmi1, bmi2, adx

Memory: 4k page, physical 33479776k(26383504k free), swap 73325664k(64856332k free)

vm_info: Java HotSpot(TM) 64-Bit Server VM (25.151-b12) for windows-amd64 JRE (1.8.0_151-b12), built on Sep  5 2017 19:33:46 by "java_re" with MS VC++ 10.0 (VS2010)

time: Fri Feb 23 13:11:38 2018
elapsed time: 7 seconds (0d 0h 0m 7s)

