#
# A fatal error has been detected by the Java Runtime Environment:
#
#  EXCEPTION_UNCAUGHT_CXX_EXCEPTION (0xe06d7363) at pc=0x00007ffc29734008, pid=13260, tid=0x0000000000002a7c
#
# JRE version: Java(TM) SE Runtime Environment (8.0_151-b12) (build 1.8.0_151-b12)
# Java VM: Java HotSpot(TM) 64-Bit Server VM (25.151-b12 mixed mode windows-amd64 compressed oops)
# Problematic frame:
# C  [KERNELBASE.dll+0x14008]
#
# Failed to write core dump. Minidumps are not enabled by default on client versions of Windows
#
# If you would like to submit a bug report, please visit:
#   http://bugreport.java.com/bugreport/crash.jsp
# The crash happened outside the Java Virtual Machine in native code.
# See problematic frame for where to report the bug.
#

---------------  T H R E A D  ---------------

Current thread (0x00000000051d2800):  JavaThread "main" [_thread_in_native, id=10876, stack(0x0000000005000000,0x0000000005100000)]

siginfo: ExceptionCode=0xe06d7363, ExceptionInformation=0x0000000019930520 0x00000000050fdb40 0x00007ffbf2842b90 0x00007ffbf2790000 

Registers:
RAX=0x00007ffbed1ec859, RBX=0x000000002e462b20, RCX=0x000000002e47e758, RDX=0x000000002e444260
RSP=0x00000000050fd9c0, RBP=0x00000000050fdb00, RSI=0x00007ffbf2842b90, RDI=0x00007ffbb64b6b48
R8 =0x00007ffbf26da0d6, R9 =0x00000000050fd4c0, R10=0x00000000050fd4d0, R11=0xfffffffffffffffe
R12=0x00007ffbb649bef0, R13=0x000000002ea15ac8, R14=0x00000000050fdb40, R15=0x0000000000000004
RIP=0x00007ffc29734008, EFLAGS=0x0000000000000202

Top of Stack: (sp=0x00000000050fd9c0)
0x00000000050fd9c0:   0000000000000000 000000002e462b20
0x00000000050fd9d0:   00007ffbf2842b90 00007ffbb64b6b48
0x00000000050fd9e0:   00000001e06d7363 0000000000000000
0x00000000050fd9f0:   00007ffc29734008 0000000000000004
0x00000000050fda00:   0000000019930520 00000000050fdb40
0x00000000050fda10:   00007ffbf2842b90 00007ffbf2790000
0x00000000050fda20:   00007ffbb649bef0 00007ffbb64b6b48
0x00000000050fda30:   00007ffbf2842b90 00000000050fdb20
0x00000000050fda40:   00000000050fdb00 00007ffc2c7fc66f
0x00000000050fda50:   000000002ea15ac8 00007ffb00000000
0x00000000050fda60:   0000000000000000 0000000000000000
0x00000000050fda70:   00007ffbf28ed000 00007ffbf2790000
0x00000000050fda80:   000082f6eb6949bf 00007ffbb649bf00
0x00000000050fda90:   000000002e462b20 00007ffc0eb944f2
0x00000000050fdaa0:   00007ffbb64b6b48 00007ffc28e3e926
0x00000000050fdab0:   0000000000000017 0000000000000017 

Instructions: (pc=0x00007ffc29734008)
0x00007ffc29733fe8:   49 8b d1 44 0f 47 c0 44 89 44 24 38 49 c1 e0 03
0x00007ffc29733ff8:   e8 ca 16 07 00 48 8d 4c 24 20 ff 15 e8 4a 16 00
0x00007ffc29734008:   48 8b 8c 24 c0 00 00 00 48 33 cc e8 a8 e6 06 00
0x00007ffc29734018:   48 81 c4 d8 00 00 00 c3 83 64 24 38 00 eb d6 cc 


Register to memory mapping:

RAX=0x00007ffbed1ec859 is an unknown value
RBX=0x000000002e462b20 is an unknown value
RCX=0x000000002e47e758 is an unknown value
RDX=0x000000002e444260 is an unknown value
RSP=0x00000000050fd9c0 is pointing into the stack for thread: 0x00000000051d2800
RBP=0x00000000050fdb00 is pointing into the stack for thread: 0x00000000051d2800
RSI=0x00007ffbf2842b90 is an unknown value
RDI=0x00007ffbb64b6b48 is an unknown value
R8 =0x00007ffbf26da0d6 is an unknown value
R9 =0x00000000050fd4c0 is pointing into the stack for thread: 0x00000000051d2800
R10=0x00000000050fd4d0 is pointing into the stack for thread: 0x00000000051d2800
R11=0xfffffffffffffffe is an unknown value
R12=0x00007ffbb649bef0 is an unknown value
R13=0x000000002ea15ac8 is an unknown value
R14=0x00000000050fdb40 is pointing into the stack for thread: 0x00000000051d2800
R15=0x0000000000000004 is an unknown value


Stack: [0x0000000005000000,0x0000000005100000],  sp=0x00000000050fd9c0,  free space=1014k
Native frames: (J=compiled Java code, j=interpreted, Vv=VM code, C=native code)
C  [KERNELBASE.dll+0x14008]
C  [VCRUNTIME140.dll+0x44f2]
C  [TKernel.dll+0x32472]
C  [TKernel.dll+0x32278]
C  [TKBool.dll+0x1ad5ea]
C  [TKOffset.dll+0x11ba0]
C  0x00000000053c7f74

Java frames: (J=compiled Java code, j=interpreted, Vv=VM code)
j  opencascade.OCCwrapJavaJNI.BRepBuilderAPI_MakeShape_Build(JLopencascade/BRepBuilderAPI_MakeShape;)V+0
j  opencascade.BRepBuilderAPI_MakeShape.Build()V+5
j  it.unina.daf.jpadcadsandbox.utils.AircraftUtils.getLiftingSurfaceCAD(Laircraft/components/liftingSurface/LiftingSurface;Lconfiguration/enumerations/ComponentEnum;DZZZ)Ljava/util/List;+4729
j  it.unina.daf.jpadcadsandbox.Test01vt.main([Ljava/lang/String;)V+83
v  ~StubRoutines::call_stub

---------------  P R O C E S S  ---------------

Java Threads: ( => current thread )
  0x000000002a308000 JavaThread "Service Thread" daemon [_thread_blocked, id=6316, stack(0x000000002ae50000,0x000000002af50000)]
  0x000000002a2a1800 JavaThread "C1 CompilerThread3" daemon [_thread_blocked, id=1836, stack(0x000000002ad50000,0x000000002ae50000)]
  0x000000002a275800 JavaThread "C2 CompilerThread2" daemon [_thread_blocked, id=4612, stack(0x000000002ac50000,0x000000002ad50000)]
  0x000000002a272800 JavaThread "C2 CompilerThread1" daemon [_thread_blocked, id=6932, stack(0x000000002ab50000,0x000000002ac50000)]
  0x000000002a26a800 JavaThread "C2 CompilerThread0" daemon [_thread_blocked, id=12584, stack(0x000000002aa50000,0x000000002ab50000)]
  0x000000002a266800 JavaThread "Attach Listener" daemon [_thread_blocked, id=10328, stack(0x000000002a950000,0x000000002aa50000)]
  0x000000002a265800 JavaThread "Signal Dispatcher" daemon [_thread_blocked, id=3112, stack(0x000000002a850000,0x000000002a950000)]
  0x000000002a260800 JavaThread "Finalizer" daemon [_thread_blocked, id=10044, stack(0x000000002a640000,0x000000002a740000)]
  0x000000002837c800 JavaThread "Reference Handler" daemon [_thread_blocked, id=10784, stack(0x000000002a140000,0x000000002a240000)]
=>0x00000000051d2800 JavaThread "main" [_thread_in_native, id=10876, stack(0x0000000005000000,0x0000000005100000)]

Other Threads:
  0x0000000028378000 VMThread [stack: 0x000000002a040000,0x000000002a140000] [id=9020]
  0x000000002a32a000 WatcherThread [stack: 0x000000002af50000,0x000000002b050000] [id=5144]

VM state:not at safepoint (normal execution)

VM Mutex/Monitor currently owned by a thread: None

Heap:
 PSYoungGen      total 134144K, used 5114K [0x0000000715b80000, 0x000000071f180000, 0x00000007c0000000)
  eden space 128512K, 3% used [0x0000000715b80000,0x000000071607e8f0,0x000000071d900000)
  from space 5632K, 0% used [0x000000071dc00000,0x000000071dc00000,0x000000071e180000)
  to   space 7680K, 0% used [0x000000071ea00000,0x000000071ea00000,0x000000071f180000)
 ParOldGen       total 134144K, used 5047K [0x00000005c1200000, 0x00000005c9500000, 0x0000000715b80000)
  object space 134144K, 3% used [0x00000005c1200000,0x00000005c16edf70,0x00000005c9500000)
 Metaspace       used 20532K, capacity 21212K, committed 21504K, reserved 1069056K
  class space    used 1787K, capacity 1939K, committed 2048K, reserved 1048576K

Card table byte_map: [0x0000000014770000,0x0000000015770000] byte_map_base: 0x0000000011967000

Marking Bits: (ParMarkBitMap*) 0x0000000077f7d850
 Begin Bits: [0x0000000016a20000, 0x000000001e9d8000)
 End Bits:   [0x000000001e9d8000, 0x0000000026990000)

Polling page: 0x0000000000ff0000

CodeCache: size=245760Kb used=9475Kb max_used=9475Kb free=236284Kb
 bounds [0x00000000053b0000, 0x0000000005d00000, 0x00000000143b0000]
 total_blobs=3648 nmethods=2481 adapters=1078
 compilation: enabled

Compilation events (10 events):
Event: 8.247 Thread 0x000000002a2a1800 2475       3       sun.misc.FloatingDecimal::getBinaryToASCIIConverter (183 bytes)
Event: 8.248 Thread 0x000000002a2a1800 nmethod 2475 0x0000000005cf1b10 code [0x0000000005cf1ce0, 0x0000000005cf2528]
Event: 8.249 Thread 0x000000002a2a1800 2476       3       opencascade.Standard_Transient::getCPtr (13 bytes)
Event: 8.249 Thread 0x000000002a2a1800 nmethod 2476 0x0000000005cf1710 code [0x0000000005cf1860, 0x0000000005cf19f0]
Event: 8.252 Thread 0x000000002a2a1800 2477       1       it.unina.daf.jpadcad.occ.OCCGeomCurve3D::edge (5 bytes)
Event: 8.253 Thread 0x000000002a2a1800 nmethod 2477 0x0000000005cf4d10 code [0x0000000005cf4e60, 0x0000000005cf4f70]
Event: 8.253 Thread 0x000000002a2a1800 2479       3       opencascade.gp_Pnt::Z (9 bytes)
Event: 8.253 Thread 0x000000002a2a1800 nmethod 2479 0x0000000005cf4210 code [0x0000000005cf4380, 0x0000000005cf4508]
Event: 8.255 Thread 0x000000002a2a1800 2481   !   3       java.lang.Class::getEnumConstantsShared (73 bytes)
Event: 8.255 Thread 0x000000002a2a1800 nmethod 2481 0x0000000005cf3290 code [0x0000000005cf3480, 0x0000000005cf3ea8]

GC Heap History (10 events):
Event: 4.385 GC heap before
{Heap before GC invocations=2 (full 0):
 PSYoungGen      total 153088K, used 139492K [0x0000000715b80000, 0x0000000720600000, 0x00000007c0000000)
  eden space 131584K, 100% used [0x0000000715b80000,0x000000071dc00000,0x000000071dc00000)
  from space 21504K, 36% used [0x000000071dc00000,0x000000071e3b9348,0x000000071f100000)
  to   space 21504K, 0% used [0x000000071f100000,0x000000071f100000,0x0000000720600000)
 ParOldGen       total 349696K, used 16K [0x00000005c1200000, 0x00000005d6780000, 0x0000000715b80000)
  object space 349696K, 0% used [0x00000005c1200000,0x00000005c1204000,0x00000005d6780000)
 Metaspace       used 13478K, capacity 13748K, committed 13824K, reserved 1060864K
  class space    used 1443K, capacity 1522K, committed 1536K, reserved 1048576K
Event: 4.388 GC heap after
Heap after GC invocations=2 (full 0):
 PSYoungGen      total 153088K, used 4417K [0x0000000715b80000, 0x0000000720600000, 0x00000007c0000000)
  eden space 131584K, 0% used [0x0000000715b80000,0x0000000715b80000,0x000000071dc00000)
  from space 21504K, 20% used [0x000000071f100000,0x000000071f5505d8,0x0000000720600000)
  to   space 21504K, 0% used [0x000000071dc00000,0x000000071dc00000,0x000000071f100000)
 ParOldGen       total 349696K, used 88K [0x00000005c1200000, 0x00000005d6780000, 0x0000000715b80000)
  object space 349696K, 0% used [0x00000005c1200000,0x00000005c1216010,0x00000005d6780000)
 Metaspace       used 13478K, capacity 13748K, committed 13824K, reserved 1060864K
  class space    used 1443K, capacity 1522K, committed 1536K, reserved 1048576K
}
Event: 5.177 GC heap before
{Heap before GC invocations=3 (full 0):
 PSYoungGen      total 153088K, used 136001K [0x0000000715b80000, 0x0000000720600000, 0x00000007c0000000)
  eden space 131584K, 100% used [0x0000000715b80000,0x000000071dc00000,0x000000071dc00000)
  from space 21504K, 20% used [0x000000071f100000,0x000000071f5505d8,0x0000000720600000)
  to   space 21504K, 0% used [0x000000071dc00000,0x000000071dc00000,0x000000071f100000)
 ParOldGen       total 349696K, used 88K [0x00000005c1200000, 0x00000005d6780000, 0x0000000715b80000)
  object space 349696K, 0% used [0x00000005c1200000,0x00000005c1216010,0x00000005d6780000)
 Metaspace       used 14751K, capacity 15208K, committed 15360K, reserved 1062912K
  class space    used 1570K, capacity 1690K, committed 1792K, reserved 1048576K
Event: 5.180 GC heap after
Heap after GC invocations=3 (full 0):
 PSYoungGen      total 153088K, used 4772K [0x0000000715b80000, 0x0000000720600000, 0x00000007c0000000)
  eden space 131584K, 0% used [0x0000000715b80000,0x0000000715b80000,0x000000071dc00000)
  from space 21504K, 22% used [0x000000071dc00000,0x000000071e0a9080,0x000000071f100000)
  to   space 21504K, 0% used [0x000000071f100000,0x000000071f100000,0x0000000720600000)
 ParOldGen       total 349696K, used 96K [0x00000005c1200000, 0x00000005d6780000, 0x0000000715b80000)
  object space 349696K, 0% used [0x00000005c1200000,0x00000005c1218010,0x00000005d6780000)
 Metaspace       used 14751K, capacity 15208K, committed 15360K, reserved 1062912K
  class space    used 1570K, capacity 1690K, committed 1792K, reserved 1048576K
}
Event: 5.978 GC heap before
{Heap before GC invocations=4 (full 0):
 PSYoungGen      total 153088K, used 136356K [0x0000000715b80000, 0x0000000720600000, 0x00000007c0000000)
  eden space 131584K, 100% used [0x0000000715b80000,0x000000071dc00000,0x000000071dc00000)
  from space 21504K, 22% used [0x000000071dc00000,0x000000071e0a9080,0x000000071f100000)
  to   space 21504K, 0% used [0x000000071f100000,0x000000071f100000,0x0000000720600000)
 ParOldGen       total 349696K, used 96K [0x00000005c1200000, 0x00000005d6780000, 0x0000000715b80000)
  object space 349696K, 0% used [0x00000005c1200000,0x00000005c1218010,0x00000005d6780000)
 Metaspace       used 15129K, capacity 15590K, committed 15872K, reserved 1062912K
  class space    used 1599K, capacity 1729K, committed 1792K, reserved 1048576K
Event: 5.990 GC heap after
Heap after GC invocations=4 (full 0):
 PSYoungGen      total 153088K, used 4752K [0x0000000715b80000, 0x0000000720600000, 0x00000007c0000000)
  eden space 131584K, 0% used [0x0000000715b80000,0x0000000715b80000,0x000000071dc00000)
  from space 21504K, 22% used [0x000000071f100000,0x000000071f5a4140,0x0000000720600000)
  to   space 21504K, 0% used [0x000000071dc00000,0x000000071dc00000,0x000000071f100000)
 ParOldGen       total 349696K, used 104K [0x00000005c1200000, 0x00000005d6780000, 0x0000000715b80000)
  object space 349696K, 0% used [0x00000005c1200000,0x00000005c121a010,0x00000005d6780000)
 Metaspace       used 15129K, capacity 15590K, committed 15872K, reserved 1062912K
  class space    used 1599K, capacity 1729K, committed 1792K, reserved 1048576K
}
Event: 8.185 GC heap before
{Heap before GC invocations=5 (full 0):
 PSYoungGen      total 153088K, used 70212K [0x0000000715b80000, 0x0000000720600000, 0x00000007c0000000)
  eden space 131584K, 49% used [0x0000000715b80000,0x0000000719b6d080,0x000000071dc00000)
  from space 21504K, 22% used [0x000000071f100000,0x000000071f5a4140,0x0000000720600000)
  to   space 21504K, 0% used [0x000000071dc00000,0x000000071dc00000,0x000000071f100000)
 ParOldGen       total 349696K, used 104K [0x00000005c1200000, 0x00000005d6780000, 0x0000000715b80000)
  object space 349696K, 0% used [0x00000005c1200000,0x00000005c121a010,0x00000005d6780000)
 Metaspace       used 20508K, capacity 21130K, committed 21248K, reserved 1069056K
  class space    used 1782K, capacity 1934K, committed 2048K, reserved 1048576K
Event: 8.194 GC heap after
Heap after GC invocations=5 (full 0):
 PSYoungGen      total 134144K, used 5168K [0x0000000715b80000, 0x000000071f180000, 0x00000007c0000000)
  eden space 128512K, 0% used [0x0000000715b80000,0x0000000715b80000,0x000000071d900000)
  from space 5632K, 91% used [0x000000071dc00000,0x000000071e10c030,0x000000071e180000)
  to   space 7680K, 0% used [0x000000071ea00000,0x000000071ea00000,0x000000071f180000)
 ParOldGen       total 349696K, used 112K [0x00000005c1200000, 0x00000005d6780000, 0x0000000715b80000)
  object space 349696K, 0% used [0x00000005c1200000,0x00000005c121c010,0x00000005d6780000)
 Metaspace       used 20508K, capacity 21130K, committed 21248K, reserved 1069056K
  class space    used 1782K, capacity 1934K, committed 2048K, reserved 1048576K
}
Event: 8.194 GC heap before
{Heap before GC invocations=6 (full 1):
 PSYoungGen      total 134144K, used 5168K [0x0000000715b80000, 0x000000071f180000, 0x00000007c0000000)
  eden space 128512K, 0% used [0x0000000715b80000,0x0000000715b80000,0x000000071d900000)
  from space 5632K, 91% used [0x000000071dc00000,0x000000071e10c030,0x000000071e180000)
  to   space 7680K, 0% used [0x000000071ea00000,0x000000071ea00000,0x000000071f180000)
 ParOldGen       total 349696K, used 112K [0x00000005c1200000, 0x00000005d6780000, 0x0000000715b80000)
  object space 349696K, 0% used [0x00000005c1200000,0x00000005c121c010,0x00000005d6780000)
 Metaspace       used 20508K, capacity 21130K, committed 21248K, reserved 1069056K
  class space    used 1782K, capacity 1934K, committed 2048K, reserved 1048576K
Event: 8.219 GC heap after
Heap after GC invocations=6 (full 1):
 PSYoungGen      total 134144K, used 0K [0x0000000715b80000, 0x000000071f180000, 0x00000007c0000000)
  eden space 128512K, 0% used [0x0000000715b80000,0x0000000715b80000,0x000000071d900000)
  from space 5632K, 0% used [0x000000071dc00000,0x000000071dc00000,0x000000071e180000)
  to   space 7680K, 0% used [0x000000071ea00000,0x000000071ea00000,0x000000071f180000)
 ParOldGen       total 134144K, used 5047K [0x00000005c1200000, 0x00000005c9500000, 0x0000000715b80000)
  object space 134144K, 3% used [0x00000005c1200000,0x00000005c16edf70,0x00000005c9500000)
 Metaspace       used 20508K, capacity 21130K, committed 21248K, reserved 1069056K
  class space    used 1782K, capacity 1934K, committed 2048K, reserved 1048576K
}

Deoptimization events (10 events):
Event: 4.383 Thread 0x00000000051d2800 Uncommon trap: reason=predicate action=maybe_recompile pc=0x000000000582a5dc method=com.sun.org.apache.xerces.internal.impl.XMLDocumentFragmentScannerImpl.scanDocument(Z)Z @ 13
Event: 4.623 Thread 0x00000000051d2800 Uncommon trap: reason=unstable_if action=reinterpret pc=0x000000000596c148 method=java.lang.Double.equals(Ljava/lang/Object;)Z @ 25
Event: 4.688 Thread 0x00000000051d2800 Uncommon trap: reason=unstable_if action=reinterpret pc=0x000000000551f59c method=sun.nio.cs.UTF_8$Encoder.encode([CII[B)I @ 33
Event: 4.689 Thread 0x00000000051d2800 Uncommon trap: reason=unstable_if action=reinterpret pc=0x00000000055bf280 method=sun.net.www.ParseUtil.encodePath(Ljava/lang/String;Z)Ljava/lang/String; @ 81
Event: 4.689 Thread 0x00000000051d2800 Uncommon trap: reason=unstable_if action=reinterpret pc=0x00000000055b5188 method=sun.nio.cs.UTF_8$Decoder.decode([BII[C)I @ 30
Event: 5.215 Thread 0x00000000051d2800 Uncommon trap: reason=unstable_if action=reinterpret pc=0x0000000005b56410 method=sun.misc.FloatingDecimal.readJavaFormatString(Ljava/lang/String;)Lsun/misc/FloatingDecimal$ASCIIToBinaryConverter; @ 178
Event: 5.744 Thread 0x00000000051d2800 Uncommon trap: reason=unstable_if action=reinterpret pc=0x00000000055c73f8 method=java.io.WinNTFileSystem.normalize(Ljava/lang/String;)Ljava/lang/String; @ 74
Event: 5.780 Thread 0x00000000051d2800 Uncommon trap: reason=class_check action=maybe_recompile pc=0x000000000568baf4 method=com.sun.org.apache.xerces.internal.impl.XMLDocumentFragmentScannerImpl.scanStartElement()Z @ 436
Event: 5.781 Thread 0x00000000051d2800 Uncommon trap: reason=unstable_if action=reinterpret pc=0x0000000005b0af3c method=com.sun.org.apache.xerces.internal.impl.XMLEntityScanner.scanContent(Lcom/sun/org/apache/xerces/internal/xni/XMLString;)I @ 121
Event: 5.866 Thread 0x00000000051d2800 Uncommon trap: reason=unstable_if action=reinterpret pc=0x00000000058ad508 method=sun.misc.FloatingDecimal$ASCIIToBinaryBuffer.doubleValue()D @ 254

Internal exceptions (10 events):
Event: 0.270 Thread 0x00000000051d2800 Exception <a 'java/security/PrivilegedActionException'> (0x00000007162636e0) thrown at [C:\re\workspace\8-2-build-windows-amd64-cygwin\jdk8u151\9699\hotspot\src\share\vm\prims\jvm.cpp, line 1390]
Event: 0.270 Thread 0x00000000051d2800 Exception <a 'java/security/PrivilegedActionException'> (0x0000000716264868) thrown at [C:\re\workspace\8-2-build-windows-amd64-cygwin\jdk8u151\9699\hotspot\src\share\vm\prims\jvm.cpp, line 1390]
Event: 0.270 Thread 0x00000000051d2800 Exception <a 'java/security/PrivilegedActionException'> (0x0000000716264a78) thrown at [C:\re\workspace\8-2-build-windows-amd64-cygwin\jdk8u151\9699\hotspot\src\share\vm\prims\jvm.cpp, line 1390]
Event: 2.269 Thread 0x00000000051d2800 Implicit null exception at 0x00000000055ec3fb to 0x00000000055ecaa1
Event: 2.474 Thread 0x00000000051d2800 Exception <a 'java/lang/NoSuchFieldError': method resolution failed> (0x0000000718364ad8) thrown at [C:\re\workspace\8-2-build-windows-amd64-cygwin\jdk8u151\9699\hotspot\src\share\vm\prims\methodHandles.cpp, line 1146]
Event: 2.475 Thread 0x00000000051d2800 Exception <a 'java/lang/NoSuchFieldError': method resolution failed> (0x0000000718372198) thrown at [C:\re\workspace\8-2-build-windows-amd64-cygwin\jdk8u151\9699\hotspot\src\share\vm\prims\methodHandles.cpp, line 1146]
Event: 3.184 Thread 0x00000000051d2800 Implicit null exception at 0x00000000056e2a5d to 0x00000000056e457c
Event: 3.197 Thread 0x00000000051d2800 Implicit null exception at 0x00000000057f1030 to 0x00000000057f108e
Event: 3.757 Thread 0x00000000051d2800 Implicit null exception at 0x00000000055e0254 to 0x00000000055e0611
Event: 3.904 Thread 0x00000000051d2800 Implicit null exception at 0x00000000055afd16 to 0x00000000055b00b5

Events (10 events):
Event: 8.185 Executing VM operation: CollectForMetadataAllocation
Event: 8.219 Executing VM operation: CollectForMetadataAllocation done
Event: 8.252 loading class it/unina/daf/jpadcad/occ/CADGeomCurve3D
Event: 8.252 loading class it/unina/daf/jpadcad/occ/CADGeomCurve3D done
Event: 8.255 loading class opencascade/BRepOffsetAPI_MakeFilling
Event: 8.255 loading class opencascade/BRepOffsetAPI_MakeFilling done
Event: 8.256 loading class opencascade/GeomAbs_Shape
Event: 8.256 loading class opencascade/GeomAbs_Shape done
Event: 8.256 loading class opencascade/GeomAbs_Shape$SwigNext
Event: 8.256 loading class opencascade/GeomAbs_Shape$SwigNext done


Dynamic libraries:
0x00007ff6ef940000 - 0x00007ff6ef977000 	C:\Program Files\Java\jdk1.8.0_151\bin\javaw.exe
0x00007ffc2c780000 - 0x00007ffc2c960000 	C:\WINDOWS\SYSTEM32\ntdll.dll
0x00007ffc2b220000 - 0x00007ffc2b2ce000 	C:\WINDOWS\System32\KERNEL32.DLL
0x00007ffc29720000 - 0x00007ffc29986000 	C:\WINDOWS\System32\KERNELBASE.dll
0x00007ffc2b090000 - 0x00007ffc2b131000 	C:\WINDOWS\System32\ADVAPI32.dll
0x00007ffc2b300000 - 0x00007ffc2b39d000 	C:\WINDOWS\System32\msvcrt.dll
0x00007ffc2b1c0000 - 0x00007ffc2b21b000 	C:\WINDOWS\System32\sechost.dll
0x00007ffc2c610000 - 0x00007ffc2c72f000 	C:\WINDOWS\System32\RPCRT4.dll
0x00007ffc2c130000 - 0x00007ffc2c2bf000 	C:\WINDOWS\System32\USER32.dll
0x00007ffc29c30000 - 0x00007ffc29c50000 	C:\WINDOWS\System32\win32u.dll
0x00007ffc2b2d0000 - 0x00007ffc2b2f8000 	C:\WINDOWS\System32\GDI32.dll
0x00007ffc29a90000 - 0x00007ffc29c23000 	C:\WINDOWS\System32\gdi32full.dll
0x00007ffc29680000 - 0x00007ffc2971b000 	C:\WINDOWS\System32\msvcp_win.dll
0x00007ffc28e30000 - 0x00007ffc28f26000 	C:\WINDOWS\System32\ucrtbase.dll
0x00007ffc0f460000 - 0x00007ffc0f6c9000 	C:\WINDOWS\WinSxS\amd64_microsoft.windows.common-controls_6595b64144ccf1df_6.0.16299.248_none_15ced204935f55d7\COMCTL32.dll
0x00007ffc2bdb0000 - 0x00007ffc2c0b8000 	C:\WINDOWS\System32\combase.dll
0x00007ffc28b80000 - 0x00007ffc28bf2000 	C:\WINDOWS\System32\bcryptPrimitives.dll
0x00007ffc2c2c0000 - 0x00007ffc2c2ed000 	C:\WINDOWS\System32\IMM32.DLL
0x00007ffc27cc0000 - 0x00007ffc27cf1000 	C:\WINDOWS\SYSTEM32\ntmarta.dll
0x00007ffc289d0000 - 0x00007ffc28a00000 	C:\WINDOWS\SYSTEM32\SspiCli.dll
0x00000000504c0000 - 0x0000000050592000 	C:\Program Files\Java\jdk1.8.0_151\jre\bin\msvcr100.dll
0x0000000077760000 - 0x0000000077ffd000 	C:\Program Files\Java\jdk1.8.0_151\jre\bin\server\jvm.dll
0x00007ffc2c740000 - 0x00007ffc2c748000 	C:\WINDOWS\System32\PSAPI.DLL
0x00007ffc249d0000 - 0x00007ffc249da000 	C:\WINDOWS\SYSTEM32\VERSION.dll
0x00007ffc18220000 - 0x00007ffc18243000 	C:\WINDOWS\SYSTEM32\WINMM.dll
0x00007ffc181f0000 - 0x00007ffc1821a000 	C:\WINDOWS\SYSTEM32\WINMMBASE.dll
0x00007ffc29a40000 - 0x00007ffc29a8a000 	C:\WINDOWS\System32\cfgmgr32.dll
0x00007ffc0d5a0000 - 0x00007ffc0d5a9000 	C:\WINDOWS\SYSTEM32\WSOCK32.dll
0x00007ffc2c0c0000 - 0x00007ffc2c12c000 	C:\WINDOWS\System32\WS2_32.dll
0x00000000504b0000 - 0x00000000504bf000 	C:\Program Files\Java\jdk1.8.0_151\jre\bin\verify.dll
0x0000000050480000 - 0x00000000504a9000 	C:\Program Files\Java\jdk1.8.0_151\jre\bin\java.dll
0x0000000050460000 - 0x0000000050476000 	C:\Program Files\Java\jdk1.8.0_151\jre\bin\zip.dll
0x00007ffc29c50000 - 0x00007ffc2b086000 	C:\WINDOWS\System32\SHELL32.dll
0x00007ffc2c360000 - 0x00007ffc2c406000 	C:\WINDOWS\System32\shcore.dll
0x00007ffc28f30000 - 0x00007ffc29677000 	C:\WINDOWS\System32\windows.storage.dll
0x00007ffc2c5b0000 - 0x00007ffc2c601000 	C:\WINDOWS\System32\shlwapi.dll
0x00007ffc28af0000 - 0x00007ffc28b01000 	C:\WINDOWS\System32\kernel.appcore.dll
0x00007ffc28b10000 - 0x00007ffc28b5c000 	C:\WINDOWS\System32\powrprof.dll
0x00007ffc28b60000 - 0x00007ffc28b7b000 	C:\WINDOWS\System32\profapi.dll
0x0000000180000000 - 0x0000000180276000 	D:\JPAD\jpad\libraries\hdf\jhdf5.dll
0x0000000050440000 - 0x000000005045a000 	C:\Program Files\Java\jdk1.8.0_151\jre\bin\net.dll
0x00007ffc28300000 - 0x00007ffc28366000 	C:\WINDOWS\system32\mswsock.dll
0x0000000050420000 - 0x0000000050431000 	C:\Program Files\Java\jdk1.8.0_151\jre\bin\nio.dll
0x00007ffbb6df0000 - 0x00007ffbb7449000 	D:\JPAD\jpad\libraries\occjava\OCCJavaWrapper_OCCT_v7.0.0_vc14_Win64\OCCwrapJava.dll
0x00007ffbfb8e0000 - 0x00007ffbfb940000 	D:\JPAD\jpad\libraries\occjava\OCCJavaWrapper_OCCT_v7.0.0_vc14_Win64\TKG2d.dll
0x00007ffbf2c70000 - 0x00007ffbf2d44000 	D:\JPAD\jpad\libraries\occjava\OCCJavaWrapper_OCCT_v7.0.0_vc14_Win64\TKG3d.dll
0x00007ffbf2790000 - 0x00007ffbf28fa000 	D:\JPAD\jpad\libraries\occjava\OCCJavaWrapper_OCCT_v7.0.0_vc14_Win64\TKernel.dll
0x00007ffbed190000 - 0x00007ffbed32a000 	D:\JPAD\jpad\libraries\occjava\OCCJavaWrapper_OCCT_v7.0.0_vc14_Win64\TKMath.dll
0x00007ffbf26c0000 - 0x00007ffbf2790000 	D:\JPAD\jpad\libraries\occjava\OCCJavaWrapper_OCCT_v7.0.0_vc14_Win64\TKBRep.dll
0x00007ffbf2470000 - 0x00007ffbf256e000 	D:\JPAD\jpad\libraries\occjava\OCCJavaWrapper_OCCT_v7.0.0_vc14_Win64\TKHLR.dll
0x00007ffbb6a10000 - 0x00007ffbb6df0000 	D:\JPAD\jpad\libraries\occjava\OCCJavaWrapper_OCCT_v7.0.0_vc14_Win64\TKGeomAlgo.dll
0x00007ffbf4af0000 - 0x00007ffbf4b46000 	D:\JPAD\jpad\libraries\occjava\OCCJavaWrapper_OCCT_v7.0.0_vc14_Win64\TKPrim.dll
0x00007ffbb6610000 - 0x00007ffbb6a0b000 	D:\JPAD\jpad\libraries\occjava\OCCJavaWrapper_OCCT_v7.0.0_vc14_Win64\TKGeomBase.dll
0x00007ffbbe8b0000 - 0x00007ffbbea9f000 	D:\JPAD\jpad\libraries\occjava\OCCJavaWrapper_OCCT_v7.0.0_vc14_Win64\TKBO.dll
0x00007ffbb61e0000 - 0x00007ffbb660f000 	D:\JPAD\jpad\libraries\occjava\OCCJavaWrapper_OCCT_v7.0.0_vc14_Win64\TKBool.dll
0x00007ffbbdc90000 - 0x00007ffbbdf13000 	D:\JPAD\jpad\libraries\occjava\OCCJavaWrapper_OCCT_v7.0.0_vc14_Win64\TKTopAlgo.dll
0x00007ffbbc150000 - 0x00007ffbbc2d8000 	D:\JPAD\jpad\libraries\occjava\OCCJavaWrapper_OCCT_v7.0.0_vc14_Win64\TKOffset.dll
0x00007ffc13360000 - 0x00007ffc1339b000 	D:\JPAD\jpad\libraries\occjava\OCCJavaWrapper_OCCT_v7.0.0_vc14_Win64\TKService.dll
0x00007ffbb5fa0000 - 0x00007ffbb61dd000 	D:\JPAD\jpad\libraries\occjava\OCCJavaWrapper_OCCT_v7.0.0_vc14_Win64\TKFillet.dll
0x00007ffbb8bf0000 - 0x00007ffbb8ccc000 	D:\JPAD\jpad\libraries\occjava\OCCJavaWrapper_OCCT_v7.0.0_vc14_Win64\TKOpenGl.dll
0x00007ffbb5cd0000 - 0x00007ffbb5f9b000 	D:\JPAD\jpad\libraries\occjava\OCCJavaWrapper_OCCT_v7.0.0_vc14_Win64\TKShHealing.dll
0x00007ffbf44f0000 - 0x00007ffbf4548000 	D:\JPAD\jpad\libraries\occjava\OCCJavaWrapper_OCCT_v7.0.0_vc14_Win64\TKCDF.dll
0x00007ffbf2bc0000 - 0x00007ffbf2c63000 	D:\JPAD\jpad\libraries\occjava\OCCJavaWrapper_OCCT_v7.0.0_vc14_Win64\TKLCAF.dll
0x00007ffbb5a50000 - 0x00007ffbb5cce000 	D:\JPAD\jpad\libraries\occjava\OCCJavaWrapper_OCCT_v7.0.0_vc14_Win64\TKV3d.dll
0x00007ffc2b9c0000 - 0x00007ffc2baca000 	C:\WINDOWS\System32\COMDLG32.dll
0x00007ffbf2f80000 - 0x00007ffbf3015000 	D:\JPAD\jpad\libraries\occjava\OCCJavaWrapper_OCCT_v7.0.0_vc14_Win64\TKCAF.dll
0x00007ffbb5810000 - 0x00007ffbb5a4b000 	D:\JPAD\jpad\libraries\occjava\OCCJavaWrapper_OCCT_v7.0.0_vc14_Win64\TKXSBase.dll
0x00007ffc13890000 - 0x00007ffc138bb000 	D:\JPAD\jpad\libraries\occjava\OCCJavaWrapper_OCCT_v7.0.0_vc14_Win64\TKSTL.dll
0x00007ffbb54c0000 - 0x00007ffbb5808000 	D:\JPAD\jpad\libraries\occjava\OCCJavaWrapper_OCCT_v7.0.0_vc14_Win64\TKIGES.dll
0x00007ffbb52d0000 - 0x00007ffbb54b2000 	D:\JPAD\jpad\libraries\occjava\OCCJavaWrapper_OCCT_v7.0.0_vc14_Win64\TKSTEPBase.dll
0x00007ffbb0e60000 - 0x00007ffbb1132000 	D:\JPAD\jpad\libraries\occjava\OCCJavaWrapper_OCCT_v7.0.0_vc14_Win64\TKSTEP.dll
0x00007ffbf05d0000 - 0x00007ffbf066f000 	C:\WINDOWS\SYSTEM32\MSVCP140.dll
0x00007ffbf35d0000 - 0x00007ffbf364e000 	D:\JPAD\jpad\libraries\occjava\OCCJavaWrapper_OCCT_v7.0.0_vc14_Win64\TKVRML.dll
0x0000000050410000 - 0x0000000050417000 	D:\JPAD\jpad\libraries\occjava\OCCJavaWrapper_OCCT_v7.0.0_vc14_Win64\jre1.8.0_91\bin\jawt.dll
0x00007ffc0eb90000 - 0x00007ffc0eba6000 	C:\WINDOWS\SYSTEM32\VCRUNTIME140.dll
0x00007ffc23630000 - 0x00007ffc236b6000 	C:\WINDOWS\SYSTEM32\WINSPOOL.DRV
0x00007ffbb0d00000 - 0x00007ffbb0e54000 	D:\JPAD\jpad\libraries\occjava\OCCJavaWrapper_OCCT_v7.0.0_vc14_Win64\TKFeat.dll
0x00007ffbf3110000 - 0x00007ffbf3185000 	D:\JPAD\jpad\libraries\occjava\OCCJavaWrapper_OCCT_v7.0.0_vc14_Win64\TKMesh.dll
0x00007ffc0de30000 - 0x00007ffc0de74000 	D:\JPAD\jpad\libraries\occjava\OCCJavaWrapper_OCCT_v7.0.0_vc14_Win64\tbbmalloc.dll
0x00007ffc0db30000 - 0x00007ffc0db74000 	D:\JPAD\jpad\libraries\occjava\OCCJavaWrapper_OCCT_v7.0.0_vc14_Win64\tbb.dll
0x00007ffbb0be0000 - 0x00007ffbb0cfe000 	C:\WINDOWS\SYSTEM32\OPENGL32.dll
0x00007ffc0e5c0000 - 0x00007ffc0e5da000 	D:\JPAD\jpad\libraries\occjava\OCCJavaWrapper_OCCT_v7.0.0_vc14_Win64\gl2ps.dll
0x00007ffbb5210000 - 0x00007ffbb52c1000 	D:\JPAD\jpad\libraries\occjava\OCCJavaWrapper_OCCT_v7.0.0_vc14_Win64\freetype.dll
0x00007ffbf2630000 - 0x00007ffbf26b9000 	D:\JPAD\jpad\libraries\occjava\OCCJavaWrapper_OCCT_v7.0.0_vc14_Win64\TKSTEP209.dll
0x00007ffc28090000 - 0x00007ffc280c9000 	C:\WINDOWS\SYSTEM32\IPHLPAPI.DLL
0x00007ffc28630000 - 0x00007ffc28655000 	C:\WINDOWS\SYSTEM32\bcrypt.dll
0x00007ffc0ddd0000 - 0x00007ffc0ddfc000 	C:\WINDOWS\SYSTEM32\GLU32.dll
0x0000000050270000 - 0x0000000050408000 	D:\JPAD\jpad\libraries\occjava\OCCJavaWrapper_OCCT_v7.0.0_vc14_Win64\jre1.8.0_91\bin\awt.dll
0x00007ffc2b8f0000 - 0x00007ffc2b9b5000 	C:\WINDOWS\System32\OLEAUT32.dll
0x00007ffbb0b20000 - 0x00007ffbb0bdd000 	D:\JPAD\jpad\libraries\occjava\OCCJavaWrapper_OCCT_v7.0.0_vc14_Win64\TKSTEPAttr.dll
0x000000002ddb0000 - 0x000000002ddd4000 	D:\JPAD\jpad\libraries\occjava\OCCJavaWrapper_OCCT_v7.0.0_vc14_Win64\FreeImagePlus.dll
0x000000002dde0000 - 0x000000002e417000 	D:\JPAD\jpad\libraries\occjava\OCCJavaWrapper_OCCT_v7.0.0_vc14_Win64\FreeImage.dll
0x00007ffc284c0000 - 0x00007ffc284cb000 	C:\WINDOWS\SYSTEM32\CRYPTBASE.DLL
0x00007ffc26f90000 - 0x00007ffc27018000 	C:\WINDOWS\SYSTEM32\apphelp.dll
0x00007ffc23ae0000 - 0x00007ffc23ca8000 	C:\WINDOWS\SYSTEM32\dbghelp.dll

VM Arguments:
jvm_args: -Dfile.encoding=UTF-8 
java_command: it.unina.daf.jpadcadsandbox.Test01vt -i D:\JPAD\jpad/JPADSandBox_v2/in/Template_Aircraft/aircraft_IRON_NEW.xml -ia D:\JPAD\jpad/JPADSandBox_v2/in/Template_Analyses/analysis_IRON.xml -ioc D:\JPAD\jpad/JPADSandBox_v2/in/Template_Analyses/operating_conditions_IRON.xml --database-dir D:\JPAD\jpad/JPADSandBox_v2/data -da D:\JPAD\jpad/JPADSandBox_v2/in/Template_Aircraft/lifting_surfaces/airfoils -df D:\JPAD\jpad/JPADSandBox_v2/in/Template_Aircraft/fuselages -dls D:\JPAD\jpad/JPADSandBox_v2/in/Template_Aircraft/lifting_surfaces -de D:\JPAD\jpad/JPADSandBox_v2/in/Template_Aircraft/engines -dn D:\JPAD\jpad/JPADSandBox_v2/in/Template_Aircraft/nacelles -dlg D:\JPAD\jpad/JPADSandBox_v2/in/Template_Aircraft/landing_gears -ds D:\JPAD\jpad/JPADSandBox_v2/in/Template_Aircraft/systems -dcc D:\JPAD\jpad/JPADSandBox_v2/in/Template_Aircraft/cabin_configurations
java_class_path (initial): C:\Program Files\Java\jdk1.8.0_151\jre\lib\resources.jar;C:\Program Files\Java\jdk1.8.0_151\jre\lib\rt.jar;C:\Program Files\Java\jdk1.8.0_151\jre\lib\jsse.jar;C:\Program Files\Java\jdk1.8.0_151\jre\lib\jce.jar;C:\Program Files\Java\jdk1.8.0_151\jre\lib\charsets.jar;C:\Program Files\Java\jdk1.8.0_151\jre\lib\jfr.jar;C:\Program Files\Java\jdk1.8.0_151\jre\lib\ext\access-bridge-64.jar;C:\Program Files\Java\jdk1.8.0_151\jre\lib\ext\cldrdata.jar;C:\Program Files\Java\jdk1.8.0_151\jre\lib\ext\dnsns.jar;C:\Program Files\Java\jdk1.8.0_151\jre\lib\ext\jaccess.jar;C:\Program Files\Java\jdk1.8.0_151\jre\lib\ext\jfxrt.jar;C:\Program Files\Java\jdk1.8.0_151\jre\lib\ext\localedata.jar;C:\Program Files\Java\jdk1.8.0_151\jre\lib\ext\nashorn.jar;C:\Program Files\Java\jdk1.8.0_151\jre\lib\ext\sunec.jar;C:\Program Files\Java\jdk1.8.0_151\jre\lib\ext\sunjce_provider.jar;C:\Program Files\Java\jdk1.8.0_151\jre\lib\ext\sunmscapi.jar;C:\Program Files\Java\jdk1.8.0_151\jre\lib\ext\sunpkcs11.jar;C:\Program Files\Java\jdk1.8.0_151\jre\lib\ext\zipfs.jar;D:\JPAD\jpad\JPADCADSandbox\bin;D:\JPAD\jpad\JPADCAD\bin;D:\JPAD\jpad\libraries\occjava\OCCJavaWrapper_OCCT_v7.0.0_vc14_Win64\OCCJavaWrapper.jar;D:\JPAD\jpad\libraries\trove\trove-3.1a1.jar;D:\JPAD\jpad\libraries\vecmath\vecmath.jar;D:\JPAD\jpad\libraries\jscience-4.3\jscience.jar;D:\JPAD\jpad\libraries\lombok\lombok.jar;D:\JPAD\jpad\libraries\args4j\args4j-2.0.21.jar;D:\JPAD\jpad\libraries\hdf\jarhdf5-2.10.1.jar;D:\JPAD\jpad\libraries\poi\poi-ooxml-3.10.1-20140818.jar;D:\JPAD\jpad\libraries\log4j\log4j-api-2.0.2.jar;D:\JPAD\jpad\libraries\log4j\log4j-core-2.0.2.jar;D:\JPAD\jpad\libraries\hdf\slf4j-api-1.7.5.jar;D:\JPAD\jpad\libraries\hdf\slf4j-nop-1.7.5.jar;D:\JPAD\jpad\libraries\processing\v3.3.6\library\core.jar;D:\JPAD\jpad\libraries\fxyz\fxyz3d-0.1.1.jar;D:\JPAD\jpad\libraries\jim\jimStlMeshImporterJFX.jar;D:\JPAD\jpad\libraries\jim\jimObjModelImporterJFX.jar;D:\JPAD\jpad\libraries\vvecmath\VVecMath.jar;D:\JPAD
Launcher Type: SUN_STANDARD

Environment Variables:
PATH=D:\JPAD\jpad\libraries\occjava\OCCJavaWrapper_OCCT_v7.0.0_vc14_Win64;D:\JPAD\jpad\libraries\occjava\OCCJavaWrapper_OCCT_v7.0.0_vc14_Win64\jre1.8.0_91\bin;D:\JPAD\jpad\libraries\hdf;



---------------  S Y S T E M  ---------------

OS: Windows 10.0 , 64 bit Build 16299 (10.0.16299.15)

CPU:total 8 (initial active 8) (4 cores per cpu, 2 threads per core) family 6 model 158 stepping 9, cmov, cx8, fxsr, mmx, sse, sse2, sse3, ssse3, sse4.1, sse4.2, popcnt, avx, avx2, aes, clmul, erms, rtm, 3dnowpref, lzcnt, ht, tsc, tscinvbit, bmi1, bmi2, adx

Memory: 4k page, physical 33479776k(26290280k free), swap 73325664k(64385956k free)

vm_info: Java HotSpot(TM) 64-Bit Server VM (25.151-b12) for windows-amd64 JRE (1.8.0_151-b12), built on Sep  5 2017 19:33:46 by "java_re" with MS VC++ 10.0 (VS2010)

time: Thu Feb 22 15:30:07 2018
elapsed time: 8 seconds (0d 0h 0m 8s)

