#
# A fatal error has been detected by the Java Runtime Environment:
#
#  EXCEPTION_UNCAUGHT_CXX_EXCEPTION (0xe06d7363) at pc=0x00007ff9fdd8a388, pid=14244, tid=0x0000000000003380
#
# JRE version: Java(TM) SE Runtime Environment (8.0_171-b11) (build 1.8.0_171-b11)
# Java VM: Java HotSpot(TM) 64-Bit Server VM (25.171-b11 mixed mode windows-amd64 compressed oops)
# Problematic frame:
# C  [KERNELBASE.dll+0x3a388]
#
# Failed to write core dump. Minidumps are not enabled by default on client versions of Windows
#
# If you would like to submit a bug report, please visit:
#   http://bugreport.java.com/bugreport/crash.jsp
# The crash happened outside the Java Virtual Machine in native code.
# See problematic frame for where to report the bug.
#

---------------  T H R E A D  ---------------

Current thread (0x00000000025c3800):  JavaThread "main" [_thread_in_native, id=13184, stack(0x0000000002430000,0x0000000002530000)]

siginfo: ExceptionCode=0xe06d7363, ExceptionInformation=0x0000000019930520 0x000000000252ed88 0x00007ff99fec2e60 0x00007ff99fbc0000 

Registers:
RAX=0xa3169886fd60aa9c, RBX=0x000000001b2884f0, RCX=0xfffffffffffffffe, RDX=0x60c5804b4a8146ee
RSP=0x000000000252ebd0, RBP=0x000000000252ed10, RSI=0x00007ff99fec2e60, RDI=0x0000000000000000
R8 =0x00000000d5c08ee0, R9 =0x0000000000000040, R10=0xce71d8ac06b177e0, R11=0x000000000252e830
R12=0x0000000000000000, R13=0x00000000172bb120, R14=0x000000000252ed88, R15=0x00000000025c3800
RIP=0x00007ff9fdd8a388, EFLAGS=0x0000000000000202

Top of Stack: (sp=0x000000000252ebd0)
0x000000000252ebd0:   0000000000000000 000000001b2884f0
0x000000000252ebe0:   00007ff99fec2e60 0000000000000000
0x000000000252ebf0:   00000001e06d7363 0000000000000000
0x000000000252ec00:   00007ff9fdd8a388 0000000000000004
0x000000000252ec10:   0000000019930520 000000000252ed88
0x000000000252ec20:   00007ff99fec2e60 00007ff99fbc0000
0x000000000252ec30:   000000000252ed88 0000000000000000
0x000000000252ec40:   0000000000000000 00007ff99fec2e60
0x000000000252ec50:   000000000252ed10 00007ffa01570f6f
0x000000000252ec60:   000000000252ed30 0000000000000000
0x000000000252ec70:   00000000025c3800 0000000002520000
0x000000000252ec80:   00007ff9a00a8000 00007ff99fbc0000
0x000000000252ec90:   00004cb2d6030c81 00007ff9aa744574
0x000000000252eca0:   000000001b2884f0 00007ff9f3a444f2
0x000000000252ecb0:   000000000252ed88 00007ff9aa854a6b
0x000000000252ecc0:   0000000002757da0 00007ff9aa7421e4 

Instructions: (pc=0x00007ff9fdd8a388)
0x00007ff9fdd8a368:   49 8b d1 44 0f 47 c0 44 89 44 24 38 49 c1 e0 03
0x00007ff9fdd8a378:   e8 4a 46 04 00 48 8d 4c 24 20 ff 15 d0 82 14 00
0x00007ff9fdd8a388:   48 8b 8c 24 c0 00 00 00 48 33 cc e8 b8 05 04 00
0x00007ff9fdd8a398:   48 81 c4 d8 00 00 00 c3 83 64 24 38 00 eb d6 cc 


Register to memory mapping:

RAX=0xa3169886fd60aa9c is an unknown value
RBX=0x000000001b2884f0 is an unknown value
RCX=0xfffffffffffffffe is an unknown value
RDX=0x60c5804b4a8146ee is an unknown value
RSP=0x000000000252ebd0 is pointing into the stack for thread: 0x00000000025c3800
RBP=0x000000000252ed10 is pointing into the stack for thread: 0x00000000025c3800
RSI=0x00007ff99fec2e60 is an unknown value
RDI=0x0000000000000000 is an unknown value
R8 =0x00000000d5c08ee0 is an oop
java.lang.Object 
 - klass: 'java/lang/Object'
R9 =0x0000000000000040 is an unknown value
R10=0xce71d8ac06b177e0 is an unknown value
R11=0x000000000252e830 is pointing into the stack for thread: 0x00000000025c3800
R12=0x0000000000000000 is an unknown value
R13={method} {0x00000000172bb128} 'TopoDS_ToWire' '(JLopencascade/TopoDS_Shape;)J' in 'opencascade/OCCwrapJavaJNI'
R14=0x000000000252ed88 is pointing into the stack for thread: 0x00000000025c3800
R15=0x00000000025c3800 is a thread


Stack: [0x0000000002430000,0x0000000002530000],  sp=0x000000000252ebd0,  free space=1018k
Native frames: (J=compiled Java code, j=interpreted, Vv=VM code, C=native code)
C  [KERNELBASE.dll+0x3a388]
C  [VCRUNTIME140.dll+0x44f2]
C  [OCCwrapJava.dll+0x1c3265]
C  0x0000000002768c67

Java frames: (J=compiled Java code, j=interpreted, Vv=VM code)
j  opencascade.OCCwrapJavaJNI.TopoDS_ToWire(JLopencascade/TopoDS_Shape;)J+0
j  opencascade.TopoDS.ToWire(Lopencascade/TopoDS_Shape;)Lopencascade/TopoDS_Wire;+9
j  it.unina.daf.jpadcadsandbox.Test37mds.main([Ljava/lang/String;)V+999
v  ~StubRoutines::call_stub

---------------  P R O C E S S  ---------------

Java Threads: ( => current thread )
  0x0000000019691000 JavaThread "Service Thread" daemon [_thread_blocked, id=13156, stack(0x000000001a1e0000,0x000000001a2e0000)]
  0x0000000019613800 JavaThread "C1 CompilerThread3" daemon [_thread_blocked, id=13328, stack(0x000000001a0e0000,0x000000001a1e0000)]
  0x0000000019606800 JavaThread "C2 CompilerThread2" daemon [_thread_blocked, id=9940, stack(0x0000000019fe0000,0x000000001a0e0000)]
  0x00000000195fd800 JavaThread "C2 CompilerThread1" daemon [_thread_blocked, id=8520, stack(0x0000000019ee0000,0x0000000019fe0000)]
  0x000000001771e800 JavaThread "C2 CompilerThread0" daemon [_thread_blocked, id=13372, stack(0x0000000019de0000,0x0000000019ee0000)]
  0x000000001771d000 JavaThread "Attach Listener" daemon [_thread_blocked, id=10992, stack(0x0000000019ce0000,0x0000000019de0000)]
  0x000000001771b800 JavaThread "Signal Dispatcher" daemon [_thread_blocked, id=3140, stack(0x0000000019be0000,0x0000000019ce0000)]
  0x00000000195f0800 JavaThread "Finalizer" daemon [_thread_blocked, id=9692, stack(0x00000000199d0000,0x0000000019ad0000)]
  0x000000001770d000 JavaThread "Reference Handler" daemon [_thread_blocked, id=12816, stack(0x00000000194d0000,0x00000000195d0000)]
=>0x00000000025c3800 JavaThread "main" [_thread_in_native, id=13184, stack(0x0000000002430000,0x0000000002530000)]

Other Threads:
  0x0000000017708800 VMThread [stack: 0x00000000193d0000,0x00000000194d0000] [id=9952]
  0x0000000019692000 WatcherThread [stack: 0x000000001a2e0000,0x000000001a3e0000] [id=14964]

VM state:not at safepoint (normal execution)

VM Mutex/Monitor currently owned by a thread: None

Heap:
 PSYoungGen      total 38400K, used 11414K [0x00000000d5c00000, 0x00000000d8680000, 0x0000000100000000)
  eden space 33280K, 34% used [0x00000000d5c00000,0x00000000d67258d0,0x00000000d7c80000)
  from space 5120K, 0% used [0x00000000d8180000,0x00000000d8180000,0x00000000d8680000)
  to   space 5120K, 0% used [0x00000000d7c80000,0x00000000d7c80000,0x00000000d8180000)
 ParOldGen       total 87552K, used 0K [0x0000000081400000, 0x0000000086980000, 0x00000000d5c00000)
  object space 87552K, 0% used [0x0000000081400000,0x0000000081400000,0x0000000086980000)
 Metaspace       used 7999K, capacity 8406K, committed 8704K, reserved 1056768K
  class space    used 582K, capacity 677K, committed 768K, reserved 1048576K

Card table byte_map: [0x0000000011b10000,0x0000000011f10000] byte_map_base: 0x0000000011706000

Marking Bits: (ParMarkBitMap*) 0x0000000075d108c0
 Begin Bits: [0x00000000129c0000, 0x0000000014970000)
 End Bits:   [0x0000000014970000, 0x0000000016920000)

Polling page: 0x0000000002570000

CodeCache: size=245760Kb used=2323Kb max_used=2339Kb free=243436Kb
 bounds [0x0000000002750000, 0x00000000029c0000, 0x0000000011750000]
 total_blobs=1299 nmethods=373 adapters=839
 compilation: enabled

Compilation events (10 events):
Event: 1.542 Thread 0x0000000019613800 nmethod 368 0x0000000002990e50 code [0x0000000002990fc0, 0x00000000029911c8]
Event: 1.542 Thread 0x000000001771e800  369   !   4       sun.misc.URLClassPath$JarLoader::getResource (85 bytes)
Event: 1.550 Thread 0x0000000019613800  370       3       sun.misc.FDBigInteger::mult (64 bytes)
Event: 1.550 Thread 0x0000000019613800 nmethod 370 0x000000000298f550 code [0x000000000298f6c0, 0x000000000298f950]
Event: 1.550 Thread 0x0000000019613800  371       3       sun.misc.FDBigInteger::<init> (30 bytes)
Event: 1.550 Thread 0x0000000019613800 nmethod 371 0x0000000002991f90 code [0x0000000002992100, 0x0000000002992308]
Event: 1.550 Thread 0x0000000019613800  372       3       sun.misc.FDBigInteger::mult (44 bytes)
Event: 1.550 Thread 0x0000000019613800 nmethod 372 0x0000000002992410 code [0x00000000029925a0, 0x0000000002992998]
Event: 1.550 Thread 0x0000000019613800  373       1       java.nio.Buffer::limit (5 bytes)
Event: 1.550 Thread 0x0000000019613800 nmethod 373 0x000000000298f210 code [0x000000000298f360, 0x000000000298f470]

GC Heap History (0 events):
No events

Deoptimization events (2 events):
Event: 0.103 Thread 0x00000000025c3800 Uncommon trap: reason=unstable_if action=reinterpret pc=0x0000000002862678 method=java.lang.String.hashCode()I @ 14
Event: 0.192 Thread 0x00000000025c3800 Uncommon trap: reason=unstable_if action=reinterpret pc=0x00000000028a95bc method=java.lang.String.indexOf([CII[CIII)I @ 3

Classes redefined (0 events):
No events

Internal exceptions (8 events):
Event: 0.033 Thread 0x00000000025c3800 Exception <a 'java/lang/NoSuchMethodError': Method sun.misc.Unsafe.defineClass(Ljava/lang/String;[BII)Ljava/lang/Class; name or signature does not match> (0x00000000d5c07cb0) thrown at [C:\re\workspace\8-2-build-windows-amd64-cygwin\jdk8u171\10807\hotspot
Event: 0.033 Thread 0x00000000025c3800 Exception <a 'java/lang/NoSuchMethodError': Method sun.misc.Unsafe.prefetchRead(Ljava/lang/Object;J)V name or signature does not match> (0x00000000d5c07f98) thrown at [C:\re\workspace\8-2-build-windows-amd64-cygwin\jdk8u171\10807\hotspot\src\share\vm\prim
Event: 0.130 Thread 0x00000000025c3800 Exception <a 'java/security/PrivilegedActionException'> (0x00000000d5df0c80) thrown at [C:\re\workspace\8-2-build-windows-amd64-cygwin\jdk8u171\10807\hotspot\src\share\vm\prims\jvm.cpp, line 1435]
Event: 0.130 Thread 0x00000000025c3800 Exception <a 'java/security/PrivilegedActionException'> (0x00000000d5df0e90) thrown at [C:\re\workspace\8-2-build-windows-amd64-cygwin\jdk8u171\10807\hotspot\src\share\vm\prims\jvm.cpp, line 1435]
Event: 0.130 Thread 0x00000000025c3800 Exception <a 'java/security/PrivilegedActionException'> (0x00000000d5df2088) thrown at [C:\re\workspace\8-2-build-windows-amd64-cygwin\jdk8u171\10807\hotspot\src\share\vm\prims\jvm.cpp, line 1435]
Event: 0.130 Thread 0x00000000025c3800 Exception <a 'java/security/PrivilegedActionException'> (0x00000000d5df2298) thrown at [C:\re\workspace\8-2-build-windows-amd64-cygwin\jdk8u171\10807\hotspot\src\share\vm\prims\jvm.cpp, line 1435]
Event: 1.458 Thread 0x00000000025c3800 Exception <a 'java/lang/NoSuchFieldError': method resolution failed> (0x00000000d64d2978) thrown at [C:\re\workspace\8-2-build-windows-amd64-cygwin\jdk8u171\10807\hotspot\src\share\vm\prims\methodHandles.cpp, line 1167]
Event: 1.459 Thread 0x00000000025c3800 Exception <a 'java/lang/NoSuchFieldError': method resolution failed> (0x00000000d64dfd78) thrown at [C:\re\workspace\8-2-build-windows-amd64-cygwin\jdk8u171\10807\hotspot\src\share\vm\prims\methodHandles.cpp, line 1167]

Events (10 events):
Event: 1.549 loading class sun/misc/FloatingDecimal$BinaryToASCIIBuffer
Event: 1.549 loading class sun/misc/FloatingDecimal$BinaryToASCIIBuffer done
Event: 1.549 loading class sun/misc/FloatingDecimal$1
Event: 1.549 loading class sun/misc/FloatingDecimal$1 done
Event: 1.549 loading class sun/misc/FloatingDecimal$PreparedASCIIToBinaryBuffer
Event: 1.549 loading class sun/misc/FloatingDecimal$ASCIIToBinaryConverter
Event: 1.549 loading class sun/misc/FloatingDecimal$ASCIIToBinaryConverter done
Event: 1.549 loading class sun/misc/FloatingDecimal$PreparedASCIIToBinaryBuffer done
Event: 1.549 loading class sun/misc/FDBigInteger
Event: 1.549 loading class sun/misc/FDBigInteger done


Dynamic libraries:
0x00007ff775070000 - 0x00007ff7750a7000 	C:\Program Files\Java\jre1.8.0_171\bin\javaw.exe
0x00007ffa01560000 - 0x00007ffa01741000 	C:\WINDOWS\SYSTEM32\ntdll.dll
0x00007ffa00bc0000 - 0x00007ffa00c72000 	C:\WINDOWS\System32\KERNEL32.DLL
0x00007ff9fdd50000 - 0x00007ff9fdfc3000 	C:\WINDOWS\System32\KERNELBASE.dll
0x00007ffa00c80000 - 0x00007ffa00d21000 	C:\WINDOWS\System32\ADVAPI32.dll
0x00007ff9fea80000 - 0x00007ff9feb1e000 	C:\WINDOWS\System32\msvcrt.dll
0x00007ffa00b60000 - 0x00007ffa00bbb000 	C:\WINDOWS\System32\sechost.dll
0x00007ff9ff0d0000 - 0x00007ff9ff1f4000 	C:\WINDOWS\System32\RPCRT4.dll
0x00007ffa01130000 - 0x00007ffa012c0000 	C:\WINDOWS\System32\USER32.dll
0x00007ff9fe1c0000 - 0x00007ff9fe1e0000 	C:\WINDOWS\System32\win32u.dll
0x00007ff9fe9f0000 - 0x00007ff9fea18000 	C:\WINDOWS\System32\GDI32.dll
0x00007ff9fe020000 - 0x00007ff9fe1b2000 	C:\WINDOWS\System32\gdi32full.dll
0x00007ff9fe8f0000 - 0x00007ff9fe98f000 	C:\WINDOWS\System32\msvcp_win.dll
0x00007ff9fd9b0000 - 0x00007ff9fdaaa000 	C:\WINDOWS\System32\ucrtbase.dll
0x00007ff9f37d0000 - 0x00007ff9f3a39000 	C:\WINDOWS\WinSxS\amd64_microsoft.windows.common-controls_6595b64144ccf1df_6.0.17134.523_none_fb409dd930672a56\COMCTL32.dll
0x00007ff9feb20000 - 0x00007ff9fee42000 	C:\WINDOWS\System32\combase.dll
0x00007ff9fd930000 - 0x00007ff9fd9aa000 	C:\WINDOWS\System32\bcryptPrimitives.dll
0x00007ffa01390000 - 0x00007ffa013bd000 	C:\WINDOWS\System32\IMM32.DLL
0x0000000074570000 - 0x0000000074642000 	C:\Program Files\Java\jre1.8.0_171\bin\msvcr100.dll
0x00000000754f0000 - 0x0000000075d90000 	C:\Program Files\Java\jre1.8.0_171\bin\server\jvm.dll
0x00007ffa012c0000 - 0x00007ffa012c8000 	C:\WINDOWS\System32\PSAPI.DLL
0x00007ff9fba90000 - 0x00007ff9fba99000 	C:\WINDOWS\SYSTEM32\WSOCK32.dll
0x00007ff9f2860000 - 0x00007ff9f2883000 	C:\WINDOWS\SYSTEM32\WINMM.dll
0x00007ff9f3030000 - 0x00007ff9f303a000 	C:\WINDOWS\SYSTEM32\VERSION.dll
0x00007ffa01060000 - 0x00007ffa010cc000 	C:\WINDOWS\System32\WS2_32.dll
0x00007ff9f1930000 - 0x00007ff9f195a000 	C:\WINDOWS\SYSTEM32\winmmbase.dll
0x00007ff9fdfd0000 - 0x00007ff9fe019000 	C:\WINDOWS\System32\cfgmgr32.dll
0x0000000077b90000 - 0x0000000077b9f000 	C:\Program Files\Java\jre1.8.0_171\bin\verify.dll
0x00000000754c0000 - 0x00000000754e9000 	C:\Program Files\Java\jre1.8.0_171\bin\java.dll
0x00007ff9fd770000 - 0x00007ff9fd7a0000 	C:\WINDOWS\SYSTEM32\SspiCli.dll
0x0000000077a10000 - 0x0000000077a26000 	C:\Program Files\Java\jre1.8.0_171\bin\zip.dll
0x00007ff9ff200000 - 0x00007ffa00640000 	C:\WINDOWS\System32\SHELL32.dll
0x00007ffa00d30000 - 0x00007ffa00dd9000 	C:\WINDOWS\System32\shcore.dll
0x00007ff9fe1e0000 - 0x00007ff9fe8ed000 	C:\WINDOWS\System32\windows.storage.dll
0x00007ffa010d0000 - 0x00007ffa01121000 	C:\WINDOWS\System32\shlwapi.dll
0x00007ff9fd8d0000 - 0x00007ff9fd8e1000 	C:\WINDOWS\System32\kernel.appcore.dll
0x00007ff9fd8f0000 - 0x00007ff9fd90f000 	C:\WINDOWS\System32\profapi.dll
0x00007ff9fd880000 - 0x00007ff9fd8cc000 	C:\WINDOWS\System32\powrprof.dll
0x00007ff9fd870000 - 0x00007ff9fd87a000 	C:\WINDOWS\System32\FLTLIB.DLL
0x00007ff99fbc0000 - 0x00007ff9a00e1000 	C:\Users\Mario\JPAD_PROJECT\jpad\libraries\occjava\OCCJavaWrapper_OCCT_v7.3.0_vc14_Win64\OCCwrapJava.dll
0x00007ff9aa820000 - 0x00007ff9aa9b9000 	C:\Users\Mario\JPAD_PROJECT\jpad\libraries\occjava\OCCJavaWrapper_OCCT_v7.3.0_vc14_Win64\TKernel.dll
0x00007ff9f3e40000 - 0x00007ff9f3e8c000 	C:\Users\Mario\JPAD_PROJECT\jpad\libraries\occjava\OCCJavaWrapper_OCCT_v7.3.0_vc14_Win64\TKG2d.dll
0x00007ff9a7e60000 - 0x00007ff9a7ff8000 	C:\Users\Mario\JPAD_PROJECT\jpad\libraries\occjava\OCCJavaWrapper_OCCT_v7.3.0_vc14_Win64\TKMath.dll
0x00007ff9ad380000 - 0x00007ff9ad461000 	C:\Users\Mario\JPAD_PROJECT\jpad\libraries\occjava\OCCJavaWrapper_OCCT_v7.3.0_vc14_Win64\TKG3d.dll
0x00007ff99f7c0000 - 0x00007ff99fbbb000 	C:\Users\Mario\JPAD_PROJECT\jpad\libraries\occjava\OCCJavaWrapper_OCCT_v7.3.0_vc14_Win64\TKGeomBase.dll
0x00007ff99f3f0000 - 0x00007ff99f7b3000 	C:\Users\Mario\JPAD_PROJECT\jpad\libraries\occjava\OCCJavaWrapper_OCCT_v7.3.0_vc14_Win64\TKGeomAlgo.dll
0x00007ff9a7d70000 - 0x00007ff9a7e5b000 	C:\Users\Mario\JPAD_PROJECT\jpad\libraries\occjava\OCCJavaWrapper_OCCT_v7.3.0_vc14_Win64\TKHLR.dll
0x00007ff9aa740000 - 0x00007ff9aa815000 	C:\Users\Mario\JPAD_PROJECT\jpad\libraries\occjava\OCCJavaWrapper_OCCT_v7.3.0_vc14_Win64\TKBRep.dll
0x00007ff9a7900000 - 0x00007ff9a7b80000 	C:\Users\Mario\JPAD_PROJECT\jpad\libraries\occjava\OCCJavaWrapper_OCCT_v7.3.0_vc14_Win64\TKTopAlgo.dll
0x00007ff9dc280000 - 0x00007ff9dc2cf000 	C:\Users\Mario\JPAD_PROJECT\jpad\libraries\occjava\OCCJavaWrapper_OCCT_v7.3.0_vc14_Win64\TKPrim.dll
0x00007ff997200000 - 0x00007ff9973f5000 	C:\Users\Mario\JPAD_PROJECT\jpad\libraries\occjava\OCCJavaWrapper_OCCT_v7.3.0_vc14_Win64\TKBO.dll
0x00007ff995210000 - 0x00007ff995619000 	C:\Users\Mario\JPAD_PROJECT\jpad\libraries\occjava\OCCJavaWrapper_OCCT_v7.3.0_vc14_Win64\TKBool.dll
0x00007ff996f40000 - 0x00007ff9971f6000 	C:\Users\Mario\JPAD_PROJECT\jpad\libraries\occjava\OCCJavaWrapper_OCCT_v7.3.0_vc14_Win64\TKShHealing.dll
0x00007ff995020000 - 0x00007ff99520a000 	C:\Users\Mario\JPAD_PROJECT\jpad\libraries\occjava\OCCJavaWrapper_OCCT_v7.3.0_vc14_Win64\TKOffset.dll
0x00007ff994de0000 - 0x00007ff995011000 	C:\Users\Mario\JPAD_PROJECT\jpad\libraries\occjava\OCCJavaWrapper_OCCT_v7.3.0_vc14_Win64\TKFillet.dll
0x00007ff9e9660000 - 0x00007ff9e9695000 	C:\Users\Mario\JPAD_PROJECT\jpad\libraries\occjava\OCCJavaWrapper_OCCT_v7.3.0_vc14_Win64\TKService.dll
0x00007ff994b40000 - 0x00007ff994dd1000 	C:\Users\Mario\JPAD_PROJECT\jpad\libraries\occjava\OCCJavaWrapper_OCCT_v7.3.0_vc14_Win64\TKV3d.dll
0x00007ff99f2e0000 - 0x00007ff99f3ef000 	C:\Users\Mario\JPAD_PROJECT\jpad\libraries\occjava\OCCJavaWrapper_OCCT_v7.3.0_vc14_Win64\TKOpenGl.dll
0x00007ff9dade0000 - 0x00007ff9dae35000 	C:\Users\Mario\JPAD_PROJECT\jpad\libraries\occjava\OCCJavaWrapper_OCCT_v7.3.0_vc14_Win64\TKCDF.dll
0x00007ff9b3c80000 - 0x00007ff9b3d2f000 	C:\Users\Mario\JPAD_PROJECT\jpad\libraries\occjava\OCCJavaWrapper_OCCT_v7.3.0_vc14_Win64\TKLCAF.dll
0x00007ff9ce1a0000 - 0x00007ff9ce22f000 	C:\Users\Mario\JPAD_PROJECT\jpad\libraries\occjava\OCCJavaWrapper_OCCT_v7.3.0_vc14_Win64\TKCAF.dll
0x00007ff994900000 - 0x00007ff994b3b000 	C:\Users\Mario\JPAD_PROJECT\jpad\libraries\occjava\OCCJavaWrapper_OCCT_v7.3.0_vc14_Win64\TKXSBase.dll
0x00007ff9945a0000 - 0x00007ff9948f2000 	C:\Users\Mario\JPAD_PROJECT\jpad\libraries\occjava\OCCJavaWrapper_OCCT_v7.3.0_vc14_Win64\TKIGES.dll
0x00007ff994390000 - 0x00007ff99459b000 	C:\Users\Mario\JPAD_PROJECT\jpad\libraries\occjava\OCCJavaWrapper_OCCT_v7.3.0_vc14_Win64\TKSTEPBase.dll
0x00007ff9940a0000 - 0x00007ff994385000 	C:\Users\Mario\JPAD_PROJECT\jpad\libraries\occjava\OCCJavaWrapper_OCCT_v7.3.0_vc14_Win64\TKSTEP.dll
0x00007ff9f3e20000 - 0x00007ff9f3e39000 	C:\Users\Mario\JPAD_PROJECT\jpad\libraries\occjava\OCCJavaWrapper_OCCT_v7.3.0_vc14_Win64\TKSTL.dll
0x00007ff9ce020000 - 0x00007ff9ce093000 	C:\Users\Mario\JPAD_PROJECT\jpad\libraries\occjava\OCCJavaWrapper_OCCT_v7.3.0_vc14_Win64\TKVRML.dll
0x00007ff99dfc0000 - 0x00007ff99e108000 	C:\Users\Mario\JPAD_PROJECT\jpad\libraries\occjava\OCCJavaWrapper_OCCT_v7.3.0_vc14_Win64\TKFeat.dll
0x0000000075e30000 - 0x0000000075e37000 	C:\Program Files\Java\jre1.8.0_171\bin\jawt.dll
0x00007ff9ab0f0000 - 0x00007ff9ab18c000 	C:\Program Files\Java\jre1.8.0_171\bin\MSVCP140.dll
0x00007ff9f3a40000 - 0x00007ff9f3a56000 	C:\Program Files\Java\jre1.8.0_171\bin\VCRUNTIME140.dll
0x00007ff9d6040000 - 0x00007ff9d60a6000 	C:\Users\Mario\JPAD_PROJECT\jpad\libraries\occjava\OCCJavaWrapper_OCCT_v7.3.0_vc14_Win64\TKMesh.dll
0x00007ff9dad90000 - 0x00007ff9dadd4000 	C:\Users\Mario\JPAD_PROJECT\jpad\libraries\occjava\OCCJavaWrapper_OCCT_v7.3.0_vc14_Win64\tbb.dll
0x00007ff9cf550000 - 0x00007ff9cf594000 	C:\Users\Mario\JPAD_PROJECT\jpad\libraries\occjava\OCCJavaWrapper_OCCT_v7.3.0_vc14_Win64\tbbmalloc.dll
0x0000000180000000 - 0x0000000180637000 	C:\Users\Mario\JPAD_PROJECT\jpad\libraries\occjava\OCCJavaWrapper_OCCT_v7.3.0_vc14_Win64\FreeImage.dll
0x00007ff9a7cb0000 - 0x00007ff9a7d61000 	C:\Users\Mario\JPAD_PROJECT\jpad\libraries\occjava\OCCJavaWrapper_OCCT_v7.3.0_vc14_Win64\freetype.dll
0x00007ff993d50000 - 0x00007ff994093000 	C:\Users\Mario\JPAD_PROJECT\jpad\libraries\occjava\OCCJavaWrapper_OCCT_v7.3.0_vc14_Win64\avformat-57.dll
0x00007ff9a7810000 - 0x00007ff9a78f7000 	C:\Users\Mario\JPAD_PROJECT\jpad\libraries\occjava\OCCJavaWrapper_OCCT_v7.3.0_vc14_Win64\swscale-4.dll
0x00007ff9927c0000 - 0x00007ff993d4b000 	C:\Users\Mario\JPAD_PROJECT\jpad\libraries\occjava\OCCJavaWrapper_OCCT_v7.3.0_vc14_Win64\avcodec-57.dll
0x00007ff992650000 - 0x00007ff9927c0000 	C:\Users\Mario\JPAD_PROJECT\jpad\libraries\occjava\OCCJavaWrapper_OCCT_v7.3.0_vc14_Win64\avutil-55.dll
0x00007ff9ec010000 - 0x00007ff9ec130000 	C:\WINDOWS\SYSTEM32\OPENGL32.dll
0x00007ff992570000 - 0x00007ff992647000 	C:\Users\Mario\JPAD_PROJECT\jpad\libraries\occjava\OCCJavaWrapper_OCCT_v7.3.0_vc14_Win64\TKSTEPAttr.dll
0x00007ff99ec40000 - 0x00007ff99eccb000 	C:\Users\Mario\JPAD_PROJECT\jpad\libraries\occjava\OCCJavaWrapper_OCCT_v7.3.0_vc14_Win64\TKSTEP209.dll
0x00000000743d0000 - 0x0000000074568000 	C:\Program Files\Java\jre1.8.0_171\bin\awt.dll
0x00007ffa00a90000 - 0x00007ffa00b52000 	C:\WINDOWS\System32\OLEAUT32.dll
0x00007ff9ddcc0000 - 0x00007ff9ddccc000 	C:\WINDOWS\SYSTEM32\Secur32.dll
0x00007ff9c3350000 - 0x00007ff9c33c9000 	C:\Users\Mario\JPAD_PROJECT\jpad\libraries\occjava\OCCJavaWrapper_OCCT_v7.3.0_vc14_Win64\swresample-2.dll
0x00007ff9f6a70000 - 0x00007ff9f6a9c000 	C:\WINDOWS\SYSTEM32\GLU32.dll
0x00007ff9fd2a0000 - 0x00007ff9fd2ab000 	C:\WINDOWS\SYSTEM32\CRYPTBASE.DLL
0x00007ff9fbbd0000 - 0x00007ff9fbc5b000 	C:\WINDOWS\SYSTEM32\apphelp.dll
0x00007ff9efba0000 - 0x00007ff9efd69000 	C:\WINDOWS\SYSTEM32\dbghelp.dll

VM Arguments:
jvm_args: -Dfile.encoding=UTF-8 
java_command: it.unina.daf.jpadcadsandbox.Test37mds -i C:\Users\Mario\JPAD_PROJECT\jpad/JPADSandBox_v2/in/Template_Aircraft/aircraft_ATR72.xml -db C:\Users\Mario\JPAD_PROJECT\jpad/JPADSandBox_v2/data -da C:\Users\Mario\JPAD_PROJECT\jpad/JPADSandBox_v2/in/Template_Aircraft/lifting_surfaces/airfoils -df C:\Users\Mario\JPAD_PROJECT\jpad/JPADSandBox_v2/in/Template_Aircraft/fuselages -dls C:\Users\Mario\JPAD_PROJECT\jpad/JPADSandBox_v2/in/Template_Aircraft/lifting_surfaces -de C:\Users\Mario\JPAD_PROJECT\jpad/JPADSandBox_v2/in/Template_Aircraft/engines -dn C:\Users\Mario\JPAD_PROJECT\jpad/JPADSandBox_v2/in/Template_Aircraft/nacelles -dlg C:\Users\Mario\JPAD_PROJECT\jpad/JPADSandBox_v2/in/Template_Aircraft/landing_gears -dcc C:\Users\Mario\JPAD_PROJECT\jpad/JPADSandBox_v2/in/Template_Aircraft/cabin_configurations
java_class_path (initial): C:\Users\Mario\JPAD_PROJECT\jpad\JPADCADSandbox\bin;C:\Users\Mario\JPAD_PROJECT\jpad\JPADCAD\bin;C:\Users\Mario\JPAD_PROJECT\jpad\libraries\trove\trove-3.1a1.jar;C:\Users\Mario\JPAD_PROJECT\jpad\libraries\vecmath\vecmath.jar;C:\Users\Mario\JPAD_PROJECT\jpad\libraries\jscience-4.3\jscience.jar;C:\Users\Mario\JPAD_PROJECT\jpad\libraries\lombok\lombok.jar;C:\Users\Mario\JPAD_PROJECT\jpad\libraries\args4j\args4j-2.0.21.jar;C:\Users\Mario\JPAD_PROJECT\jpad\libraries\hdf\jarhdf5-2.10.1.jar;C:\Users\Mario\JPAD_PROJECT\jpad\libraries\poi\poi-ooxml-3.10.1-20140818.jar;C:\Users\Mario\JPAD_PROJECT\jpad\libraries\log4j\log4j-api-2.0.2.jar;C:\Users\Mario\JPAD_PROJECT\jpad\libraries\log4j\log4j-core-2.0.2.jar;C:\Users\Mario\JPAD_PROJECT\jpad\libraries\hdf\slf4j-api-1.7.5.jar;C:\Users\Mario\JPAD_PROJECT\jpad\libraries\hdf\slf4j-nop-1.7.5.jar;C:\Users\Mario\JPAD_PROJECT\jpad\libraries\processing\v3.3.6\library\core.jar;C:\Users\Mario\JPAD_PROJECT\jpad\libraries\fxyz\fxyz3d-0.1.1.jar;C:\Users\Mario\JPAD_PROJECT\jpad\libraries\jim\jimStlMeshImporterJFX.jar;C:\Users\Mario\JPAD_PROJECT\jpad\libraries\jim\jimObjModelImporterJFX.jar;C:\Users\Mario\JPAD_PROJECT\jpad\libraries\vvecmath\VVecMath.jar;C:\Users\Mario\JPAD_PROJECT\jpad\libraries\javaslang\javaslang-2.0.4.jar;C:\Users\Mario\JPAD_PROJECT\jpad\JPADConfigs\bin;C:\Users\Mario\JPAD_PROJECT\jpad\JPADCore_v2\bin;C:\Users\Mario\JPAD_PROJECT\jpad\libraries\commons-lang\commons-lang3-3.7\commons-lang3-3.7.jar;C:\Users\Mario\JPAD_PROJECT\jpad\libraries\commons-math\commons-math3-3.6.1.jar;C:\Users\Mario\JPAD_PROJECT\jpad\libraries\eclipse\plugins\org.eclipse.core.commands_3.7.0.v20150422-0725.jar;C:\Users\Mario\JPAD_PROJECT\jpad\libraries\icu4j\icu4j-59_1.jar;C:\Users\Mario\JPAD_PROJECT\jpad\libraries\jdom\jdom-2.0.5.jar;C:\Users\Mario\JPAD_PROJECT\jpad\libraries\jlatexmath\jlatexmath-1.0.3.jar;C:\Users\Mario\JPAD_PROJECT\jpad\libraries\nebula\org.eclipse.nebula.visualization.widgets_1.0.0.201401291008.jar;C:\U
Launcher Type: SUN_STANDARD

Environment Variables:
PATH=C:\Users\Mario\JPAD_PROJECT\jpad\libraries\occjava\OCCJavaWrapper_OCCT_v7.3.0_vc14_Win64;C:\Users\Mario\JPAD_PROJECT\jpad\libraries\occjava\OCCJavaWrapper_OCCT_v7.3.0_vc14_Win64\jre1.8.0_171\bin;C:\Users\Mario\JPAD_PROJECT\jpad\libraries\hdf;



---------------  S Y S T E M  ---------------

OS: Windows 10.0 , 64 bit Build 17134 (10.0.17134.1)

CPU:total 8 (initial active 8) (4 cores per cpu, 2 threads per core) family 6 model 60 stepping 3, cmov, cx8, fxsr, mmx, sse, sse2, sse3, ssse3, sse4.1, sse4.2, popcnt, avx, avx2, aes, clmul, erms, lzcnt, ht, tsc, tscinvbit, bmi1, bmi2

Memory: 4k page, physical 8298776k(3508544k free), swap 8546788k(2359716k free)

vm_info: Java HotSpot(TM) 64-Bit Server VM (25.171-b11) for windows-amd64 JRE (1.8.0_171-b11), built on Mar 28 2018 16:06:12 by "java_re" with MS VC++ 10.0 (VS2010)

time: Fri Feb 01 18:21:38 2019
elapsed time: 1 seconds (0d 0h 0m 1s)

