#
# A fatal error has been detected by the Java Runtime Environment:
#
#  EXCEPTION_UNCAUGHT_CXX_EXCEPTION (0xe06d7363) at pc=0x00007ff8740ea388, pid=18200, tid=0x00000000000045e8
#
# JRE version: Java(TM) SE Runtime Environment (8.0_171-b11) (build 1.8.0_171-b11)
# Java VM: Java HotSpot(TM) 64-Bit Server VM (25.171-b11 mixed mode windows-amd64 compressed oops)
# Problematic frame:
# C  [KERNELBASE.dll+0x3a388]
#
# Failed to write core dump. Minidumps are not enabled by default on client versions of Windows
#
# If you would like to submit a bug report, please visit:
#   http://bugreport.java.com/bugreport/crash.jsp
# The crash happened outside the Java Virtual Machine in native code.
# See problematic frame for where to report the bug.
#

---------------  T H R E A D  ---------------

Current thread (0x0000000002524000):  JavaThread "main" [_thread_in_native, id=17896, stack(0x0000000002420000,0x0000000002520000)]

siginfo: ExceptionCode=0xe06d7363, ExceptionInformation=0x0000000019930520 0x000000000251f1e0 0x00007ff81b38ce88 0x00007ff81afd0000 

Registers:
RAX=0x000000005928ed8c, RBX=0x000000003f0da540, RCX=0x000000000251ec60, RDX=0x00000000027ea70c
RSP=0x000000000251f060, RBP=0x000000000251f1a0, RSI=0x00007ff81b38ce88, RDI=0x00007ff81b31d3d8
R8 =0x000000000251ebb0, R9 =0x0000000000000000, R10=0x00000006706aa010, R11=0x0000000200000001
R12=0x0000000000000000, R13=0x000000003e585670, R14=0x000000000251f1e0, R15=0x0000000002524000
RIP=0x00007ff8740ea388, EFLAGS=0x0000000000000206

Top of Stack: (sp=0x000000000251f060)
0x000000000251f060:   00000000006c0000 000000003f0da540
0x000000000251f070:   00007ff81b38ce88 00007ff81b31d3d8
0x000000000251f080:   00000001e06d7363 0000000000000000
0x000000000251f090:   00007ff8740ea388 0000000000000004
0x000000000251f0a0:   0000000019930520 000000000251f1e0
0x000000000251f0b0:   00007ff81b38ce88 00007ff81afd0000
0x000000000251f0c0:   000000000251f1e0 0000000000000000
0x000000000251f0d0:   00007ff81b31d3d8 00007ff81b38ce88
0x000000000251f0e0:   000000000251f1a0 00007ff876eaa39f
0x000000000251f0f0:   000000000251f1c0 0000000000000000
0x000000000251f100:   0000000000000000 000000000251f268
0x000000000251f110:   00007ff81b5dc000 00007ff81afd0000
0x000000000251f120:   000055e39d9b660f 0000000000000000
0x000000000251f130:   000000003f0da540 00007ff85c6446e2
0x000000000251f140:   000000000251f2f8 00007ff8733ac686
0x000000000251f150:   000000000000001c 000000000000001c 

Instructions: (pc=0x00007ff8740ea388)
0x00007ff8740ea368:   49 8b d1 44 0f 47 c0 44 89 44 24 38 49 c1 e0 03
0x00007ff8740ea378:   e8 da 3d 04 00 48 8d 4c 24 20 ff 15 a0 82 14 00
0x00007ff8740ea388:   48 8b 8c 24 c0 00 00 00 48 33 cc e8 08 fe 03 00
0x00007ff8740ea398:   48 81 c4 d8 00 00 00 c3 83 64 24 38 00 eb d6 cc 


Register to memory mapping:

RAX=0x000000005928ed8c is an unknown value
RBX=0x000000003f0da540 is an unknown value
RCX=0x000000000251ec60 is pointing into the stack for thread: 0x0000000002524000
RDX=0x00000000027ea70c is at entry_point+1228 in (nmethod*)0x00000000027ea090
RSP=0x000000000251f060 is pointing into the stack for thread: 0x0000000002524000
RBP=0x000000000251f1a0 is pointing into the stack for thread: 0x0000000002524000
RSI=0x00007ff81b38ce88 is an unknown value
RDI=0x00007ff81b31d3d8 is an unknown value
R8 =0x000000000251ebb0 is pointing into the stack for thread: 0x0000000002524000
R9 =0x0000000000000000 is an unknown value
R10=0x00000006706aa010 is an oop
java.lang.String 
 - klass: 'java/lang/String'
R11=0x0000000200000001 is an unknown value
R12=0x0000000000000000 is an unknown value
R13={method} {0x000000003e585678} 'TopTools_ListOfShape_First' '(JLopencascade/TopTools_ListOfShape;)J' in 'opencascade/OCCwrapJavaJNI'
R14=0x000000000251f1e0 is pointing into the stack for thread: 0x0000000002524000
R15=0x0000000002524000 is a thread


Stack: [0x0000000002420000,0x0000000002520000],  sp=0x000000000251f060,  free space=1020k
Native frames: (J=compiled Java code, j=interpreted, Vv=VM code, C=native code)
C  [KERNELBASE.dll+0x3a388]
C  [VCRUNTIME140.dll+0x46e2]
C  [OCCwrapJava.dll+0x5c68e]
C  [OCCwrapJava.dll+0x4eac2]
C  [OCCwrapJava.dll+0x21f6a0]
C  0x0000000002638c67

Java frames: (J=compiled Java code, j=interpreted, Vv=VM code)
j  opencascade.OCCwrapJavaJNI.TopTools_ListOfShape_First(JLopencascade/TopTools_ListOfShape;)J+0
j  opencascade.TopTools_ListOfShape.First()Lopencascade/TopoDS_Shape;+9
j  it.unina.daf.jpadcadsandbox.TestBoolean02mds.main([Ljava/lang/String;)V+875
v  ~StubRoutines::call_stub

---------------  P R O C E S S  ---------------

Java Threads: ( => current thread )
  0x0000000039b0a800 JavaThread "Service Thread" daemon [_thread_blocked, id=17876, stack(0x000000003b4c0000,0x000000003b5c0000)]
  0x0000000039a7b800 JavaThread "C1 CompilerThread3" daemon [_thread_blocked, id=14164, stack(0x000000003b3c0000,0x000000003b4c0000)]
  0x0000000039a7b000 JavaThread "C2 CompilerThread2" daemon [_thread_blocked, id=14824, stack(0x000000003b2c0000,0x000000003b3c0000)]
  0x0000000039a70000 JavaThread "C2 CompilerThread1" daemon [_thread_blocked, id=720, stack(0x000000003b1c0000,0x000000003b2c0000)]
  0x0000000039a66000 JavaThread "C2 CompilerThread0" daemon [_thread_blocked, id=11988, stack(0x000000003b0c0000,0x000000003b1c0000)]
  0x0000000039a64800 JavaThread "Attach Listener" daemon [_thread_blocked, id=1348, stack(0x000000003afc0000,0x000000003b0c0000)]
  0x0000000039a63800 JavaThread "Signal Dispatcher" daemon [_thread_blocked, id=13336, stack(0x000000003aec0000,0x000000003afc0000)]
  0x0000000039a53800 JavaThread "Finalizer" daemon [_thread_blocked, id=9024, stack(0x000000003acb0000,0x000000003adb0000)]
  0x000000003838c000 JavaThread "Reference Handler" daemon [_thread_blocked, id=10548, stack(0x000000003abb0000,0x000000003acb0000)]
=>0x0000000002524000 JavaThread "main" [_thread_in_native, id=17896, stack(0x0000000002420000,0x0000000002520000)]

Other Threads:
  0x0000000039a32800 VMThread [stack: 0x000000003aab0000,0x000000003abb0000] [id=15612]
  0x0000000039b23800 WatcherThread [stack: 0x000000003b5c0000,0x000000003b6c0000] [id=12188]

VM state:not at safepoint (normal execution)

VM Mutex/Monitor currently owned by a thread: None

Heap:
 PSYoungGen      total 305664K, used 94638K [0x000000066b380000, 0x0000000680880000, 0x00000007c0000000)
  eden space 262144K, 34% used [0x000000066b380000,0x0000000670aba880,0x000000067b380000)
  from space 43520K, 12% used [0x000000067de00000,0x000000067e331260,0x0000000680880000)
  to   space 43520K, 0% used [0x000000067b380000,0x000000067b380000,0x000000067de00000)
 ParOldGen       total 699392K, used 88K [0x00000003c1a00000, 0x00000003ec500000, 0x000000066b380000)
  object space 699392K, 0% used [0x00000003c1a00000,0x00000003c1a16010,0x00000003ec500000)
 Metaspace       used 20353K, capacity 20824K, committed 21120K, reserved 1069056K
  class space    used 1726K, capacity 1863K, committed 1920K, reserved 1048576K

Card table byte_map: [0x00000000119e0000,0x00000000139e0000] byte_map_base: 0x000000000fbd3000

Marking Bits: (ParMarkBitMap*) 0x00000000599f08c0
 Begin Bits: [0x0000000015930000, 0x00000000258c8000)
 End Bits:   [0x00000000258c8000, 0x0000000035860000)

Polling page: 0x0000000000690000

CodeCache: size=245760Kb used=9206Kb max_used=9206Kb free=236553Kb
 bounds [0x0000000002620000, 0x0000000002f30000, 0x0000000011620000]
 total_blobs=3485 nmethods=2357 adapters=1040
 compilation: enabled

Compilation events (10 events):
Event: 2.084 Thread 0x0000000039a7b800 2358       3       jdk.internal.org.objectweb.asm.MethodWriter::visitMaxs (1159 bytes)
Event: 2.086 Thread 0x0000000039a7b800 nmethod 2358 0x0000000002f15c10 code [0x0000000002f160c0, 0x0000000002f18858]
Event: 2.086 Thread 0x0000000039a7b800 2360       3       jdk.internal.org.objectweb.asm.MethodWriter::put (1599 bytes)
Event: 2.089 Thread 0x0000000039a7b800 nmethod 2360 0x0000000002f1b310 code [0x0000000002f1bba0, 0x0000000002f1f758]
Event: 2.089 Thread 0x0000000039a7b800 2359       3       jdk.internal.org.objectweb.asm.MethodWriter::visitEnd (1 bytes)
Event: 2.089 Thread 0x0000000039a7b800 nmethod 2359 0x0000000002f21c10 code [0x0000000002f21d60, 0x0000000002f21eb0]
Event: 2.089 Thread 0x0000000039a7b800 2356       3       java.lang.invoke.InnerClassLambdaMetafactory::getLoadOpcode (25 bytes)
Event: 2.089 Thread 0x0000000039a7b800 nmethod 2356 0x0000000002f21f10 code [0x0000000002f220a0, 0x0000000002f22318]
Event: 2.089 Thread 0x0000000039a7b800 2357       3       java.lang.invoke.InnerClassLambdaMetafactory::getParameterSize (27 bytes)
Event: 2.089 Thread 0x0000000039a7b800 nmethod 2357 0x0000000002f22410 code [0x0000000002f22580, 0x0000000002f227b0]

GC Heap History (4 events):
Event: 1.562 GC heap before
{Heap before GC invocations=1 (full 0):
 PSYoungGen      total 305664K, used 262144K [0x000000066b380000, 0x0000000680880000, 0x00000007c0000000)
  eden space 262144K, 100% used [0x000000066b380000,0x000000067b380000,0x000000067b380000)
  from space 43520K, 0% used [0x000000067de00000,0x000000067de00000,0x0000000680880000)
  to   space 43520K, 0% used [0x000000067b380000,0x000000067b380000,0x000000067de00000)
 ParOldGen       total 699392K, used 0K [0x00000003c1a00000, 0x00000003ec500000, 0x000000066b380000)
  object space 699392K, 0% used [0x00000003c1a00000,0x00000003c1a00000,0x00000003ec500000)
 Metaspace       used 12913K, capacity 13048K, committed 13312K, reserved 1060864K
  class space    used 1406K, capacity 1450K, committed 1536K, reserved 1048576K
Event: 1.567 GC heap after
Heap after GC invocations=1 (full 0):
 PSYoungGen      total 305664K, used 6395K [0x000000066b380000, 0x0000000680880000, 0x00000007c0000000)
  eden space 262144K, 0% used [0x000000066b380000,0x000000066b380000,0x000000067b380000)
  from space 43520K, 14% used [0x000000067b380000,0x000000067b9beca0,0x000000067de00000)
  to   space 43520K, 0% used [0x000000067de00000,0x000000067de00000,0x0000000680880000)
 ParOldGen       total 699392K, used 80K [0x00000003c1a00000, 0x00000003ec500000, 0x000000066b380000)
  object space 699392K, 0% used [0x00000003c1a00000,0x00000003c1a14010,0x00000003ec500000)
 Metaspace       used 12913K, capacity 13048K, committed 13312K, reserved 1060864K
  class space    used 1406K, capacity 1450K, committed 1536K, reserved 1048576K
}
Event: 1.868 GC heap before
{Heap before GC invocations=2 (full 0):
 PSYoungGen      total 305664K, used 268539K [0x000000066b380000, 0x0000000680880000, 0x00000007c0000000)
  eden space 262144K, 100% used [0x000000066b380000,0x000000067b380000,0x000000067b380000)
  from space 43520K, 14% used [0x000000067b380000,0x000000067b9beca0,0x000000067de00000)
  to   space 43520K, 0% used [0x000000067de00000,0x000000067de00000,0x0000000680880000)
 ParOldGen       total 699392K, used 80K [0x00000003c1a00000, 0x00000003ec500000, 0x000000066b380000)
  object space 699392K, 0% used [0x00000003c1a00000,0x00000003c1a14010,0x00000003ec500000)
 Metaspace       used 15601K, capacity 15998K, committed 16128K, reserved 1062912K
  class space    used 1650K, capacity 1757K, committed 1792K, reserved 1048576K
Event: 1.871 GC heap after
Heap after GC invocations=2 (full 0):
 PSYoungGen      total 305664K, used 5316K [0x000000066b380000, 0x0000000680880000, 0x00000007c0000000)
  eden space 262144K, 0% used [0x000000066b380000,0x000000066b380000,0x000000067b380000)
  from space 43520K, 12% used [0x000000067de00000,0x000000067e331260,0x0000000680880000)
  to   space 43520K, 0% used [0x000000067b380000,0x000000067b380000,0x000000067de00000)
 ParOldGen       total 699392K, used 88K [0x00000003c1a00000, 0x00000003ec500000, 0x000000066b380000)
  object space 699392K, 0% used [0x00000003c1a00000,0x00000003c1a16010,0x00000003ec500000)
 Metaspace       used 15601K, capacity 15998K, committed 16128K, reserved 1062912K
  class space    used 1650K, capacity 1757K, committed 1792K, reserved 1048576K
}

Deoptimization events (10 events):
Event: 1.763 Thread 0x0000000002524000 Uncommon trap: reason=unstable_if action=reinterpret pc=0x0000000002841af0 method=sun.net.www.ParseUtil.encodePath(Ljava/lang/String;Z)Ljava/lang/String; @ 81
Event: 1.763 Thread 0x0000000002524000 Uncommon trap: reason=unstable_if action=reinterpret pc=0x0000000002835ec4 method=sun.nio.cs.UTF_8$Decoder.decode([BII[C)I @ 30
Event: 1.861 Thread 0x0000000002524000 Uncommon trap: reason=unstable_if action=reinterpret pc=0x0000000002a924e0 method=sun.misc.FloatingDecimal.readJavaFormatString(Ljava/lang/String;)Lsun/misc/FloatingDecimal$ASCIIToBinaryConverter; @ 445
Event: 1.891 Thread 0x0000000002524000 Uncommon trap: reason=unstable_if action=reinterpret pc=0x0000000002820618 method=java.io.WinNTFileSystem.normalize(Ljava/lang/String;)Ljava/lang/String; @ 74
Event: 1.894 Thread 0x0000000002524000 Uncommon trap: reason=class_check action=maybe_recompile pc=0x0000000002914918 method=com.sun.org.apache.xerces.internal.impl.XMLDocumentFragmentScannerImpl.scanStartElement()Z @ 436
Event: 1.894 Thread 0x0000000002524000 Uncommon trap: reason=unstable_if action=reinterpret pc=0x0000000002dfe378 method=com.sun.org.apache.xerces.internal.impl.XMLEntityScanner.scanContent(Lcom/sun/org/apache/xerces/internal/xni/XMLString;)I @ 121
Event: 1.936 Thread 0x0000000002524000 Uncommon trap: reason=unstable_if action=reinterpret pc=0x0000000002a95aa4 method=sun.misc.FDBigInteger.valueOfMulPow52(JII)Lsun/misc/FDBigInteger; @ 69
Event: 1.982 Thread 0x0000000002524000 Uncommon trap: reason=unstable_if action=reinterpret pc=0x0000000002c8e1b0 method=java.util.HashMap.putVal(ILjava/lang/Object;Ljava/lang/Object;ZZ)Ljava/lang/Object; @ 162
Event: 1.982 Thread 0x0000000002524000 Uncommon trap: reason=unstable_if action=reinterpret pc=0x0000000002be42a0 method=java.util.HashMap.putVal(ILjava/lang/Object;Ljava/lang/Object;ZZ)Ljava/lang/Object; @ 162
Event: 1.998 Thread 0x0000000002524000 Uncommon trap: reason=unstable_if action=reinterpret pc=0x0000000002e5202c method=sun.misc.FloatingDecimal.readJavaFormatString(Ljava/lang/String;)Lsun/misc/FloatingDecimal$ASCIIToBinaryConverter; @ 178

Classes redefined (0 events):
No events

Internal exceptions (10 events):
Event: 0.201 Thread 0x0000000002524000 Exception <a 'java/security/PrivilegedActionException'> (0x000000066bdc8090) thrown at [C:\re\workspace\8-2-build-windows-amd64-cygwin\jdk8u171\10807\hotspot\src\share\vm\prims\jvm.cpp, line 1435]
Event: 0.201 Thread 0x0000000002524000 Exception <a 'java/security/PrivilegedActionException'> (0x000000066bdc9520) thrown at [C:\re\workspace\8-2-build-windows-amd64-cygwin\jdk8u171\10807\hotspot\src\share\vm\prims\jvm.cpp, line 1435]
Event: 0.201 Thread 0x0000000002524000 Exception <a 'java/security/PrivilegedActionException'> (0x000000066bdc9730) thrown at [C:\re\workspace\8-2-build-windows-amd64-cygwin\jdk8u171\10807\hotspot\src\share\vm\prims\jvm.cpp, line 1435]
Event: 0.714 Thread 0x0000000002524000 Implicit null exception at 0x000000000287547b to 0x0000000002875c1d
Event: 0.890 Thread 0x0000000002524000 Exception <a 'java/lang/NoSuchFieldError': method resolution failed> (0x000000066fb7db70) thrown at [C:\re\workspace\8-2-build-windows-amd64-cygwin\jdk8u171\10807\hotspot\src\share\vm\prims\methodHandles.cpp, line 1167]
Event: 0.891 Thread 0x0000000002524000 Exception <a 'java/lang/NoSuchFieldError': method resolution failed> (0x000000066fb8b230) thrown at [C:\re\workspace\8-2-build-windows-amd64-cygwin\jdk8u171\10807\hotspot\src\share\vm\prims\methodHandles.cpp, line 1167]
Event: 1.257 Thread 0x0000000002524000 Implicit null exception at 0x0000000002949d5d to 0x000000000294b87c
Event: 1.271 Thread 0x0000000002524000 Implicit null exception at 0x0000000002a87c30 to 0x0000000002a87c8e
Event: 1.420 Thread 0x0000000002524000 Implicit null exception at 0x0000000002940bd6 to 0x0000000002940f81
Event: 1.466 Thread 0x0000000002524000 Implicit null exception at 0x00000000027f3816 to 0x00000000027f3bb9

Events (10 events):
Event: 2.082 loading class opencascade/gp_Pnt
Event: 2.082 loading class opencascade/gp_Pnt done
Event: 2.082 loading class opencascade/gp_Pnt
Event: 2.082 loading class opencascade/gp_Pnt done
Event: 2.083 loading class opencascade/Message_ProgressIndicator
Event: 2.083 loading class opencascade/Message_ProgressIndicator done
Event: 2.084 loading class opencascade/TopTools_ListOfShape
Event: 2.084 loading class opencascade/TopTools_ListOfShape done
Event: 2.084 loading class opencascade/NCollection_BaseAllocator
Event: 2.084 loading class opencascade/NCollection_BaseAllocator done


Dynamic libraries:
0x00007ff677fd0000 - 0x00007ff678007000 	C:\Program Files\Java\jdk1.8.0_171\bin\javaw.exe
0x00007ff876ea0000 - 0x00007ff877081000 	C:\WINDOWS\SYSTEM32\ntdll.dll
0x00007ff876db0000 - 0x00007ff876e62000 	C:\WINDOWS\System32\KERNEL32.DLL
0x00007ff8740b0000 - 0x00007ff874323000 	C:\WINDOWS\System32\KERNELBASE.dll
0x00007ff874330000 - 0x00007ff8743d1000 	C:\WINDOWS\System32\ADVAPI32.dll
0x00007ff8758a0000 - 0x00007ff87593e000 	C:\WINDOWS\System32\msvcrt.dll
0x00007ff875840000 - 0x00007ff87589b000 	C:\WINDOWS\System32\sechost.dll
0x00007ff876a50000 - 0x00007ff876b74000 	C:\WINDOWS\System32\RPCRT4.dll
0x00007ff875e00000 - 0x00007ff875f90000 	C:\WINDOWS\System32\USER32.dll
0x00007ff874090000 - 0x00007ff8740b0000 	C:\WINDOWS\System32\win32u.dll
0x00007ff876800000 - 0x00007ff876828000 	C:\WINDOWS\System32\GDI32.dll
0x00007ff873ef0000 - 0x00007ff874082000 	C:\WINDOWS\System32\gdi32full.dll
0x00007ff873bb0000 - 0x00007ff873c4f000 	C:\WINDOWS\System32\msvcp_win.dll
0x00007ff8733a0000 - 0x00007ff87349a000 	C:\WINDOWS\System32\ucrtbase.dll
0x00007ff864ad0000 - 0x00007ff864d39000 	C:\WINDOWS\WinSxS\amd64_microsoft.windows.common-controls_6595b64144ccf1df_6.0.17134.165_none_fb429645306569ac\COMCTL32.dll
0x00007ff876200000 - 0x00007ff876523000 	C:\WINDOWS\System32\combase.dll
0x00007ff873320000 - 0x00007ff87339a000 	C:\WINDOWS\System32\bcryptPrimitives.dll
0x00007ff876c20000 - 0x00007ff876c4d000 	C:\WINDOWS\System32\IMM32.DLL
0x0000000059a70000 - 0x0000000059b42000 	C:\Program Files\Java\jdk1.8.0_171\jre\bin\msvcr100.dll
0x00000000591d0000 - 0x0000000059a70000 	C:\Program Files\Java\jdk1.8.0_171\jre\bin\server\jvm.dll
0x00007ff875df0000 - 0x00007ff875df8000 	C:\WINDOWS\System32\PSAPI.DLL
0x00007ff86cee0000 - 0x00007ff86cee9000 	C:\WINDOWS\SYSTEM32\WSOCK32.dll
0x00007ff8655f0000 - 0x00007ff865613000 	C:\WINDOWS\SYSTEM32\WINMM.dll
0x00007ff86de40000 - 0x00007ff86de4a000 	C:\WINDOWS\SYSTEM32\VERSION.dll
0x00007ff876190000 - 0x00007ff8761fc000 	C:\WINDOWS\System32\WS2_32.dll
0x00007ff8655c0000 - 0x00007ff8655ea000 	C:\WINDOWS\SYSTEM32\winmmbase.dll
0x00007ff8732d0000 - 0x00007ff873319000 	C:\WINDOWS\System32\cfgmgr32.dll
0x00000000591c0000 - 0x00000000591cf000 	C:\Program Files\Java\jdk1.8.0_171\jre\bin\verify.dll
0x0000000059190000 - 0x00000000591b9000 	C:\Program Files\Java\jdk1.8.0_171\jre\bin\java.dll
0x00007ff8730e0000 - 0x00007ff873110000 	C:\WINDOWS\SYSTEM32\SspiCli.dll
0x0000000059170000 - 0x0000000059186000 	C:\Program Files\Java\jdk1.8.0_171\jre\bin\zip.dll
0x00007ff874400000 - 0x00007ff875840000 	C:\WINDOWS\System32\SHELL32.dll
0x00007ff876660000 - 0x00007ff876709000 	C:\WINDOWS\System32\shcore.dll
0x00007ff8734a0000 - 0x00007ff873bad000 	C:\WINDOWS\System32\windows.storage.dll
0x00007ff875940000 - 0x00007ff875991000 	C:\WINDOWS\System32\shlwapi.dll
0x00007ff873250000 - 0x00007ff873261000 	C:\WINDOWS\System32\kernel.appcore.dll
0x00007ff873230000 - 0x00007ff87324f000 	C:\WINDOWS\System32\profapi.dll
0x00007ff8731c0000 - 0x00007ff87320c000 	C:\WINDOWS\System32\powrprof.dll
0x00007ff8731b0000 - 0x00007ff8731ba000 	C:\WINDOWS\System32\FLTLIB.DLL
0x0000000180000000 - 0x0000000180276000 	C:\Users\DeMarco-PC\JPAD_PROJECT\jpad\libraries\hdf\jhdf5.dll
0x0000000059150000 - 0x000000005916a000 	C:\Program Files\Java\jdk1.8.0_171\jre\bin\net.dll
0x00007ff8729e0000 - 0x00007ff872a46000 	C:\WINDOWS\system32\mswsock.dll
0x0000000059130000 - 0x0000000059141000 	C:\Program Files\Java\jdk1.8.0_171\jre\bin\nio.dll
0x00007ff81afd0000 - 0x00007ff81b629000 	C:\Users\DeMarco-PC\JPAD_PROJECT\jpad\libraries\occjava\OCCJavaWrapper_OCCT_v7.0.0_vc14_Win64\OCCwrapJava.dll
0x00007ff8494b0000 - 0x00007ff849510000 	C:\Users\DeMarco-PC\JPAD_PROJECT\jpad\libraries\occjava\OCCJavaWrapper_OCCT_v7.0.0_vc14_Win64\TKG2d.dll
0x00007ff848cb0000 - 0x00007ff848e4a000 	C:\Users\DeMarco-PC\JPAD_PROJECT\jpad\libraries\occjava\OCCJavaWrapper_OCCT_v7.0.0_vc14_Win64\TKMath.dll
0x00007ff822810000 - 0x00007ff8228e4000 	C:\Users\DeMarco-PC\JPAD_PROJECT\jpad\libraries\occjava\OCCJavaWrapper_OCCT_v7.0.0_vc14_Win64\TKG3d.dll
0x00007ff8228f0000 - 0x00007ff822a5a000 	C:\Users\DeMarco-PC\JPAD_PROJECT\jpad\libraries\occjava\OCCJavaWrapper_OCCT_v7.0.0_vc14_Win64\TKernel.dll
0x00007ff81e900000 - 0x00007ff81ecfb000 	C:\Users\DeMarco-PC\JPAD_PROJECT\jpad\libraries\occjava\OCCJavaWrapper_OCCT_v7.0.0_vc14_Win64\TKGeomBase.dll
0x00007ff819730000 - 0x00007ff819b10000 	C:\Users\DeMarco-PC\JPAD_PROJECT\jpad\libraries\occjava\OCCJavaWrapper_OCCT_v7.0.0_vc14_Win64\TKGeomAlgo.dll
0x00007ff822740000 - 0x00007ff822810000 	C:\Users\DeMarco-PC\JPAD_PROJECT\jpad\libraries\occjava\OCCJavaWrapper_OCCT_v7.0.0_vc14_Win64\TKBRep.dll
0x00007ff81e800000 - 0x00007ff81e8fe000 	C:\Users\DeMarco-PC\JPAD_PROJECT\jpad\libraries\occjava\OCCJavaWrapper_OCCT_v7.0.0_vc14_Win64\TKHLR.dll
0x00007ff81ad40000 - 0x00007ff81afc3000 	C:\Users\DeMarco-PC\JPAD_PROJECT\jpad\libraries\occjava\OCCJavaWrapper_OCCT_v7.0.0_vc14_Win64\TKTopAlgo.dll
0x00007ff8196d0000 - 0x00007ff819726000 	C:\Users\DeMarco-PC\JPAD_PROJECT\jpad\libraries\occjava\OCCJavaWrapper_OCCT_v7.0.0_vc14_Win64\TKPrim.dll
0x00007ff816980000 - 0x00007ff816daf000 	C:\Users\DeMarco-PC\JPAD_PROJECT\jpad\libraries\occjava\OCCJavaWrapper_OCCT_v7.0.0_vc14_Win64\TKBool.dll
0x00007ff8194e0000 - 0x00007ff8196cf000 	C:\Users\DeMarco-PC\JPAD_PROJECT\jpad\libraries\occjava\OCCJavaWrapper_OCCT_v7.0.0_vc14_Win64\TKBO.dll
0x00007ff819210000 - 0x00007ff8194db000 	C:\Users\DeMarco-PC\JPAD_PROJECT\jpad\libraries\occjava\OCCJavaWrapper_OCCT_v7.0.0_vc14_Win64\TKShHealing.dll
0x00007ff8167f0000 - 0x00007ff816978000 	C:\Users\DeMarco-PC\JPAD_PROJECT\jpad\libraries\occjava\OCCJavaWrapper_OCCT_v7.0.0_vc14_Win64\TKOffset.dll
0x00007ff8165b0000 - 0x00007ff8167ed000 	C:\Users\DeMarco-PC\JPAD_PROJECT\jpad\libraries\occjava\OCCJavaWrapper_OCCT_v7.0.0_vc14_Win64\TKFillet.dll
0x00007ff84c490000 - 0x00007ff84c4cb000 	C:\Users\DeMarco-PC\JPAD_PROJECT\jpad\libraries\occjava\OCCJavaWrapper_OCCT_v7.0.0_vc14_Win64\TKService.dll
0x00007ff816330000 - 0x00007ff8165ae000 	C:\Users\DeMarco-PC\JPAD_PROJECT\jpad\libraries\occjava\OCCJavaWrapper_OCCT_v7.0.0_vc14_Win64\TKV3d.dll
0x00007ff816250000 - 0x00007ff81632c000 	C:\Users\DeMarco-PC\JPAD_PROJECT\jpad\libraries\occjava\OCCJavaWrapper_OCCT_v7.0.0_vc14_Win64\TKOpenGl.dll
0x00007ff876710000 - 0x00007ff8767fd000 	C:\WINDOWS\System32\COMDLG32.dll
0x00007ff8191b0000 - 0x00007ff819208000 	C:\Users\DeMarco-PC\JPAD_PROJECT\jpad\libraries\occjava\OCCJavaWrapper_OCCT_v7.0.0_vc14_Win64\TKCDF.dll
0x00007ff8161a0000 - 0x00007ff816243000 	C:\Users\DeMarco-PC\JPAD_PROJECT\jpad\libraries\occjava\OCCJavaWrapper_OCCT_v7.0.0_vc14_Win64\TKLCAF.dll
0x00007ff816100000 - 0x00007ff816195000 	C:\Users\DeMarco-PC\JPAD_PROJECT\jpad\libraries\occjava\OCCJavaWrapper_OCCT_v7.0.0_vc14_Win64\TKCAF.dll
0x00007ff815ec0000 - 0x00007ff8160fb000 	C:\Users\DeMarco-PC\JPAD_PROJECT\jpad\libraries\occjava\OCCJavaWrapper_OCCT_v7.0.0_vc14_Win64\TKXSBase.dll
0x00007ff815b70000 - 0x00007ff815eb8000 	C:\Users\DeMarco-PC\JPAD_PROJECT\jpad\libraries\occjava\OCCJavaWrapper_OCCT_v7.0.0_vc14_Win64\TKIGES.dll
0x00007ff815980000 - 0x00007ff815b62000 	C:\Users\DeMarco-PC\JPAD_PROJECT\jpad\libraries\occjava\OCCJavaWrapper_OCCT_v7.0.0_vc14_Win64\TKSTEPBase.dll
0x00007ff8156a0000 - 0x00007ff815972000 	C:\Users\DeMarco-PC\JPAD_PROJECT\jpad\libraries\occjava\OCCJavaWrapper_OCCT_v7.0.0_vc14_Win64\TKSTEP.dll
0x00007ff84c700000 - 0x00007ff84c72b000 	C:\Users\DeMarco-PC\JPAD_PROJECT\jpad\libraries\occjava\OCCJavaWrapper_OCCT_v7.0.0_vc14_Win64\TKSTL.dll
0x00007ff815620000 - 0x00007ff81569e000 	C:\Users\DeMarco-PC\JPAD_PROJECT\jpad\libraries\occjava\OCCJavaWrapper_OCCT_v7.0.0_vc14_Win64\TKVRML.dll
0x00007ff8154c0000 - 0x00007ff815614000 	C:\Users\DeMarco-PC\JPAD_PROJECT\jpad\libraries\occjava\OCCJavaWrapper_OCCT_v7.0.0_vc14_Win64\TKFeat.dll
0x00007ff815410000 - 0x00007ff8154ba000 	C:\WINDOWS\SYSTEM32\MSVCP140.dll
0x0000000059120000 - 0x0000000059127000 	C:\Users\DeMarco-PC\JPAD_PROJECT\jpad\libraries\occjava\OCCJavaWrapper_OCCT_v7.0.0_vc14_Win64\jre1.8.0_91\bin\jawt.dll
0x00007ff815390000 - 0x00007ff815405000 	C:\Users\DeMarco-PC\JPAD_PROJECT\jpad\libraries\occjava\OCCJavaWrapper_OCCT_v7.0.0_vc14_Win64\TKMesh.dll
0x00007ff85c640000 - 0x00007ff85c656000 	C:\WINDOWS\SYSTEM32\VCRUNTIME140.dll
0x00007ff86e830000 - 0x00007ff86e8b4000 	C:\WINDOWS\SYSTEM32\WINSPOOL.DRV
0x00007ff84a6b0000 - 0x00007ff84a6f4000 	C:\Users\DeMarco-PC\JPAD_PROJECT\jpad\libraries\occjava\OCCJavaWrapper_OCCT_v7.0.0_vc14_Win64\tbbmalloc.dll
0x00007ff8422f0000 - 0x00007ff842334000 	C:\Users\DeMarco-PC\JPAD_PROJECT\jpad\libraries\occjava\OCCJavaWrapper_OCCT_v7.0.0_vc14_Win64\tbb.dll
0x00007ff8152d0000 - 0x00007ff815381000 	C:\Users\DeMarco-PC\JPAD_PROJECT\jpad\libraries\occjava\OCCJavaWrapper_OCCT_v7.0.0_vc14_Win64\freetype.dll
0x00007ff830d00000 - 0x00007ff830e20000 	C:\WINDOWS\SYSTEM32\OPENGL32.dll
0x00007ff863010000 - 0x00007ff86302a000 	C:\Users\DeMarco-PC\JPAD_PROJECT\jpad\libraries\occjava\OCCJavaWrapper_OCCT_v7.0.0_vc14_Win64\gl2ps.dll
0x00007ff815210000 - 0x00007ff8152cd000 	C:\Users\DeMarco-PC\JPAD_PROJECT\jpad\libraries\occjava\OCCJavaWrapper_OCCT_v7.0.0_vc14_Win64\TKSTEPAttr.dll
0x00007ff815180000 - 0x00007ff815209000 	C:\Users\DeMarco-PC\JPAD_PROJECT\jpad\libraries\occjava\OCCJavaWrapper_OCCT_v7.0.0_vc14_Win64\TKSTEP209.dll
0x0000000058f80000 - 0x0000000059118000 	C:\Users\DeMarco-PC\JPAD_PROJECT\jpad\libraries\occjava\OCCJavaWrapper_OCCT_v7.0.0_vc14_Win64\jre1.8.0_91\bin\awt.dll
0x00007ff876530000 - 0x00007ff8765f2000 	C:\WINDOWS\System32\OLEAUT32.dll
0x00007ff870870000 - 0x00007ff870a24000 	C:\WINDOWS\SYSTEM32\PROPSYS.dll
0x00007ff872770000 - 0x00007ff8727a8000 	C:\WINDOWS\SYSTEM32\IPHLPAPI.DLL
0x00007ff872d40000 - 0x00007ff872d65000 	C:\WINDOWS\SYSTEM32\bcrypt.dll
0x00007ff851400000 - 0x00007ff85142c000 	C:\WINDOWS\SYSTEM32\GLU32.dll
0x000000003e990000 - 0x000000003efc7000 	C:\Users\DeMarco-PC\JPAD_PROJECT\jpad\libraries\occjava\OCCJavaWrapper_OCCT_v7.0.0_vc14_Win64\FreeImage.dll
0x000000003efd0000 - 0x000000003eff4000 	C:\Users\DeMarco-PC\JPAD_PROJECT\jpad\libraries\occjava\OCCJavaWrapper_OCCT_v7.0.0_vc14_Win64\FreeImagePlus.dll
0x00007ff872b40000 - 0x00007ff872b4b000 	C:\WINDOWS\SYSTEM32\CRYPTBASE.DLL
0x00007ff870f30000 - 0x00007ff870fbb000 	C:\WINDOWS\SYSTEM32\apphelp.dll
0x00007ff86de80000 - 0x00007ff86e049000 	C:\WINDOWS\SYSTEM32\dbghelp.dll

VM Arguments:
jvm_args: -Dfile.encoding=UTF-8 
java_command: it.unina.daf.jpadcadsandbox.TestBoolean02mds -i C:\Users\DeMarco-PC\JPAD_PROJECT\jpad/JPADSandBox_v2/in/Template_Aircraft/aircraft_ATR72.xml -ia C:\Users\DeMarco-PC\JPAD_PROJECT\jpad/JPADSandBox_v2/in/Template_Analyses/analysis_ATR72.xml -ioc C:\Users\DeMarco-PC\JPAD_PROJECT\jpad/JPADSandBox_v2/in/Template_Analyses/operating_conditions_ATR72.xml --database-dir C:\Users\DeMarco-PC\JPAD_PROJECT\jpad/JPADSandBox_v2/data -da C:\Users\DeMarco-PC\JPAD_PROJECT\jpad/JPADSandBox_v2/in/Template_Aircraft/lifting_surfaces/airfoils -df C:\Users\DeMarco-PC\JPAD_PROJECT\jpad/JPADSandBox_v2/in/Template_Aircraft/fuselages -dls C:\Users\DeMarco-PC\JPAD_PROJECT\jpad/JPADSandBox_v2/in/Template_Aircraft/lifting_surfaces -de C:\Users\DeMarco-PC\JPAD_PROJECT\jpad/JPADSandBox_v2/in/Template_Aircraft/engines -dn C:\Users\DeMarco-PC\JPAD_PROJECT\jpad/JPADSandBox_v2/in/Template_Aircraft/nacelles -dlg C:\Users\DeMarco-PC\JPAD_PROJECT\jpad/JPADSandBox_v2/in/Template_Aircraft/landing_gears -dcc C:\Users\DeMarco-PC\JPAD_PROJECT\jpad/JPADSandBox_v2/in/Template_Aircraft/cabin_configurations
java_class_path (initial): C:\Program Files\Java\jdk1.8.0_171\jre\lib\resources.jar;C:\Program Files\Java\jdk1.8.0_171\jre\lib\rt.jar;C:\Program Files\Java\jdk1.8.0_171\jre\lib\jsse.jar;C:\Program Files\Java\jdk1.8.0_171\jre\lib\jce.jar;C:\Program Files\Java\jdk1.8.0_171\jre\lib\charsets.jar;C:\Program Files\Java\jdk1.8.0_171\jre\lib\jfr.jar;C:\Program Files\Java\jdk1.8.0_171\jre\lib\ext\access-bridge-64.jar;C:\Program Files\Java\jdk1.8.0_171\jre\lib\ext\cldrdata.jar;C:\Program Files\Java\jdk1.8.0_171\jre\lib\ext\dnsns.jar;C:\Program Files\Java\jdk1.8.0_171\jre\lib\ext\jaccess.jar;C:\Program Files\Java\jdk1.8.0_171\jre\lib\ext\jfxrt.jar;C:\Program Files\Java\jdk1.8.0_171\jre\lib\ext\localedata.jar;C:\Program Files\Java\jdk1.8.0_171\jre\lib\ext\nashorn.jar;C:\Program Files\Java\jdk1.8.0_171\jre\lib\ext\sunec.jar;C:\Program Files\Java\jdk1.8.0_171\jre\lib\ext\sunjce_provider.jar;C:\Program Files\Java\jdk1.8.0_171\jre\lib\ext\sunmscapi.jar;C:\Program Files\Java\jdk1.8.0_171\jre\lib\ext\sunpkcs11.jar;C:\Program Files\Java\jdk1.8.0_171\jre\lib\ext\zipfs.jar;C:\Users\DeMarco-PC\JPAD_PROJECT\jpad\JPADCADSandbox\bin;C:\Users\DeMarco-PC\JPAD_PROJECT\jpad\JPADCAD\bin;C:\Users\DeMarco-PC\JPAD_PROJECT\jpad\libraries\occjava\OCCJavaWrapper_OCCT_v7.0.0_vc14_Win64\OCCJavaWrapper.jar;C:\Users\DeMarco-PC\JPAD_PROJECT\jpad\libraries\trove\trove-3.1a1.jar;C:\Users\DeMarco-PC\JPAD_PROJECT\jpad\libraries\vecmath\vecmath.jar;C:\Users\DeMarco-PC\JPAD_PROJECT\jpad\libraries\jscience-4.3\jscience.jar;C:\Users\DeMarco-PC\JPAD_PROJECT\jpad\libraries\lombok\lombok.jar;C:\Users\DeMarco-PC\JPAD_PROJECT\jpad\libraries\args4j\args4j-2.0.21.jar;C:\Users\DeMarco-PC\JPAD_PROJECT\jpad\libraries\hdf\jarhdf5-2.10.1.jar;C:\Users\DeMarco-PC\JPAD_PROJECT\jpad\libraries\poi\poi-ooxml-3.10.1-20140818.jar;C:\Users\DeMarco-PC\JPAD_PROJECT\jpad\libraries\log4j\log4j-api-2.0.2.jar;C:\Users\DeMarco-PC\JPAD_PROJECT\jpad\libraries\log4j\log4j-core-2.0.2.jar;C:\Users\DeMarco-PC\JPAD_PROJECT\jpad\libraries\hdf\slf4
Launcher Type: SUN_STANDARD

Environment Variables:
PATH=C:\Users\DeMarco-PC\JPAD_PROJECT\jpad\libraries\occjava\OCCJavaWrapper_OCCT_v7.0.0_vc14_Win64;C:\Users\DeMarco-PC\JPAD_PROJECT\jpad\libraries\occjava\OCCJavaWrapper_OCCT_v7.0.0_vc14_Win64\jre1.8.0_91\bin;C:\Users\DeMarco-PC\JPAD_PROJECT\jpad\libraries\hdf;



---------------  S Y S T E M  ---------------

OS: Windows 10.0 , 64 bit Build 17134 (10.0.17134.1)

CPU:total 12 (initial active 12) (6 cores per cpu, 2 threads per core) family 6 model 63 stepping 2, cmov, cx8, fxsr, mmx, sse, sse2, sse3, ssse3, sse4.1, sse4.2, popcnt, avx, avx2, aes, clmul, erms, lzcnt, ht, tsc, tscinvbit, bmi1, bmi2

Memory: 4k page, physical 67001628k(53657704k free), swap 76963100k(60190924k free)

vm_info: Java HotSpot(TM) 64-Bit Server VM (25.171-b11) for windows-amd64 JRE (1.8.0_171-b11), built on Mar 28 2018 16:06:12 by "java_re" with MS VC++ 10.0 (VS2010)

time: Tue Jul 17 13:59:58 2018
elapsed time: 2 seconds (0d 0h 0m 2s)

