#
# A fatal error has been detected by the Java Runtime Environment:
#
#  EXCEPTION_UNCAUGHT_CXX_EXCEPTION (0xe06d7363) at pc=0x00007ffe9c6e4008, pid=11040, tid=0x000000000000335c
#
# JRE version: Java(TM) SE Runtime Environment (8.0_161-b12) (build 1.8.0_161-b12)
# Java VM: Java HotSpot(TM) 64-Bit Server VM (25.161-b12 mixed mode windows-amd64 compressed oops)
# Problematic frame:
# C  [KERNELBASE.dll+0x14008]
#
# Failed to write core dump. Minidumps are not enabled by default on client versions of Windows
#
# If you would like to submit a bug report, please visit:
#   http://bugreport.java.com/bugreport/crash.jsp
# The crash happened outside the Java Virtual Machine in native code.
# See problematic frame for where to report the bug.
#

---------------  T H R E A D  ---------------

Current thread (0x0000000004624800):  JavaThread "main" [_thread_in_native, id=13148, stack(0x00000000044a0000,0x00000000045a0000)]

siginfo: ExceptionCode=0xe06d7363, ExceptionInformation=0x0000000019930520 0x000000000459ddc0 0x00007ffe6ce42b90 0x00007ffe6cd90000 

Registers:
RAX=0x00007ffe6cf5c859, RBX=0x000000004245a7f8, RCX=0x000000004245c030, RDX=0x000000004245bca8
RSP=0x000000000459dc40, RBP=0x000000000459dd80, RSI=0x00007ffe6ce42b90, RDI=0x00007ffe4eb06b48
R8 =0x00007ffe6cbfa0d6, R9 =0x000000000459d740, R10=0x000000000459d750, R11=0xfffffffffffffffe
R12=0x00007ffe4eaebef0, R13=0x000000000281a2d8, R14=0x000000000459ddc0, R15=0x0000000000000004
RIP=0x00007ffe9c6e4008, EFLAGS=0x0000000000000206

Top of Stack: (sp=0x000000000459dc40)
0x000000000459dc40:   0000000000000000 000000004245a7f8
0x000000000459dc50:   00007ffe6ce42b90 00007ffe4eb06b48
0x000000000459dc60:   00000001e06d7363 0000000000000000
0x000000000459dc70:   00007ffe9c6e4008 0000000000000004
0x000000000459dc80:   0000000019930520 000000000459ddc0
0x000000000459dc90:   00007ffe6ce42b90 00007ffe6cd90000
0x000000000459dca0:   00007ffe4eaebef0 00007ffe4eb06b48
0x000000000459dcb0:   00007ffe6ce42b90 000000000459dda0
0x000000000459dcc0:   000000000459dd80 00007ffea024c66f
0x000000000459dcd0:   000000000281a2d8 00007ffe00000000
0x000000000459dce0:   0000000000000000 0000000000000000
0x000000000459dcf0:   00007ffe6ceed000 00007ffe6cd90000
0x000000000459dd00:   0000acdb40b3f4e2 00007ffe4eaebf00
0x000000000459dd10:   000000004245a7f8 00007ffe8a6e44f2
0x000000000459dd20:   00007ffe4eb06b48 00007ffe9d4fe926
0x000000000459dd30:   0000000000000017 0000000000000017 

Instructions: (pc=0x00007ffe9c6e4008)
0x00007ffe9c6e3fe8:   49 8b d1 44 0f 47 c0 44 89 44 24 38 49 c1 e0 03
0x00007ffe9c6e3ff8:   e8 ca 16 07 00 48 8d 4c 24 20 ff 15 e8 4a 16 00
0x00007ffe9c6e4008:   48 8b 8c 24 c0 00 00 00 48 33 cc e8 a8 e6 06 00
0x00007ffe9c6e4018:   48 81 c4 d8 00 00 00 c3 83 64 24 38 00 eb d6 cc 


Register to memory mapping:

RAX=0x00007ffe6cf5c859 is an unknown value
RBX=0x000000004245a7f8 is an unknown value
RCX=0x000000004245c030 is an unknown value
RDX=0x000000004245bca8 is an unknown value
RSP=0x000000000459dc40 is pointing into the stack for thread: 0x0000000004624800
RBP=0x000000000459dd80 is pointing into the stack for thread: 0x0000000004624800
RSI=0x00007ffe6ce42b90 is an unknown value
RDI=0x00007ffe4eb06b48 is an unknown value
R8 =0x00007ffe6cbfa0d6 is an unknown value
R9 =0x000000000459d740 is pointing into the stack for thread: 0x0000000004624800
R10=0x000000000459d750 is pointing into the stack for thread: 0x0000000004624800
R11=0xfffffffffffffffe is an unknown value
R12=0x00007ffe4eaebef0 is an unknown value
R13=0x000000000281a2d8 is an unknown value
R14=0x000000000459ddc0 is pointing into the stack for thread: 0x0000000004624800
R15=0x0000000000000004 is an unknown value


Stack: [0x00000000044a0000,0x00000000045a0000],  sp=0x000000000459dc40,  free space=1015k
Native frames: (J=compiled Java code, j=interpreted, Vv=VM code, C=native code)
C  [KERNELBASE.dll+0x14008]
C  [VCRUNTIME140.dll+0x44f2]
C  [TKernel.dll+0x32472]
C  [TKernel.dll+0x32278]
C  [TKBool.dll+0x1ad5ea]
C  [TKOffset.dll+0x11ba0]
C  0x0000000004741df0

Java frames: (J=compiled Java code, j=interpreted, Vv=VM code)
j  opencascade.OCCwrapJavaJNI.BRepBuilderAPI_MakeShape_Build(JLopencascade/BRepBuilderAPI_MakeShape;)V+0
j  opencascade.BRepBuilderAPI_MakeShape.Build()V+5
j  it.unina.daf.jpadcadsandbox.utils.AircraftUtils.getLiftingSurfaceCAD(Laircraft/components/liftingSurface/LiftingSurface;Lconfiguration/enumerations/ComponentEnum;DZZZ)Ljava/util/List;+4729
j  it.unina.daf.jpadcadsandbox.Test01vt.main([Ljava/lang/String;)V+69
v  ~StubRoutines::call_stub

---------------  P R O C E S S  ---------------

Java Threads: ( => current thread )
  0x000000003bc02000 JavaThread "Service Thread" daemon [_thread_blocked, id=14872, stack(0x000000003dc00000,0x000000003dd00000)]
  0x000000003bb95000 JavaThread "C1 CompilerThread3" daemon [_thread_blocked, id=9548, stack(0x000000003db00000,0x000000003dc00000)]
  0x000000003bb91800 JavaThread "C2 CompilerThread2" daemon [_thread_blocked, id=7072, stack(0x000000003da00000,0x000000003db00000)]
  0x000000003bb90800 JavaThread "C2 CompilerThread1" daemon [_thread_blocked, id=7592, stack(0x000000003d900000,0x000000003da00000)]
  0x000000003bb8f000 JavaThread "C2 CompilerThread0" daemon [_thread_blocked, id=7524, stack(0x000000003d800000,0x000000003d900000)]
  0x000000003bb81800 JavaThread "JDWP Command Reader" daemon [_thread_in_native, id=6812, stack(0x000000003d700000,0x000000003d800000)]
  0x000000003bb79800 JavaThread "JDWP Event Helper Thread" daemon [_thread_blocked, id=11296, stack(0x000000003d600000,0x000000003d700000)]
  0x000000003bb6c800 JavaThread "JDWP Transport Listener: dt_socket" daemon [_thread_blocked, id=18772, stack(0x000000003d500000,0x000000003d600000)]
  0x000000003bb63800 JavaThread "Attach Listener" daemon [_thread_blocked, id=10292, stack(0x000000003d0c0000,0x000000003d1c0000)]
  0x000000003bb62800 JavaThread "Signal Dispatcher" daemon [_thread_blocked, id=14248, stack(0x000000003cfc0000,0x000000003d0c0000)]
  0x000000003bb53800 JavaThread "Finalizer" daemon [_thread_blocked, id=19164, stack(0x000000003cdb0000,0x000000003ceb0000)]
  0x000000000471e000 JavaThread "Reference Handler" daemon [_thread_blocked, id=8396, stack(0x000000003ccb0000,0x000000003cdb0000)]
=>0x0000000004624800 JavaThread "main" [_thread_in_native, id=13148, stack(0x00000000044a0000,0x00000000045a0000)]

Other Threads:
  0x000000003bb32800 VMThread [stack: 0x000000003cbb0000,0x000000003ccb0000] [id=19592]
  0x000000003bc03800 WatcherThread [stack: 0x000000003dd00000,0x000000003de00000] [id=712]

VM state:not at safepoint (normal execution)

VM Mutex/Monitor currently owned by a thread: None

Heap:
 PSYoungGen      total 305664K, used 42571K [0x000000066b380000, 0x0000000680880000, 0x00000007c0000000)
  eden space 262144K, 14% used [0x000000066b380000,0x000000066d8187b0,0x000000067b380000)
  from space 43520K, 11% used [0x000000067de00000,0x000000067e2fa718,0x0000000680880000)
  to   space 43520K, 0% used [0x000000067b380000,0x000000067b380000,0x000000067de00000)
 ParOldGen       total 699392K, used 96K [0x00000003c1a00000, 0x00000003ec500000, 0x000000066b380000)
  object space 699392K, 0% used [0x00000003c1a00000,0x00000003c1a18010,0x00000003ec500000)
 Metaspace       used 20675K, capacity 21202K, committed 21296K, reserved 1069056K
  class space    used 1760K, capacity 1890K, committed 1920K, reserved 1048576K

Card table byte_map: [0x0000000013ae0000,0x0000000015ae0000] byte_map_base: 0x0000000011cd3000

Marking Bits: (ParMarkBitMap*) 0x0000000051f5f860
 Begin Bits: [0x0000000017a30000, 0x00000000279c8000)
 End Bits:   [0x00000000279c8000, 0x0000000037960000)

Polling page: 0x0000000004460000

CodeCache: size=245760Kb used=9801Kb max_used=9801Kb free=235958Kb
 bounds [0x0000000004720000, 0x00000000050c0000, 0x0000000013720000]
 total_blobs=3573 nmethods=2413 adapters=1080
 compilation: enabled

Compilation events (10 events):
Event: 20.238 Thread 0x000000003bb95000 2417       3       java.lang.StringBuilder::append (10 bytes)
Event: 20.238 Thread 0x000000003bb95000 nmethod 2417 0x00000000050b2090 code [0x00000000050b2200, 0x00000000050b23a8]
Event: 20.238 Thread 0x000000003bb95000 2418       3       java.util.stream.Sink::end (1 bytes)
Event: 20.238 Thread 0x000000003bb95000 nmethod 2418 0x00000000050b2450 code [0x00000000050b25a0, 0x00000000050b26f0]
Event: 20.240 Thread 0x000000003bb95000 2419       3       java.util.stream.AbstractPipeline::<init> (91 bytes)
Event: 20.240 Thread 0x000000003bb95000 nmethod 2419 0x00000000050b2750 code [0x00000000050b2900, 0x00000000050b2f18]
Event: 20.242 Thread 0x000000003bb95000 2420   !   3       java.lang.invoke.MemberName::getMethodType (208 bytes)
Event: 20.243 Thread 0x000000003bb95000 nmethod 2420 0x00000000050b31d0 code [0x00000000050b3480, 0x00000000050b4cb8]
Event: 20.245 Thread 0x000000003bb95000 2421       3       java.lang.StringBuilder::append (9 bytes)
Event: 20.245 Thread 0x000000003bb95000 nmethod 2421 0x00000000050b55d0 code [0x00000000050b5760, 0x00000000050b5b58]

GC Heap History (4 events):
Event: 1.537 GC heap before
{Heap before GC invocations=1 (full 0):
 PSYoungGen      total 305664K, used 262144K [0x000000066b380000, 0x0000000680880000, 0x00000007c0000000)
  eden space 262144K, 100% used [0x000000066b380000,0x000000067b380000,0x000000067b380000)
  from space 43520K, 0% used [0x000000067de00000,0x000000067de00000,0x0000000680880000)
  to   space 43520K, 0% used [0x000000067b380000,0x000000067b380000,0x000000067de00000)
 ParOldGen       total 699392K, used 0K [0x00000003c1a00000, 0x00000003ec500000, 0x000000066b380000)
  object space 699392K, 0% used [0x00000003c1a00000,0x00000003c1a00000,0x00000003ec500000)
 Metaspace       used 13604K, capacity 13878K, committed 14080K, reserved 1062912K
  class space    used 1447K, capacity 1521K, committed 1536K, reserved 1048576K
Event: 1.542 GC heap after
Heap after GC invocations=1 (full 0):
 PSYoungGen      total 305664K, used 6429K [0x000000066b380000, 0x0000000680880000, 0x00000007c0000000)
  eden space 262144K, 0% used [0x000000066b380000,0x000000066b380000,0x000000067b380000)
  from space 43520K, 14% used [0x000000067b380000,0x000000067b9c7638,0x000000067de00000)
  to   space 43520K, 0% used [0x000000067de00000,0x000000067de00000,0x0000000680880000)
 ParOldGen       total 699392K, used 88K [0x00000003c1a00000, 0x00000003ec500000, 0x000000066b380000)
  object space 699392K, 0% used [0x00000003c1a00000,0x00000003c1a16010,0x00000003ec500000)
 Metaspace       used 13604K, capacity 13878K, committed 14080K, reserved 1062912K
  class space    used 1447K, capacity 1521K, committed 1536K, reserved 1048576K
}
Event: 1.813 GC heap before
{Heap before GC invocations=2 (full 0):
 PSYoungGen      total 305664K, used 268573K [0x000000066b380000, 0x0000000680880000, 0x00000007c0000000)
  eden space 262144K, 100% used [0x000000066b380000,0x000000067b380000,0x000000067b380000)
  from space 43520K, 14% used [0x000000067b380000,0x000000067b9c7638,0x000000067de00000)
  to   space 43520K, 0% used [0x000000067de00000,0x000000067de00000,0x0000000680880000)
 ParOldGen       total 699392K, used 88K [0x00000003c1a00000, 0x00000003ec500000, 0x000000066b380000)
  object space 699392K, 0% used [0x00000003c1a00000,0x00000003c1a16010,0x00000003ec500000)
 Metaspace       used 15413K, capacity 15842K, committed 16128K, reserved 1062912K
  class space    used 1606K, capacity 1727K, committed 1792K, reserved 1048576K
Event: 1.817 GC heap after
Heap after GC invocations=2 (full 0):
 PSYoungGen      total 305664K, used 5097K [0x000000066b380000, 0x0000000680880000, 0x00000007c0000000)
  eden space 262144K, 0% used [0x000000066b380000,0x000000066b380000,0x000000067b380000)
  from space 43520K, 11% used [0x000000067de00000,0x000000067e2fa718,0x0000000680880000)
  to   space 43520K, 0% used [0x000000067b380000,0x000000067b380000,0x000000067de00000)
 ParOldGen       total 699392K, used 96K [0x00000003c1a00000, 0x00000003ec500000, 0x000000066b380000)
  object space 699392K, 0% used [0x00000003c1a00000,0x00000003c1a18010,0x00000003ec500000)
 Metaspace       used 15413K, capacity 15842K, committed 16128K, reserved 1062912K
  class space    used 1606K, capacity 1727K, committed 1792K, reserved 1048576K
}

Deoptimization events (10 events):
Event: 1.588 Thread 0x0000000004624800 Uncommon trap: reason=class_check action=maybe_recompile pc=0x0000000004e5f09c method=com.sun.org.apache.xerces.internal.dom.NamedNodeMapImpl.item(I)Lorg/w3c/dom/Node; @ 33
Event: 1.592 Thread 0x0000000004624800 Uncommon trap: reason=speculate_class_check action=maybe_recompile pc=0x0000000004d9fe1c method=com.sun.org.apache.xerces.internal.dom.ElementNSImpl.getNamespaceURI()Ljava/lang/String; @ 8
Event: 1.628 Thread 0x0000000004624800 Uncommon trap: reason=unstable_if action=reinterpret pc=0x0000000004d22190 method=java.lang.Double.equals(Ljava/lang/Object;)Z @ 25
Event: 1.632 Thread 0x0000000004624800 Uncommon trap: reason=unstable_if action=reinterpret pc=0x000000000489ae74 method=sun.nio.cs.UTF_8$Encoder.encode([CII[B)I @ 33
Event: 1.633 Thread 0x0000000004624800 Uncommon trap: reason=unstable_if action=reinterpret pc=0x0000000004945744 method=sun.net.www.ParseUtil.encodePath(Ljava/lang/String;Z)Ljava/lang/String; @ 81
Event: 1.633 Thread 0x0000000004624800 Uncommon trap: reason=unstable_if action=reinterpret pc=0x0000000004932038 method=sun.nio.cs.UTF_8$Decoder.decode([BII[C)I @ 30
Event: 1.787 Thread 0x0000000004624800 Uncommon trap: reason=unstable_if action=reinterpret pc=0x000000000495d510 method=java.io.WinNTFileSystem.normalize(Ljava/lang/String;)Ljava/lang/String; @ 74
Event: 1.789 Thread 0x0000000004624800 Uncommon trap: reason=class_check action=maybe_recompile pc=0x0000000004a23db8 method=com.sun.org.apache.xerces.internal.impl.XMLDocumentFragmentScannerImpl.scanStartElement()Z @ 436
Event: 1.789 Thread 0x0000000004624800 Uncommon trap: reason=unstable_if action=reinterpret pc=0x0000000004f0cef4 method=com.sun.org.apache.xerces.internal.impl.XMLEntityScanner.scanContent(Lcom/sun/org/apache/xerces/internal/xni/XMLString;)I @ 121
Event: 1.840 Thread 0x0000000004624800 Uncommon trap: reason=unstable_if action=reinterpret pc=0x0000000004f8d7bc method=sun.misc.FloatingDecimal.readJavaFormatString(Ljava/lang/String;)Lsun/misc/FloatingDecimal$ASCIIToBinaryConverter; @ 178

Classes redefined (0 events):
No events

Internal exceptions (10 events):
Event: 0.373 Thread 0x0000000004624800 Exception <a 'java/security/PrivilegedActionException'> (0x000000066b847e30) thrown at [C:\re\workspace\8-2-build-windows-amd64-cygwin\jdk8u161\10277\hotspot\src\share\vm\prims\jvm.cpp, line 1390]
Event: 0.373 Thread 0x0000000004624800 Exception <a 'java/security/PrivilegedActionException'> (0x000000066b8492c0) thrown at [C:\re\workspace\8-2-build-windows-amd64-cygwin\jdk8u161\10277\hotspot\src\share\vm\prims\jvm.cpp, line 1390]
Event: 0.373 Thread 0x0000000004624800 Exception <a 'java/security/PrivilegedActionException'> (0x000000066b8494d0) thrown at [C:\re\workspace\8-2-build-windows-amd64-cygwin\jdk8u161\10277\hotspot\src\share\vm\prims\jvm.cpp, line 1390]
Event: 0.637 Thread 0x0000000004624800 Implicit null exception at 0x000000000497c8be to 0x000000000497d33d
Event: 0.813 Thread 0x0000000004624800 Exception <a 'java/lang/NoSuchFieldError': method resolution failed> (0x000000066e74de78) thrown at [C:\re\workspace\8-2-build-windows-amd64-cygwin\jdk8u161\10277\hotspot\src\share\vm\prims\methodHandles.cpp, line 1167]
Event: 0.816 Thread 0x0000000004624800 Exception <a 'java/lang/NoSuchFieldError': method resolution failed> (0x000000066e75b538) thrown at [C:\re\workspace\8-2-build-windows-amd64-cygwin\jdk8u161\10277\hotspot\src\share\vm\prims\methodHandles.cpp, line 1167]
Event: 1.083 Thread 0x0000000004624800 Implicit null exception at 0x0000000004a90580 to 0x0000000004a92745
Event: 1.098 Thread 0x0000000004624800 Implicit null exception at 0x0000000004bc4a30 to 0x0000000004bc4a91
Event: 1.293 Thread 0x0000000004624800 Implicit null exception at 0x0000000004902f99 to 0x0000000004903491
Event: 1.345 Thread 0x0000000004624800 Implicit null exception at 0x0000000004905f16 to 0x00000000049063cd

Events (10 events):
Event: 44.430 Executing VM operation: GetOrSetLocal
Event: 44.430 Executing VM operation: GetOrSetLocal done
Event: 44.435 Executing VM operation: GetOwnedMonitorInfo
Event: 44.435 Executing VM operation: GetOwnedMonitorInfo done
Event: 44.435 Executing VM operation: GetCurrentContendedMonitor
Event: 44.435 Executing VM operation: GetCurrentContendedMonitor done
Event: 50.396 Executing VM operation: ChangeBreakpoints
Event: 50.396 Executing VM operation: ChangeBreakpoints done
Event: 53.255 Executing VM operation: ChangeBreakpoints
Event: 53.255 Executing VM operation: ChangeBreakpoints done


Dynamic libraries:
0x00007ff6260f0000 - 0x00007ff626127000 	C:\Program Files\Java\jdk1.8.0_161\jre\bin\javaw.exe
0x00007ffea01d0000 - 0x00007ffea03b0000 	C:\WINDOWS\SYSTEM32\ntdll.dll
0x00007ffea0050000 - 0x00007ffea00fe000 	C:\WINDOWS\System32\KERNEL32.DLL
0x00007ffe9c6d0000 - 0x00007ffe9c936000 	C:\WINDOWS\System32\KERNELBASE.dll
0x00007ffe9e8f0000 - 0x00007ffe9e991000 	C:\WINDOWS\System32\ADVAPI32.dll
0x00007ffe9e140000 - 0x00007ffe9e1dd000 	C:\WINDOWS\System32\msvcrt.dll
0x00007ffe9d7f0000 - 0x00007ffe9d84b000 	C:\WINDOWS\System32\sechost.dll
0x00007ffe9e430000 - 0x00007ffe9e54f000 	C:\WINDOWS\System32\RPCRT4.dll
0x00007ffe9fea0000 - 0x00007ffea002f000 	C:\WINDOWS\System32\USER32.dll
0x00007ffe9c5d0000 - 0x00007ffe9c5f0000 	C:\WINDOWS\System32\win32u.dll
0x00007ffe9e5b0000 - 0x00007ffe9e5d8000 	C:\WINDOWS\System32\GDI32.dll
0x00007ffe9d350000 - 0x00007ffe9d4e3000 	C:\WINDOWS\System32\gdi32full.dll
0x00007ffe9c940000 - 0x00007ffe9c9db000 	C:\WINDOWS\System32\msvcp_win.dll
0x00007ffe9d4f0000 - 0x00007ffe9d5e6000 	C:\WINDOWS\System32\ucrtbase.dll
0x00007ffe8f630000 - 0x00007ffe8f899000 	C:\WINDOWS\WinSxS\amd64_microsoft.windows.common-controls_6595b64144ccf1df_6.0.16299.248_none_15ced204935f55d7\COMCTL32.dll
0x00007ffe9e5e0000 - 0x00007ffe9e8e8000 	C:\WINDOWS\System32\combase.dll
0x00007ffe9c5f0000 - 0x00007ffe9c662000 	C:\WINDOWS\System32\bcryptPrimitives.dll
0x00007ffe9def0000 - 0x00007ffe9df1d000 	C:\WINDOWS\System32\IMM32.DLL
0x0000000051fe0000 - 0x00000000520b2000 	C:\Program Files\Java\jdk1.8.0_161\jre\bin\msvcr100.dll
0x0000000051740000 - 0x0000000051fdf000 	C:\Program Files\Java\jdk1.8.0_161\jre\bin\server\jvm.dll
0x00007ffe9e9a0000 - 0x00007ffe9e9a8000 	C:\WINDOWS\System32\PSAPI.DLL
0x00007ffe96bb0000 - 0x00007ffe96bb9000 	C:\WINDOWS\SYSTEM32\WSOCK32.dll
0x00007ffe97740000 - 0x00007ffe9774a000 	C:\WINDOWS\SYSTEM32\VERSION.dll
0x00007ffe8fc20000 - 0x00007ffe8fc43000 	C:\WINDOWS\SYSTEM32\WINMM.dll
0x00007ffe9d920000 - 0x00007ffe9d98c000 	C:\WINDOWS\System32\WS2_32.dll
0x00007ffe8fae0000 - 0x00007ffe8fb0a000 	C:\WINDOWS\SYSTEM32\WINMMBASE.dll
0x00007ffe9d300000 - 0x00007ffe9d34a000 	C:\WINDOWS\System32\cfgmgr32.dll
0x0000000051730000 - 0x000000005173f000 	C:\Program Files\Java\jdk1.8.0_161\jre\bin\verify.dll
0x0000000051700000 - 0x0000000051729000 	C:\Program Files\Java\jdk1.8.0_161\jre\bin\java.dll
0x00000000516c0000 - 0x00000000516f5000 	C:\Program Files\Java\jdk1.8.0_161\jre\bin\jdwp.dll
0x00000000516b0000 - 0x00000000516b8000 	C:\Program Files\Java\jdk1.8.0_161\jre\bin\npt.dll
0x00007ffe9c420000 - 0x00007ffe9c450000 	C:\WINDOWS\SYSTEM32\SspiCli.dll
0x0000000051690000 - 0x00000000516a6000 	C:\Program Files\Java\jdk1.8.0_161\jre\bin\zip.dll
0x00007ffe9e9b0000 - 0x00007ffe9fde6000 	C:\WINDOWS\System32\SHELL32.dll
0x00007ffe9fdf0000 - 0x00007ffe9fe96000 	C:\WINDOWS\System32\shcore.dll
0x00007ffe9cbb0000 - 0x00007ffe9d2f7000 	C:\WINDOWS\System32\windows.storage.dll
0x00007ffe9e260000 - 0x00007ffe9e2b1000 	C:\WINDOWS\System32\shlwapi.dll
0x00007ffe9c560000 - 0x00007ffe9c571000 	C:\WINDOWS\System32\kernel.appcore.dll
0x00007ffe9c580000 - 0x00007ffe9c5cc000 	C:\WINDOWS\System32\powrprof.dll
0x00007ffe9c540000 - 0x00007ffe9c55b000 	C:\WINDOWS\System32\profapi.dll
0x0000000051680000 - 0x0000000051689000 	C:\Program Files\Java\jdk1.8.0_161\jre\bin\dt_socket.dll
0x00007ffe96190000 - 0x00007ffe961a6000 	C:\WINDOWS\system32\napinsp.dll
0x00007ffe94210000 - 0x00007ffe9422a000 	C:\WINDOWS\system32\pnrpnsp.dll
0x00007ffe97e60000 - 0x00007ffe97e78000 	C:\WINDOWS\system32\NLAapi.dll
0x00007ffe9bdb0000 - 0x00007ffe9be16000 	C:\WINDOWS\System32\mswsock.dll
0x00007ffe9bb80000 - 0x00007ffe9bc36000 	C:\WINDOWS\SYSTEM32\DNSAPI.dll
0x00007ffe9df80000 - 0x00007ffe9df88000 	C:\WINDOWS\System32\NSI.dll
0x00007ffe9bb40000 - 0x00007ffe9bb79000 	C:\WINDOWS\SYSTEM32\IPHLPAPI.DLL
0x00007ffe94200000 - 0x00007ffe9420e000 	C:\WINDOWS\System32\winrnr.dll
0x00007ffe96120000 - 0x00007ffe96190000 	C:\WINDOWS\System32\fwpuclnt.dll
0x00007ffe9c080000 - 0x00007ffe9c0a5000 	C:\WINDOWS\SYSTEM32\bcrypt.dll
0x00007ffe95be0000 - 0x00007ffe95bea000 	C:\Windows\System32\rasadhlp.dll
0x0000000180000000 - 0x0000000180276000 	C:\Users\DeMarco-PC\JPAD_PROJECT\jpad\libraries\hdf\jhdf5.dll
0x0000000051660000 - 0x000000005167a000 	C:\Program Files\Java\jdk1.8.0_161\jre\bin\net.dll
0x0000000051640000 - 0x0000000051651000 	C:\Program Files\Java\jdk1.8.0_161\jre\bin\nio.dll
0x00007ffe4f6d0000 - 0x00007ffe4fd29000 	C:\Users\DeMarco-PC\JPAD_PROJECT\jpad\libraries\occjava\OCCJavaWrapper_OCCT_v7.0.0_vc14_Win64\OCCwrapJava.dll
0x00007ffe77740000 - 0x00007ffe777a0000 	C:\Users\DeMarco-PC\JPAD_PROJECT\jpad\libraries\occjava\OCCJavaWrapper_OCCT_v7.0.0_vc14_Win64\TKG2d.dll
0x00007ffe6cd90000 - 0x00007ffe6cefa000 	C:\Users\DeMarco-PC\JPAD_PROJECT\jpad\libraries\occjava\OCCJavaWrapper_OCCT_v7.0.0_vc14_Win64\TKernel.dll
0x00007ffe6cf00000 - 0x00007ffe6d09a000 	C:\Users\DeMarco-PC\JPAD_PROJECT\jpad\libraries\occjava\OCCJavaWrapper_OCCT_v7.0.0_vc14_Win64\TKMath.dll
0x00007ffe6ccb0000 - 0x00007ffe6cd84000 	C:\Users\DeMarco-PC\JPAD_PROJECT\jpad\libraries\occjava\OCCJavaWrapper_OCCT_v7.0.0_vc14_Win64\TKG3d.dll
0x00007ffe4f2d0000 - 0x00007ffe4f6cb000 	C:\Users\DeMarco-PC\JPAD_PROJECT\jpad\libraries\occjava\OCCJavaWrapper_OCCT_v7.0.0_vc14_Win64\TKGeomBase.dll
0x00007ffe6cbe0000 - 0x00007ffe6ccb0000 	C:\Users\DeMarco-PC\JPAD_PROJECT\jpad\libraries\occjava\OCCJavaWrapper_OCCT_v7.0.0_vc14_Win64\TKBRep.dll
0x00007ffe6c690000 - 0x00007ffe6c78e000 	C:\Users\DeMarco-PC\JPAD_PROJECT\jpad\libraries\occjava\OCCJavaWrapper_OCCT_v7.0.0_vc14_Win64\TKHLR.dll
0x00007ffe4eef0000 - 0x00007ffe4f2d0000 	C:\Users\DeMarco-PC\JPAD_PROJECT\jpad\libraries\occjava\OCCJavaWrapper_OCCT_v7.0.0_vc14_Win64\TKGeomAlgo.dll
0x00007ffe71190000 - 0x00007ffe711e6000 	C:\Users\DeMarco-PC\JPAD_PROJECT\jpad\libraries\occjava\OCCJavaWrapper_OCCT_v7.0.0_vc14_Win64\TKPrim.dll
0x00007ffe4ec60000 - 0x00007ffe4eee3000 	C:\Users\DeMarco-PC\JPAD_PROJECT\jpad\libraries\occjava\OCCJavaWrapper_OCCT_v7.0.0_vc14_Win64\TKTopAlgo.dll
0x00007ffe4e830000 - 0x00007ffe4ec5f000 	C:\Users\DeMarco-PC\JPAD_PROJECT\jpad\libraries\occjava\OCCJavaWrapper_OCCT_v7.0.0_vc14_Win64\TKBool.dll
0x00007ffe4e640000 - 0x00007ffe4e82f000 	C:\Users\DeMarco-PC\JPAD_PROJECT\jpad\libraries\occjava\OCCJavaWrapper_OCCT_v7.0.0_vc14_Win64\TKBO.dll
0x00007ffe6b040000 - 0x00007ffe6b1c8000 	C:\Users\DeMarco-PC\JPAD_PROJECT\jpad\libraries\occjava\OCCJavaWrapper_OCCT_v7.0.0_vc14_Win64\TKOffset.dll
0x00007ffe4e370000 - 0x00007ffe4e63b000 	C:\Users\DeMarco-PC\JPAD_PROJECT\jpad\libraries\occjava\OCCJavaWrapper_OCCT_v7.0.0_vc14_Win64\TKShHealing.dll
0x00007ffe4e130000 - 0x00007ffe4e36d000 	C:\Users\DeMarco-PC\JPAD_PROJECT\jpad\libraries\occjava\OCCJavaWrapper_OCCT_v7.0.0_vc14_Win64\TKFillet.dll
0x00007ffe8a8a0000 - 0x00007ffe8a8db000 	C:\Users\DeMarco-PC\JPAD_PROJECT\jpad\libraries\occjava\OCCJavaWrapper_OCCT_v7.0.0_vc14_Win64\TKService.dll
0x00007ffe4deb0000 - 0x00007ffe4e12e000 	C:\Users\DeMarco-PC\JPAD_PROJECT\jpad\libraries\occjava\OCCJavaWrapper_OCCT_v7.0.0_vc14_Win64\TKV3d.dll
0x00007ffe56340000 - 0x00007ffe5641c000 	C:\Users\DeMarco-PC\JPAD_PROJECT\jpad\libraries\occjava\OCCJavaWrapper_OCCT_v7.0.0_vc14_Win64\TKOpenGl.dll
0x00007ffe9dde0000 - 0x00007ffe9deea000 	C:\WINDOWS\System32\COMDLG32.dll
0x00007ffe6d980000 - 0x00007ffe6d9d8000 	C:\Users\DeMarco-PC\JPAD_PROJECT\jpad\libraries\occjava\OCCJavaWrapper_OCCT_v7.0.0_vc14_Win64\TKCDF.dll
0x00007ffe4de00000 - 0x00007ffe4dea3000 	C:\Users\DeMarco-PC\JPAD_PROJECT\jpad\libraries\occjava\OCCJavaWrapper_OCCT_v7.0.0_vc14_Win64\TKLCAF.dll
0x00007ffe6d1d0000 - 0x00007ffe6d265000 	C:\Users\DeMarco-PC\JPAD_PROJECT\jpad\libraries\occjava\OCCJavaWrapper_OCCT_v7.0.0_vc14_Win64\TKCAF.dll
0x00007ffe4d870000 - 0x00007ffe4dbb8000 	C:\Users\DeMarco-PC\JPAD_PROJECT\jpad\libraries\occjava\OCCJavaWrapper_OCCT_v7.0.0_vc14_Win64\TKIGES.dll
0x00007ffe4dbc0000 - 0x00007ffe4ddfb000 	C:\Users\DeMarco-PC\JPAD_PROJECT\jpad\libraries\occjava\OCCJavaWrapper_OCCT_v7.0.0_vc14_Win64\TKXSBase.dll
0x00007ffe4d680000 - 0x00007ffe4d862000 	C:\Users\DeMarco-PC\JPAD_PROJECT\jpad\libraries\occjava\OCCJavaWrapper_OCCT_v7.0.0_vc14_Win64\TKSTEPBase.dll
0x00007ffe4d3a0000 - 0x00007ffe4d672000 	C:\Users\DeMarco-PC\JPAD_PROJECT\jpad\libraries\occjava\OCCJavaWrapper_OCCT_v7.0.0_vc14_Win64\TKSTEP.dll
0x00007ffe8a7a0000 - 0x00007ffe8a7cb000 	C:\Users\DeMarco-PC\JPAD_PROJECT\jpad\libraries\occjava\OCCJavaWrapper_OCCT_v7.0.0_vc14_Win64\TKSTL.dll
0x00007ffe6c020000 - 0x00007ffe6c09e000 	C:\Users\DeMarco-PC\JPAD_PROJECT\jpad\libraries\occjava\OCCJavaWrapper_OCCT_v7.0.0_vc14_Win64\TKVRML.dll
0x00007ffe4d240000 - 0x00007ffe4d394000 	C:\Users\DeMarco-PC\JPAD_PROJECT\jpad\libraries\occjava\OCCJavaWrapper_OCCT_v7.0.0_vc14_Win64\TKFeat.dll
0x0000000051630000 - 0x0000000051637000 	C:\Program Files\Java\jdk1.8.0_161\jre\bin\jawt.dll
0x00007ffe6ad20000 - 0x00007ffe6adbc000 	C:\Program Files\Java\jdk1.8.0_161\jre\bin\MSVCP140.dll
0x00007ffe8a6e0000 - 0x00007ffe8a6f6000 	C:\Program Files\Java\jdk1.8.0_161\jre\bin\VCRUNTIME140.dll
0x00007ffe68810000 - 0x00007ffe68885000 	C:\Users\DeMarco-PC\JPAD_PROJECT\jpad\libraries\occjava\OCCJavaWrapper_OCCT_v7.0.0_vc14_Win64\TKMesh.dll
0x00007ffe97920000 - 0x00007ffe979a6000 	C:\WINDOWS\SYSTEM32\WINSPOOL.DRV
0x00007ffe6aff0000 - 0x00007ffe6b034000 	C:\Users\DeMarco-PC\JPAD_PROJECT\jpad\libraries\occjava\OCCJavaWrapper_OCCT_v7.0.0_vc14_Win64\tbbmalloc.dll
0x00007ffe634e0000 - 0x00007ffe63524000 	C:\Users\DeMarco-PC\JPAD_PROJECT\jpad\libraries\occjava\OCCJavaWrapper_OCCT_v7.0.0_vc14_Win64\tbb.dll
0x00007ffe77a90000 - 0x00007ffe77bae000 	C:\WINDOWS\SYSTEM32\OPENGL32.dll
0x00007ffe4d180000 - 0x00007ffe4d231000 	C:\Users\DeMarco-PC\JPAD_PROJECT\jpad\libraries\occjava\OCCJavaWrapper_OCCT_v7.0.0_vc14_Win64\freetype.dll
0x00007ffe8a6c0000 - 0x00007ffe8a6da000 	C:\Users\DeMarco-PC\JPAD_PROJECT\jpad\libraries\occjava\OCCJavaWrapper_OCCT_v7.0.0_vc14_Win64\gl2ps.dll
0x00007ffe4d0f0000 - 0x00007ffe4d179000 	C:\Users\DeMarco-PC\JPAD_PROJECT\jpad\libraries\occjava\OCCJavaWrapper_OCCT_v7.0.0_vc14_Win64\TKSTEP209.dll
0x00007ffe4d030000 - 0x00007ffe4d0ed000 	C:\Users\DeMarco-PC\JPAD_PROJECT\jpad\libraries\occjava\OCCJavaWrapper_OCCT_v7.0.0_vc14_Win64\TKSTEPAttr.dll
0x0000000051490000 - 0x0000000051628000 	C:\Program Files\Java\jdk1.8.0_161\jre\bin\awt.dll
0x00007ffe9d850000 - 0x00007ffe9d915000 	C:\WINDOWS\System32\OLEAUT32.dll
0x00007ffe891d0000 - 0x00007ffe891fc000 	C:\WINDOWS\SYSTEM32\GLU32.dll
0x0000000041d80000 - 0x00000000423b7000 	C:\Users\DeMarco-PC\JPAD_PROJECT\jpad\libraries\occjava\OCCJavaWrapper_OCCT_v7.0.0_vc14_Win64\FreeImage.dll
0x0000000041a70000 - 0x0000000041a94000 	C:\Users\DeMarco-PC\JPAD_PROJECT\jpad\libraries\occjava\OCCJavaWrapper_OCCT_v7.0.0_vc14_Win64\FreeImagePlus.dll
0x00007ffe9bf90000 - 0x00007ffe9bf9b000 	C:\WINDOWS\SYSTEM32\CRYPTBASE.DLL
0x00007ffe9a9e0000 - 0x00007ffe9aa68000 	C:\WINDOWS\SYSTEM32\apphelp.dll
0x00007ffe97750000 - 0x00007ffe97918000 	C:\WINDOWS\SYSTEM32\dbghelp.dll

VM Arguments:
jvm_args: -agentlib:jdwp=transport=dt_socket,suspend=y,address=localhost:58452 -Dfile.encoding=UTF-8 
java_command: it.unina.daf.jpadcadsandbox.Test01vt -i C:\Users\DeMarco-PC\JPAD_PROJECT\jpad/JPADSandBox_v2/in/Template_Aircraft/aircraft_IRON_NEW.xml -ia C:\Users\DeMarco-PC\JPAD_PROJECT\jpad/JPADSandBox_v2/in/Template_Analyses/analysis_IRON.xml -ioc C:\Users\DeMarco-PC\JPAD_PROJECT\jpad/JPADSandBox_v2/in/Template_Analyses/operating_conditions_IRON.xml --database-dir C:\Users\DeMarco-PC\JPAD_PROJECT\jpad/JPADSandBox_v2/data -da C:\Users\DeMarco-PC\JPAD_PROJECT\jpad/JPADSandBox_v2/in/Template_Aircraft/lifting_surfaces/airfoils -df C:\Users\DeMarco-PC\JPAD_PROJECT\jpad/JPADSandBox_v2/in/Template_Aircraft/fuselages -dls C:\Users\DeMarco-PC\JPAD_PROJECT\jpad/JPADSandBox_v2/in/Template_Aircraft/lifting_surfaces -de C:\Users\DeMarco-PC\JPAD_PROJECT\jpad/JPADSandBox_v2/in/Template_Aircraft/engines -dn C:\Users\DeMarco-PC\JPAD_PROJECT\jpad/JPADSandBox_v2/in/Template_Aircraft/nacelles -dlg C:\Users\DeMarco-PC\JPAD_PROJECT\jpad/JPADSandBox_v2/in/Template_Aircraft/landing_gears -ds C:\Users\DeMarco-PC\JPAD_PROJECT\jpad/JPADSandBox_v2/in/Template_Aircraft/systems -dcc C:\Users\DeMarco-PC\JPAD_PROJECT\jpad/JPADSandBox_v2/in/Template_Aircraft/cabin_configurations
java_class_path (initial): C:\Program Files\Java\jdk1.8.0_161\jre\lib\resources.jar;C:\Program Files\Java\jdk1.8.0_161\jre\lib\rt.jar;C:\Program Files\Java\jdk1.8.0_161\jre\lib\jsse.jar;C:\Program Files\Java\jdk1.8.0_161\jre\lib\jce.jar;C:\Program Files\Java\jdk1.8.0_161\jre\lib\charsets.jar;C:\Program Files\Java\jdk1.8.0_161\jre\lib\jfr.jar;C:\Program Files\Java\jdk1.8.0_161\jre\lib\ext\access-bridge-64.jar;C:\Program Files\Java\jdk1.8.0_161\jre\lib\ext\cldrdata.jar;C:\Program Files\Java\jdk1.8.0_161\jre\lib\ext\dnsns.jar;C:\Program Files\Java\jdk1.8.0_161\jre\lib\ext\jaccess.jar;C:\Program Files\Java\jdk1.8.0_161\jre\lib\ext\jfxrt.jar;C:\Program Files\Java\jdk1.8.0_161\jre\lib\ext\localedata.jar;C:\Program Files\Java\jdk1.8.0_161\jre\lib\ext\nashorn.jar;C:\Program Files\Java\jdk1.8.0_161\jre\lib\ext\sunec.jar;C:\Program Files\Java\jdk1.8.0_161\jre\lib\ext\sunjce_provider.jar;C:\Program Files\Java\jdk1.8.0_161\jre\lib\ext\sunmscapi.jar;C:\Program Files\Java\jdk1.8.0_161\jre\lib\ext\sunpkcs11.jar;C:\Program Files\Java\jdk1.8.0_161\jre\lib\ext\zipfs.jar;C:\Users\DeMarco-PC\JPAD_PROJECT\jpad\JPADCADSandbox\bin;C:\Users\DeMarco-PC\JPAD_PROJECT\jpad\JPADCAD\bin;C:\Users\DeMarco-PC\JPAD_PROJECT\jpad\libraries\occjava\OCCJavaWrapper_OCCT_v7.0.0_vc14_Win64\OCCJavaWrapper.jar;C:\Users\DeMarco-PC\JPAD_PROJECT\jpad\libraries\trove\trove-3.1a1.jar;C:\Users\DeMarco-PC\JPAD_PROJECT\jpad\libraries\vecmath\vecmath.jar;C:\Users\DeMarco-PC\JPAD_PROJECT\jpad\libraries\jscience-4.3\jscience.jar;C:\Users\DeMarco-PC\JPAD_PROJECT\jpad\libraries\lombok\lombok.jar;C:\Users\DeMarco-PC\JPAD_PROJECT\jpad\libraries\args4j\args4j-2.0.21.jar;C:\Users\DeMarco-PC\JPAD_PROJECT\jpad\libraries\hdf\jarhdf5-2.10.1.jar;C:\Users\DeMarco-PC\JPAD_PROJECT\jpad\libraries\poi\poi-ooxml-3.10.1-20140818.jar;C:\Users\DeMarco-PC\JPAD_PROJECT\jpad\libraries\log4j\log4j-api-2.0.2.jar;C:\Users\DeMarco-PC\JPAD_PROJECT\jpad\libraries\log4j\log4j-core-2.0.2.jar;C:\Users\DeMarco-PC\JPAD_PROJECT\jpad\libraries\hdf\slf4
Launcher Type: SUN_STANDARD

Environment Variables:
PATH=C:\Program Files\Java\jdk1.8.0_161\jre\bin;C:\Users\DeMarco-PC\JPAD_PROJECT\jpad\libraries\occjava\OCCJavaWrapper_OCCT_v7.0.0_vc14_Win64;C:\Users\DeMarco-PC\JPAD_PROJECT\jpad\libraries\occjava\OCCJavaWrapper_OCCT_v7.0.0_vc14_Win64\jre1.8.0_91\bin;C:\Users\DeMarco-PC\JPAD_PROJECT\jpad\libraries\hdf;



---------------  S Y S T E M  ---------------

OS: Windows 10.0 , 64 bit Build 16299 (10.0.16299.15)

CPU:total 12 (initial active 12) (6 cores per cpu, 2 threads per core) family 6 model 63 stepping 2, cmov, cx8, fxsr, mmx, sse, sse2, sse3, ssse3, sse4.1, sse4.2, popcnt, avx, avx2, aes, clmul, erms, lzcnt, ht, tsc, tscinvbit, bmi1, bmi2

Memory: 4k page, physical 67001628k(56601736k free), swap 76963100k(64336084k free)

vm_info: Java HotSpot(TM) 64-Bit Server VM (25.161-b12) for windows-amd64 JRE (1.8.0_161-b12), built on Dec 19 2017 17:52:25 by "java_re" with MS VC++ 10.0 (VS2010)

time: Fri Feb 23 13:38:52 2018
elapsed time: 55 seconds (0d 0h 0m 55s)

