#
# A fatal error has been detected by the Java Runtime Environment:
#
#  EXCEPTION_UNCAUGHT_CXX_EXCEPTION (0xe06d7363) at pc=0x00007ffe9c6e4008, pid=9732, tid=0x00000000000047cc
#
# JRE version: Java(TM) SE Runtime Environment (8.0_161-b12) (build 1.8.0_161-b12)
# Java VM: Java HotSpot(TM) 64-Bit Server VM (25.161-b12 mixed mode windows-amd64 compressed oops)
# Problematic frame:
# C  [KERNELBASE.dll+0x14008]
#
# Failed to write core dump. Minidumps are not enabled by default on client versions of Windows
#
# If you would like to submit a bug report, please visit:
#   http://bugreport.java.com/bugreport/crash.jsp
# The crash happened outside the Java Virtual Machine in native code.
# See problematic frame for where to report the bug.
#

---------------  T H R E A D  ---------------

Current thread (0x0000000004474000):  JavaThread "main" [_thread_in_native, id=18380, stack(0x0000000002b10000,0x0000000002c10000)]

siginfo: ExceptionCode=0xe06d7363, ExceptionInformation=0x0000000019930520 0x0000000002c0dc50 0x00007ffe712f2b90 0x00007ffe71240000 

Registers:
RAX=0x00007ffe75a3c859, RBX=0x0000000040c45628, RCX=0x0000000040c469b0, RDX=0x0000000040c46668
RSP=0x0000000002c0dad0, RBP=0x0000000002c0dc10, RSI=0x00007ffe712f2b90, RDI=0x00007ffe54b36b48
R8 =0x00007ffe84e5a0d6, R9 =0x0000000002c0d5d0, R10=0x0000000002c0d5e0, R11=0xfffffffffffffffe
R12=0x00007ffe54b1bef0, R13=0x00000000410339a8, R14=0x0000000002c0dc50, R15=0x0000000000000004
RIP=0x00007ffe9c6e4008, EFLAGS=0x0000000000000202

Top of Stack: (sp=0x0000000002c0dad0)
0x0000000002c0dad0:   0000000000000000 0000000040c45628
0x0000000002c0dae0:   00007ffe712f2b90 00007ffe54b36b48
0x0000000002c0daf0:   00000001e06d7363 0000000000000000
0x0000000002c0db00:   00007ffe9c6e4008 0000000000000004
0x0000000002c0db10:   0000000019930520 0000000002c0dc50
0x0000000002c0db20:   00007ffe712f2b90 00007ffe71240000
0x0000000002c0db30:   00007ffe54b1bef0 00007ffe54b36b48
0x0000000002c0db40:   00007ffe712f2b90 0000000002c0dc30
0x0000000002c0db50:   0000000002c0dc10 00007ffea024c66f
0x0000000002c0db60:   00000000410339a8 00007ffe00000000
0x0000000002c0db70:   0000000000000000 0000000000000000
0x0000000002c0db80:   00007ffe7139d000 00007ffe71240000
0x0000000002c0db90:   000069a13502fe78 00007ffe54b1bf00
0x0000000002c0dba0:   0000000040c45628 00007ffe8a2e44f2
0x0000000002c0dbb0:   00007ffe54b36b48 00007ffe9d4fe926
0x0000000002c0dbc0:   0000000000000017 0000000000000017 

Instructions: (pc=0x00007ffe9c6e4008)
0x00007ffe9c6e3fe8:   49 8b d1 44 0f 47 c0 44 89 44 24 38 49 c1 e0 03
0x00007ffe9c6e3ff8:   e8 ca 16 07 00 48 8d 4c 24 20 ff 15 e8 4a 16 00
0x00007ffe9c6e4008:   48 8b 8c 24 c0 00 00 00 48 33 cc e8 a8 e6 06 00
0x00007ffe9c6e4018:   48 81 c4 d8 00 00 00 c3 83 64 24 38 00 eb d6 cc 


Register to memory mapping:

RAX=0x00007ffe75a3c859 is an unknown value
RBX=0x0000000040c45628 is an unknown value
RCX=0x0000000040c469b0 is an unknown value
RDX=0x0000000040c46668 is an unknown value
RSP=0x0000000002c0dad0 is pointing into the stack for thread: 0x0000000004474000
RBP=0x0000000002c0dc10 is pointing into the stack for thread: 0x0000000004474000
RSI=0x00007ffe712f2b90 is an unknown value
RDI=0x00007ffe54b36b48 is an unknown value
R8 =0x00007ffe84e5a0d6 is an unknown value
R9 =0x0000000002c0d5d0 is pointing into the stack for thread: 0x0000000004474000
R10=0x0000000002c0d5e0 is pointing into the stack for thread: 0x0000000004474000
R11=0xfffffffffffffffe is an unknown value
R12=0x00007ffe54b1bef0 is an unknown value
R13=0x00000000410339a8 is an unknown value
R14=0x0000000002c0dc50 is pointing into the stack for thread: 0x0000000004474000
R15=0x0000000000000004 is an unknown value


Stack: [0x0000000002b10000,0x0000000002c10000],  sp=0x0000000002c0dad0,  free space=1014k
Native frames: (J=compiled Java code, j=interpreted, Vv=VM code, C=native code)
C  [KERNELBASE.dll+0x14008]
C  [VCRUNTIME140.dll+0x44f2]
C  [TKernel.dll+0x32472]
C  [TKernel.dll+0x32278]
C  [TKBool.dll+0x1ad5ea]
C  [TKOffset.dll+0x11ba0]
C  0x0000000004588c67

Java frames: (J=compiled Java code, j=interpreted, Vv=VM code)
j  opencascade.OCCwrapJavaJNI.BRepBuilderAPI_MakeShape_Build(JLopencascade/BRepBuilderAPI_MakeShape;)V+0
j  opencascade.BRepBuilderAPI_MakeShape.Build()V+5
j  it.unina.daf.jpadcadsandbox.utils.AircraftUtils.getLiftingSurfaceCAD(Laircraft/components/liftingSurface/LiftingSurface;Lconfiguration/enumerations/ComponentEnum;DZZZ)Ljava/util/List;+4729
j  it.unina.daf.jpadcadsandbox.Test01vt.main([Ljava/lang/String;)V+57
v  ~StubRoutines::call_stub

---------------  P R O C E S S  ---------------

Java Threads: ( => current thread )
  0x000000003ba86000 JavaThread "Service Thread" daemon [_thread_blocked, id=5764, stack(0x000000003d430000,0x000000003d530000)]
  0x000000003b9e2800 JavaThread "C1 CompilerThread3" daemon [_thread_blocked, id=6060, stack(0x000000003d330000,0x000000003d430000)]
  0x000000003a2ec000 JavaThread "C2 CompilerThread2" daemon [_thread_blocked, id=20292, stack(0x000000003d230000,0x000000003d330000)]
  0x000000003b9dd000 JavaThread "C2 CompilerThread1" daemon [_thread_blocked, id=12600, stack(0x000000003d130000,0x000000003d230000)]
  0x000000003b9d7800 JavaThread "C2 CompilerThread0" daemon [_thread_blocked, id=13016, stack(0x000000003d030000,0x000000003d130000)]
  0x000000003b9d6800 JavaThread "Attach Listener" daemon [_thread_blocked, id=19520, stack(0x000000003cf30000,0x000000003d030000)]
  0x000000003b9d5800 JavaThread "Signal Dispatcher" daemon [_thread_blocked, id=10092, stack(0x000000003ce30000,0x000000003cf30000)]
  0x000000003b9c3000 JavaThread "Finalizer" daemon [_thread_blocked, id=13156, stack(0x000000003cc20000,0x000000003cd20000)]
  0x000000000456e000 JavaThread "Reference Handler" daemon [_thread_blocked, id=18488, stack(0x000000003cb20000,0x000000003cc20000)]
=>0x0000000004474000 JavaThread "main" [_thread_in_native, id=18380, stack(0x0000000002b10000,0x0000000002c10000)]

Other Threads:
  0x000000003b9a2800 VMThread [stack: 0x000000003ca20000,0x000000003cb20000] [id=13380]
  0x000000003ba86800 WatcherThread [stack: 0x000000003d530000,0x000000003d630000] [id=5272]

VM state:not at safepoint (normal execution)

VM Mutex/Monitor currently owned by a thread: None

Heap:
 PSYoungGen      total 305664K, used 45872K [0x000000066b380000, 0x0000000680880000, 0x00000007c0000000)
  eden space 262144K, 15% used [0x000000066b380000,0x000000066db31200,0x000000067b380000)
  from space 43520K, 12% used [0x000000067de00000,0x000000067e31b1a8,0x0000000680880000)
  to   space 43520K, 0% used [0x000000067b380000,0x000000067b380000,0x000000067de00000)
 ParOldGen       total 699392K, used 96K [0x00000003c1a00000, 0x00000003ec500000, 0x000000066b380000)
  object space 699392K, 0% used [0x00000003c1a00000,0x00000003c1a18010,0x00000003ec500000)
 Metaspace       used 20546K, capacity 21122K, committed 21296K, reserved 1069056K
  class space    used 1777K, capacity 1892K, committed 1920K, reserved 1048576K

Card table byte_map: [0x0000000013930000,0x0000000015930000] byte_map_base: 0x0000000011b23000

Marking Bits: (ParMarkBitMap*) 0x0000000052f6f860
 Begin Bits: [0x0000000017880000, 0x0000000027818000)
 End Bits:   [0x0000000027818000, 0x00000000377b0000)

Polling page: 0x00000000001f0000

CodeCache: size=245760Kb used=9145Kb max_used=9145Kb free=236614Kb
 bounds [0x0000000004570000, 0x0000000004e70000, 0x0000000013570000]
 total_blobs=3583 nmethods=2415 adapters=1080
 compilation: enabled

Compilation events (10 events):
Event: 2.572 Thread 0x000000003b9e2800 2412       3       java.lang.StringBuilder::append (10 bytes)
Event: 2.572 Thread 0x000000003b9e2800 nmethod 2412 0x0000000004e61490 code [0x0000000004e61600, 0x0000000004e61788]
Event: 2.573 Thread 0x000000003b9e2800 2413       3       opencascade.MMgt_TShared::<init> (7 bytes)
Event: 2.573 Thread 0x000000003b9e2800 nmethod 2413 0x0000000004e61810 code [0x0000000004e61980, 0x0000000004e61bd0]
Event: 2.573 Thread 0x000000003b9e2800 2414       3       opencascade.Standard_Transient::<init> (15 bytes)
Event: 2.573 Thread 0x000000003b9e2800 nmethod 2414 0x0000000004e61d10 code [0x0000000004e61e80, 0x0000000004e62070]
Event: 2.573 Thread 0x000000003b9e2800 2415       3       opencascade.Standard_Transient::getCPtr (13 bytes)
Event: 2.573 Thread 0x000000003b9e2800 nmethod 2415 0x0000000004e62150 code [0x0000000004e622a0, 0x0000000004e62430]
Event: 2.579 Thread 0x000000003b9e2800 2416       3       opencascade.TopoDS_Edge::<init> (15 bytes)
Event: 2.580 Thread 0x000000003b9e2800 nmethod 2416 0x0000000004e631d0 code [0x0000000004e63340, 0x0000000004e635c8]

GC Heap History (4 events):
Event: 1.615 GC heap before
{Heap before GC invocations=1 (full 0):
 PSYoungGen      total 305664K, used 262144K [0x000000066b380000, 0x0000000680880000, 0x00000007c0000000)
  eden space 262144K, 100% used [0x000000066b380000,0x000000067b380000,0x000000067b380000)
  from space 43520K, 0% used [0x000000067de00000,0x000000067de00000,0x0000000680880000)
  to   space 43520K, 0% used [0x000000067b380000,0x000000067b380000,0x000000067de00000)
 ParOldGen       total 699392K, used 0K [0x00000003c1a00000, 0x00000003ec500000, 0x000000066b380000)
  object space 699392K, 0% used [0x00000003c1a00000,0x00000003c1a00000,0x00000003ec500000)
 Metaspace       used 13480K, capacity 13746K, committed 13824K, reserved 1060864K
  class space    used 1447K, capacity 1521K, committed 1536K, reserved 1048576K
Event: 1.621 GC heap after
Heap after GC invocations=1 (full 0):
 PSYoungGen      total 305664K, used 6468K [0x000000066b380000, 0x0000000680880000, 0x00000007c0000000)
  eden space 262144K, 0% used [0x000000066b380000,0x000000066b380000,0x000000067b380000)
  from space 43520K, 14% used [0x000000067b380000,0x000000067b9d1228,0x000000067de00000)
  to   space 43520K, 0% used [0x000000067de00000,0x000000067de00000,0x0000000680880000)
 ParOldGen       total 699392K, used 88K [0x00000003c1a00000, 0x00000003ec500000, 0x000000066b380000)
  object space 699392K, 0% used [0x00000003c1a00000,0x00000003c1a16010,0x00000003ec500000)
 Metaspace       used 13480K, capacity 13746K, committed 13824K, reserved 1060864K
  class space    used 1447K, capacity 1521K, committed 1536K, reserved 1048576K
}
Event: 1.917 GC heap before
{Heap before GC invocations=2 (full 0):
 PSYoungGen      total 305664K, used 268612K [0x000000066b380000, 0x0000000680880000, 0x00000007c0000000)
  eden space 262144K, 100% used [0x000000066b380000,0x000000067b380000,0x000000067b380000)
  from space 43520K, 14% used [0x000000067b380000,0x000000067b9d1228,0x000000067de00000)
  to   space 43520K, 0% used [0x000000067de00000,0x000000067de00000,0x0000000680880000)
 ParOldGen       total 699392K, used 88K [0x00000003c1a00000, 0x00000003ec500000, 0x000000066b380000)
  object space 699392K, 0% used [0x00000003c1a00000,0x00000003c1a16010,0x00000003ec500000)
 Metaspace       used 15394K, capacity 15846K, committed 16128K, reserved 1062912K
  class space    used 1626K, capacity 1729K, committed 1792K, reserved 1048576K
Event: 1.921 GC heap after
Heap after GC invocations=2 (full 0):
 PSYoungGen      total 305664K, used 5228K [0x000000066b380000, 0x0000000680880000, 0x00000007c0000000)
  eden space 262144K, 0% used [0x000000066b380000,0x000000066b380000,0x000000067b380000)
  from space 43520K, 12% used [0x000000067de00000,0x000000067e31b1a8,0x0000000680880000)
  to   space 43520K, 0% used [0x000000067b380000,0x000000067b380000,0x000000067de00000)
 ParOldGen       total 699392K, used 96K [0x00000003c1a00000, 0x00000003ec500000, 0x000000066b380000)
  object space 699392K, 0% used [0x00000003c1a00000,0x00000003c1a18010,0x00000003ec500000)
 Metaspace       used 15394K, capacity 15846K, committed 16128K, reserved 1062912K
  class space    used 1626K, capacity 1729K, committed 1792K, reserved 1048576K
}

Deoptimization events (10 events):
Event: 1.642 Thread 0x0000000004474000 Uncommon trap: reason=speculate_class_check action=maybe_recompile pc=0x0000000004ba649c method=com.sun.org.apache.xerces.internal.dom.ElementNSImpl.getNamespaceURI()Ljava/lang/String; @ 8
Event: 1.663 Thread 0x0000000004474000 Uncommon trap: reason=speculate_class_check action=maybe_recompile pc=0x0000000004ba649c method=com.sun.org.apache.xerces.internal.dom.ElementNSImpl.getNamespaceURI()Ljava/lang/String; @ 8
Event: 1.697 Thread 0x0000000004474000 Uncommon trap: reason=unstable_if action=reinterpret pc=0x0000000004b26cc8 method=java.lang.Double.equals(Ljava/lang/Object;)Z @ 25
Event: 1.702 Thread 0x0000000004474000 Uncommon trap: reason=unstable_if action=reinterpret pc=0x00000000046e9e18 method=sun.nio.cs.UTF_8$Encoder.encode([CII[B)I @ 33
Event: 1.702 Thread 0x0000000004474000 Uncommon trap: reason=unstable_if action=reinterpret pc=0x0000000004792970 method=sun.net.www.ParseUtil.encodePath(Ljava/lang/String;Z)Ljava/lang/String; @ 81
Event: 1.702 Thread 0x0000000004474000 Uncommon trap: reason=unstable_if action=reinterpret pc=0x0000000004785f44 method=sun.nio.cs.UTF_8$Decoder.decode([BII[C)I @ 30
Event: 1.832 Thread 0x0000000004474000 Uncommon trap: reason=unstable_if action=reinterpret pc=0x0000000004d2e554 method=sun.misc.FloatingDecimal.readJavaFormatString(Ljava/lang/String;)Lsun/misc/FloatingDecimal$ASCIIToBinaryConverter; @ 178
Event: 1.872 Thread 0x0000000004474000 Uncommon trap: reason=unstable_if action=reinterpret pc=0x00000000047721d0 method=java.io.WinNTFileSystem.normalize(Ljava/lang/String;)Ljava/lang/String; @ 74
Event: 1.884 Thread 0x0000000004474000 Uncommon trap: reason=unstable_if action=reinterpret pc=0x000000000492e788 method=com.thoughtworks.xstream.io.xml.XmlFriendlyNameCoder.encodeName(Ljava/lang/String;)Ljava/lang/String; @ 51
Event: 1.886 Thread 0x0000000004474000 Uncommon trap: reason=unstable_if action=reinterpret pc=0x0000000004990828 method=java.lang.Integer.getChars(II[C)V @ 7

Classes redefined (0 events):
No events

Internal exceptions (10 events):
Event: 0.213 Thread 0x0000000004474000 Exception <a 'java/security/PrivilegedActionException'> (0x000000066b846650) thrown at [C:\re\workspace\8-2-build-windows-amd64-cygwin\jdk8u161\10277\hotspot\src\share\vm\prims\jvm.cpp, line 1390]
Event: 0.213 Thread 0x0000000004474000 Exception <a 'java/security/PrivilegedActionException'> (0x000000066b847ae0) thrown at [C:\re\workspace\8-2-build-windows-amd64-cygwin\jdk8u161\10277\hotspot\src\share\vm\prims\jvm.cpp, line 1390]
Event: 0.213 Thread 0x0000000004474000 Exception <a 'java/security/PrivilegedActionException'> (0x000000066b847cf0) thrown at [C:\re\workspace\8-2-build-windows-amd64-cygwin\jdk8u161\10277\hotspot\src\share\vm\prims\jvm.cpp, line 1390]
Event: 0.602 Thread 0x0000000004474000 Implicit null exception at 0x00000000047bdafb to 0x00000000047be299
Event: 0.825 Thread 0x0000000004474000 Exception <a 'java/lang/NoSuchFieldError': method resolution failed> (0x000000066e2274a8) thrown at [C:\re\workspace\8-2-build-windows-amd64-cygwin\jdk8u161\10277\hotspot\src\share\vm\prims\methodHandles.cpp, line 1167]
Event: 0.826 Thread 0x0000000004474000 Exception <a 'java/lang/NoSuchFieldError': method resolution failed> (0x000000066e234b68) thrown at [C:\re\workspace\8-2-build-windows-amd64-cygwin\jdk8u161\10277\hotspot\src\share\vm\prims\methodHandles.cpp, line 1167]
Event: 1.115 Thread 0x0000000004474000 Implicit null exception at 0x000000000485469d to 0x0000000004855d1d
Event: 1.130 Thread 0x0000000004474000 Implicit null exception at 0x00000000049b2230 to 0x00000000049b228e
Event: 1.333 Thread 0x0000000004474000 Implicit null exception at 0x00000000048b2d96 to 0x00000000048b3141
Event: 1.409 Thread 0x0000000004474000 Implicit null exception at 0x0000000004756dd9 to 0x00000000047571a5

Events (10 events):
Event: 2.540 loading class it/unina/daf/jpadcad/occ/CADGeomCurve3D
Event: 2.540 loading class it/unina/daf/jpadcad/occ/CADGeomCurve3D done
Event: 2.574 loading class it/unina/daf/jpadcad/occ/CADGeomCurve3D
Event: 2.574 loading class it/unina/daf/jpadcad/occ/CADGeomCurve3D done
Event: 2.577 loading class opencascade/BRepOffsetAPI_MakeFilling
Event: 2.577 loading class opencascade/BRepOffsetAPI_MakeFilling done
Event: 2.578 loading class opencascade/GeomAbs_Shape
Event: 2.578 loading class opencascade/GeomAbs_Shape done
Event: 2.579 loading class opencascade/GeomAbs_Shape$SwigNext
Event: 2.579 loading class opencascade/GeomAbs_Shape$SwigNext done


Dynamic libraries:
0x00007ff6260f0000 - 0x00007ff626127000 	C:\Program Files\Java\jdk1.8.0_161\jre\bin\javaw.exe
0x00007ffea01d0000 - 0x00007ffea03b0000 	C:\WINDOWS\SYSTEM32\ntdll.dll
0x00007ffea0050000 - 0x00007ffea00fe000 	C:\WINDOWS\System32\KERNEL32.DLL
0x00007ffe9c6d0000 - 0x00007ffe9c936000 	C:\WINDOWS\System32\KERNELBASE.dll
0x00007ffe9e8f0000 - 0x00007ffe9e991000 	C:\WINDOWS\System32\ADVAPI32.dll
0x00007ffe9e140000 - 0x00007ffe9e1dd000 	C:\WINDOWS\System32\msvcrt.dll
0x00007ffe9d7f0000 - 0x00007ffe9d84b000 	C:\WINDOWS\System32\sechost.dll
0x00007ffe9e430000 - 0x00007ffe9e54f000 	C:\WINDOWS\System32\RPCRT4.dll
0x00007ffe9fea0000 - 0x00007ffea002f000 	C:\WINDOWS\System32\USER32.dll
0x00007ffe9c5d0000 - 0x00007ffe9c5f0000 	C:\WINDOWS\System32\win32u.dll
0x00007ffe9e5b0000 - 0x00007ffe9e5d8000 	C:\WINDOWS\System32\GDI32.dll
0x00007ffe9d350000 - 0x00007ffe9d4e3000 	C:\WINDOWS\System32\gdi32full.dll
0x00007ffe9c940000 - 0x00007ffe9c9db000 	C:\WINDOWS\System32\msvcp_win.dll
0x00007ffe9d4f0000 - 0x00007ffe9d5e6000 	C:\WINDOWS\System32\ucrtbase.dll
0x00007ffe8f630000 - 0x00007ffe8f899000 	C:\WINDOWS\WinSxS\amd64_microsoft.windows.common-controls_6595b64144ccf1df_6.0.16299.248_none_15ced204935f55d7\COMCTL32.dll
0x00007ffe9e5e0000 - 0x00007ffe9e8e8000 	C:\WINDOWS\System32\combase.dll
0x00007ffe9c5f0000 - 0x00007ffe9c662000 	C:\WINDOWS\System32\bcryptPrimitives.dll
0x00007ffe9def0000 - 0x00007ffe9df1d000 	C:\WINDOWS\System32\IMM32.DLL
0x0000000052ff0000 - 0x00000000530c2000 	C:\Program Files\Java\jdk1.8.0_161\jre\bin\msvcr100.dll
0x0000000052750000 - 0x0000000052fef000 	C:\Program Files\Java\jdk1.8.0_161\jre\bin\server\jvm.dll
0x00007ffe9e9a0000 - 0x00007ffe9e9a8000 	C:\WINDOWS\System32\PSAPI.DLL
0x00007ffe96bb0000 - 0x00007ffe96bb9000 	C:\WINDOWS\SYSTEM32\WSOCK32.dll
0x00007ffe97740000 - 0x00007ffe9774a000 	C:\WINDOWS\SYSTEM32\VERSION.dll
0x00007ffe8fc20000 - 0x00007ffe8fc43000 	C:\WINDOWS\SYSTEM32\WINMM.dll
0x00007ffe9d920000 - 0x00007ffe9d98c000 	C:\WINDOWS\System32\WS2_32.dll
0x00007ffe8fae0000 - 0x00007ffe8fb0a000 	C:\WINDOWS\SYSTEM32\WINMMBASE.dll
0x00007ffe9d300000 - 0x00007ffe9d34a000 	C:\WINDOWS\System32\cfgmgr32.dll
0x0000000052740000 - 0x000000005274f000 	C:\Program Files\Java\jdk1.8.0_161\jre\bin\verify.dll
0x0000000052710000 - 0x0000000052739000 	C:\Program Files\Java\jdk1.8.0_161\jre\bin\java.dll
0x00007ffe9c420000 - 0x00007ffe9c450000 	C:\WINDOWS\SYSTEM32\SspiCli.dll
0x00000000526f0000 - 0x0000000052706000 	C:\Program Files\Java\jdk1.8.0_161\jre\bin\zip.dll
0x00007ffe9e9b0000 - 0x00007ffe9fde6000 	C:\WINDOWS\System32\SHELL32.dll
0x00007ffe9fdf0000 - 0x00007ffe9fe96000 	C:\WINDOWS\System32\shcore.dll
0x00007ffe9cbb0000 - 0x00007ffe9d2f7000 	C:\WINDOWS\System32\windows.storage.dll
0x00007ffe9e260000 - 0x00007ffe9e2b1000 	C:\WINDOWS\System32\shlwapi.dll
0x00007ffe9c560000 - 0x00007ffe9c571000 	C:\WINDOWS\System32\kernel.appcore.dll
0x00007ffe9c580000 - 0x00007ffe9c5cc000 	C:\WINDOWS\System32\powrprof.dll
0x00007ffe9c540000 - 0x00007ffe9c55b000 	C:\WINDOWS\System32\profapi.dll
0x0000000180000000 - 0x0000000180276000 	C:\Users\DeMarco-PC\JPAD_PROJECT\jpad\libraries\hdf\jhdf5.dll
0x00000000526d0000 - 0x00000000526ea000 	C:\Program Files\Java\jdk1.8.0_161\jre\bin\net.dll
0x00007ffe9bdb0000 - 0x00007ffe9be16000 	C:\WINDOWS\system32\mswsock.dll
0x00000000526b0000 - 0x00000000526c1000 	C:\Program Files\Java\jdk1.8.0_161\jre\bin\nio.dll
0x00007ffe56490000 - 0x00007ffe56ae9000 	C:\Users\DeMarco-PC\JPAD_PROJECT\jpad\libraries\occjava\OCCJavaWrapper_OCCT_v7.0.0_vc14_Win64\OCCwrapJava.dll
0x00007ffe866c0000 - 0x00007ffe86720000 	C:\Users\DeMarco-PC\JPAD_PROJECT\jpad\libraries\occjava\OCCJavaWrapper_OCCT_v7.0.0_vc14_Win64\TKG2d.dll
0x00007ffe77ad0000 - 0x00007ffe77ba4000 	C:\Users\DeMarco-PC\JPAD_PROJECT\jpad\libraries\occjava\OCCJavaWrapper_OCCT_v7.0.0_vc14_Win64\TKG3d.dll
0x00007ffe759e0000 - 0x00007ffe75b7a000 	C:\Users\DeMarco-PC\JPAD_PROJECT\jpad\libraries\occjava\OCCJavaWrapper_OCCT_v7.0.0_vc14_Win64\TKMath.dll
0x00007ffe71240000 - 0x00007ffe713aa000 	C:\Users\DeMarco-PC\JPAD_PROJECT\jpad\libraries\occjava\OCCJavaWrapper_OCCT_v7.0.0_vc14_Win64\TKernel.dll
0x00007ffe84e40000 - 0x00007ffe84f10000 	C:\Users\DeMarco-PC\JPAD_PROJECT\jpad\libraries\occjava\OCCJavaWrapper_OCCT_v7.0.0_vc14_Win64\TKBRep.dll
0x00007ffe6db20000 - 0x00007ffe6dc1e000 	C:\Users\DeMarco-PC\JPAD_PROJECT\jpad\libraries\occjava\OCCJavaWrapper_OCCT_v7.0.0_vc14_Win64\TKHLR.dll
0x00007ffe6cca0000 - 0x00007ffe6d09b000 	C:\Users\DeMarco-PC\JPAD_PROJECT\jpad\libraries\occjava\OCCJavaWrapper_OCCT_v7.0.0_vc14_Win64\TKGeomBase.dll
0x00007ffe6c670000 - 0x00007ffe6ca50000 	C:\Users\DeMarco-PC\JPAD_PROJECT\jpad\libraries\occjava\OCCJavaWrapper_OCCT_v7.0.0_vc14_Win64\TKGeomAlgo.dll
0x00007ffe7f250000 - 0x00007ffe7f2a6000 	C:\Users\DeMarco-PC\JPAD_PROJECT\jpad\libraries\occjava\OCCJavaWrapper_OCCT_v7.0.0_vc14_Win64\TKPrim.dll
0x00007ffe6d300000 - 0x00007ffe6d583000 	C:\Users\DeMarco-PC\JPAD_PROJECT\jpad\libraries\occjava\OCCJavaWrapper_OCCT_v7.0.0_vc14_Win64\TKTopAlgo.dll
0x00007ffe6afe0000 - 0x00007ffe6b1cf000 	C:\Users\DeMarco-PC\JPAD_PROJECT\jpad\libraries\occjava\OCCJavaWrapper_OCCT_v7.0.0_vc14_Win64\TKBO.dll
0x00007ffe54860000 - 0x00007ffe54c8f000 	C:\Users\DeMarco-PC\JPAD_PROJECT\jpad\libraries\occjava\OCCJavaWrapper_OCCT_v7.0.0_vc14_Win64\TKBool.dll
0x00007ffe57520000 - 0x00007ffe577eb000 	C:\Users\DeMarco-PC\JPAD_PROJECT\jpad\libraries\occjava\OCCJavaWrapper_OCCT_v7.0.0_vc14_Win64\TKShHealing.dll
0x00007ffe8a6c0000 - 0x00007ffe8a6fb000 	C:\Users\DeMarco-PC\JPAD_PROJECT\jpad\libraries\occjava\OCCJavaWrapper_OCCT_v7.0.0_vc14_Win64\TKService.dll
0x00007ffe6d990000 - 0x00007ffe6db18000 	C:\Users\DeMarco-PC\JPAD_PROJECT\jpad\libraries\occjava\OCCJavaWrapper_OCCT_v7.0.0_vc14_Win64\TKOffset.dll
0x00007ffe6ada0000 - 0x00007ffe6afdd000 	C:\Users\DeMarco-PC\JPAD_PROJECT\jpad\libraries\occjava\OCCJavaWrapper_OCCT_v7.0.0_vc14_Win64\TKFillet.dll
0x00007ffe7c6e0000 - 0x00007ffe7c738000 	C:\Users\DeMarco-PC\JPAD_PROJECT\jpad\libraries\occjava\OCCJavaWrapper_OCCT_v7.0.0_vc14_Win64\TKCDF.dll
0x00007ffe70060000 - 0x00007ffe7013c000 	C:\Users\DeMarco-PC\JPAD_PROJECT\jpad\libraries\occjava\OCCJavaWrapper_OCCT_v7.0.0_vc14_Win64\TKOpenGl.dll
0x00007ffe545e0000 - 0x00007ffe5485e000 	C:\Users\DeMarco-PC\JPAD_PROJECT\jpad\libraries\occjava\OCCJavaWrapper_OCCT_v7.0.0_vc14_Win64\TKV3d.dll
0x00007ffe9dde0000 - 0x00007ffe9deea000 	C:\WINDOWS\System32\COMDLG32.dll
0x00007ffe79000000 - 0x00007ffe790a3000 	C:\Users\DeMarco-PC\JPAD_PROJECT\jpad\libraries\occjava\OCCJavaWrapper_OCCT_v7.0.0_vc14_Win64\TKLCAF.dll
0x00007ffe78230000 - 0x00007ffe782c5000 	C:\Users\DeMarco-PC\JPAD_PROJECT\jpad\libraries\occjava\OCCJavaWrapper_OCCT_v7.0.0_vc14_Win64\TKCAF.dll
0x00007ffe543a0000 - 0x00007ffe545db000 	C:\Users\DeMarco-PC\JPAD_PROJECT\jpad\libraries\occjava\OCCJavaWrapper_OCCT_v7.0.0_vc14_Win64\TKXSBase.dll
0x00007ffe541b0000 - 0x00007ffe54392000 	C:\Users\DeMarco-PC\JPAD_PROJECT\jpad\libraries\occjava\OCCJavaWrapper_OCCT_v7.0.0_vc14_Win64\TKSTEPBase.dll
0x00007ffe53e60000 - 0x00007ffe541a8000 	C:\Users\DeMarco-PC\JPAD_PROJECT\jpad\libraries\occjava\OCCJavaWrapper_OCCT_v7.0.0_vc14_Win64\TKIGES.dll
0x00007ffe8b560000 - 0x00007ffe8b58b000 	C:\Users\DeMarco-PC\JPAD_PROJECT\jpad\libraries\occjava\OCCJavaWrapper_OCCT_v7.0.0_vc14_Win64\TKSTL.dll
0x00000000526a0000 - 0x00000000526a7000 	C:\Program Files\Java\jdk1.8.0_161\jre\bin\jawt.dll
0x00007ffe745e0000 - 0x00007ffe7467c000 	C:\Program Files\Java\jdk1.8.0_161\jre\bin\MSVCP140.dll
0x00007ffe7c580000 - 0x00007ffe7c5fe000 	C:\Users\DeMarco-PC\JPAD_PROJECT\jpad\libraries\occjava\OCCJavaWrapper_OCCT_v7.0.0_vc14_Win64\TKVRML.dll
0x00007ffe8a2e0000 - 0x00007ffe8a2f6000 	C:\Program Files\Java\jdk1.8.0_161\jre\bin\VCRUNTIME140.dll
0x00007ffe634e0000 - 0x00007ffe63634000 	C:\Users\DeMarco-PC\JPAD_PROJECT\jpad\libraries\occjava\OCCJavaWrapper_OCCT_v7.0.0_vc14_Win64\TKFeat.dll
0x00007ffe97920000 - 0x00007ffe979a6000 	C:\WINDOWS\SYSTEM32\WINSPOOL.DRV
0x00007ffe89b90000 - 0x00007ffe89bd4000 	C:\Users\DeMarco-PC\JPAD_PROJECT\jpad\libraries\occjava\OCCJavaWrapper_OCCT_v7.0.0_vc14_Win64\tbbmalloc.dll
0x00007ffe85a90000 - 0x00007ffe85ad4000 	C:\Users\DeMarco-PC\JPAD_PROJECT\jpad\libraries\occjava\OCCJavaWrapper_OCCT_v7.0.0_vc14_Win64\tbb.dll
0x00007ffe757e0000 - 0x00007ffe75855000 	C:\Users\DeMarco-PC\JPAD_PROJECT\jpad\libraries\occjava\OCCJavaWrapper_OCCT_v7.0.0_vc14_Win64\TKMesh.dll
0x00007ffe6d1e0000 - 0x00007ffe6d2fe000 	C:\WINDOWS\SYSTEM32\OPENGL32.dll
0x00007ffe53b80000 - 0x00007ffe53e52000 	C:\Users\DeMarco-PC\JPAD_PROJECT\jpad\libraries\occjava\OCCJavaWrapper_OCCT_v7.0.0_vc14_Win64\TKSTEP.dll
0x00007ffe8a2c0000 - 0x00007ffe8a2da000 	C:\Users\DeMarco-PC\JPAD_PROJECT\jpad\libraries\occjava\OCCJavaWrapper_OCCT_v7.0.0_vc14_Win64\gl2ps.dll
0x00007ffe73ca0000 - 0x00007ffe73d51000 	C:\Users\DeMarco-PC\JPAD_PROJECT\jpad\libraries\occjava\OCCJavaWrapper_OCCT_v7.0.0_vc14_Win64\freetype.dll
0x0000000052500000 - 0x0000000052698000 	C:\Program Files\Java\jdk1.8.0_161\jre\bin\awt.dll
0x00007ffe9d850000 - 0x00007ffe9d915000 	C:\WINDOWS\System32\OLEAUT32.dll
0x00007ffe9bb40000 - 0x00007ffe9bb79000 	C:\WINDOWS\SYSTEM32\IPHLPAPI.DLL
0x00007ffe9c080000 - 0x00007ffe9c0a5000 	C:\WINDOWS\SYSTEM32\bcrypt.dll
0x00007ffe891d0000 - 0x00007ffe891fc000 	C:\WINDOWS\SYSTEM32\GLU32.dll
0x00007ffe75450000 - 0x00007ffe754d9000 	C:\Users\DeMarco-PC\JPAD_PROJECT\jpad\libraries\occjava\OCCJavaWrapper_OCCT_v7.0.0_vc14_Win64\TKSTEP209.dll
0x00007ffe71180000 - 0x00007ffe7123d000 	C:\Users\DeMarco-PC\JPAD_PROJECT\jpad\libraries\occjava\OCCJavaWrapper_OCCT_v7.0.0_vc14_Win64\TKSTEPAttr.dll
0x0000000040560000 - 0x0000000040584000 	C:\Users\DeMarco-PC\JPAD_PROJECT\jpad\libraries\occjava\OCCJavaWrapper_OCCT_v7.0.0_vc14_Win64\FreeImagePlus.dll
0x0000000040590000 - 0x0000000040bc7000 	C:\Users\DeMarco-PC\JPAD_PROJECT\jpad\libraries\occjava\OCCJavaWrapper_OCCT_v7.0.0_vc14_Win64\FreeImage.dll
0x00007ffe9bf90000 - 0x00007ffe9bf9b000 	C:\WINDOWS\SYSTEM32\CRYPTBASE.DLL
0x00007ffe9a9e0000 - 0x00007ffe9aa68000 	C:\WINDOWS\SYSTEM32\apphelp.dll
0x00007ffe97750000 - 0x00007ffe97918000 	C:\WINDOWS\SYSTEM32\dbghelp.dll

VM Arguments:
jvm_args: -Dfile.encoding=UTF-8 
java_command: it.unina.daf.jpadcadsandbox.Test01vt -i C:\Users\DeMarco-PC\JPAD_PROJECT\jpad/JPADSandBox_v2/in/Template_Aircraft/aircraft_IRON_NEW.xml -ia C:\Users\DeMarco-PC\JPAD_PROJECT\jpad/JPADSandBox_v2/in/Template_Analyses/analysis_IRON.xml -ioc C:\Users\DeMarco-PC\JPAD_PROJECT\jpad/JPADSandBox_v2/in/Template_Analyses/operating_conditions_IRON.xml --database-dir C:\Users\DeMarco-PC\JPAD_PROJECT\jpad/JPADSandBox_v2/data -da C:\Users\DeMarco-PC\JPAD_PROJECT\jpad/JPADSandBox_v2/in/Template_Aircraft/lifting_surfaces/airfoils -df C:\Users\DeMarco-PC\JPAD_PROJECT\jpad/JPADSandBox_v2/in/Template_Aircraft/fuselages -dls C:\Users\DeMarco-PC\JPAD_PROJECT\jpad/JPADSandBox_v2/in/Template_Aircraft/lifting_surfaces -de C:\Users\DeMarco-PC\JPAD_PROJECT\jpad/JPADSandBox_v2/in/Template_Aircraft/engines -dn C:\Users\DeMarco-PC\JPAD_PROJECT\jpad/JPADSandBox_v2/in/Template_Aircraft/nacelles -dlg C:\Users\DeMarco-PC\JPAD_PROJECT\jpad/JPADSandBox_v2/in/Template_Aircraft/landing_gears -ds C:\Users\DeMarco-PC\JPAD_PROJECT\jpad/JPADSandBox_v2/in/Template_Aircraft/systems -dcc C:\Users\DeMarco-PC\JPAD_PROJECT\jpad/JPADSandBox_v2/in/Template_Aircraft/cabin_configurations
java_class_path (initial): C:\Program Files\Java\jdk1.8.0_161\jre\lib\resources.jar;C:\Program Files\Java\jdk1.8.0_161\jre\lib\rt.jar;C:\Program Files\Java\jdk1.8.0_161\jre\lib\jsse.jar;C:\Program Files\Java\jdk1.8.0_161\jre\lib\jce.jar;C:\Program Files\Java\jdk1.8.0_161\jre\lib\charsets.jar;C:\Program Files\Java\jdk1.8.0_161\jre\lib\jfr.jar;C:\Program Files\Java\jdk1.8.0_161\jre\lib\ext\access-bridge-64.jar;C:\Program Files\Java\jdk1.8.0_161\jre\lib\ext\cldrdata.jar;C:\Program Files\Java\jdk1.8.0_161\jre\lib\ext\dnsns.jar;C:\Program Files\Java\jdk1.8.0_161\jre\lib\ext\jaccess.jar;C:\Program Files\Java\jdk1.8.0_161\jre\lib\ext\jfxrt.jar;C:\Program Files\Java\jdk1.8.0_161\jre\lib\ext\localedata.jar;C:\Program Files\Java\jdk1.8.0_161\jre\lib\ext\nashorn.jar;C:\Program Files\Java\jdk1.8.0_161\jre\lib\ext\sunec.jar;C:\Program Files\Java\jdk1.8.0_161\jre\lib\ext\sunjce_provider.jar;C:\Program Files\Java\jdk1.8.0_161\jre\lib\ext\sunmscapi.jar;C:\Program Files\Java\jdk1.8.0_161\jre\lib\ext\sunpkcs11.jar;C:\Program Files\Java\jdk1.8.0_161\jre\lib\ext\zipfs.jar;C:\Users\DeMarco-PC\JPAD_PROJECT\jpad\JPADCADSandbox\bin;C:\Users\DeMarco-PC\JPAD_PROJECT\jpad\JPADCAD\bin;C:\Users\DeMarco-PC\JPAD_PROJECT\jpad\libraries\occjava\OCCJavaWrapper_OCCT_v7.0.0_vc14_Win64\OCCJavaWrapper.jar;C:\Users\DeMarco-PC\JPAD_PROJECT\jpad\libraries\trove\trove-3.1a1.jar;C:\Users\DeMarco-PC\JPAD_PROJECT\jpad\libraries\vecmath\vecmath.jar;C:\Users\DeMarco-PC\JPAD_PROJECT\jpad\libraries\jscience-4.3\jscience.jar;C:\Users\DeMarco-PC\JPAD_PROJECT\jpad\libraries\lombok\lombok.jar;C:\Users\DeMarco-PC\JPAD_PROJECT\jpad\libraries\args4j\args4j-2.0.21.jar;C:\Users\DeMarco-PC\JPAD_PROJECT\jpad\libraries\hdf\jarhdf5-2.10.1.jar;C:\Users\DeMarco-PC\JPAD_PROJECT\jpad\libraries\poi\poi-ooxml-3.10.1-20140818.jar;C:\Users\DeMarco-PC\JPAD_PROJECT\jpad\libraries\log4j\log4j-api-2.0.2.jar;C:\Users\DeMarco-PC\JPAD_PROJECT\jpad\libraries\log4j\log4j-core-2.0.2.jar;C:\Users\DeMarco-PC\JPAD_PROJECT\jpad\libraries\hdf\slf4
Launcher Type: SUN_STANDARD

Environment Variables:
PATH=C:\Users\DeMarco-PC\JPAD_PROJECT\jpad\libraries\occjava\OCCJavaWrapper_OCCT_v7.0.0_vc14_Win64;C:\Users\DeMarco-PC\JPAD_PROJECT\jpad\libraries\occjava\OCCJavaWrapper_OCCT_v7.0.0_vc14_Win64\jre1.8.0_91\bin;C:\Users\DeMarco-PC\JPAD_PROJECT\jpad\libraries\hdf;



---------------  S Y S T E M  ---------------

OS: Windows 10.0 , 64 bit Build 16299 (10.0.16299.15)

CPU:total 12 (initial active 12) (6 cores per cpu, 2 threads per core) family 6 model 63 stepping 2, cmov, cx8, fxsr, mmx, sse, sse2, sse3, ssse3, sse4.1, sse4.2, popcnt, avx, avx2, aes, clmul, erms, lzcnt, ht, tsc, tscinvbit, bmi1, bmi2

Memory: 4k page, physical 67001628k(56900316k free), swap 76963100k(64451424k free)

vm_info: Java HotSpot(TM) 64-Bit Server VM (25.161-b12) for windows-amd64 JRE (1.8.0_161-b12), built on Dec 19 2017 17:52:25 by "java_re" with MS VC++ 10.0 (VS2010)

time: Fri Feb 23 13:08:12 2018
elapsed time: 2 seconds (0d 0h 0m 2s)

