%                         AR=    9.430000
%                          b=   29.689709
%                         Sw=   93.476013
%                   C_radice=    6.390000
%        Rapp rastremazione =    0.164319
%   ****   MAC   ****
%                     MAC/Cr=    0.605263
%                    MAC [m]=    3.867632
%                  X_MAC [m]=    3.165370
%                  Y_MAC [m]=    5.431954
%  ****  AER. CENTER   ***
%  POS in x         X_AC [m]=    0.000000
%  POS in aper. y   Y_AC [m]=    0.000000
%  POS in x (%MAC)  X_AC/MAC=    0.000000
%  ****  WING AC MOM COEFF
%    basic load contr  Cmac1=    0.000000
%    local cmac contr  Cmac2=    0.000000
%            WING      CMACw=    0.000000
    %Alpha         CL         CDi       Cm(c/4)       e
    3.000000    1.223800    0.065802   -1.027927    0.768285
