#
# A fatal error has been detected by the Java Runtime Environment:
#
#  EXCEPTION_ACCESS_VIOLATION (0xc0000005) at pc=0x00007ff8f0be914f, pid=15164, tid=0x0000000000002c74
#
# JRE version: Java(TM) SE Runtime Environment (8.0_171-b11) (build 1.8.0_171-b11)
# Java VM: Java HotSpot(TM) 64-Bit Server VM (25.171-b11 mixed mode windows-amd64 compressed oops)
# Problematic frame:
# C  0x00007ff8f0be914f
#
# Failed to write core dump. Minidumps are not enabled by default on client versions of Windows
#
# If you would like to submit a bug report, please visit:
#   http://bugreport.java.com/bugreport/crash.jsp
# The crash happened outside the Java Virtual Machine in native code.
# See problematic frame for where to report the bug.
#

---------------  T H R E A D  ---------------

Current thread (0x0000000028e09800):  JavaThread "JavaFX Application Thread" [_thread_in_native, id=11380, stack(0x0000000029c30000,0x0000000029d30000)]

siginfo: ExceptionCode=0xc0000005, reading address 0x000000000000001c

Registers:
RAX=0x0000000000000000, RBX=0x0000000000000001, RCX=0x0000000000000000, RDX=0x0000000029d2bcb0
RSP=0x0000000029d2bc58, RBP=0x0000000029d2bcc0, RSI=0x0000000042abac48, RDI=0x000000072685df10
R8 =0x0000000059969460, R9 =0x0000000029d2bc88, R10=0x00007ff8f0be9140, R11=0x00000005c27151a0
R12=0x0000000000000000, R13=0x0000000029d2bee0, R14=0x0000000029d2bcb0, R15=0x0000000028e09800
RIP=0x00007ff8f0be914f, EFLAGS=0x0000000000010246

Top of Stack: (sp=0x0000000029d2bc58)
0x0000000029d2bc58:   00000000048a841b 0000000028df39c0
0x0000000029d2bc68:   000000006069b38f 0000000029d2c928
0x0000000029d2bc78:   0000000029d2bc98 000000072685df58
0x0000000029d2bc88:   000000072685df58 000000072685df10
0x0000000029d2bc98:   0000000003272e86 0000000000000001
0x0000000029d2bca8:   0000000028e09800 000000072e34ed18
0x0000000029d2bcb8:   0000000028e09800 000000072685df58
0x0000000029d2bcc8:   000000000491d8f4 000001051ee424a9
0x0000000029d2bcd8:   0000000028db14a8 00000000000000d8
0x0000000029d2bce8:   0000000029d2c928 000000072685de70
0x0000000029d2bcf8:   000000072685df10 0000000059969460
0x0000000029d2bd08:   0000000000000020 0000036500000124
0x0000000029d2bd18:   0000012300000124 00000007c055b3e8
0x0000000029d2bd28:   000000072681e3f8 00000000001578d0
0x0000000029d2bd38:   000000006041736c 0000000000000001
0x0000000029d2bd48:   00000007c0108608 000000005991c1c0 

Instructions: (pc=0x00007ff8f0be914f)
0x00007ff8f0be912f:   83 c4 40 5f c3 cc cc cc cc cc cc cc cc cc cc cc
0x00007ff8f0be913f:   cc 4d 85 c0 74 08 49 8b 08 48 85 c9 75 02 33 c9
0x00007ff8f0be914f:   8b 41 1c 2b 41 18 ff c0 c3 cc cc cc cc cc cc cc
0x00007ff8f0be915f:   cc 4d 85 c0 74 08 49 8b 08 48 85 c9 75 02 33 c9 


Register to memory mapping:

RAX=0x0000000000000000 is an unknown value
RBX=0x0000000000000001 is an unknown value
RCX=0x0000000000000000 is an unknown value
RDX=0x0000000029d2bcb0 is pointing into the stack for thread: 0x0000000028e09800
RSP=0x0000000029d2bc58 is pointing into the stack for thread: 0x0000000028e09800
RBP=0x0000000029d2bcc0 is pointing into the stack for thread: 0x0000000028e09800
RSI=0x0000000042abac48 is pointing into metadata
RDI=0x000000072685df10 is an oop
opencascade.TopLoc_Location 
 - klass: 'opencascade/TopLoc_Location'
R8 =0x0000000059969460 is an unknown value
R9 =0x0000000029d2bc88 is pointing into the stack for thread: 0x0000000028e09800
R10=0x00007ff8f0be9140 is an unknown value
R11=0x00000005c27151a0 is an oop
java.lang.Object 
 - klass: 'java/lang/Object'
R12=0x0000000000000000 is an unknown value
R13=0x0000000029d2bee0 is pointing into the stack for thread: 0x0000000028e09800
R14=0x0000000029d2bcb0 is pointing into the stack for thread: 0x0000000028e09800
R15=0x0000000028e09800 is a thread


Stack: [0x0000000029c30000,0x0000000029d30000],  sp=0x0000000029d2bc58,  free space=1007k
Native frames: (J=compiled Java code, j=interpreted, Vv=VM code, C=native code)
C  0x00007ff8f0be914f

Java frames: (J=compiled Java code, j=interpreted, Vv=VM code)
J 8932  opencascade.OCCwrapJavaJNI.Poly_Triangulation_NbNodes(JLopencascade/Poly_Triangulation;)I (0 bytes) @ 0x00000000048a8395 [0x00000000048a8340+0x55]
J 9078 C2 it.unina.daf.jpadcad.occfx.OCCFXMeshExtractor$FaceData.load()V (1136 bytes) @ 0x000000000491d8f4 [0x000000000491d7a0+0x154]
J 9042 C1 it.unina.daf.jpadcad.occfx.OCCFX3DView$$Lambda$820.apply(Ljava/lang/Object;)Ljava/lang/Object; (12 bytes) @ 0x00000000046f8a5c [0x00000000046f87a0+0x2bc]
J 8748 C2 java.util.stream.ReferencePipeline$3$1.accept(Ljava/lang/Object;)V (23 bytes) @ 0x00000000045886d0 [0x0000000004588680+0x50]
j  java.util.Iterator.forEachRemaining(Ljava/util/function/Consumer;)V+21
j  java.util.Spliterators$IteratorSpliterator.forEachRemaining(Ljava/util/function/Consumer;)V+52
J 10312 C1 java.util.stream.AbstractPipeline.copyInto(Ljava/util/stream/Sink;Ljava/util/Spliterator;)V (53 bytes) @ 0x000000000472f6ac [0x000000000472f1c0+0x4ec]
J 10306 C1 java.util.stream.AbstractPipeline.wrapAndCopyInto(Ljava/util/stream/Sink;Ljava/util/Spliterator;)Ljava/util/stream/Sink; (18 bytes) @ 0x0000000004733154 [0x0000000004732f20+0x234]
J 7325 C1 java.util.stream.ReduceOps$ReduceOp.evaluateSequential(Ljava/util/stream/PipelineHelper;Ljava/util/Spliterator;)Ljava/lang/Object; (18 bytes) @ 0x00000000041f9ddc [0x00000000041f9c20+0x1bc]
J 6539 C1 java.util.stream.AbstractPipeline.evaluate(Ljava/util/stream/TerminalOp;)Ljava/lang/Object; (94 bytes) @ 0x0000000004471fe4 [0x0000000004471b00+0x4e4]
J 10662 C1 java.util.stream.ReferencePipeline.collect(Ljava/util/stream/Collector;)Ljava/lang/Object; (124 bytes) @ 0x0000000003cc31e4 [0x0000000003cc2ae0+0x704]
j  it.unina.daf.jpadcad.occfx.OCCFX3DView.extractMesh(Lit/unina/daf/jpadcad/occ/OCCShape;Z)Ljava/util/List;+50
j  it.unina.daf.jpadcad.occfx.OCCFX3DView.convertSolidsToMeshViews()V+88
j  it.unina.daf.jpadcad.occfx.OCCFX3DView.init(Ljava/util/Map;DDZ)V+12
j  it.unina.daf.jpadcad.occfx.OCCFX3DView.<init>(Ljava/util/Map;DDZ)V+403
j  jpadcommander.inputmanager.InputManagerControllerGraphicUtilities.createAircraft3DView()V+47
j  jpadcommander.inputmanager.InputManagerControllerMainActionUtilities.updateCAD3DViewImplementation()V+2430
j  jpadcommander.inputmanager.InputManagerController.updateCAD3DView()V+4
v  ~StubRoutines::call_stub
J 2010  sun.reflect.NativeMethodAccessorImpl.invoke0(Ljava/lang/reflect/Method;Ljava/lang/Object;[Ljava/lang/Object;)Ljava/lang/Object; (0 bytes) @ 0x0000000003770b3f [0x0000000003770ac0+0x7f]
J 2009 C1 sun.reflect.NativeMethodAccessorImpl.invoke(Ljava/lang/Object;[Ljava/lang/Object;)Ljava/lang/Object; (104 bytes) @ 0x000000000377397c [0x0000000003772780+0x11fc]
J 2493 C2 sun.reflect.GeneratedMethodAccessor1.invoke(Ljava/lang/Object;[Ljava/lang/Object;)Ljava/lang/Object; (65 bytes) @ 0x0000000003993e48 [0x0000000003993ca0+0x1a8]
J 2541 C2 sun.reflect.misc.MethodUtil.invoke(Ljava/lang/reflect/Method;Ljava/lang/Object;[Ljava/lang/Object;)Ljava/lang/Object; (111 bytes) @ 0x00000000039b894c [0x00000000039b8840+0x10c]
j  javafx.fxml.FXMLLoader$MethodHandler.invoke([Ljava/lang/Object;)V+38
j  javafx.fxml.FXMLLoader$ControllerMethodEventHandler.handle(Ljavafx/event/Event;)V+12
J 9630 C2 com.sun.javafx.event.EventHandlerManager.dispatchBubblingEvent(Ljavafx/event/Event;)Ljavafx/event/Event; (23 bytes) @ 0x0000000004a6aea0 [0x0000000004a69820+0x1680]
J 8373 C2 com.sun.javafx.event.CompositeEventDispatcher.dispatchBubblingEvent(Ljavafx/event/Event;)Ljavafx/event/Event; (35 bytes) @ 0x0000000003eaffd4 [0x0000000003eaff60+0x74]
J 8270 C2 com.sun.javafx.event.BasicEventDispatcher.dispatchEvent(Ljavafx/event/Event;Ljavafx/event/EventDispatchChain;)Ljavafx/event/Event; (44 bytes) @ 0x000000000342ee90 [0x000000000342ed60+0x130]
J 8270 C2 com.sun.javafx.event.BasicEventDispatcher.dispatchEvent(Ljavafx/event/Event;Ljavafx/event/EventDispatchChain;)Ljavafx/event/Event; (44 bytes) @ 0x000000000342ee4c [0x000000000342ed60+0xec]
J 8270 C2 com.sun.javafx.event.BasicEventDispatcher.dispatchEvent(Ljavafx/event/Event;Ljavafx/event/EventDispatchChain;)Ljavafx/event/Event; (44 bytes) @ 0x000000000342ee4c [0x000000000342ed60+0xec]
J 8270 C2 com.sun.javafx.event.BasicEventDispatcher.dispatchEvent(Ljavafx/event/Event;Ljavafx/event/EventDispatchChain;)Ljavafx/event/Event; (44 bytes) @ 0x000000000342ee4c [0x000000000342ed60+0xec]
J 8270 C2 com.sun.javafx.event.BasicEventDispatcher.dispatchEvent(Ljavafx/event/Event;Ljavafx/event/EventDispatchChain;)Ljavafx/event/Event; (44 bytes) @ 0x000000000342ee4c [0x000000000342ed60+0xec]
J 8270 C2 com.sun.javafx.event.BasicEventDispatcher.dispatchEvent(Ljavafx/event/Event;Ljavafx/event/EventDispatchChain;)Ljavafx/event/Event; (44 bytes) @ 0x000000000342ee4c [0x000000000342ed60+0xec]
J 8270 C2 com.sun.javafx.event.BasicEventDispatcher.dispatchEvent(Ljavafx/event/Event;Ljavafx/event/EventDispatchChain;)Ljavafx/event/Event; (44 bytes) @ 0x000000000342ee4c [0x000000000342ed60+0xec]
J 9858 C2 com.sun.javafx.event.EventUtil.fireEvent(Ljavafx/event/EventTarget;Ljavafx/event/Event;)Ljavafx/event/Event; (81 bytes) @ 0x0000000004b46208 [0x0000000004b45da0+0x468]
J 4758 C1 javafx.event.Event.fireEvent(Ljavafx/event/EventTarget;Ljavafx/event/Event;)V (35 bytes) @ 0x00000000040efa2c [0x00000000040ef960+0xcc]
j  javafx.scene.Node.fireEvent(Ljavafx/event/Event;)V+86
j  javafx.scene.control.Button.fire()V+15
j  com.sun.javafx.scene.control.behavior.ButtonBehavior.mouseReleased(Ljavafx/scene/input/MouseEvent;)V+23
J 8396 C1 com.sun.javafx.scene.control.skin.BehaviorSkinBase$1.handle(Ljavafx/scene/input/MouseEvent;)V (121 bytes) @ 0x00000000040336c4 [0x00000000040332a0+0x424]
J 8395 C1 com.sun.javafx.scene.control.skin.BehaviorSkinBase$1.handle(Ljavafx/event/Event;)V (9 bytes) @ 0x0000000003a0c56c [0x0000000003a0c400+0x16c]
J 9630 C2 com.sun.javafx.event.EventHandlerManager.dispatchBubblingEvent(Ljavafx/event/Event;)Ljavafx/event/Event; (23 bytes) @ 0x0000000004a6abfc [0x0000000004a69820+0x13dc]
J 8373 C2 com.sun.javafx.event.CompositeEventDispatcher.dispatchBubblingEvent(Ljavafx/event/Event;)Ljavafx/event/Event; (35 bytes) @ 0x0000000003eaffd4 [0x0000000003eaff60+0x74]
J 8270 C2 com.sun.javafx.event.BasicEventDispatcher.dispatchEvent(Ljavafx/event/Event;Ljavafx/event/EventDispatchChain;)Ljavafx/event/Event; (44 bytes) @ 0x000000000342ee90 [0x000000000342ed60+0x130]
J 8270 C2 com.sun.javafx.event.BasicEventDispatcher.dispatchEvent(Ljavafx/event/Event;Ljavafx/event/EventDispatchChain;)Ljavafx/event/Event; (44 bytes) @ 0x000000000342ee4c [0x000000000342ed60+0xec]
J 8270 C2 com.sun.javafx.event.BasicEventDispatcher.dispatchEvent(Ljavafx/event/Event;Ljavafx/event/EventDispatchChain;)Ljavafx/event/Event; (44 bytes) @ 0x000000000342ee4c [0x000000000342ed60+0xec]
J 8270 C2 com.sun.javafx.event.BasicEventDispatcher.dispatchEvent(Ljavafx/event/Event;Ljavafx/event/EventDispatchChain;)Ljavafx/event/Event; (44 bytes) @ 0x000000000342ee4c [0x000000000342ed60+0xec]
J 8270 C2 com.sun.javafx.event.BasicEventDispatcher.dispatchEvent(Ljavafx/event/Event;Ljavafx/event/EventDispatchChain;)Ljavafx/event/Event; (44 bytes) @ 0x000000000342ee4c [0x000000000342ed60+0xec]
J 8270 C2 com.sun.javafx.event.BasicEventDispatcher.dispatchEvent(Ljavafx/event/Event;Ljavafx/event/EventDispatchChain;)Ljavafx/event/Event; (44 bytes) @ 0x000000000342ee4c [0x000000000342ed60+0xec]
J 8270 C2 com.sun.javafx.event.BasicEventDispatcher.dispatchEvent(Ljavafx/event/Event;Ljavafx/event/EventDispatchChain;)Ljavafx/event/Event; (44 bytes) @ 0x000000000342ee4c [0x000000000342ed60+0xec]
J 10015 C2 javafx.scene.Scene$MouseHandler.process(Ljavafx/scene/input/MouseEvent;Z)V (735 bytes) @ 0x0000000004c0fe80 [0x0000000004c0f4a0+0x9e0]
J 10558 C2 com.sun.javafx.tk.quantum.GlassViewEventHandler$MouseEventNotification.run()Ljava/lang/Void; (624 bytes) @ 0x000000000363abc0 [0x000000000363a460+0x760]
J 10498 C2 com.sun.javafx.tk.quantum.GlassViewEventHandler$MouseEventNotification.run()Ljava/lang/Object; (5 bytes) @ 0x00000000048b3594 [0x00000000048b3560+0x34]
v  ~StubRoutines::call_stub
J 1644  java.security.AccessController.doPrivileged(Ljava/security/PrivilegedAction;Ljava/security/AccessControlContext;)Ljava/lang/Object; (0 bytes) @ 0x000000000368bae6 [0x000000000368ba80+0x66]
J 10458 C2 com.sun.glass.ui.View.notifyMouse(IIIIIIIZZ)V (221 bytes) @ 0x0000000004d4d4f8 [0x0000000004d4d360+0x198]
v  ~StubRoutines::call_stub
j  com.sun.glass.ui.win.WinApplication._runLoop(Ljava/lang/Runnable;)V+0
j  com.sun.glass.ui.win.WinApplication.lambda$null$147(ILjava/lang/Runnable;)V+8
j  com.sun.glass.ui.win.WinApplication$$Lambda$37.run()V+12
j  java.lang.Thread.run()V+11
v  ~StubRoutines::call_stub

---------------  P R O C E S S  ---------------

Java Threads: ( => current thread )
  0x0000000027fb5000 JavaThread "AWT-Windows" daemon [_thread_in_native, id=11608, stack(0x00000000401f0000,0x00000000402f0000)]
  0x0000000027fb3800 JavaThread "Java2D Disposer" daemon [_thread_blocked, id=7068, stack(0x000000003fff0000,0x00000000400f0000)]
  0x00000000325bb800 JavaThread "Prism Font Disposer" daemon [_thread_blocked, id=16288, stack(0x0000000034090000,0x0000000034190000)]
  0x00000000291f1800 JavaThread "JavaFX-Launcher" [_thread_blocked, id=6148, stack(0x0000000030920000,0x0000000030a20000)]
  0x0000000028f03800 JavaThread "Thread-2" daemon [_thread_in_native, id=12924, stack(0x0000000030720000,0x0000000030820000)]
=>0x0000000028e09800 JavaThread "JavaFX Application Thread" [_thread_in_native, id=11380, stack(0x0000000029c30000,0x0000000029d30000)]
  0x0000000028e06000 JavaThread "Thread-1" daemon [_thread_blocked, id=12528, stack(0x0000000029b30000,0x0000000029c30000)]
  0x0000000028dd5000 JavaThread "QuantumRenderer-0" daemon [_thread_blocked, id=9324, stack(0x00000000297e0000,0x00000000298e0000)]
  0x0000000028005000 JavaThread "Service Thread" daemon [_thread_blocked, id=16248, stack(0x0000000028b60000,0x0000000028c60000)]
  0x0000000027fb2800 JavaThread "C1 CompilerThread3" daemon [_thread_blocked, id=17468, stack(0x0000000028a60000,0x0000000028b60000)]
  0x0000000026088000 JavaThread "C2 CompilerThread2" daemon [_thread_blocked, id=1604, stack(0x0000000028960000,0x0000000028a60000)]
  0x0000000027f8c000 JavaThread "C2 CompilerThread1" daemon [_thread_blocked, id=17876, stack(0x0000000028860000,0x0000000028960000)]
  0x0000000027f86000 JavaThread "C2 CompilerThread0" daemon [_thread_blocked, id=3148, stack(0x0000000028760000,0x0000000028860000)]
  0x0000000027f81800 JavaThread "Attach Listener" daemon [_thread_blocked, id=12192, stack(0x0000000028660000,0x0000000028760000)]
  0x0000000026087800 JavaThread "Signal Dispatcher" daemon [_thread_blocked, id=17692, stack(0x0000000028560000,0x0000000028660000)]
  0x0000000027f70800 JavaThread "Finalizer" daemon [_thread_blocked, id=4420, stack(0x0000000028350000,0x0000000028450000)]
  0x0000000003167000 JavaThread "Reference Handler" daemon [_thread_blocked, id=2540, stack(0x0000000027e50000,0x0000000027f50000)]
  0x0000000003074000 JavaThread "main" [_thread_blocked, id=4084, stack(0x0000000002f70000,0x0000000003070000)]

Other Threads:
  0x0000000026079800 VMThread [stack: 0x0000000027d50000,0x0000000027e50000] [id=9496]
  0x000000002800a800 WatcherThread [stack: 0x0000000028c60000,0x0000000028d60000] [id=2000]

VM state:not at safepoint (normal execution)

VM Mutex/Monitor currently owned by a thread: None

Heap:
 PSYoungGen      total 379392K, used 327750K [0x0000000716180000, 0x0000000733000000, 0x00000007c0000000)
  eden space 300544K, 89% used [0x0000000716180000,0x00000007269438f8,0x0000000728700000)
  from space 78848K, 73% used [0x000000072e300000,0x0000000731b4e0a8,0x0000000733000000)
  to   space 86528K, 0% used [0x0000000728700000,0x0000000728700000,0x000000072db80000)
 ParOldGen       total 410624K, used 116288K [0x00000005c2400000, 0x00000005db500000, 0x0000000716180000)
  object space 410624K, 28% used [0x00000005c2400000,0x00000005c95903d8,0x00000005db500000)
 Metaspace       used 46772K, capacity 49724K, committed 49920K, reserved 1093632K
  class space    used 5322K, capacity 5832K, committed 5888K, reserved 1048576K

Card table byte_map: [0x0000000012530000,0x0000000013520000] byte_map_base: 0x000000000f71e000

Marking Bits: (ParMarkBitMap*) 0x00000000609a08c0
 Begin Bits: [0x00000000147c0000, 0x000000001c730000)
 End Bits:   [0x000000001c730000, 0x00000000246a0000)

Polling page: 0x0000000001540000

CodeCache: size=245760Kb used=27956Kb max_used=28714Kb free=217803Kb
 bounds [0x0000000003170000, 0x0000000004db0000, 0x0000000012170000]
 total_blobs=10226 nmethods=8554 adapters=1582
 compilation: enabled

Compilation events (10 events):
Event: 366.655 Thread 0x0000000027fb2800 10707   !   3       aircraft.components.fuselage.Fuselage::makeSection (1214 bytes)
Event: 366.659 Thread 0x0000000027fb2800 nmethod 10707 0x0000000004999550 code [0x000000000499a240, 0x00000000049a3df8]
Event: 366.659 Thread 0x0000000027fb2800 10708       3       gnu.trove.list.array.TIntArrayList::get (24 bytes)
Event: 366.659 Thread 0x0000000027fb2800 nmethod 10708 0x00000000032f49d0 code [0x00000000032f4b40, 0x00000000032f4da8]
Event: 366.659 Thread 0x0000000027fb2800 10709       1       it.unina.daf.jpadcad.FairingDataCollection::getFairingPosition (5 bytes)
Event: 366.659 Thread 0x0000000027fb2800 nmethod 10709 0x0000000003feb1d0 code [0x0000000003feb320, 0x0000000003feb430]
Event: 366.668 Thread 0x0000000027fb2800 10710       3       it.unina.daf.jpadcad.occ.OCCWire::occWireFromEdges (62 bytes)
Event: 366.668 Thread 0x0000000027fb2800 nmethod 10710 0x0000000003a808d0 code [0x0000000003a80ba0, 0x0000000003a81cc8]
Event: 366.715 Thread 0x0000000027fb2800 10711       3       java.util.stream.Sink::begin (1 bytes)
Event: 366.715 Thread 0x0000000027fb2800 nmethod 10711 0x0000000004999250 code [0x00000000049993a0, 0x00000000049994f0]

GC Heap History (10 events):
Event: 17.756 GC heap before
{Heap before GC invocations=6 (full 2):
 PSYoungGen      total 152576K, used 131072K [0x0000000716180000, 0x0000000726e00000, 0x00000007c0000000)
  eden space 131072K, 100% used [0x0000000716180000,0x000000071e180000,0x000000071e180000)
  from space 21504K, 0% used [0x000000071e180000,0x000000071e180000,0x000000071f680000)
  to   space 21504K, 0% used [0x0000000725900000,0x0000000725900000,0x0000000726e00000)
 ParOldGen       total 410624K, used 116248K [0x00000005c2400000, 0x00000005db500000, 0x0000000716180000)
  object space 410624K, 28% used [0x00000005c2400000,0x00000005c95863d8,0x00000005db500000)
 Metaspace       used 29868K, capacity 31568K, committed 31872K, reserved 1077248K
  class space    used 3876K, capacity 4210K, committed 4224K, reserved 1048576K
Event: 17.762 GC heap after
Heap after GC invocations=6 (full 2):
 PSYoungGen      total 179200K, used 11024K [0x0000000716180000, 0x0000000726400000, 0x00000007c0000000)
  eden space 167936K, 0% used [0x0000000716180000,0x0000000716180000,0x0000000720580000)
  from space 11264K, 97% used [0x0000000725900000,0x00000007263c4138,0x0000000726400000)
  to   space 21504K, 0% used [0x0000000723a00000,0x0000000723a00000,0x0000000724f00000)
 ParOldGen       total 410624K, used 116256K [0x00000005c2400000, 0x00000005db500000, 0x0000000716180000)
  object space 410624K, 28% used [0x00000005c2400000,0x00000005c95883d8,0x00000005db500000)
 Metaspace       used 29868K, capacity 31568K, committed 31872K, reserved 1077248K
  class space    used 3876K, capacity 4210K, committed 4224K, reserved 1048576K
}
Event: 17.966 GC heap before
{Heap before GC invocations=7 (full 2):
 PSYoungGen      total 179200K, used 178960K [0x0000000716180000, 0x0000000726400000, 0x00000007c0000000)
  eden space 167936K, 100% used [0x0000000716180000,0x0000000720580000,0x0000000720580000)
  from space 11264K, 97% used [0x0000000725900000,0x00000007263c4138,0x0000000726400000)
  to   space 21504K, 0% used [0x0000000723a00000,0x0000000723a00000,0x0000000724f00000)
 ParOldGen       total 410624K, used 116256K [0x00000005c2400000, 0x00000005db500000, 0x0000000716180000)
  object space 410624K, 28% used [0x00000005c2400000,0x00000005c95883d8,0x00000005db500000)
 Metaspace       used 32431K, capacity 34360K, committed 34560K, reserved 1079296K
  class space    used 4137K, capacity 4494K, committed 4608K, reserved 1048576K
Event: 17.971 GC heap after
Heap after GC invocations=7 (full 2):
 PSYoungGen      total 243200K, used 11892K [0x0000000716180000, 0x000000072ee00000, 0x00000007c0000000)
  eden space 221696K, 0% used [0x0000000716180000,0x0000000716180000,0x0000000723a00000)
  from space 21504K, 55% used [0x0000000723a00000,0x000000072459d0c8,0x0000000724f00000)
  to   space 90112K, 0% used [0x0000000729600000,0x0000000729600000,0x000000072ee00000)
 ParOldGen       total 410624K, used 116264K [0x00000005c2400000, 0x00000005db500000, 0x0000000716180000)
  object space 410624K, 28% used [0x00000005c2400000,0x00000005c958a3d8,0x00000005db500000)
 Metaspace       used 32431K, capacity 34360K, committed 34560K, reserved 1079296K
  class space    used 4137K, capacity 4494K, committed 4608K, reserved 1048576K
}
Event: 18.207 GC heap before
{Heap before GC invocations=8 (full 2):
 PSYoungGen      total 243200K, used 232508K [0x0000000716180000, 0x000000072ee00000, 0x00000007c0000000)
  eden space 221696K, 99% used [0x0000000716180000,0x00000007238f21f8,0x0000000723a00000)
  from space 21504K, 55% used [0x0000000723a00000,0x000000072459d0c8,0x0000000724f00000)
  to   space 90112K, 0% used [0x0000000729600000,0x0000000729600000,0x000000072ee00000)
 ParOldGen       total 410624K, used 116264K [0x00000005c2400000, 0x00000005db500000, 0x0000000716180000)
  object space 410624K, 28% used [0x00000005c2400000,0x00000005c958a3d8,0x00000005db500000)
 Metaspace       used 32874K, capacity 34910K, committed 35072K, reserved 1079296K
  class space    used 4159K, capacity 4569K, committed 4608K, reserved 1048576K
Event: 18.212 GC heap after
Heap after GC invocations=8 (full 2):
 PSYoungGen      total 320000K, used 11920K [0x0000000716180000, 0x0000000733380000, 0x00000007c0000000)
  eden space 229888K, 0% used [0x0000000716180000,0x0000000716180000,0x0000000724200000)
  from space 90112K, 13% used [0x0000000729600000,0x000000072a1a4080,0x000000072ee00000)
  to   space 86016K, 0% used [0x0000000724200000,0x0000000724200000,0x0000000729600000)
 ParOldGen       total 410624K, used 116272K [0x00000005c2400000, 0x00000005db500000, 0x0000000716180000)
  object space 410624K, 28% used [0x00000005c2400000,0x00000005c958c3d8,0x00000005db500000)
 Metaspace       used 32874K, capacity 34910K, committed 35072K, reserved 1079296K
  class space    used 4159K, capacity 4569K, committed 4608K, reserved 1048576K
}
Event: 18.858 GC heap before
{Heap before GC invocations=9 (full 2):
 PSYoungGen      total 320000K, used 241808K [0x0000000716180000, 0x0000000733380000, 0x00000007c0000000)
  eden space 229888K, 100% used [0x0000000716180000,0x0000000724200000,0x0000000724200000)
  from space 90112K, 13% used [0x0000000729600000,0x000000072a1a4080,0x000000072ee00000)
  to   space 86016K, 0% used [0x0000000724200000,0x0000000724200000,0x0000000729600000)
 ParOldGen       total 410624K, used 116272K [0x00000005c2400000, 0x00000005db500000, 0x0000000716180000)
  object space 410624K, 28% used [0x00000005c2400000,0x00000005c958c3d8,0x00000005db500000)
 Metaspace       used 39576K, capacity 42048K, committed 42240K, reserved 1085440K
  class space    used 4875K, capacity 5356K, committed 5376K, reserved 1048576K
Event: 18.867 GC heap after
Heap after GC invocations=9 (full 2):
 PSYoungGen      total 315904K, used 21552K [0x0000000716180000, 0x0000000733100000, 0x00000007c0000000)
  eden space 229888K, 0% used [0x0000000716180000,0x0000000716180000,0x0000000724200000)
  from space 86016K, 25% used [0x0000000724200000,0x000000072570c3a8,0x0000000729600000)
  to   space 79872K, 0% used [0x000000072e300000,0x000000072e300000,0x0000000733100000)
 ParOldGen       total 410624K, used 116280K [0x00000005c2400000, 0x00000005db500000, 0x0000000716180000)
  object space 410624K, 28% used [0x00000005c2400000,0x00000005c958e3d8,0x00000005db500000)
 Metaspace       used 39576K, capacity 42048K, committed 42240K, reserved 1085440K
  class space    used 4875K, capacity 5356K, committed 5376K, reserved 1048576K
}
Event: 258.378 GC heap before
{Heap before GC invocations=10 (full 2):
 PSYoungGen      total 315904K, used 251440K [0x0000000716180000, 0x0000000733100000, 0x00000007c0000000)
  eden space 229888K, 100% used [0x0000000716180000,0x0000000724200000,0x0000000724200000)
  from space 86016K, 25% used [0x0000000724200000,0x000000072570c3a8,0x0000000729600000)
  to   space 79872K, 0% used [0x000000072e300000,0x000000072e300000,0x0000000733100000)
 ParOldGen       total 410624K, used 116280K [0x00000005c2400000, 0x00000005db500000, 0x0000000716180000)
  object space 410624K, 28% used [0x00000005c2400000,0x00000005c958e3d8,0x00000005db500000)
 Metaspace       used 45653K, capacity 48526K, committed 48768K, reserved 1091584K
  class space    used 5234K, capacity 5735K, committed 5760K, reserved 1048576K
Event: 258.414 GC heap after
Heap after GC invocations=10 (full 2):
 PSYoungGen      total 379392K, used 57656K [0x0000000716180000, 0x0000000733000000, 0x00000007c0000000)
  eden space 300544K, 0% used [0x0000000716180000,0x0000000716180000,0x0000000728700000)
  from space 78848K, 73% used [0x000000072e300000,0x0000000731b4e0a8,0x0000000733000000)
  to   space 86528K, 0% used [0x0000000728700000,0x0000000728700000,0x000000072db80000)
 ParOldGen       total 410624K, used 116288K [0x00000005c2400000, 0x00000005db500000, 0x0000000716180000)
  object space 410624K, 28% used [0x00000005c2400000,0x00000005c95903d8,0x00000005db500000)
 Metaspace       used 45653K, capacity 48526K, committed 48768K, reserved 1091584K
  class space    used 5234K, capacity 5735K, committed 5760K, reserved 1048576K
}

Deoptimization events (10 events):
Event: 324.617 Thread 0x0000000028e09800 Uncommon trap: reason=unstable_if action=reinterpret pc=0x000000000493b168 method=javafx.scene.Node.setScenes(Ljavafx/scene/Scene;Ljavafx/scene/SubScene;Z)V @ 58
Event: 324.627 Thread 0x0000000028e09800 Uncommon trap: reason=unstable_if action=reinterpret pc=0x0000000003abd164 method=com.sun.javafx.sg.prism.NGGroup.clearFrom(I)V @ 10
Event: 324.839 Thread 0x0000000028f03800 Uncommon trap: reason=unstable_if action=reinterpret pc=0x00000000037ae250 method=com.sun.javafx.tk.quantum.QuantumToolkit.postPulse()V @ 37
Event: 325.241 Thread 0x0000000028e09800 Uncommon trap: reason=unstable_if action=reinterpret pc=0x00000000039f92a8 method=javafx.scene.Node.almostZero(D)Z @ 13
Event: 338.159 Thread 0x0000000028e09800 Uncommon trap: reason=unstable_if action=reinterpret pc=0x0000000003cb1fac method=com.sun.javafx.geom.transform.TransformHelper.general3dBoundsTransform(Lcom/sun/javafx/geom/transform/CanTransformVec3d;Lcom/sun/javafx/geom/BaseBounds;Lcom/sun/javafx/geom/
Event: 339.146 Thread 0x0000000028dd5000 Uncommon trap: reason=unstable_if action=reinterpret pc=0x00000000037b9f9c method=com.sun.prism.impl.ManagedResource.bumpAge(I)V @ 7
Event: 345.447 Thread 0x0000000028e09800 Uncommon trap: reason=unstable_if action=reinterpret pc=0x0000000004d6df18 method=javafx.scene.Node.impl_intersectsBounds(Lcom/sun/javafx/geom/PickRay;)D @ 70
Event: 351.825 Thread 0x0000000028e09800 Uncommon trap: reason=unstable_if action=reinterpret pc=0x0000000004919bc4 method=com.sun.javafx.sg.prism.NGNode.setEffect(Lcom/sun/scenario/effect/Effect;)V @ 17
Event: 351.827 Thread 0x0000000028dd5000 Uncommon trap: reason=intrinsic action=make_not_entrant pc=0x0000000004cc8c60 method=com.sun.prism.impl.ps.BaseShaderGraphics.drawString(Lcom/sun/javafx/scene/text/GlyphList;Lcom/sun/javafx/font/FontStrike;FFLcom/sun/prism/paint/Color;II)V @ 546
Event: 351.839 Thread 0x0000000028e09800 Uncommon trap: reason=class_check action=maybe_recompile pc=0x0000000004a6b4a4 method=com.sun.javafx.event.CompositeEventHandler.dispatchBubblingEvent(Ljavafx/event/Event;)V @ 12

Classes redefined (0 events):
No events

Internal exceptions (10 events):
Event: 240.824 Thread 0x0000000028dd5000 Exception <a 'java/lang/ArrayIndexOutOfBoundsException'> (0x000000071f36a898) thrown at [C:\re\workspace\8-2-build-windows-amd64-cygwin\jdk8u171\10807\hotspot\src\share\vm\runtime\sharedRuntime.cpp, line 605]
Event: 240.824 Thread 0x0000000028dd5000 Exception <a 'java/lang/ArrayIndexOutOfBoundsException'> (0x000000071f36b178) thrown at [C:\re\workspace\8-2-build-windows-amd64-cygwin\jdk8u171\10807\hotspot\src\share\vm\runtime\sharedRuntime.cpp, line 605]
Event: 240.824 Thread 0x0000000028dd5000 Exception <a 'java/lang/ArrayIndexOutOfBoundsException'> (0x000000071f36ba58) thrown at [C:\re\workspace\8-2-build-windows-amd64-cygwin\jdk8u171\10807\hotspot\src\share\vm\runtime\sharedRuntime.cpp, line 605]
Event: 242.683 Thread 0x0000000028e09800 Exception <a 'java/lang/IncompatibleClassChangeError': Found class java.lang.Object, but interface was expected> (0x00000007206e2848) thrown at [C:\re\workspace\8-2-build-windows-amd64-cygwin\jdk8u171\10807\hotspot\src\share\vm\interpreter\linkResolver.cp
Event: 245.618 Thread 0x0000000028e09800 Exception <a 'java/lang/NoSuchMethodError': java.lang.Object.lambda$comparing$77a9974f$1(Ljava/util/function/Function;Ljava/lang/Object;Ljava/lang/Object;)I> (0x0000000722470b00) thrown at [C:\re\workspace\8-2-build-windows-amd64-cygwin\jdk8u171\10807\hot
Event: 259.319 Thread 0x0000000028e09800 Implicit null exception at 0x00000000038744ee to 0x0000000003875da1
Event: 259.633 Thread 0x0000000028dd5000 Implicit null exception at 0x00000000045191f1 to 0x000000000451b485
Event: 310.871 Thread 0x0000000028e09800 Implicit null exception at 0x0000000004c186b2 to 0x0000000004c19c25
Event: 322.465 Thread 0x0000000028e09800 Exception <a 'java/lang/NoSuchMethodError': java.lang.Object.lambda$minBy$0(Ljava/util/Comparator;Ljava/lang/Object;Ljava/lang/Object;)Ljava/lang/Object;> (0x000000071e12d078) thrown at [C:\re\workspace\8-2-build-windows-amd64-cygwin\jdk8u171\10807\hotspo
Event: 324.606 Thread 0x0000000028e09800 Implicit null exception at 0x0000000003824157 to 0x0000000003824211

Events (10 events):
Event: 345.447 Thread 0x0000000028e09800 DEOPT UNPACKING pc=0x00000000031b583b sp=0x0000000029d2c700 mode 2
Event: 351.825 Thread 0x0000000028e09800 Uncommon trap: trap_request=0xffffff65 fr.pc=0x0000000004919bc4
Event: 351.825 Thread 0x0000000028e09800 DEOPT PACKING pc=0x0000000004919bc4 sp=0x0000000029d2d7e0
Event: 351.825 Thread 0x0000000028e09800 DEOPT UNPACKING pc=0x00000000031b583b sp=0x0000000029d2d760 mode 2
Event: 351.827 Thread 0x0000000028dd5000 Uncommon trap: trap_request=0xffffffcc fr.pc=0x0000000004cc8c60
Event: 351.827 Thread 0x0000000028dd5000 DEOPT PACKING pc=0x0000000004cc8c60 sp=0x00000000298dcd10
Event: 351.827 Thread 0x0000000028dd5000 DEOPT UNPACKING pc=0x00000000031b583b sp=0x00000000298dcca8 mode 2
Event: 351.839 Thread 0x0000000028e09800 Uncommon trap: trap_request=0xffffffde fr.pc=0x0000000004a6b4a4
Event: 351.839 Thread 0x0000000028e09800 DEOPT PACKING pc=0x0000000004a6b4a4 sp=0x0000000029d2d6e0
Event: 351.839 Thread 0x0000000028e09800 DEOPT UNPACKING pc=0x00000000031b583b sp=0x0000000029d2d630 mode 2


Dynamic libraries:
0x00007ff6ccb30000 - 0x00007ff6ccb67000 	C:\Program Files\Java\jdk1.8.0_171\bin\javaw.exe
0x00007ff956fc0000 - 0x00007ff9571a1000 	C:\WINDOWS\SYSTEM32\ntdll.dll
0x00007ff954460000 - 0x00007ff954512000 	C:\WINDOWS\System32\KERNEL32.DLL
0x00007ff953390000 - 0x00007ff953603000 	C:\WINDOWS\System32\KERNELBASE.dll
0x00007ff954b90000 - 0x00007ff954c31000 	C:\WINDOWS\System32\ADVAPI32.dll
0x00007ff9549b0000 - 0x00007ff954a4e000 	C:\WINDOWS\System32\msvcrt.dll
0x00007ff956dd0000 - 0x00007ff956e2b000 	C:\WINDOWS\System32\sechost.dll
0x00007ff954f70000 - 0x00007ff955094000 	C:\WINDOWS\System32\RPCRT4.dll
0x00007ff954520000 - 0x00007ff9546b0000 	C:\WINDOWS\System32\USER32.dll
0x00007ff953830000 - 0x00007ff953850000 	C:\WINDOWS\System32\win32u.dll
0x00007ff954ac0000 - 0x00007ff954ae8000 	C:\WINDOWS\System32\GDI32.dll
0x00007ff953690000 - 0x00007ff953822000 	C:\WINDOWS\System32\gdi32full.dll
0x00007ff953a00000 - 0x00007ff953a9f000 	C:\WINDOWS\System32\msvcp_win.dll
0x00007ff953900000 - 0x00007ff9539fa000 	C:\WINDOWS\System32\ucrtbase.dll
0x00007ff9339f0000 - 0x00007ff933c59000 	C:\WINDOWS\WinSxS\amd64_microsoft.windows.common-controls_6595b64144ccf1df_6.0.17134.590_none_fb3d9bff3069e088\COMCTL32.dll
0x00007ff954c40000 - 0x00007ff954f62000 	C:\WINDOWS\System32\combase.dll
0x00007ff953610000 - 0x00007ff95368a000 	C:\WINDOWS\System32\bcryptPrimitives.dll
0x00007ff956f00000 - 0x00007ff956f2d000 	C:\WINDOWS\System32\IMM32.DLL
0x00007ff9524d0000 - 0x00007ff952501000 	C:\WINDOWS\SYSTEM32\ntmarta.dll
0x00007ff953200000 - 0x00007ff953230000 	C:\WINDOWS\SYSTEM32\SspiCli.dll
0x0000000060a20000 - 0x0000000060af2000 	C:\Program Files\Java\jdk1.8.0_171\jre\bin\msvcr100.dll
0x0000000060180000 - 0x0000000060a20000 	C:\Program Files\Java\jdk1.8.0_171\jre\bin\server\jvm.dll
0x00007ff954450000 - 0x00007ff954458000 	C:\WINDOWS\System32\PSAPI.DLL
0x00007ff94f230000 - 0x00007ff94f253000 	C:\WINDOWS\SYSTEM32\WINMM.dll
0x00007ff92fcf0000 - 0x00007ff92fcf9000 	C:\WINDOWS\SYSTEM32\WSOCK32.dll
0x00007ff956b10000 - 0x00007ff956b7c000 	C:\WINDOWS\System32\WS2_32.dll
0x00007ff94f390000 - 0x00007ff94f39a000 	C:\WINDOWS\SYSTEM32\VERSION.dll
0x00007ff94f0e0000 - 0x00007ff94f10a000 	C:\WINDOWS\SYSTEM32\WINMMBASE.dll
0x00007ff9543a0000 - 0x00007ff9543e9000 	C:\WINDOWS\System32\cfgmgr32.dll
0x0000000060170000 - 0x000000006017f000 	C:\Program Files\Java\jdk1.8.0_171\jre\bin\verify.dll
0x0000000060140000 - 0x0000000060169000 	C:\Program Files\Java\jdk1.8.0_171\jre\bin\java.dll
0x0000000060120000 - 0x0000000060136000 	C:\Program Files\Java\jdk1.8.0_171\jre\bin\zip.dll
0x00007ff955260000 - 0x00007ff9566a0000 	C:\WINDOWS\System32\SHELL32.dll
0x00007ff956d20000 - 0x00007ff956dc9000 	C:\WINDOWS\System32\shcore.dll
0x00007ff953c90000 - 0x00007ff95439d000 	C:\WINDOWS\System32\windows.storage.dll
0x00007ff954a50000 - 0x00007ff954aa1000 	C:\WINDOWS\System32\shlwapi.dll
0x00007ff953370000 - 0x00007ff953381000 	C:\WINDOWS\System32\kernel.appcore.dll
0x00007ff9532d0000 - 0x00007ff9532ef000 	C:\WINDOWS\System32\profapi.dll
0x00007ff9532f0000 - 0x00007ff95333c000 	C:\WINDOWS\System32\powrprof.dll
0x00007ff953360000 - 0x00007ff95336a000 	C:\WINDOWS\System32\FLTLIB.DLL
0x0000000029560000 - 0x0000000029563000 	C:\Program Files\Java\jdk1.8.0_171\jre\bin\api-ms-win-core-console-l1-1-0.dll
0x0000000029570000 - 0x0000000029573000 	C:\Program Files\Java\jdk1.8.0_171\jre\bin\api-ms-win-core-datetime-l1-1-0.dll
0x0000000029580000 - 0x0000000029583000 	C:\Program Files\Java\jdk1.8.0_171\jre\bin\api-ms-win-core-debug-l1-1-0.dll
0x0000000029590000 - 0x0000000029593000 	C:\Program Files\Java\jdk1.8.0_171\jre\bin\api-ms-win-core-errorhandling-l1-1-0.dll
0x00000000295a0000 - 0x00000000295a4000 	C:\Program Files\Java\jdk1.8.0_171\jre\bin\api-ms-win-core-file-l1-1-0.dll
0x00000000295b0000 - 0x00000000295b3000 	C:\Program Files\Java\jdk1.8.0_171\jre\bin\api-ms-win-core-file-l1-2-0.dll
0x00000000295c0000 - 0x00000000295c3000 	C:\Program Files\Java\jdk1.8.0_171\jre\bin\api-ms-win-core-file-l2-1-0.dll
0x00000000295d0000 - 0x00000000295d3000 	C:\Program Files\Java\jdk1.8.0_171\jre\bin\api-ms-win-core-handle-l1-1-0.dll
0x00000000295e0000 - 0x00000000295e3000 	C:\Program Files\Java\jdk1.8.0_171\jre\bin\api-ms-win-core-heap-l1-1-0.dll
0x00000000295f0000 - 0x00000000295f3000 	C:\Program Files\Java\jdk1.8.0_171\jre\bin\api-ms-win-core-interlocked-l1-1-0.dll
0x0000000029600000 - 0x0000000029603000 	C:\Program Files\Java\jdk1.8.0_171\jre\bin\api-ms-win-core-libraryloader-l1-1-0.dll
0x0000000029610000 - 0x0000000029613000 	C:\Program Files\Java\jdk1.8.0_171\jre\bin\api-ms-win-core-localization-l1-2-0.dll
0x0000000029620000 - 0x0000000029623000 	C:\Program Files\Java\jdk1.8.0_171\jre\bin\api-ms-win-core-memory-l1-1-0.dll
0x0000000029630000 - 0x0000000029633000 	C:\Program Files\Java\jdk1.8.0_171\jre\bin\api-ms-win-core-namedpipe-l1-1-0.dll
0x0000000029640000 - 0x0000000029643000 	C:\Program Files\Java\jdk1.8.0_171\jre\bin\api-ms-win-core-processenvironment-l1-1-0.dll
0x0000000029650000 - 0x0000000029653000 	C:\Program Files\Java\jdk1.8.0_171\jre\bin\api-ms-win-core-processthreads-l1-1-0.dll
0x0000000029660000 - 0x0000000029663000 	C:\Program Files\Java\jdk1.8.0_171\jre\bin\api-ms-win-core-processthreads-l1-1-1.dll
0x0000000029670000 - 0x0000000029673000 	C:\Program Files\Java\jdk1.8.0_171\jre\bin\api-ms-win-core-profile-l1-1-0.dll
0x0000000029680000 - 0x0000000029683000 	C:\Program Files\Java\jdk1.8.0_171\jre\bin\api-ms-win-core-rtlsupport-l1-1-0.dll
0x0000000029690000 - 0x0000000029693000 	C:\Program Files\Java\jdk1.8.0_171\jre\bin\api-ms-win-core-string-l1-1-0.dll
0x00000000296a0000 - 0x00000000296a3000 	C:\Program Files\Java\jdk1.8.0_171\jre\bin\api-ms-win-core-synch-l1-1-0.dll
0x00000000296b0000 - 0x00000000296b3000 	C:\Program Files\Java\jdk1.8.0_171\jre\bin\api-ms-win-core-synch-l1-2-0.dll
0x00000000296c0000 - 0x00000000296c3000 	C:\Program Files\Java\jdk1.8.0_171\jre\bin\api-ms-win-core-sysinfo-l1-1-0.dll
0x00000000296d0000 - 0x00000000296d3000 	C:\Program Files\Java\jdk1.8.0_171\jre\bin\api-ms-win-core-timezone-l1-1-0.dll
0x00000000296e0000 - 0x00000000296e3000 	C:\Program Files\Java\jdk1.8.0_171\jre\bin\api-ms-win-core-util-l1-1-0.dll
0x00000000296f0000 - 0x00000000296f3000 	C:\Program Files\Java\jdk1.8.0_171\jre\bin\api-ms-win-crt-conio-l1-1-0.dll
0x0000000029700000 - 0x0000000029704000 	C:\Program Files\Java\jdk1.8.0_171\jre\bin\api-ms-win-crt-convert-l1-1-0.dll
0x0000000029710000 - 0x0000000029713000 	C:\Program Files\Java\jdk1.8.0_171\jre\bin\api-ms-win-crt-environment-l1-1-0.dll
0x0000000029720000 - 0x0000000029723000 	C:\Program Files\Java\jdk1.8.0_171\jre\bin\api-ms-win-crt-filesystem-l1-1-0.dll
0x0000000029730000 - 0x0000000029733000 	C:\Program Files\Java\jdk1.8.0_171\jre\bin\api-ms-win-crt-heap-l1-1-0.dll
0x0000000029740000 - 0x0000000029743000 	C:\Program Files\Java\jdk1.8.0_171\jre\bin\api-ms-win-crt-locale-l1-1-0.dll
0x0000000029750000 - 0x0000000029755000 	C:\Program Files\Java\jdk1.8.0_171\jre\bin\api-ms-win-crt-math-l1-1-0.dll
0x0000000029760000 - 0x0000000029765000 	C:\Program Files\Java\jdk1.8.0_171\jre\bin\api-ms-win-crt-multibyte-l1-1-0.dll
0x0000000029770000 - 0x0000000029780000 	C:\Program Files\Java\jdk1.8.0_171\jre\bin\api-ms-win-crt-private-l1-1-0.dll
0x0000000029780000 - 0x0000000029783000 	C:\Program Files\Java\jdk1.8.0_171\jre\bin\api-ms-win-crt-process-l1-1-0.dll
0x0000000029790000 - 0x0000000029794000 	C:\Program Files\Java\jdk1.8.0_171\jre\bin\api-ms-win-crt-runtime-l1-1-0.dll
0x00000000297a0000 - 0x00000000297a4000 	C:\Program Files\Java\jdk1.8.0_171\jre\bin\api-ms-win-crt-stdio-l1-1-0.dll
0x00000000297b0000 - 0x00000000297b4000 	C:\Program Files\Java\jdk1.8.0_171\jre\bin\api-ms-win-crt-string-l1-1-0.dll
0x00000000297c0000 - 0x00000000297c3000 	C:\Program Files\Java\jdk1.8.0_171\jre\bin\api-ms-win-crt-time-l1-1-0.dll
0x00000000297d0000 - 0x00000000297d3000 	C:\Program Files\Java\jdk1.8.0_171\jre\bin\api-ms-win-crt-utility-l1-1-0.dll
0x00007ff91ae80000 - 0x00007ff91af76000 	C:\Program Files\Java\jdk1.8.0_171\jre\bin\ucrtbase.dll
0x00007ff949510000 - 0x00007ff949561000 	C:\Program Files\Java\jdk1.8.0_171\jre\bin\concrt140.dll
0x00007ff942f00000 - 0x00007ff942f9b000 	C:\WINDOWS\SYSTEM32\MSVCP140.dll
0x00007ff942ee0000 - 0x00007ff942ef5000 	C:\WINDOWS\SYSTEM32\VCRUNTIME140.dll
0x00007ff94f330000 - 0x00007ff94f346000 	C:\Program Files\Java\jdk1.8.0_171\jre\bin\vcruntime140.dll
0x00007ff925530000 - 0x00007ff9255cc000 	C:\Program Files\Java\jdk1.8.0_171\jre\bin\msvcp140.dll
0x00000000600f0000 - 0x0000000060113000 	C:\Program Files\Java\jdk1.8.0_171\jre\bin\prism_d3d.dll
0x00007ff906690000 - 0x00007ff906827000 	C:\WINDOWS\system32\d3d9.dll
0x00007ff951a60000 - 0x00007ff951a89000 	C:\WINDOWS\SYSTEM32\dwmapi.dll
0x00007ff951730000 - 0x00007ff9517c8000 	C:\WINDOWS\system32\uxtheme.dll
0x00007ff90f450000 - 0x00007ff90f692000 	C:\WINDOWS\System32\DriverStore\FileRepository\igdlh64.inf_amd64_8a9535cd18c90bc3\igdumdim64.dll
0x00007ff8de550000 - 0x00007ff8e1b22000 	C:\WINDOWS\System32\DriverStore\FileRepository\igdlh64.inf_amd64_8a9535cd18c90bc3\igd9dxva64.dll
0x00007ff9550a0000 - 0x00007ff9551f1000 	C:\WINDOWS\System32\ole32.dll
0x00007ff956e30000 - 0x00007ff956ef3000 	C:\WINDOWS\System32\OLEAUT32.dll
0x00000000600a0000 - 0x00000000600e9000 	C:\Program Files\Java\jdk1.8.0_171\jre\bin\glass.dll
0x00007ff9546c0000 - 0x00007ff9547ad000 	C:\WINDOWS\System32\COMDLG32.dll
0x00007ff9547b0000 - 0x00007ff954923000 	C:\WINDOWS\System32\MSCTF.dll
0x00007ff912be0000 - 0x00007ff912c04000 	C:\WINDOWS\System32\DriverStore\FileRepository\igdlh64.inf_amd64_8a9535cd18c90bc3\igdinfo64.dll
0x00007ff91ff10000 - 0x00007ff921e49000 	C:\WINDOWS\System32\DriverStore\FileRepository\igdlh64.inf_amd64_8a9535cd18c90bc3\igc64.dll
0x0000000060080000 - 0x0000000060094000 	C:\Program Files\Java\jdk1.8.0_171\jre\bin\javafx_font.dll
0x00007ff927100000 - 0x00007ff92741c000 	C:\WINDOWS\SYSTEM32\dwrite.dll
0x00007ff954af0000 - 0x00007ff954b90000 	C:\WINDOWS\System32\clbcatq.dll
0x00007ff94dfb0000 - 0x00007ff94e15e000 	C:\WINDOWS\SYSTEM32\WindowsCodecs.dll
0x00007ff94b230000 - 0x00007ff94b288000 	C:\WINDOWS\system32\dataexchange.dll
0x00007ff950580000 - 0x00007ff95088b000 	C:\WINDOWS\system32\d3d11.dll
0x00007ff950e60000 - 0x00007ff950ffc000 	C:\WINDOWS\system32\dcomp.dll
0x00007ff952090000 - 0x00007ff95214b000 	C:\WINDOWS\system32\dxgi.dll
0x00007ff951b70000 - 0x00007ff951d28000 	C:\WINDOWS\system32\twinapi.appcore.dll
0x00007ff951b40000 - 0x00007ff951b69000 	C:\WINDOWS\system32\RMCLIENT.dll
0x00007ff945fc0000 - 0x00007ff945ff4000 	C:\Program Files\Common Files\Microsoft Shared\Ink\rtscom.dll
0x00007ff94bac0000 - 0x00007ff94bb56000 	C:\WINDOWS\System32\TextInputFramework.dll
0x00007ff94d780000 - 0x00007ff94da9e000 	C:\WINDOWS\System32\CoreUIComponents.dll
0x00007ff951340000 - 0x00007ff95141a000 	C:\WINDOWS\System32\CoreMessaging.dll
0x00007ff94d350000 - 0x00007ff94d49d000 	C:\WINDOWS\SYSTEM32\wintypes.dll
0x0000000060060000 - 0x0000000060072000 	C:\Program Files\Java\jdk1.8.0_171\jre\bin\prism_common.dll
0x00007ff94f7d0000 - 0x00007ff94f984000 	C:\WINDOWS\system32\propsys.dll
0x00007ff944e20000 - 0x00007ff944ec5000 	C:\Program Files\Common Files\microsoft shared\ink\tiptsf.dll
0x00007ff94ec00000 - 0x00007ff94ec44000 	C:\WINDOWS\SYSTEM32\edputil.dll
0x00007ff91f200000 - 0x00007ff91f695000 	C:\WINDOWS\system32\explorerframe.dll
0x00007ff912200000 - 0x00007ff9123ab000 	C:\WINDOWS\system32\DUI70.dll
0x00007ff9453d0000 - 0x00007ff945463000 	C:\WINDOWS\system32\DUser.dll
0x00007ff94b290000 - 0x00007ff94b2ec000 	C:\Windows\System32\thumbcache.dll
0x00007ff943c30000 - 0x00007ff943db9000 	C:\Windows\System32\Windows.Globalization.dll
0x00007ff945f20000 - 0x00007ff945f70000 	C:\Windows\System32\Bcp47Langs.dll
0x00007ff945b30000 - 0x00007ff945b59000 	C:\Windows\System32\bcp47mrm.dll
0x00007ff92fde0000 - 0x00007ff92fe0a000 	C:\WINDOWS\SYSTEM32\globinputhost.dll
0x00007ff94ad50000 - 0x00007ff94adbb000 	C:\WINDOWS\system32\OLEACC.dll
0x00007ff925950000 - 0x00007ff925b50000 	C:\Windows\System32\uiautomationcore.dll

VM Arguments:
jvm_args: -Dfile.encoding=Cp1252 
java_command: jpadcommander.Main
java_class_path (initial): D:\JPAD\jpad\JPADCommander\bin;D:\JPAD\jpad\libraries\controlFX\controlsfx-8.40.11.jar;D:\JPAD\jpad\JPADCore_v2\bin;D:\JPAD\jpad\libraries\commons-lang\commons-lang3-3.7\commons-lang3-3.7.jar;D:\JPAD\jpad\libraries\commons-math\commons-math3-3.6.1.jar;D:\JPAD\jpad\libraries\eclipse\plugins\org.eclipse.core.commands_3.7.0.v20150422-0725.jar;D:\JPAD\jpad\libraries\args4j\args4j-2.0.21.jar;D:\JPAD\jpad\libraries\icu4j\icu4j-59_1.jar;D:\JPAD\jpad\libraries\jdom\jdom-2.0.5.jar;D:\JPAD\jpad\libraries\jlatexmath\jlatexmath-1.0.3.jar;D:\JPAD\jpad\libraries\jscience-4.3\jscience.jar;D:\JPAD\jpad\libraries\nebula\org.eclipse.nebula.visualization.widgets_1.0.0.201401291008.jar;D:\JPAD\jpad\libraries\nebula\org.eclipse.nebula.visualization.xygraph_1.0.0.201401291008.jar;D:\JPAD\jpad\libraries\occjava\Win64\occjava.jar;D:\JPAD\jpad\libraries\processing\v3.3.6\library\core.jar;D:\JPAD\jpad\libraries\unit-api\unit-api-0.6.1.jar;D:\JPAD\jpad\libraries\guava\guava-16.0.1.jar;D:\JPAD\jpad\libraries\trove\trove-3.1a1.jar;D:\JPAD\jpad\libraries\log4j\log4j-api-2.0.2.jar;D:\JPAD\jpad\libraries\log4j\log4j-core-2.0.2.jar;D:\JPAD\jpad\libraries\hdf\jarhdf5-2.10.1.jar;D:\JPAD\jpad\libraries\hdf\jarh5obj.jar;D:\JPAD\jpad\libraries\hdf\jarhdf-2.10.1.jar;D:\JPAD\jpad\libraries\hdf\jarh4obj.jar;D:\JPAD\jpad\libraries\hdf\jarhdfobj.jar;D:\JPAD\jpad\libraries\hdf\slf4j-api-1.7.5.jar;D:\JPAD\jpad\libraries\jxls\jxls-core-1.0.5.jar;D:\JPAD\jpad\libraries\jxls\jxls-reader-1.0.5.jar;D:\JPAD\jpad\libraries\commons-collections\commons-collections4-4.0.jar;D:\JPAD\jpad\libraries\commons-jexl\commons-jexl-2.1.1.jar;D:\JPAD\jpad\libraries\commons-logging\commons-logging-1.2.jar;D:\JPAD\jpad\libraries\poi\poi-3.10.1-20140818.jar;D:\JPAD\jpad\libraries\poi\poi-ooxml-3.10.1-20140818.jar;D:\JPAD\jpad\libraries\reflectUtils\reflectutils-0.9.16.jar;D:\JPAD\jpad\libraries\xstream\xstream-1.4.7.jar;D:\JPAD\jpad\libraries\jfreechart\jfreechart-1.5.0.jar;D:\JPAD\jpad\libraries\jfreecha
Launcher Type: SUN_STANDARD

Environment Variables:
JAVA_HOME=C:\Program Files\Java\jdk1.8.0_151
PATH=D:\JPAD\jpad\libraries\occjava\OCCJavaWrapper_OCCT_v7.3.0_vc14_Win64;D:\JPAD\jpad\libraries\occjava\OCCJavaWrapper_OCCT_v7.3.0_vc14_Win64\jre1.8.0_171\bin;D:\JPAD\jpad\libraries\hdf\
USERNAME=Utente
OS=Windows_NT
PROCESSOR_IDENTIFIER=Intel64 Family 6 Model 158 Stepping 9, GenuineIntel



---------------  S Y S T E M  ---------------

OS: Windows 10.0 , 64 bit Build 17134 (10.0.17134.556)

CPU:total 8 (initial active 8) (4 cores per cpu, 2 threads per core) family 6 model 158 stepping 9, cmov, cx8, fxsr, mmx, sse, sse2, sse3, ssse3, sse4.1, sse4.2, popcnt, avx, avx2, aes, clmul, erms, rtm, 3dnowpref, lzcnt, ht, tsc, tscinvbit, bmi1, bmi2, adx

Memory: 4k page, physical 33406048k(22748364k free), swap 38386784k(27219752k free)

vm_info: Java HotSpot(TM) 64-Bit Server VM (25.171-b11) for windows-amd64 JRE (1.8.0_171-b11), built on Mar 28 2018 16:06:12 by "java_re" with MS VC++ 10.0 (VS2010)

time: Fri Mar 01 13:11:19 2019
elapsed time: 366 seconds (0d 0h 6m 6s)

