#
# A fatal error has been detected by the Java Runtime Environment:
#
#  EXCEPTION_ACCESS_VIOLATION (0xc0000005) at pc=0x000000006723a0a5, pid=10940, tid=0x0000000000004374
#
# JRE version: Java(TM) SE Runtime Environment (8.0_101-b13) (build 1.8.0_101-b13)
# Java VM: Java HotSpot(TM) 64-Bit Server VM (25.101-b13 mixed mode windows-amd64 compressed oops)
# Problematic frame:
# V  [jvm.dll+0x12a0a5]
#
# Failed to write core dump. Minidumps are not enabled by default on client versions of Windows
#
# If you would like to submit a bug report, please visit:
#   http://bugreport.java.com/bugreport/crash.jsp
#

---------------  T H R E A D  ---------------

Current thread (0x0000000019e9f800):  JavaThread "JDWP Transport Listener: dt_socket" daemon [_thread_in_vm, id=17268, stack(0x000000001a9a0000,0x000000001aaa0000)]

siginfo: ExceptionCode=0xc0000005, reading address 0xffffffffffffffff

Registers:
RAX=0x000000001aa9f901, RBX=0x0000000019e9f800, RCX=0x3b726f746172656e, RDX=0x0000000000000000
RSP=0x000000001aa9f990, RBP=0x3b726f746172656e, RSI=0x000000001aa9faa8, RDI=0x0000000002dfc670
R8 =0x0000000019e9f800, R9 =0x0000000000000000, R10=0x0000000000000000, R11=0x0000000000000064
R12=0x0000000000000000, R13=0x0000000019e95138, R14=0x0000000000000000, R15=0x0000000000000000
RIP=0x000000006723a0a5, EFLAGS=0x0000000000010202

Top of Stack: (sp=0x000000001aa9f990)
0x000000001aa9f990:   0000000019e9f800 0000000019e9f800
0x000000001aa9f9a0:   000000001aa9fa58 0000000067442f0b
0x000000001aa9f9b0:   0000000019e9f800 000000006745f76d
0x000000001aa9f9c0:   0000000000000000 0000000066ed9155
0x000000001aa9f9d0:   0000000028af4720 0000000066ee291e
0x000000001aa9f9e0:   0000000019e9f800 0000000000000000
0x000000001aa9f9f0:   0000000000000000 0000000000000000
0x000000001aa9fa00:   3b726f746172656e 0000000066ee1a15
0x000000001aa9fa10:   000000001aa9faa8 000000001aa9fa80
0x000000001aa9fa20:   0000000000000001 0000000028af4720
0x000000001aa9fa30:   3b726f746172656e 0000000066ec53b3
0x000000001aa9fa40:   000000001aa9fb70 0000000000000001
0x000000001aa9fa50:   0000000000000001 0000000028af4720
0x000000001aa9fa60:   00000000f000100a 0000000000000000
0x000000001aa9fa70:   0000000000000000 0000000000000000
0x000000001aa9fa80:   0000000000000001 0000000066ec5571 

Instructions: (pc=0x000000006723a0a5)
0x000000006723a085:   cc cc cc cc cc cc cc cc cc cc cc 48 83 ec 28 48
0x000000006723a095:   85 c9 75 07 33 c0 48 83 c4 28 c3 48 89 5c 24 20
0x000000006723a0a5:   48 8b 19 48 85 db 74 20 48 83 fb 37 74 1a 48 8b
0x000000006723a0b5:   13 48 8b cb ff 52 10 84 c0 74 0d 48 8b c3 48 8b 


Register to memory mapping:

RAX=0x000000001aa9f901 is pointing into the stack for thread: 0x0000000019e9f800
RBX=0x0000000019e9f800 is a thread
RCX=0x3b726f746172656e is an unknown value
RDX=0x0000000000000000 is an unknown value
RSP=0x000000001aa9f990 is pointing into the stack for thread: 0x0000000019e9f800
RBP=0x3b726f746172656e is an unknown value
RSI=0x000000001aa9faa8 is pointing into the stack for thread: 0x0000000019e9f800
RDI=0x0000000002dfc670 is an unknown value
R8 =0x0000000019e9f800 is a thread
R9 =0x0000000000000000 is an unknown value
R10=0x0000000000000000 is an unknown value
R11=0x0000000000000064 is an unknown value
R12=0x0000000000000000 is an unknown value
R13=0x0000000019e95138 is an unknown value
R14=0x0000000000000000 is an unknown value
R15=0x0000000000000000 is an unknown value


Stack: [0x000000001a9a0000,0x000000001aaa0000],  sp=0x000000001aa9f990,  free space=1022k
Native frames: (J=compiled Java code, j=interpreted, Vv=VM code, C=native code)
V  [jvm.dll+0x12a0a5]
V  [jvm.dll+0x34f76d]
C  [jdwp.dll+0x21a15]
C  [jdwp.dll+0x53b3]
C  [jdwp.dll+0x5571]
C  [jdwp.dll+0xf0a8]
C  [jdwp.dll+0x1f2d5]
C  [jdwp.dll+0x1f4aa]
V  [jvm.dll+0x1bd258]
V  [jvm.dll+0x2451a4]
V  [jvm.dll+0x29c18a]
C  [msvcr100.dll+0x21d9f]
C  [msvcr100.dll+0x21e3b]
C  [KERNEL32.DLL+0x8364]
C  [ntdll.dll+0x65e91]


---------------  P R O C E S S  ---------------

Java Threads: ( => current thread )
  0x000000001ba0f800 JavaThread "Prism Font Disposer" daemon [_thread_blocked, id=7120, stack(0x0000000021120000,0x0000000021220000)]
  0x000000001b422000 JavaThread "JavaFX-Launcher" [_thread_blocked, id=14372, stack(0x000000001e070000,0x000000001e170000)]
  0x000000001b408800 JavaThread "Thread-2" daemon [_thread_in_native, id=9364, stack(0x000000001df70000,0x000000001e070000)]
  0x000000001b357000 JavaThread "JavaFX Application Thread" [_thread_in_native, id=5960, stack(0x000000001bdd0000,0x000000001bed0000)]
  0x000000001b356000 JavaThread "Thread-1" daemon [_thread_blocked, id=14340, stack(0x000000001bcd0000,0x000000001bdd0000)]
  0x000000001b309800 JavaThread "QuantumRenderer-0" daemon [_thread_blocked, id=8340, stack(0x000000001baa0000,0x000000001bba0000)]
  0x0000000019f61000 JavaThread "Service Thread" daemon [_thread_blocked, id=13612, stack(0x000000001b0a0000,0x000000001b1a0000)]
  0x0000000019f0f000 JavaThread "C1 CompilerThread3" daemon [_thread_blocked, id=17548, stack(0x000000001afa0000,0x000000001b0a0000)]
  0x0000000019ec4000 JavaThread "C2 CompilerThread2" daemon [_thread_blocked, id=17656, stack(0x000000001aea0000,0x000000001afa0000)]
  0x0000000019ebb000 JavaThread "C2 CompilerThread1" daemon [_thread_blocked, id=17628, stack(0x000000001ada0000,0x000000001aea0000)]
  0x0000000019eb5800 JavaThread "C2 CompilerThread0" daemon [_thread_blocked, id=8644, stack(0x000000001aca0000,0x000000001ada0000)]
  0x0000000019ea6800 JavaThread "JDWP Command Reader" daemon [_thread_in_native, id=17576, stack(0x000000001aba0000,0x000000001aca0000)]
  0x0000000019ea1800 JavaThread "JDWP Event Helper Thread" daemon [_thread_blocked, id=14732, stack(0x000000001aaa0000,0x000000001aba0000)]
=>0x0000000019e9f800 JavaThread "JDWP Transport Listener: dt_socket" daemon [_thread_in_vm, id=17268, stack(0x000000001a9a0000,0x000000001aaa0000)]
  0x0000000019e8c000 JavaThread "Attach Listener" daemon [_thread_blocked, id=12168, stack(0x000000001a560000,0x000000001a660000)]
  0x0000000017f7d800 JavaThread "Signal Dispatcher" daemon [_thread_blocked, id=5504, stack(0x000000001a460000,0x000000001a560000)]
  0x0000000019e80800 JavaThread "Finalizer" daemon [_thread_blocked, id=17080, stack(0x000000001a260000,0x000000001a360000)]
  0x0000000002ffa000 JavaThread "Reference Handler" daemon [_thread_blocked, id=16064, stack(0x0000000019d60000,0x0000000019e60000)]
  0x0000000002f04000 JavaThread "main" [_thread_blocked, id=14316, stack(0x0000000002e00000,0x0000000002f00000)]

Other Threads:
  0x0000000017f69000 VMThread [stack: 0x0000000019c60000,0x0000000019d60000] [id=7400]
  0x0000000019f64800 WatcherThread [stack: 0x000000001b1a0000,0x000000001b2a0000] [id=13344]

VM state:not at safepoint (normal execution)

VM Mutex/Monitor currently owned by a thread: None

Heap:
 PSYoungGen      total 121344K, used 78484K [0x00000000d5f80000, 0x00000000de580000, 0x0000000100000000)
  eden space 106496K, 72% used [0x00000000d5f80000,0x00000000dab08fa0,0x00000000dc780000)
  from space 14848K, 7% used [0x00000000dd600000,0x00000000dd71c0b0,0x00000000de480000)
  to   space 14848K, 0% used [0x00000000dc780000,0x00000000dc780000,0x00000000dd600000)
 ParOldGen       total 83968K, used 19126K [0x0000000081e00000, 0x0000000087000000, 0x00000000d5f80000)
  object space 83968K, 22% used [0x0000000081e00000,0x00000000830adbc0,0x0000000087000000)
 Metaspace       used 26583K, capacity 28020K, committed 28160K, reserved 1073152K
  class space    used 3426K, capacity 3728K, committed 3840K, reserved 1048576K

Card table byte_map: [0x00000000123c0000,0x00000000127c0000] byte_map_base: 0x0000000011fb1000

Marking Bits: (ParMarkBitMap*) 0x000000006792a6d0
 Begin Bits: [0x0000000013270000, 0x00000000151f8000)
 End Bits:   [0x00000000151f8000, 0x0000000017180000)

Polling page: 0x0000000001560000

CodeCache: size=245760Kb used=15758Kb max_used=15758Kb free=230001Kb
 bounds [0x0000000003000000, 0x0000000003f80000, 0x0000000012000000]
 total_blobs=5488 nmethods=4727 adapters=679
 compilation: enabled

Compilation events (10 events):
Event: 14.655 Thread 0x0000000019eb5800 4980       4       javafx.scene.layout.Region::impl_pickNodeLocal (74 bytes)
Event: 14.657 Thread 0x0000000019ebb000 4981       4       javafx.beans.property.ObjectPropertyBase::set (110 bytes)
Event: 14.659 Thread 0x0000000019ebb000 nmethod 4981 0x0000000003f391d0 code [0x0000000003f39320, 0x0000000003f39418]
Event: 14.676 Thread 0x0000000019eb5800 nmethod 4980 0x0000000003f5d090 code [0x0000000003f5d2c0, 0x0000000003f5e390]
Event: 15.060 Thread 0x0000000019f0f000 4982       3       javafx.stage.Window$TKBoundsConfigurator::pulse (5 bytes)
Event: 15.060 Thread 0x0000000019f0f000 nmethod 4982 0x0000000003f49ad0 code [0x0000000003f49c40, 0x0000000003f49e48]
Event: 15.060 Thread 0x0000000019f0f000 4983   !   3       javafx.scene.Scene$ScenePulseListener::pulse (397 bytes)
Event: 15.066 Thread 0x0000000019f0f000 nmethod 4983 0x0000000003f64c90 code [0x0000000003f652e0, 0x0000000003f696a8]
Event: 15.066 Thread 0x0000000019f0f000 4984       3       javafx.scene.Scene$ScenePulseListener::focusCleanup (93 bytes)
Event: 15.070 Thread 0x0000000019f0f000 nmethod 4984 0x0000000003f6bad0 code [0x0000000003f6bfa0, 0x0000000003f6f568]

GC Heap History (10 events):
Event: 12.711 GC heap before
{Heap before GC invocations=7 (full 1):
 PSYoungGen      total 38400K, used 36784K [0x00000000d5f80000, 0x00000000dab00000, 0x0000000100000000)
  eden space 33280K, 100% used [0x00000000d5f80000,0x00000000d8000000,0x00000000d8000000)
  from space 5120K, 68% used [0x00000000d8000000,0x00000000d836c1e8,0x00000000d8500000)
  to   space 16384K, 0% used [0x00000000d9b00000,0x00000000d9b00000,0x00000000dab00000)
 ParOldGen       total 83968K, used 16904K [0x0000000081e00000, 0x0000000087000000, 0x00000000d5f80000)
  object space 83968K, 20% used [0x0000000081e00000,0x0000000082e82278,0x0000000087000000)
 Metaspace       used 23732K, capacity 24896K, committed 24960K, reserved 1071104K
  class space    used 3203K, capacity 3440K, committed 3456K, reserved 1048576K
Event: 12.713 GC heap after
Heap after GC invocations=7 (full 1):
 PSYoungGen      total 61440K, used 2721K [0x00000000d5f80000, 0x00000000db000000, 0x0000000100000000)
  eden space 45056K, 0% used [0x00000000d5f80000,0x00000000d5f80000,0x00000000d8b80000)
  from space 16384K, 16% used [0x00000000d9b00000,0x00000000d9da87b8,0x00000000dab00000)
  to   space 15872K, 0% used [0x00000000d8b80000,0x00000000d8b80000,0x00000000d9b00000)
 ParOldGen       total 83968K, used 16912K [0x0000000081e00000, 0x0000000087000000, 0x00000000d5f80000)
  object space 83968K, 20% used [0x0000000081e00000,0x0000000082e84278,0x0000000087000000)
 Metaspace       used 23732K, capacity 24896K, committed 24960K, reserved 1071104K
  class space    used 3203K, capacity 3440K, committed 3456K, reserved 1048576K
}
Event: 12.803 GC heap before
{Heap before GC invocations=8 (full 1):
 PSYoungGen      total 61440K, used 47777K [0x00000000d5f80000, 0x00000000db000000, 0x0000000100000000)
  eden space 45056K, 100% used [0x00000000d5f80000,0x00000000d8b80000,0x00000000d8b80000)
  from space 16384K, 16% used [0x00000000d9b00000,0x00000000d9da87b8,0x00000000dab00000)
  to   space 15872K, 0% used [0x00000000d8b80000,0x00000000d8b80000,0x00000000d9b00000)
 ParOldGen       total 83968K, used 16912K [0x0000000081e00000, 0x0000000087000000, 0x00000000d5f80000)
  object space 83968K, 20% used [0x0000000081e00000,0x0000000082e84278,0x0000000087000000)
 Metaspace       used 24018K, capacity 25184K, committed 25344K, reserved 1071104K
  class space    used 3214K, capacity 3472K, committed 3584K, reserved 1048576K
Event: 12.806 GC heap after
Heap after GC invocations=8 (full 1):
 PSYoungGen      total 60928K, used 2768K [0x00000000d5f80000, 0x00000000dc700000, 0x0000000100000000)
  eden space 45056K, 0% used [0x00000000d5f80000,0x00000000d5f80000,0x00000000d8b80000)
  from space 15872K, 17% used [0x00000000d8b80000,0x00000000d8e34020,0x00000000d9b00000)
  to   space 15872K, 0% used [0x00000000db780000,0x00000000db780000,0x00000000dc700000)
 ParOldGen       total 83968K, used 16920K [0x0000000081e00000, 0x0000000087000000, 0x00000000d5f80000)
  object space 83968K, 20% used [0x0000000081e00000,0x0000000082e86278,0x0000000087000000)
 Metaspace       used 24018K, capacity 25184K, committed 25344K, reserved 1071104K
  class space    used 3214K, capacity 3472K, committed 3584K, reserved 1048576K
}
Event: 12.919 GC heap before
{Heap before GC invocations=9 (full 1):
 PSYoungGen      total 60928K, used 47824K [0x00000000d5f80000, 0x00000000dc700000, 0x0000000100000000)
  eden space 45056K, 100% used [0x00000000d5f80000,0x00000000d8b80000,0x00000000d8b80000)
  from space 15872K, 17% used [0x00000000d8b80000,0x00000000d8e34020,0x00000000d9b00000)
  to   space 15872K, 0% used [0x00000000db780000,0x00000000db780000,0x00000000dc700000)
 ParOldGen       total 83968K, used 16920K [0x0000000081e00000, 0x0000000087000000, 0x00000000d5f80000)
  object space 83968K, 20% used [0x0000000081e00000,0x0000000082e86278,0x0000000087000000)
 Metaspace       used 24703K, capacity 25918K, committed 26112K, reserved 1071104K
  class space    used 3279K, capacity 3543K, committed 3584K, reserved 1048576K
Event: 12.923 GC heap after
Heap after GC invocations=9 (full 1):
 PSYoungGen      total 90624K, used 3494K [0x00000000d5f80000, 0x00000000dc900000, 0x0000000100000000)
  eden space 74752K, 0% used [0x00000000d5f80000,0x00000000d5f80000,0x00000000da880000)
  from space 15872K, 22% used [0x00000000db780000,0x00000000dbae99e8,0x00000000dc700000)
  to   space 15360K, 0% used [0x00000000da880000,0x00000000da880000,0x00000000db780000)
 ParOldGen       total 83968K, used 16928K [0x0000000081e00000, 0x0000000087000000, 0x00000000d5f80000)
  object space 83968K, 20% used [0x0000000081e00000,0x0000000082e88278,0x0000000087000000)
 Metaspace       used 24703K, capacity 25918K, committed 26112K, reserved 1071104K
  class space    used 3279K, capacity 3543K, committed 3584K, reserved 1048576K
}
Event: 13.118 GC heap before
{Heap before GC invocations=10 (full 1):
 PSYoungGen      total 90624K, used 78246K [0x00000000d5f80000, 0x00000000dc900000, 0x0000000100000000)
  eden space 74752K, 100% used [0x00000000d5f80000,0x00000000da880000,0x00000000da880000)
  from space 15872K, 22% used [0x00000000db780000,0x00000000dbae99e8,0x00000000dc700000)
  to   space 15360K, 0% used [0x00000000da880000,0x00000000da880000,0x00000000db780000)
 ParOldGen       total 83968K, used 16928K [0x0000000081e00000, 0x0000000087000000, 0x00000000d5f80000)
  object space 83968K, 20% used [0x0000000081e00000,0x0000000082e88278,0x0000000087000000)
 Metaspace       used 25549K, capacity 26946K, committed 27008K, reserved 1073152K
  class space    used 3370K, capacity 3675K, committed 3712K, reserved 1048576K
Event: 13.121 GC heap after
Heap after GC invocations=10 (full 1):
 PSYoungGen      total 90112K, used 3232K [0x00000000d5f80000, 0x00000000de480000, 0x0000000100000000)
  eden space 74752K, 0% used [0x00000000d5f80000,0x00000000d5f80000,0x00000000da880000)
  from space 15360K, 21% used [0x00000000da880000,0x00000000daba8070,0x00000000db780000)
  to   space 14848K, 0% used [0x00000000dd600000,0x00000000dd600000,0x00000000de480000)
 ParOldGen       total 83968K, used 16936K [0x0000000081e00000, 0x0000000087000000, 0x00000000d5f80000)
  object space 83968K, 20% used [0x0000000081e00000,0x0000000082e8a278,0x0000000087000000)
 Metaspace       used 25549K, capacity 26946K, committed 27008K, reserved 1073152K
  class space    used 3370K, capacity 3675K, committed 3712K, reserved 1048576K
}
Event: 13.209 GC heap before
{Heap before GC invocations=11 (full 1):
 PSYoungGen      total 90112K, used 77984K [0x00000000d5f80000, 0x00000000de480000, 0x0000000100000000)
  eden space 74752K, 100% used [0x00000000d5f80000,0x00000000da880000,0x00000000da880000)
  from space 15360K, 21% used [0x00000000da880000,0x00000000daba8070,0x00000000db780000)
  to   space 14848K, 0% used [0x00000000dd600000,0x00000000dd600000,0x00000000de480000)
 ParOldGen       total 83968K, used 16936K [0x0000000081e00000, 0x0000000087000000, 0x00000000d5f80000)
  object space 83968K, 20% used [0x0000000081e00000,0x0000000082e8a278,0x0000000087000000)
 Metaspace       used 25894K, capacity 27266K, committed 27520K, reserved 1073152K
  class space    used 3391K, capacity 3675K, committed 3712K, reserved 1048576K
Event: 13.212 GC heap after
Heap after GC invocations=11 (full 1):
 PSYoungGen      total 121344K, used 1136K [0x00000000d5f80000, 0x00000000de580000, 0x0000000100000000)
  eden space 106496K, 0% used [0x00000000d5f80000,0x00000000d5f80000,0x00000000dc780000)
  from space 14848K, 7% used [0x00000000dd600000,0x00000000dd71c0b0,0x00000000de480000)
  to   space 14848K, 0% used [0x00000000dc780000,0x00000000dc780000,0x00000000dd600000)
 ParOldGen       total 83968K, used 19126K [0x0000000081e00000, 0x0000000087000000, 0x00000000d5f80000)
  object space 83968K, 22% used [0x0000000081e00000,0x00000000830adbc0,0x0000000087000000)
 Metaspace       used 25894K, capacity 27266K, committed 27520K, reserved 1073152K
  class space    used 3391K, capacity 3675K, committed 3712K, reserved 1048576K
}

Deoptimization events (10 events):
Event: 12.861 Thread 0x000000001b357000 Uncommon trap: reason=bimorphic action=maybe_recompile pc=0x0000000003c4bf18 method=com.sun.org.apache.xml.internal.dtm.ref.dom2dtm.DOM2DTM.addNode(Lorg/w3c/dom/Node;III)I @ 130
Event: 12.907 Thread 0x000000001b357000 Uncommon trap: reason=class_check action=maybe_recompile pc=0x0000000003c7ed4c method=com.sun.org.apache.xerces.internal.dom.NamedNodeMapImpl.item(I)Lorg/w3c/dom/Node; @ 33
Event: 12.907 Thread 0x000000001b357000 Uncommon trap: reason=class_check action=maybe_recompile pc=0x0000000003c7ed4c method=com.sun.org.apache.xerces.internal.dom.NamedNodeMapImpl.item(I)Lorg/w3c/dom/Node; @ 33
Event: 12.907 Thread 0x000000001b357000 Uncommon trap: reason=class_check action=maybe_recompile pc=0x0000000003c7ed4c method=com.sun.org.apache.xerces.internal.dom.NamedNodeMapImpl.item(I)Lorg/w3c/dom/Node; @ 33
Event: 12.908 Thread 0x000000001b357000 Uncommon trap: reason=class_check action=maybe_recompile pc=0x0000000003c7ed4c method=com.sun.org.apache.xerces.internal.dom.NamedNodeMapImpl.item(I)Lorg/w3c/dom/Node; @ 33
Event: 12.967 Thread 0x000000001b357000 Uncommon trap: reason=unstable_if action=reinterpret pc=0x000000000330c7c0 method=sun.net.www.ParseUtil.encodePath(Ljava/lang/String;Z)Ljava/lang/String; @ 81
Event: 12.967 Thread 0x000000001b357000 Uncommon trap: reason=unstable_if action=reinterpret pc=0x00000000032373f4 method=sun.nio.cs.UTF_8$Encoder.encode([CII[B)I @ 33
Event: 13.256 Thread 0x000000001b357000 Uncommon trap: reason=unstable_if action=reinterpret pc=0x0000000003d9d374 method=org.jscience.physics.amount.Amount.to(Ljavax/measure/unit/Unit;)Lorg/jscience/physics/amount/Amount; @ 34
Event: 13.329 Thread 0x000000001b357000 Uncommon trap: reason=null_check action=make_not_entrant pc=0x0000000003dcf294 method=com.sun.javafx.css.SimpleSelector.applies(Ljavafx/css/Styleable;)Z @ 77
Event: 13.569 Thread 0x000000001b309800 Uncommon trap: reason=range_check action=make_not_entrant pc=0x0000000003268f3c method=java.util.ArrayList.elementData(I)Ljava/lang/Object; @ 5

Internal exceptions (10 events):
Event: 11.930 Thread 0x000000001b357000 Implicit null exception at 0x000000000322b8d9 to 0x000000000322bd0d
Event: 11.960 Thread 0x000000001b357000 Exception <a 'java/lang/NoClassDefFoundError': org/slf4j/impl/StaticLoggerBinder> (0x00000000d618b7a8) thrown at [C:\re\workspace\8-2-build-windows-amd64-cygwin\jdk8u101\7261\hotspot\src\share\vm\classfile\systemDictionary.cpp, line 199]
Event: 13.329 Thread 0x000000001b357000 Implicit null exception at 0x0000000003dce603 to 0x0000000003dcf289
Event: 13.569 Thread 0x000000001b309800 Exception <a 'java/lang/ArrayIndexOutOfBoundsException': -1> (0x00000000da7cbad0) thrown at [C:\re\workspace\8-2-build-windows-amd64-cygwin\jdk8u101\7261\hotspot\src\share\vm\interpreter\interpreterRuntime.cpp, line 366]
Event: 13.569 Thread 0x000000001b309800 Exception <a 'java/lang/ArrayIndexOutOfBoundsException'> (0x00000000da7cc2c0) thrown at [C:\re\workspace\8-2-build-windows-amd64-cygwin\jdk8u101\7261\hotspot\src\share\vm\runtime\sharedRuntime.cpp, line 605]
Event: 13.569 Thread 0x000000001b309800 Exception <a 'java/lang/ArrayIndexOutOfBoundsException'> (0x00000000da7ccba0) thrown at [C:\re\workspace\8-2-build-windows-amd64-cygwin\jdk8u101\7261\hotspot\src\share\vm\runtime\sharedRuntime.cpp, line 605]
Event: 13.569 Thread 0x000000001b309800 Exception <a 'java/lang/ArrayIndexOutOfBoundsException'> (0x00000000da7cd480) thrown at [C:\re\workspace\8-2-build-windows-amd64-cygwin\jdk8u101\7261\hotspot\src\share\vm\runtime\sharedRuntime.cpp, line 605]
Event: 13.569 Thread 0x000000001b309800 Exception <a 'java/lang/ArrayIndexOutOfBoundsException'> (0x00000000da7cdc70) thrown at [C:\re\workspace\8-2-build-windows-amd64-cygwin\jdk8u101\7261\hotspot\src\share\vm\runtime\sharedRuntime.cpp, line 605]
Event: 13.570 Thread 0x000000001b309800 Exception <a 'java/lang/ArrayIndexOutOfBoundsException'> (0x00000000da7ce860) thrown at [C:\re\workspace\8-2-build-windows-amd64-cygwin\jdk8u101\7261\hotspot\src\share\vm\runtime\sharedRuntime.cpp, line 605]
Event: 13.570 Thread 0x000000001b309800 Exception <a 'java/lang/ArrayIndexOutOfBoundsException'> (0x00000000da7cf050) thrown at [C:\re\workspace\8-2-build-windows-amd64-cygwin\jdk8u101\7261\hotspot\src\share\vm\runtime\sharedRuntime.cpp, line 605]

Events (10 events):
Event: 13.570 Thread 0x000000001b309800 DEOPT PACKING pc=0x0000000003262085 sp=0x000000001bb97ae0
Event: 13.570 Thread 0x000000001b309800 DEOPT UNPACKING pc=0x000000000304787f sp=0x000000001bb97810 mode 1
Event: 13.570 Thread 0x000000001b309800 DEOPT PACKING pc=0x0000000003a24a5c sp=0x000000001bb97ba0
Event: 13.570 Thread 0x000000001b309800 DEOPT UNPACKING pc=0x000000000304787f sp=0x000000001bb97a10 mode 1
Event: 13.570 Thread 0x000000001b309800 DEOPT PACKING pc=0x0000000003262085 sp=0x000000001bb97f70
Event: 13.570 Thread 0x000000001b309800 DEOPT UNPACKING pc=0x000000000304787f sp=0x000000001bb97ca0 mode 1
Event: 13.570 Thread 0x000000001b309800 DEOPT PACKING pc=0x0000000003a24a5c sp=0x000000001bb98030
Event: 13.570 Thread 0x000000001b309800 DEOPT UNPACKING pc=0x000000000304787f sp=0x000000001bb97ea0 mode 1
Event: 34.302 Executing VM operation: RedefineClasses
Event: 34.348 Executing VM operation: RedefineClasses done


Dynamic libraries:
0x00007ff7350f0000 - 0x00007ff735127000 	C:\Program Files\Java\jre1.8.0_101\bin\javaw.exe
0x00007ffb598d0000 - 0x00007ffb59aa1000 	C:\WINDOWS\SYSTEM32\ntdll.dll
0x00007ffb58730000 - 0x00007ffb587db000 	C:\WINDOWS\System32\KERNEL32.DLL
0x00007ffb561f0000 - 0x00007ffb5640d000 	C:\WINDOWS\System32\KERNELBASE.dll
0x00007ffb593c0000 - 0x00007ffb59462000 	C:\WINDOWS\System32\ADVAPI32.dll
0x00007ffb58840000 - 0x00007ffb588de000 	C:\WINDOWS\System32\msvcrt.dll
0x00007ffb587e0000 - 0x00007ffb58839000 	C:\WINDOWS\System32\sechost.dll
0x00007ffb58960000 - 0x00007ffb58a81000 	C:\WINDOWS\System32\RPCRT4.dll
0x00007ffb59640000 - 0x00007ffb597a5000 	C:\WINDOWS\System32\USER32.dll
0x00007ffb56dc0000 - 0x00007ffb56dde000 	C:\WINDOWS\System32\win32u.dll
0x00007ffb58650000 - 0x00007ffb58684000 	C:\WINDOWS\System32\GDI32.dll
0x00007ffb55e90000 - 0x00007ffb56012000 	C:\WINDOWS\System32\gdi32full.dll
0x00007ffb46f00000 - 0x00007ffb47179000 	C:\WINDOWS\WinSxS\amd64_microsoft.windows.common-controls_6595b64144ccf1df_6.0.14393.0_none_2d0f50fcbdb171b8\COMCTL32.dll
0x00007ffb590e0000 - 0x00007ffb593a7000 	C:\WINDOWS\System32\combase.dll
0x00007ffb565e0000 - 0x00007ffb566d5000 	C:\WINDOWS\System32\ucrtbase.dll
0x00007ffb56410000 - 0x00007ffb5647a000 	C:\WINDOWS\System32\bcryptPrimitives.dll
0x00007ffb58690000 - 0x00007ffb586be000 	C:\WINDOWS\System32\IMM32.DLL
0x0000000066f80000 - 0x0000000067052000 	C:\Program Files\Java\jre1.8.0_101\bin\msvcr100.dll
0x0000000067110000 - 0x00000000679aa000 	C:\Program Files\Java\jre1.8.0_101\bin\server\jvm.dll
0x00007ffb593b0000 - 0x00007ffb593b8000 	C:\WINDOWS\System32\PSAPI.DLL
0x00007ffb541a0000 - 0x00007ffb541c3000 	C:\WINDOWS\SYSTEM32\WINMM.dll
0x00007ffb4b970000 - 0x00007ffb4b97a000 	C:\WINDOWS\SYSTEM32\VERSION.dll
0x00007ffb48d70000 - 0x00007ffb48d79000 	C:\WINDOWS\SYSTEM32\WSOCK32.dll
0x00007ffb54170000 - 0x00007ffb5419b000 	C:\WINDOWS\SYSTEM32\WINMMBASE.dll
0x00007ffb59470000 - 0x00007ffb594da000 	C:\WINDOWS\System32\WS2_32.dll
0x00007ffb55e40000 - 0x00007ffb55e82000 	C:\WINDOWS\System32\cfgmgr32.dll
0x0000000067e00000 - 0x0000000067e0f000 	C:\Program Files\Java\jre1.8.0_101\bin\verify.dll
0x00000000670e0000 - 0x0000000067109000 	C:\Program Files\Java\jre1.8.0_101\bin\java.dll
0x0000000066ec0000 - 0x0000000066ef5000 	C:\Program Files\Java\jre1.8.0_101\bin\jdwp.dll
0x0000000066eb0000 - 0x0000000066eb8000 	C:\Program Files\Java\jre1.8.0_101\bin\npt.dll
0x0000000067de0000 - 0x0000000067df6000 	C:\Program Files\Java\jre1.8.0_101\bin\zip.dll
0x00007ffb57140000 - 0x00007ffb58648000 	C:\WINDOWS\System32\SHELL32.dll
0x00007ffb566e0000 - 0x00007ffb56dba000 	C:\WINDOWS\System32\windows.storage.dll
0x00007ffb55d30000 - 0x00007ffb55d7c000 	C:\WINDOWS\System32\powrprof.dll
0x00007ffb570e0000 - 0x00007ffb57132000 	C:\WINDOWS\System32\shlwapi.dll
0x00007ffb55d90000 - 0x00007ffb55d9f000 	C:\WINDOWS\System32\kernel.appcore.dll
0x00007ffb56480000 - 0x00007ffb56529000 	C:\WINDOWS\System32\shcore.dll
0x00007ffb55d10000 - 0x00007ffb55d24000 	C:\WINDOWS\System32\profapi.dll
0x0000000066ea0000 - 0x0000000066ea9000 	C:\Program Files\Java\jre1.8.0_101\bin\dt_socket.dll
0x00007ffb48d50000 - 0x00007ffb48d66000 	C:\WINDOWS\system32\napinsp.dll
0x00007ffb48d30000 - 0x00007ffb48d4a000 	C:\WINDOWS\system32\pnrpnsp.dll
0x00007ffb53fb0000 - 0x00007ffb53fc8000 	C:\WINDOWS\system32\NLAapi.dll
0x00007ffb55380000 - 0x00007ffb553dc000 	C:\WINDOWS\System32\mswsock.dll
0x00007ffb55180000 - 0x00007ffb55220000 	C:\WINDOWS\SYSTEM32\DNSAPI.dll
0x00007ffb59630000 - 0x00007ffb59638000 	C:\WINDOWS\System32\NSI.dll
0x00007ffb55130000 - 0x00007ffb55168000 	C:\WINDOWS\SYSTEM32\IPHLPAPI.DLL
0x00007ffb48990000 - 0x00007ffb4899e000 	C:\WINDOWS\System32\winrnr.dll
0x00007ffb48940000 - 0x00007ffb48955000 	C:\WINDOWS\System32\wshbth.dll
0x00007ffb4e0d0000 - 0x00007ffb4e13a000 	C:\WINDOWS\System32\fwpuclnt.dll
0x00007ffb55c50000 - 0x00007ffb55c7b000 	C:\WINDOWS\SYSTEM32\bcrypt.dll
0x00007ffb49410000 - 0x00007ffb4941a000 	C:\Windows\System32\rasadhlp.dll
0x00007ffb37230000 - 0x00007ffb3731f000 	C:\Program Files\Java\jre1.8.0_101\bin\msvcr120.dll
0x00007ffb39c10000 - 0x00007ffb39cb6000 	C:\Program Files\Java\jre1.8.0_101\bin\msvcp120.dll
0x0000000066f50000 - 0x0000000066f72000 	C:\Program Files\Java\jre1.8.0_101\bin\prism_d3d.dll
0x00007ffb30460000 - 0x00007ffb305ed000 	C:\WINDOWS\system32\d3d9.dll
0x00007ffb53a80000 - 0x00007ffb53aa6000 	C:\WINDOWS\SYSTEM32\dwmapi.dll
0x00007ffb54520000 - 0x00007ffb545b5000 	C:\WINDOWS\system32\uxtheme.dll
0x00007ffb2b9f0000 - 0x00007ffb2c45e000 	C:\WINDOWS\SYSTEM32\igdumdim64.dll
0x00007ffb4ca00000 - 0x00007ffb4ce64000 	C:\WINDOWS\SYSTEM32\igdusc64.dll
0x0000000066f00000 - 0x0000000066f43000 	C:\Program Files\Java\jre1.8.0_101\bin\glass.dll
0x00007ffb597d0000 - 0x00007ffb598ca000 	C:\WINDOWS\System32\COMDLG32.dll
0x00007ffb594e0000 - 0x00007ffb59617000 	C:\WINDOWS\System32\ole32.dll
0x00007ffb58bf0000 - 0x00007ffb58caf000 	C:\WINDOWS\System32\OLEAUT32.dll
0x00007ffb55da0000 - 0x00007ffb55e3c000 	C:\WINDOWS\System32\msvcp_win.dll
0x00007ffb58a90000 - 0x00007ffb58beb000 	C:\WINDOWS\System32\MSCTF.dll
0x0000000065d80000 - 0x0000000065d94000 	C:\Program Files\Java\jre1.8.0_101\bin\javafx_font.dll
0x00007ffb3eeb0000 - 0x00007ffb3f119000 	C:\WINDOWS\SYSTEM32\dwrite.dll
0x00007ffb57040000 - 0x00007ffb570df000 	C:\WINDOWS\System32\clbcatq.dll
0x00007ffb52750000 - 0x00007ffb528f8000 	C:\WINDOWS\SYSTEM32\WindowsCodecs.dll
0x00007ffb51600000 - 0x00007ffb51649000 	C:\WINDOWS\system32\dataexchange.dll
0x00007ffb532d0000 - 0x00007ffb53586000 	C:\WINDOWS\system32\d3d11.dll
0x00007ffb53b90000 - 0x00007ffb53ce1000 	C:\WINDOWS\system32\dcomp.dll
0x00007ffb54ca0000 - 0x00007ffb54d3f000 	C:\WINDOWS\system32\dxgi.dll
0x00007ffb546f0000 - 0x00007ffb5480c000 	C:\WINDOWS\system32\twinapi.appcore.dll
0x00007ffb52530000 - 0x00007ffb52562000 	C:\Program Files\Common Files\Microsoft Shared\Ink\rtscom.dll
0x0000000065d60000 - 0x0000000065d71000 	C:\Program Files\Java\jre1.8.0_101\bin\prism_common.dll
0x00007ffb52d20000 - 0x00007ffb52ea5000 	C:\WINDOWS\system32\propsys.dll
0x00007ffb3ea40000 - 0x00007ffb3ead8000 	C:\Program Files\Common Files\microsoft shared\ink\tiptsf.dll
0x00007ffb44ca0000 - 0x00007ffb44ce2000 	C:\WINDOWS\SYSTEM32\edputil.dll
0x00007ffb4b0f0000 - 0x00007ffb4b574000 	C:\WINDOWS\system32\explorerframe.dll
0x00007ffb3f120000 - 0x00007ffb3f2c8000 	C:\WINDOWS\system32\DUI70.dll
0x00007ffb51890000 - 0x00007ffb51924000 	C:\WINDOWS\system32\DUser.dll
0x00007ffb4af40000 - 0x00007ffb4af93000 	C:\Windows\System32\thumbcache.dll
0x00007ffb538d0000 - 0x00007ffb53913000 	C:\WINDOWS\SYSTEM32\policymanager.dll
0x00007ffb54810000 - 0x00007ffb548a1000 	C:\WINDOWS\SYSTEM32\msvcp110_win.dll
0x00007ffb3c140000 - 0x00007ffb3c2ca000 	C:\Windows\System32\Windows.Globalization.dll
0x00007ffb52280000 - 0x00007ffb522e7000 	C:\Windows\System32\Bcp47Langs.dll
0x00007ffb37d50000 - 0x00007ffb37d7e000 	C:\WINDOWS\SYSTEM32\globinputhost.dll
0x00007ffb49990000 - 0x00007ffb499f5000 	C:\WINDOWS\system32\OLEACC.dll
0x00007ffb22100000 - 0x00007ffb222ab000 	C:\Windows\System32\uiautomationcore.dll
0x00007ffb55660000 - 0x00007ffb5567f000 	C:\Windows\System32\USERENV.dll
0x00007ffb55b40000 - 0x00007ffb55bd8000 	C:\WINDOWS\SYSTEM32\sxs.dll
0x00007ffb44b60000 - 0x00007ffb44b69000 	C:\WINDOWS\SYSTEM32\atlthunk.dll
0x00007ffb365f0000 - 0x00007ffb36690000 	C:\WINDOWS\System32\StructuredQuery.dll
0x00007ffb36300000 - 0x00007ffb363ca000 	C:\WINDOWS\system32\Windows.Storage.Search.dll
0x00007ffb586c0000 - 0x00007ffb5872e000 	C:\WINDOWS\System32\coml2.dll
0x00007ffb4c250000 - 0x00007ffb4c5b5000 	C:\Windows\System32\ActXPrxy.dll
0x00007ffb51930000 - 0x00007ffb51940000 	C:\WINDOWS\SYSTEM32\LINKINFO.dll
0x00007ffb49610000 - 0x00007ffb4961c000 	C:\WINDOWS\SYSTEM32\Secur32.dll
0x00007ffb55970000 - 0x00007ffb5599c000 	C:\WINDOWS\SYSTEM32\SSPICLI.DLL
0x00007ffb49480000 - 0x00007ffb4949b000 	C:\WINDOWS\SYSTEM32\MPR.dll
0x00007ffb51820000 - 0x00007ffb5182b000 	C:\WINDOWS\System32\drprov.dll
0x00007ffb55be0000 - 0x00007ffb55c36000 	C:\WINDOWS\System32\WINSTA.dll
0x00007ffb53850000 - 0x00007ffb538cd000 	C:\Windows\System32\twinapi.dll
0x00007ffb51870000 - 0x00007ffb51886000 	C:\WINDOWS\System32\ntlanman.dll
0x00007ffb51800000 - 0x00007ffb51820000 	C:\WINDOWS\System32\davclnt.dll
0x00007ffb517f0000 - 0x00007ffb517fc000 	C:\WINDOWS\System32\DAVHLPR.dll
0x00007ffb53920000 - 0x00007ffb53936000 	C:\WINDOWS\System32\wkscli.dll
0x00007ffb47500000 - 0x00007ffb47512000 	C:\WINDOWS\SYSTEM32\cscapi.dll
0x00007ffb55170000 - 0x00007ffb5517d000 	C:\WINDOWS\System32\netutils.dll
0x00007ffb542c0000 - 0x00007ffb5433a000 	C:\WINDOWS\SYSTEM32\apphelp.dll
0x00007ffb357d0000 - 0x00007ffb359cf000 	C:\WINDOWS\system32\wpdshext.dll
0x00007ffb45be0000 - 0x00007ffb45d79000 	C:\WINDOWS\WinSxS\amd64_microsoft.windows.gdiplus_6595b64144ccf1df_1.1.14393.187_none_730402f52114ff50\gdiplus.dll
0x00007ffb36e30000 - 0x00007ffb36e62000 	C:\Windows\System32\PortableDeviceTypes.dll
0x00007ffb4f2b0000 - 0x00007ffb4f382000 	C:\WINDOWS\SYSTEM32\ntshrui.dll
0x00007ffb46140000 - 0x00007ffb46166000 	C:\WINDOWS\SYSTEM32\srvcli.dll
0x00007ffb49c90000 - 0x00007ffb49cdd000 	C:\Windows\System32\dlnashext.dll
0x00007ffb4a290000 - 0x00007ffb4a300000 	C:\Windows\System32\PlayToDevice.dll
0x00007ffb4ee70000 - 0x00007ffb4ee8e000 	C:\Windows\System32\DevDispItemProvider.dll
0x00007ffb52920000 - 0x00007ffb52991000 	C:\WINDOWS\System32\MMDevApi.dll
0x00007ffb54950000 - 0x00007ffb54978000 	C:\WINDOWS\System32\DEVOBJ.dll
0x00007ffb503c0000 - 0x00007ffb5045e000 	C:\Windows\System32\PortableDeviceApi.dll
0x00007ffb58cb0000 - 0x00007ffb590d9000 	C:\WINDOWS\System32\SETUPAPI.dll
0x00007ffb56de0000 - 0x00007ffb56e35000 	C:\WINDOWS\System32\WINTRUST.dll
0x00007ffb55d80000 - 0x00007ffb55d90000 	C:\WINDOWS\System32\MSASN1.dll
0x00007ffb56020000 - 0x00007ffb561e8000 	C:\WINDOWS\System32\CRYPT32.dll
0x00007ffb49bc0000 - 0x00007ffb49bf6000 	C:\Windows\System32\EhStorShell.dll
0x00007ffb4ee00000 - 0x00007ffb4ee25000 	C:\Windows\System32\EhStorAPI.dll

VM Arguments:
jvm_args: -agentlib:jdwp=transport=dt_socket,suspend=y,address=localhost:53126 -Dfile.encoding=Cp1252 
java_command: jpadcommander.Main
java_class_path (initial): C:\Users\Vittorio\ADOPT_PROJECT\jpad\JPADCommander\bin;C:\Users\Vittorio\ADOPT_PROJECT\jpad\libraries\controlFX\controlsfx-8.40.11.jar;C:\Users\Vittorio\ADOPT_PROJECT\jpad\JPADCore_v2\bin;C:\Users\Vittorio\ADOPT_PROJECT\jpad\libraries\commons-lang\commons-lang3-3.3.2.jar;C:\Users\Vittorio\ADOPT_PROJECT\jpad\libraries\commons-math\commons-math3-3.5.jar;C:\Users\Vittorio\ADOPT_PROJECT\jpad\libraries\eclipse\plugins\org.eclipse.core.commands_3.7.0.v20150422-0725.jar;C:\Users\Vittorio\ADOPT_PROJECT\jpad\libraries\args4j\args4j-2.0.21.jar;C:\Users\Vittorio\ADOPT_PROJECT\jpad\libraries\eclipse\plugins\icu4j-57_1.jar;C:\Users\Vittorio\ADOPT_PROJECT\jpad\libraries\jahuwaldt\jahuwaldt.aero.jar;C:\Users\Vittorio\ADOPT_PROJECT\jpad\libraries\jahuwaldt\jahuwaldt.tools.math.jar;C:\Users\Vittorio\ADOPT_PROJECT\jpad\libraries\jdom\jdom-2.0.5.jar;C:\Users\Vittorio\ADOPT_PROJECT\jpad\libraries\jlatexmath\jlatexmath-1.0.3.jar;C:\Users\Vittorio\ADOPT_PROJECT\jpad\libraries\jscience-4.3\jscience.jar;C:\Users\Vittorio\ADOPT_PROJECT\jpad\libraries\nebula\org.eclipse.nebula.visualization.widgets_1.0.0.201401291008.jar;C:\Users\Vittorio\ADOPT_PROJECT\jpad\libraries\nebula\org.eclipse.nebula.visualization.xygraph_1.0.0.201401291008.jar;C:\Users\Vittorio\ADOPT_PROJECT\jpad\libraries\occjava\Win64\occjava.jar;C:\Users\Vittorio\ADOPT_PROJECT\jpad\libraries\processing\library\core.jar;C:\Users\Vittorio\ADOPT_PROJECT\jpad\libraries\processing\library\gluegen-rt.jar;C:\Users\Vittorio\ADOPT_PROJECT\jpad\libraries\processing\library\jogl-all.jar;C:\Users\Vittorio\ADOPT_PROJECT\jpad\libraries\unit-api\unit-api-0.6.1.jar;C:\Users\Vittorio\ADOPT_PROJECT\jpad\libraries\guava\guava-16.0.1.jar;C:\Users\Vittorio\ADOPT_PROJECT\jpad\libraries\jahuwaldt\AeroLS.jar;C:\Users\Vittorio\ADOPT_PROJECT\jpad\libraries\trove\trove-3.1a1.jar;C:\Users\Vittorio\ADOPT_PROJECT\jpad\libraries\log4j\log4j-api-2.0.2.jar;C:\Users\Vittorio\ADOPT_PROJECT\jpad\libraries\log4j\log4j-core-2.0.2.jar;C:\
Launcher Type: SUN_STANDARD

Environment Variables:
PATH=C:\Users\Vittorio\ADOPT_PROJECT\jpad\libraries\hdf
USERNAME=Vittorio
OS=Windows_NT
PROCESSOR_IDENTIFIER=Intel64 Family 6 Model 58 Stepping 9, GenuineIntel



---------------  S Y S T E M  ---------------

OS: Windows 10.0 , 64 bit Build 14393 (10.0.14393.0)

CPU:total 8 (4 cores per cpu, 2 threads per core) family 6 model 58 stepping 9, cmov, cx8, fxsr, mmx, sse, sse2, sse3, ssse3, sse4.1, sse4.2, popcnt, avx, aes, clmul, erms, ht, tsc, tscinvbit, tscinv

Memory: 4k page, physical 8260968k(2784452k free), swap 16649576k(8693808k free)

vm_info: Java HotSpot(TM) 64-Bit Server VM (25.101-b13) for windows-amd64 JRE (1.8.0_101-b13), built on Jun 22 2016 01:21:29 by "java_re" with MS VC++ 10.0 (VS2010)

time: Tue Sep 27 16:01:01 2016
elapsed time: 34 seconds (0d 0h 0m 34s)

