#
# A fatal error has been detected by the Java Runtime Environment:
#
#  EXCEPTION_ACCESS_VIOLATION (0xc0000005) at pc=0x00007ffe0953914f, pid=8468, tid=0x0000000000001028
#
# JRE version: Java(TM) SE Runtime Environment (8.0_171-b11) (build 1.8.0_171-b11)
# Java VM: Java HotSpot(TM) 64-Bit Server VM (25.171-b11 mixed mode windows-amd64 compressed oops)
# Problematic frame:
# C  0x00007ffe0953914f
#
# Failed to write core dump. Minidumps are not enabled by default on client versions of Windows
#
# If you would like to submit a bug report, please visit:
#   http://bugreport.java.com/bugreport/crash.jsp
# The crash happened outside the Java Virtual Machine in native code.
# See problematic frame for where to report the bug.
#

---------------  T H R E A D  ---------------

Current thread (0x0000000028e6e800):  JavaThread "JavaFX Application Thread" [_thread_in_native, id=4136, stack(0x0000000029ab0000,0x0000000029bb0000)]

siginfo: ExceptionCode=0xc0000005, reading address 0x000000000000001c

Registers:
RAX=0x0000000718f7d558, RBX=0x0000000029bab5a0, RCX=0x0000000000000000, RDX=0x0000000029bab580
RSP=0x0000000029bab528, RBP=0x0000000029bab590, RSI=0x0000000000000108, RDI=0x0000000003057e70
R8 =0x000000002fc43b40, R9 =0x0000000029bab558, R10=0x00007ffe09539140, R11=0x000000000f5fe000
R12=0x0000000000000000, R13=0x000000000425e748, R14=0x0000000029bab580, R15=0x0000000028e6e800
RIP=0x00007ffe0953914f, EFLAGS=0x0000000000010246

Top of Stack: (sp=0x0000000029bab528)
0x0000000029bab528:   0000000003ea0c1b 0000000718f7d518
0x0000000029bab538:   0000000029bab538 0000000045154262
0x0000000029bab548:   0000000029bab590 0000000045159940
0x0000000029bab558:   0000000718f7d518 0000000045154270
0x0000000029bab568:   0000000000000000 0000000029bab5a0
0x0000000029bab578:   0000000718f7d4d0 000000072f339ea8
0x0000000029bab588:   0000000718f7d4d0 0000000718f7d4d0
0x0000000029bab598:   000000000425e7d8 0000000029bab608
0x0000000029bab5a8:   0000000003057e70 0000000000000000
0x0000000029bab5b8:   0000000003076814 0000000718f7d430
0x0000000029bab5c8:   0000000718f7d4d0 0000000718f7d518
0x0000000029bab5d8:   000000002fc43b40 0000000718f7d558
0x0000000029bab5e8:   0000000000000000 000000004524cb80
0x0000000029bab5f8:   0000000000000000 0000000029bab618
0x0000000029bab608:   0000000029bab660 000000000305835d
0x0000000029bab618:   0000000718f7d430 0000000029bab620 

Instructions: (pc=0x00007ffe0953914f)
0x00007ffe0953912f:   83 c4 40 5f c3 cc cc cc cc cc cc cc cc cc cc cc
0x00007ffe0953913f:   cc 4d 85 c0 74 08 49 8b 08 48 85 c9 75 02 33 c9
0x00007ffe0953914f:   8b 41 1c 2b 41 18 ff c0 c3 cc cc cc cc cc cc cc
0x00007ffe0953915f:   cc 4d 85 c0 74 08 49 8b 08 48 85 c9 75 02 33 c9 


Register to memory mapping:

RAX=0x0000000718f7d558 is an oop
java.util.ArrayList 
 - klass: 'java/util/ArrayList'
RBX=0x0000000029bab5a0 is pointing into the stack for thread: 0x0000000028e6e800
RCX=0x0000000000000000 is an unknown value
RDX=0x0000000029bab580 is pointing into the stack for thread: 0x0000000028e6e800
RSP=0x0000000029bab528 is pointing into the stack for thread: 0x0000000028e6e800
RBP=0x0000000029bab590 is pointing into the stack for thread: 0x0000000028e6e800
RSI=0x0000000000000108 is an unknown value
RDI=0x0000000003057e70 is at code_begin+1040 in an Interpreter codelet
invoke return entry points  [0x0000000003057a60, 0x0000000003058440]  2528 bytes
R8 =0x000000002fc43b40 is an unknown value
R9 =0x0000000029bab558 is pointing into the stack for thread: 0x0000000028e6e800
R10=0x00007ffe09539140 is an unknown value
R11=0x000000000f5fe000 is an unknown value
R12=0x0000000000000000 is an unknown value
R13=0x000000000425e748 is at entry_point+200 in (nmethod*)0x000000000425e010
R14=0x0000000029bab580 is pointing into the stack for thread: 0x0000000028e6e800
R15=0x0000000028e6e800 is a thread


Stack: [0x0000000029ab0000,0x0000000029bb0000],  sp=0x0000000029bab528,  free space=1005k
Native frames: (J=compiled Java code, j=interpreted, Vv=VM code, C=native code)
C  0x00007ffe0953914f

Java frames: (J=compiled Java code, j=interpreted, Vv=VM code)
J 9386  opencascade.OCCwrapJavaJNI.Poly_Triangulation_NbNodes(JLopencascade/Poly_Triangulation;)I (0 bytes) @ 0x0000000003ea0b95 [0x0000000003ea0b40+0x55]
J 9471 C2 it.unina.daf.jpadcad.occfx.OCCFXMeshExtractor$FaceData.load()V (1136 bytes) @ 0x000000000425e7d8 [0x000000000425e680+0x158]
j  it.unina.daf.jpadcad.occfx.OCCFX3DView.lambda$1(ZLopencascade/TopoDS_Face;)Ljavafx/scene/shape/TriangleMesh;+11
j  it.unina.daf.jpadcad.occfx.OCCFX3DView$$Lambda$790.apply(Ljava/lang/Object;)Ljava/lang/Object;+8
J 9327 C2 java.util.stream.ReferencePipeline$3$1.accept(Ljava/lang/Object;)V (23 bytes) @ 0x000000000437fed0 [0x000000000437fe80+0x50]
j  java.util.Iterator.forEachRemaining(Ljava/util/function/Consumer;)V+21
j  java.util.Spliterators$IteratorSpliterator.forEachRemaining(Ljava/util/function/Consumer;)V+52
J 10417 C1 java.util.stream.AbstractPipeline.copyInto(Ljava/util/stream/Sink;Ljava/util/Spliterator;)V (53 bytes) @ 0x00000000035f156c [0x00000000035f1080+0x4ec]
J 10415 C1 java.util.stream.AbstractPipeline.wrapAndCopyInto(Ljava/util/stream/Sink;Ljava/util/Spliterator;)Ljava/util/stream/Sink; (18 bytes) @ 0x00000000035f1f54 [0x00000000035f1d20+0x234]
J 7356 C1 java.util.stream.ReduceOps$ReduceOp.evaluateSequential(Ljava/util/stream/PipelineHelper;Ljava/util/Spliterator;)Ljava/lang/Object; (18 bytes) @ 0x00000000043597dc [0x0000000004359620+0x1bc]
J 6562 C1 java.util.stream.AbstractPipeline.evaluate(Ljava/util/stream/TerminalOp;)Ljava/lang/Object; (94 bytes) @ 0x000000000412dd24 [0x000000000412d840+0x4e4]
J 6981 C1 java.util.stream.ReferencePipeline.collect(Ljava/util/stream/Collector;)Ljava/lang/Object; (124 bytes) @ 0x00000000035f2a24 [0x00000000035f2880+0x1a4]
j  it.unina.daf.jpadcad.occfx.OCCFX3DView.extractMesh(Lit/unina/daf/jpadcad/occ/OCCShape;Z)Ljava/util/List;+50
j  it.unina.daf.jpadcad.occfx.OCCFX3DView.convertSolidsToMeshViews()V+100
j  it.unina.daf.jpadcad.occfx.OCCFX3DView.init(Ljava/util/Map;DDZ)V+12
j  it.unina.daf.jpadcad.occfx.OCCFX3DView.<init>(Ljava/util/Map;DDZ)V+381
j  jpadcommander.inputmanager.InputManagerControllerGraphicUtilities.createAircraft3DView()V+23
j  jpadcommander.inputmanager.InputManagerControllerMainActionUtilities.updateCAD3DViewImplementation()V+1942
j  jpadcommander.inputmanager.InputManagerController.updateCAD3DView()V+4
v  ~StubRoutines::call_stub
J 2239  sun.reflect.NativeMethodAccessorImpl.invoke0(Ljava/lang/reflect/Method;Ljava/lang/Object;[Ljava/lang/Object;)Ljava/lang/Object; (0 bytes) @ 0x0000000003703ebf [0x0000000003703e40+0x7f]
J 2238 C1 sun.reflect.NativeMethodAccessorImpl.invoke(Ljava/lang/Object;[Ljava/lang/Object;)Ljava/lang/Object; (104 bytes) @ 0x000000000370673c [0x0000000003705540+0x11fc]
J 2675 C2 sun.reflect.GeneratedMethodAccessor1.invoke(Ljava/lang/Object;[Ljava/lang/Object;)Ljava/lang/Object; (65 bytes) @ 0x00000000038fd448 [0x00000000038fd2a0+0x1a8]
J 2670 C2 sun.reflect.misc.MethodUtil.invoke(Ljava/lang/reflect/Method;Ljava/lang/Object;[Ljava/lang/Object;)Ljava/lang/Object; (111 bytes) @ 0x00000000038eaf0c [0x00000000038eae00+0x10c]
j  javafx.fxml.FXMLLoader$MethodHandler.invoke([Ljava/lang/Object;)V+38
j  javafx.fxml.FXMLLoader$ControllerMethodEventHandler.handle(Ljavafx/event/Event;)V+12
J 8999 C2 com.sun.javafx.event.EventHandlerManager.dispatchBubblingEvent(Ljavafx/event/Event;)Ljavafx/event/Event; (23 bytes) @ 0x000000000433f564 [0x000000000433ebc0+0x9a4]
J 8736 C2 com.sun.javafx.event.CompositeEventDispatcher.dispatchBubblingEvent(Ljavafx/event/Event;)Ljavafx/event/Event; (35 bytes) @ 0x0000000003aab90c [0x0000000003aab8a0+0x6c]
J 8276 C2 com.sun.javafx.event.BasicEventDispatcher.dispatchEvent(Ljavafx/event/Event;Ljavafx/event/EventDispatchChain;)Ljavafx/event/Event; (44 bytes) @ 0x00000000046c7750 [0x00000000046c7620+0x130]
J 8276 C2 com.sun.javafx.event.BasicEventDispatcher.dispatchEvent(Ljavafx/event/Event;Ljavafx/event/EventDispatchChain;)Ljavafx/event/Event; (44 bytes) @ 0x00000000046c770c [0x00000000046c7620+0xec]
J 8276 C2 com.sun.javafx.event.BasicEventDispatcher.dispatchEvent(Ljavafx/event/Event;Ljavafx/event/EventDispatchChain;)Ljavafx/event/Event; (44 bytes) @ 0x00000000046c770c [0x00000000046c7620+0xec]
J 8276 C2 com.sun.javafx.event.BasicEventDispatcher.dispatchEvent(Ljavafx/event/Event;Ljavafx/event/EventDispatchChain;)Ljavafx/event/Event; (44 bytes) @ 0x00000000046c770c [0x00000000046c7620+0xec]
J 8276 C2 com.sun.javafx.event.BasicEventDispatcher.dispatchEvent(Ljavafx/event/Event;Ljavafx/event/EventDispatchChain;)Ljavafx/event/Event; (44 bytes) @ 0x00000000046c770c [0x00000000046c7620+0xec]
J 8276 C2 com.sun.javafx.event.BasicEventDispatcher.dispatchEvent(Ljavafx/event/Event;Ljavafx/event/EventDispatchChain;)Ljavafx/event/Event; (44 bytes) @ 0x00000000046c770c [0x00000000046c7620+0xec]
J 8276 C2 com.sun.javafx.event.BasicEventDispatcher.dispatchEvent(Ljavafx/event/Event;Ljavafx/event/EventDispatchChain;)Ljavafx/event/Event; (44 bytes) @ 0x00000000046c770c [0x00000000046c7620+0xec]
J 9829 C2 com.sun.javafx.event.EventUtil.fireEvent(Ljavafx/event/EventTarget;Ljavafx/event/Event;)Ljavafx/event/Event; (81 bytes) @ 0x0000000003f78728 [0x0000000003f77aa0+0xc88]
J 1892 C1 javafx.event.Event.fireEvent(Ljavafx/event/EventTarget;Ljavafx/event/Event;)V (35 bytes) @ 0x000000000360b8ec [0x000000000360b820+0xcc]
j  javafx.scene.Node.fireEvent(Ljavafx/event/Event;)V+86
j  javafx.scene.control.Button.fire()V+15
j  com.sun.javafx.scene.control.behavior.ButtonBehavior.mouseReleased(Ljavafx/scene/input/MouseEvent;)V+23
J 8679 C1 com.sun.javafx.scene.control.skin.BehaviorSkinBase$1.handle(Ljavafx/scene/input/MouseEvent;)V (121 bytes) @ 0x0000000003d2a944 [0x0000000003d2a520+0x424]
J 8678 C1 com.sun.javafx.scene.control.skin.BehaviorSkinBase$1.handle(Ljavafx/event/Event;)V (9 bytes) @ 0x000000000324ecec [0x000000000324eb80+0x16c]
J 8999 C2 com.sun.javafx.event.EventHandlerManager.dispatchBubblingEvent(Ljavafx/event/Event;)Ljavafx/event/Event; (23 bytes) @ 0x000000000433f1a0 [0x000000000433ebc0+0x5e0]
J 8736 C2 com.sun.javafx.event.CompositeEventDispatcher.dispatchBubblingEvent(Ljavafx/event/Event;)Ljavafx/event/Event; (35 bytes) @ 0x0000000003aab90c [0x0000000003aab8a0+0x6c]
J 8276 C2 com.sun.javafx.event.BasicEventDispatcher.dispatchEvent(Ljavafx/event/Event;Ljavafx/event/EventDispatchChain;)Ljavafx/event/Event; (44 bytes) @ 0x00000000046c7750 [0x00000000046c7620+0x130]
J 8276 C2 com.sun.javafx.event.BasicEventDispatcher.dispatchEvent(Ljavafx/event/Event;Ljavafx/event/EventDispatchChain;)Ljavafx/event/Event; (44 bytes) @ 0x00000000046c770c [0x00000000046c7620+0xec]
J 8276 C2 com.sun.javafx.event.BasicEventDispatcher.dispatchEvent(Ljavafx/event/Event;Ljavafx/event/EventDispatchChain;)Ljavafx/event/Event; (44 bytes) @ 0x00000000046c770c [0x00000000046c7620+0xec]
J 8276 C2 com.sun.javafx.event.BasicEventDispatcher.dispatchEvent(Ljavafx/event/Event;Ljavafx/event/EventDispatchChain;)Ljavafx/event/Event; (44 bytes) @ 0x00000000046c770c [0x00000000046c7620+0xec]
J 8276 C2 com.sun.javafx.event.BasicEventDispatcher.dispatchEvent(Ljavafx/event/Event;Ljavafx/event/EventDispatchChain;)Ljavafx/event/Event; (44 bytes) @ 0x00000000046c770c [0x00000000046c7620+0xec]
J 8276 C2 com.sun.javafx.event.BasicEventDispatcher.dispatchEvent(Ljavafx/event/Event;Ljavafx/event/EventDispatchChain;)Ljavafx/event/Event; (44 bytes) @ 0x00000000046c770c [0x00000000046c7620+0xec]
J 8276 C2 com.sun.javafx.event.BasicEventDispatcher.dispatchEvent(Ljavafx/event/Event;Ljavafx/event/EventDispatchChain;)Ljavafx/event/Event; (44 bytes) @ 0x00000000046c770c [0x00000000046c7620+0xec]
J 9829 C2 com.sun.javafx.event.EventUtil.fireEvent(Ljavafx/event/EventTarget;Ljavafx/event/Event;)Ljavafx/event/Event; (81 bytes) @ 0x0000000003f784a0 [0x0000000003f77aa0+0xa00]
J 10200 C2 javafx.scene.Scene$MouseHandler.process(Ljavafx/scene/input/MouseEvent;Z)V (735 bytes) @ 0x0000000003ffa284 [0x0000000003ff9b00+0x784]
J 8271 C1 javafx.scene.Scene$ScenePeerListener.mouseEvent(Ljavafx/event/EventType;DDDDLjavafx/scene/input/MouseButton;ZZZZZZZZZ)V (50 bytes) @ 0x00000000046cbdec [0x00000000046cbb20+0x2cc]
J 8254 C1 com.sun.javafx.tk.quantum.GlassViewEventHandler$MouseEventNotification.run()Ljava/lang/Void; (624 bytes) @ 0x00000000046c16e4 [0x00000000046c0640+0x10a4]
J 8253 C1 com.sun.javafx.tk.quantum.GlassViewEventHandler$MouseEventNotification.run()Ljava/lang/Object; (5 bytes) @ 0x00000000046c01cc [0x00000000046c0140+0x8c]
v  ~StubRoutines::call_stub
J 1639  java.security.AccessController.doPrivileged(Ljava/security/PrivilegedAction;Ljava/security/AccessControlContext;)Ljava/lang/Object; (0 bytes) @ 0x000000000357a426 [0x000000000357a3c0+0x66]
J 10279 C2 com.sun.javafx.tk.quantum.QuantumToolkit.runWithoutRenderLock(Ljava/util/function/Supplier;)Ljava/lang/Object; (49 bytes) @ 0x00000000036415f8 [0x0000000003641560+0x98]
J 8248 C1 com.sun.javafx.tk.quantum.GlassViewEventHandler.handleMouseEvent(Lcom/sun/glass/ui/View;JIIIIIIIZZ)V (108 bytes) @ 0x00000000046b50e4 [0x00000000046b4cc0+0x424]
J 1948 C1 com.sun.glass.ui.View.notifyMouse(IIIIIIIZZ)V (221 bytes) @ 0x000000000363861c [0x00000000036375a0+0x107c]
v  ~StubRoutines::call_stub
j  com.sun.glass.ui.win.WinApplication._runLoop(Ljava/lang/Runnable;)V+0
j  com.sun.glass.ui.win.WinApplication.lambda$null$147(ILjava/lang/Runnable;)V+8
j  com.sun.glass.ui.win.WinApplication$$Lambda$37.run()V+12
j  java.lang.Thread.run()V+11
v  ~StubRoutines::call_stub

---------------  P R O C E S S  ---------------

Java Threads: ( => current thread )
  0x0000000032669800 JavaThread "AWT-Windows" daemon [_thread_in_native, id=16552, stack(0x00000000405d0000,0x00000000406d0000)]
  0x0000000032668000 JavaThread "Java2D Disposer" daemon [_thread_blocked, id=16312, stack(0x00000000403d0000,0x00000000404d0000)]
  0x0000000029489800 JavaThread "Prism Font Disposer" daemon [_thread_blocked, id=3356, stack(0x0000000033620000,0x0000000033720000)]
  0x0000000029259800 JavaThread "JavaFX-Launcher" [_thread_blocked, id=7396, stack(0x00000000307a0000,0x00000000308a0000)]
  0x0000000028fef800 JavaThread "Thread-2" daemon [_thread_in_native, id=8808, stack(0x00000000305a0000,0x00000000306a0000)]
=>0x0000000028e6e800 JavaThread "JavaFX Application Thread" [_thread_in_native, id=4136, stack(0x0000000029ab0000,0x0000000029bb0000)]
  0x000000002821d800 JavaThread "Thread-1" daemon [_thread_blocked, id=5780, stack(0x00000000299b0000,0x0000000029ab0000)]
  0x00000000281f1000 JavaThread "QuantumRenderer-0" daemon [_thread_blocked, id=17308, stack(0x0000000029660000,0x0000000029760000)]
  0x0000000027f11800 JavaThread "Service Thread" daemon [_thread_blocked, id=10032, stack(0x0000000028a30000,0x0000000028b30000)]
  0x0000000027e83000 JavaThread "C1 CompilerThread3" daemon [_thread_blocked, id=10324, stack(0x0000000028930000,0x0000000028a30000)]
  0x0000000027e5d800 JavaThread "C2 CompilerThread2" daemon [_thread_blocked, id=5244, stack(0x0000000028830000,0x0000000028930000)]
  0x0000000027e59800 JavaThread "C2 CompilerThread1" daemon [_thread_blocked, id=16548, stack(0x0000000028730000,0x0000000028830000)]
  0x0000000027e53800 JavaThread "C2 CompilerThread0" daemon [_thread_blocked, id=14120, stack(0x0000000028630000,0x0000000028730000)]
  0x0000000027e51800 JavaThread "Attach Listener" daemon [_thread_blocked, id=6516, stack(0x0000000028530000,0x0000000028630000)]
  0x0000000027e51000 JavaThread "Signal Dispatcher" daemon [_thread_blocked, id=2676, stack(0x0000000028430000,0x0000000028530000)]
  0x0000000027e40800 JavaThread "Finalizer" daemon [_thread_blocked, id=10732, stack(0x0000000028220000,0x0000000028320000)]
  0x0000000025f5d800 JavaThread "Reference Handler" daemon [_thread_blocked, id=14348, stack(0x0000000027d20000,0x0000000027e20000)]
  0x0000000002f54000 JavaThread "main" [_thread_blocked, id=1044, stack(0x0000000002d70000,0x0000000002e70000)]

Other Threads:
  0x0000000025f58800 VMThread [stack: 0x0000000027c20000,0x0000000027d20000] [id=6288]
  0x0000000027f16000 WatcherThread [stack: 0x0000000028b30000,0x0000000028c30000] [id=3260]

VM state:not at safepoint (normal execution)

VM Mutex/Monitor currently owned by a thread: None

Heap:
 PSYoungGen      total 378880K, used 104832K [0x0000000716180000, 0x0000000732c00000, 0x00000007c0000000)
  eden space 307712K, 16% used [0x0000000716180000,0x00000007191e03a0,0x0000000728e00000)
  from space 71168K, 77% used [0x000000072e680000,0x0000000731c7ff30,0x0000000732c00000)
  to   space 80896K, 0% used [0x0000000728e00000,0x0000000728e00000,0x000000072dd00000)
 ParOldGen       total 410624K, used 116227K [0x00000005c2400000, 0x00000005db500000, 0x0000000716180000)
  object space 410624K, 28% used [0x00000005c2400000,0x00000005c9580c28,0x00000005db500000)
 Metaspace       used 46273K, capacity 49098K, committed 49408K, reserved 1093632K
  class space    used 5269K, capacity 5772K, committed 5888K, reserved 1048576K

Card table byte_map: [0x0000000012410000,0x0000000013400000] byte_map_base: 0x000000000f5fe000

Marking Bits: (ParMarkBitMap*) 0x000000006e5808c0
 Begin Bits: [0x00000000146a0000, 0x000000001c610000)
 End Bits:   [0x000000001c610000, 0x0000000024580000)

Polling page: 0x00000000013d0000

CodeCache: size=245760Kb used=25574Kb max_used=26473Kb free=220185Kb
 bounds [0x0000000003050000, 0x0000000004a60000, 0x0000000012050000]
 total_blobs=9922 nmethods=8249 adapters=1583
 compilation: enabled

Compilation events (10 events):
Event: 156.663 Thread 0x0000000027e83000 nmethod 10530 0x0000000003774810 code [0x0000000003774980, 0x0000000003774b08]
Event: 156.663 Thread 0x0000000027e83000 10531       3       com.sun.javafx.collections.ObservableFloatArrayImpl::addAllInternal (53 bytes)
Event: 156.663 Thread 0x0000000027e83000 nmethod 10531 0x0000000003773ed0 code [0x0000000003774080, 0x0000000003774648]
Event: 156.666 Thread 0x0000000027e59800 10532 %     4       it.unina.daf.jpadcad.occfx.OCCFXMeshExtractor$FaceData::checkNormals @ 5 (74 bytes)
Event: 156.666 Thread 0x0000000027e53800 10533       4       opencascade.Standard_Transient::<init> (15 bytes)
Event: 156.667 Thread 0x0000000027e53800 nmethod 10533 0x00000000049645d0 code [0x0000000004964700, 0x00000000049647b8]
Event: 156.668 Thread 0x0000000027e59800 nmethod 10532% 0x00000000041df910 code [0x00000000041dfa80, 0x00000000041dfd98]
Event: 156.727 Thread 0x0000000027e5d800 10534 %     4       it.unina.daf.jpadcad.occfx.OCCFXMeshExtractor$FaceData::reverseMesh @ 5 (33 bytes)
Event: 156.729 Thread 0x0000000027e5d800 nmethod 10534% 0x00000000041e09d0 code [0x00000000041e0b20, 0x00000000041e0cf8]
Event: 156.768 Thread 0x0000000027e53800 10535       4       it.unina.daf.jpadcad.occfx.OCCFXMeshExtractor$FaceData::reverseMesh (33 bytes)

GC Heap History (10 events):
Event: 29.478 GC heap before
{Heap before GC invocations=6 (full 2):
 PSYoungGen      total 152576K, used 131072K [0x0000000716180000, 0x0000000727800000, 0x00000007c0000000)
  eden space 131072K, 100% used [0x0000000716180000,0x000000071e180000,0x000000071e180000)
  from space 21504K, 0% used [0x000000071e180000,0x000000071e180000,0x000000071f680000)
  to   space 21504K, 0% used [0x0000000726300000,0x0000000726300000,0x0000000727800000)
 ParOldGen       total 410624K, used 116187K [0x00000005c2400000, 0x00000005db500000, 0x0000000716180000)
  object space 410624K, 28% used [0x00000005c2400000,0x00000005c9576c28,0x00000005db500000)
 Metaspace       used 30281K, capacity 31972K, committed 32256K, reserved 1077248K
  class space    used 3927K, capacity 4269K, committed 4352K, reserved 1048576K
Event: 29.484 GC heap after
Heap after GC invocations=6 (full 2):
 PSYoungGen      total 178176K, used 10309K [0x0000000716180000, 0x0000000726d80000, 0x00000007c0000000)
  eden space 167424K, 0% used [0x0000000716180000,0x0000000716180000,0x0000000720500000)
  from space 10752K, 95% used [0x0000000726300000,0x0000000726d117d8,0x0000000726d80000)
  to   space 21504K, 0% used [0x0000000724380000,0x0000000724380000,0x0000000725880000)
 ParOldGen       total 410624K, used 116195K [0x00000005c2400000, 0x00000005db500000, 0x0000000716180000)
  object space 410624K, 28% used [0x00000005c2400000,0x00000005c9578c28,0x00000005db500000)
 Metaspace       used 30281K, capacity 31972K, committed 32256K, reserved 1077248K
  class space    used 3927K, capacity 4269K, committed 4352K, reserved 1048576K
}
Event: 29.718 GC heap before
{Heap before GC invocations=7 (full 2):
 PSYoungGen      total 178176K, used 177733K [0x0000000716180000, 0x0000000726d80000, 0x00000007c0000000)
  eden space 167424K, 100% used [0x0000000716180000,0x0000000720500000,0x0000000720500000)
  from space 10752K, 95% used [0x0000000726300000,0x0000000726d117d8,0x0000000726d80000)
  to   space 21504K, 0% used [0x0000000724380000,0x0000000724380000,0x0000000725880000)
 ParOldGen       total 410624K, used 116195K [0x00000005c2400000, 0x00000005db500000, 0x0000000716180000)
  object space 410624K, 28% used [0x00000005c2400000,0x00000005c9578c28,0x00000005db500000)
 Metaspace       used 32314K, capacity 34190K, committed 34432K, reserved 1079296K
  class space    used 4107K, capacity 4472K, committed 4480K, reserved 1048576K
Event: 29.723 GC heap after
Heap after GC invocations=7 (full 2):
 PSYoungGen      total 245248K, used 11049K [0x0000000716180000, 0x000000072eb00000, 0x00000007c0000000)
  eden space 223744K, 0% used [0x0000000716180000,0x0000000716180000,0x0000000723c00000)
  from space 21504K, 51% used [0x0000000724380000,0x0000000724e4a448,0x0000000725880000)
  to   space 89600K, 0% used [0x0000000729380000,0x0000000729380000,0x000000072eb00000)
 ParOldGen       total 410624K, used 116203K [0x00000005c2400000, 0x00000005db500000, 0x0000000716180000)
  object space 410624K, 28% used [0x00000005c2400000,0x00000005c957ac28,0x00000005db500000)
 Metaspace       used 32314K, capacity 34190K, committed 34432K, reserved 1079296K
  class space    used 4107K, capacity 4472K, committed 4480K, reserved 1048576K
}
Event: 30.106 GC heap before
{Heap before GC invocations=8 (full 2):
 PSYoungGen      total 245248K, used 234793K [0x0000000716180000, 0x000000072eb00000, 0x00000007c0000000)
  eden space 223744K, 100% used [0x0000000716180000,0x0000000723c00000,0x0000000723c00000)
  from space 21504K, 51% used [0x0000000724380000,0x0000000724e4a448,0x0000000725880000)
  to   space 89600K, 0% used [0x0000000729380000,0x0000000729380000,0x000000072eb00000)
 ParOldGen       total 410624K, used 116203K [0x00000005c2400000, 0x00000005db500000, 0x0000000716180000)
  object space 410624K, 28% used [0x00000005c2400000,0x00000005c957ac28,0x00000005db500000)
 Metaspace       used 32777K, capacity 34708K, committed 34816K, reserved 1079296K
  class space    used 4128K, capacity 4515K, committed 4608K, reserved 1048576K
Event: 30.116 GC heap after
Heap after GC invocations=8 (full 2):
 PSYoungGen      total 320512K, used 35037K [0x0000000716180000, 0x0000000733480000, 0x00000007c0000000)
  eden space 230912K, 0% used [0x0000000716180000,0x0000000716180000,0x0000000724300000)
  from space 89600K, 39% used [0x0000000729380000,0x000000072b5b7490,0x000000072eb00000)
  to   space 82432K, 0% used [0x0000000724300000,0x0000000724300000,0x0000000729380000)
 ParOldGen       total 410624K, used 116211K [0x00000005c2400000, 0x00000005db500000, 0x0000000716180000)
  object space 410624K, 28% used [0x00000005c2400000,0x00000005c957cc28,0x00000005db500000)
 Metaspace       used 32777K, capacity 34708K, committed 34816K, reserved 1079296K
  class space    used 4128K, capacity 4515K, committed 4608K, reserved 1048576K
}
Event: 31.159 GC heap before
{Heap before GC invocations=9 (full 2):
 PSYoungGen      total 320512K, used 265949K [0x0000000716180000, 0x0000000733480000, 0x00000007c0000000)
  eden space 230912K, 100% used [0x0000000716180000,0x0000000724300000,0x0000000724300000)
  from space 89600K, 39% used [0x0000000729380000,0x000000072b5b7490,0x000000072eb00000)
  to   space 82432K, 0% used [0x0000000724300000,0x0000000724300000,0x0000000729380000)
 ParOldGen       total 410624K, used 116211K [0x00000005c2400000, 0x00000005db500000, 0x0000000716180000)
  object space 410624K, 28% used [0x00000005c2400000,0x00000005c957cc28,0x00000005db500000)
 Metaspace       used 39690K, capacity 42264K, committed 42496K, reserved 1087488K
  class space    used 4856K, capacity 5329K, committed 5376K, reserved 1048576K
Event: 31.174 GC heap after
Heap after GC invocations=9 (full 2):
 PSYoungGen      total 313344K, used 33972K [0x0000000716180000, 0x0000000733080000, 0x00000007c0000000)
  eden space 230912K, 0% used [0x0000000716180000,0x0000000716180000,0x0000000724300000)
  from space 82432K, 41% used [0x0000000724300000,0x000000072642d0d8,0x0000000729380000)
  to   space 75776K, 0% used [0x000000072e680000,0x000000072e680000,0x0000000733080000)
 ParOldGen       total 410624K, used 116219K [0x00000005c2400000, 0x00000005db500000, 0x0000000716180000)
  object space 410624K, 28% used [0x00000005c2400000,0x00000005c957ec28,0x00000005db500000)
 Metaspace       used 39690K, capacity 42264K, committed 42496K, reserved 1087488K
  class space    used 4856K, capacity 5329K, committed 5376K, reserved 1048576K
}
Event: 154.967 GC heap before
{Heap before GC invocations=10 (full 2):
 PSYoungGen      total 313344K, used 264884K [0x0000000716180000, 0x0000000733080000, 0x00000007c0000000)
  eden space 230912K, 100% used [0x0000000716180000,0x0000000724300000,0x0000000724300000)
  from space 82432K, 41% used [0x0000000724300000,0x000000072642d0d8,0x0000000729380000)
  to   space 75776K, 0% used [0x000000072e680000,0x000000072e680000,0x0000000733080000)
 ParOldGen       total 410624K, used 116219K [0x00000005c2400000, 0x00000005db500000, 0x0000000716180000)
  object space 410624K, 28% used [0x00000005c2400000,0x00000005c957ec28,0x00000005db500000)
 Metaspace       used 46045K, capacity 48864K, committed 49024K, reserved 1093632K
  class space    used 5242K, capacity 5749K, committed 5760K, reserved 1048576K
Event: 155.001 GC heap after
Heap after GC invocations=10 (full 2):
 PSYoungGen      total 378880K, used 55295K [0x0000000716180000, 0x0000000732c00000, 0x00000007c0000000)
  eden space 307712K, 0% used [0x0000000716180000,0x0000000716180000,0x0000000728e00000)
  from space 71168K, 77% used [0x000000072e680000,0x0000000731c7ff30,0x0000000732c00000)
  to   space 80896K, 0% used [0x0000000728e00000,0x0000000728e00000,0x000000072dd00000)
 ParOldGen       total 410624K, used 116227K [0x00000005c2400000, 0x00000005db500000, 0x0000000716180000)
  object space 410624K, 28% used [0x00000005c2400000,0x00000005c9580c28,0x00000005db500000)
 Metaspace       used 46045K, capacity 48864K, committed 49024K, reserved 1093632K
  class space    used 5242K, capacity 5749K, committed 5760K, reserved 1048576K
}

Deoptimization events (10 events):
Event: 144.901 Thread 0x00000000281f1000 Uncommon trap: reason=bimorphic action=maybe_recompile pc=0x0000000003290324 method=com.sun.javafx.sg.prism.NGNode.getContentBounds(Lcom/sun/javafx/geom/BaseBounds;Lcom/sun/javafx/geom/transform/BaseTransform;)Lcom/sun/javafx/geom/BaseBounds; @ 24
Event: 145.641 Thread 0x0000000028e6e800 Uncommon trap: reason=class_check action=maybe_recompile pc=0x0000000003f2ca44 method=com.sun.javafx.scene.EnteredExitedHandler.dispatchBubblingEvent(Ljavafx/event/Event;)Ljavafx/event/Event; @ 77
Event: 148.366 Thread 0x00000000281f1000 Uncommon trap: reason=intrinsic action=make_not_entrant pc=0x0000000004a1a7c4 method=com.sun.prism.impl.ps.BaseShaderGraphics.drawString(Lcom/sun/javafx/scene/text/GlyphList;Lcom/sun/javafx/font/FontStrike;FFLcom/sun/prism/paint/Color;II)V @ 572
Event: 151.433 Thread 0x00000000281f1000 Uncommon trap: reason=unstable_if action=reinterpret pc=0x000000000392eb64 method=java.lang.Math.round(F)I @ 23
Event: 151.433 Thread 0x00000000281f1000 Uncommon trap: reason=unstable_if action=reinterpret pc=0x0000000004a11a18 method=java.lang.Math.round(F)I @ 23
Event: 151.433 Thread 0x00000000281f1000 Uncommon trap: reason=unstable_if action=reinterpret pc=0x0000000004a08648 method=java.lang.Math.round(F)I @ 23
Event: 151.433 Thread 0x00000000281f1000 Uncommon trap: reason=unstable_if action=reinterpret pc=0x0000000004a05994 method=java.lang.Math.round(F)I @ 23
Event: 151.433 Thread 0x00000000281f1000 Uncommon trap: reason=unstable_if action=reinterpret pc=0x0000000003b929b8 method=java.lang.Math.round(F)I @ 23
Event: 151.433 Thread 0x00000000281f1000 Uncommon trap: reason=unstable_if action=reinterpret pc=0x0000000004a06238 method=java.lang.Math.round(F)I @ 23
Event: 151.433 Thread 0x00000000281f1000 Uncommon trap: reason=unstable_if action=reinterpret pc=0x0000000004a066f0 method=java.lang.Math.round(F)I @ 23

Classes redefined (0 events):
No events

Internal exceptions (10 events):
Event: 100.618 Thread 0x00000000281f1000 Exception <a 'java/lang/ArrayIndexOutOfBoundsException': -1> (0x000000071d41d608) thrown at [C:\re\workspace\8-2-build-windows-amd64-cygwin\jdk8u171\10807\hotspot\src\share\vm\interpreter\interpreterRuntime.cpp, line 366]
Event: 100.618 Thread 0x00000000281f1000 Exception <a 'java/lang/ArrayIndexOutOfBoundsException'> (0x000000071d41dee8) thrown at [C:\re\workspace\8-2-build-windows-amd64-cygwin\jdk8u171\10807\hotspot\src\share\vm\runtime\sharedRuntime.cpp, line 605]
Event: 100.618 Thread 0x00000000281f1000 Exception <a 'java/lang/ArrayIndexOutOfBoundsException'> (0x000000071d41e770) thrown at [C:\re\workspace\8-2-build-windows-amd64-cygwin\jdk8u171\10807\hotspot\src\share\vm\runtime\sharedRuntime.cpp, line 605]
Event: 100.618 Thread 0x00000000281f1000 Exception <a 'java/lang/ArrayIndexOutOfBoundsException'> (0x000000071d41ef60) thrown at [C:\re\workspace\8-2-build-windows-amd64-cygwin\jdk8u171\10807\hotspot\src\share\vm\runtime\sharedRuntime.cpp, line 605]
Event: 100.618 Thread 0x00000000281f1000 Exception <a 'java/lang/ArrayIndexOutOfBoundsException'> (0x000000071d41f840) thrown at [C:\re\workspace\8-2-build-windows-amd64-cygwin\jdk8u171\10807\hotspot\src\share\vm\runtime\sharedRuntime.cpp, line 605]
Event: 100.618 Thread 0x00000000281f1000 Exception <a 'java/lang/ArrayIndexOutOfBoundsException'> (0x000000071d420120) thrown at [C:\re\workspace\8-2-build-windows-amd64-cygwin\jdk8u171\10807\hotspot\src\share\vm\runtime\sharedRuntime.cpp, line 605]
Event: 106.639 Thread 0x0000000028e6e800 Exception <a 'java/lang/IncompatibleClassChangeError': Found class java.lang.Object, but interface was expected> (0x000000071eb1a8a8) thrown at [C:\re\workspace\8-2-build-windows-amd64-cygwin\jdk8u171\10807\hotspot\src\share\vm\interpreter\linkResolver.cp
Event: 110.056 Thread 0x0000000028e6e800 Implicit null exception at 0x00000000034bbd38 to 0x00000000034bbd81
Event: 155.511 Thread 0x0000000028e6e800 Exception <a 'java/lang/NoSuchMethodError': java.lang.Object.lambda$comparing$77a9974f$1(Ljava/util/function/Function;Ljava/lang/Object;Ljava/lang/Object;)I> (0x00000007172fcf28) thrown at [C:\re\workspace\8-2-build-windows-amd64-cygwin\jdk8u171\10807\hot
Event: 155.511 Thread 0x0000000028e6e800 Exception <a 'java/lang/NoSuchMethodError': java.lang.Object.lambda$minBy$0(Ljava/util/Comparator;Ljava/lang/Object;Ljava/lang/Object;)Ljava/lang/Object;> (0x00000007173059b0) thrown at [C:\re\workspace\8-2-build-windows-amd64-cygwin\jdk8u171\10807\hotspo

Events (10 events):
Event: 155.566 loading class opencascade/Law_Function
Event: 155.566 loading class opencascade/Law_Function done
Event: 155.567 loading class java/util/Spliterators$IntArraySpliterator
Event: 155.567 loading class java/util/Spliterators$IntArraySpliterator done
Event: 155.567 loading class opencascade/BRepFilletAPI_MakeFillet
Event: 155.567 loading class opencascade/BRepFilletAPI_MakeFillet done
Event: 155.567 loading class opencascade/BRepFilletAPI_MakeFillet
Event: 155.567 loading class opencascade/BRepFilletAPI_MakeFillet done
Event: 155.612 loading class javaslang/Tuple3
Event: 155.612 loading class javaslang/Tuple3 done


Dynamic libraries:
0x00007ff60d470000 - 0x00007ff60d4a7000 	C:\Program Files\Java\jdk1.8.0_171\bin\javaw.exe
0x00007ffe8fb40000 - 0x00007ffe8fd21000 	C:\WINDOWS\SYSTEM32\ntdll.dll
0x00007ffe8dbc0000 - 0x00007ffe8dc72000 	C:\WINDOWS\System32\KERNEL32.DLL
0x00007ffe8c3a0000 - 0x00007ffe8c613000 	C:\WINDOWS\System32\KERNELBASE.dll
0x00007ffe8e2c0000 - 0x00007ffe8e361000 	C:\WINDOWS\System32\ADVAPI32.dll
0x00007ffe8e560000 - 0x00007ffe8e5fe000 	C:\WINDOWS\System32\msvcrt.dll
0x00007ffe8d6b0000 - 0x00007ffe8d70b000 	C:\WINDOWS\System32\sechost.dll
0x00007ffe8e010000 - 0x00007ffe8e134000 	C:\WINDOWS\System32\RPCRT4.dll
0x00007ffe8dde0000 - 0x00007ffe8df70000 	C:\WINDOWS\System32\USER32.dll
0x00007ffe8c2e0000 - 0x00007ffe8c300000 	C:\WINDOWS\System32\win32u.dll
0x00007ffe8e3a0000 - 0x00007ffe8e3c8000 	C:\WINDOWS\System32\GDI32.dll
0x00007ffe8cde0000 - 0x00007ffe8cf72000 	C:\WINDOWS\System32\gdi32full.dll
0x00007ffe8c300000 - 0x00007ffe8c39f000 	C:\WINDOWS\System32\msvcp_win.dll
0x00007ffe8bf10000 - 0x00007ffe8c00a000 	C:\WINDOWS\System32\ucrtbase.dll
0x00007ffe80740000 - 0x00007ffe809a9000 	C:\WINDOWS\WinSxS\amd64_microsoft.windows.common-controls_6595b64144ccf1df_6.0.17134.523_none_fb409dd930672a56\COMCTL32.dll
0x00007ffe8d730000 - 0x00007ffe8da52000 	C:\WINDOWS\System32\combase.dll
0x00007ffe8c010000 - 0x00007ffe8c08a000 	C:\WINDOWS\System32\bcryptPrimitives.dll
0x00007ffe8e370000 - 0x00007ffe8e39d000 	C:\WINDOWS\System32\IMM32.DLL
0x00007ffe8b050000 - 0x00007ffe8b081000 	C:\WINDOWS\SYSTEM32\ntmarta.dll
0x00007ffe8bd80000 - 0x00007ffe8bdb0000 	C:\WINDOWS\SYSTEM32\SspiCli.dll
0x000000006e600000 - 0x000000006e6d2000 	C:\Program Files\Java\jdk1.8.0_171\jre\bin\msvcr100.dll
0x000000006dd60000 - 0x000000006e600000 	C:\Program Files\Java\jdk1.8.0_171\jre\bin\server\jvm.dll
0x00007ffe8e4e0000 - 0x00007ffe8e4e8000 	C:\WINDOWS\System32\PSAPI.DLL
0x00007ffe63f60000 - 0x00007ffe63f69000 	C:\WINDOWS\SYSTEM32\WSOCK32.dll
0x00007ffe8e4f0000 - 0x00007ffe8e55c000 	C:\WINDOWS\System32\WS2_32.dll
0x00007ffe87520000 - 0x00007ffe8752a000 	C:\WINDOWS\SYSTEM32\VERSION.dll
0x00007ffe87e30000 - 0x00007ffe87e53000 	C:\WINDOWS\SYSTEM32\WINMM.dll
0x00007ffe87e00000 - 0x00007ffe87e2a000 	C:\WINDOWS\SYSTEM32\WINMMBASE.dll
0x00007ffe8cf80000 - 0x00007ffe8cfc9000 	C:\WINDOWS\System32\cfgmgr32.dll
0x000000006dd50000 - 0x000000006dd5f000 	C:\Program Files\Java\jdk1.8.0_171\jre\bin\verify.dll
0x000000006dd20000 - 0x000000006dd49000 	C:\Program Files\Java\jdk1.8.0_171\jre\bin\java.dll
0x000000006dd00000 - 0x000000006dd16000 	C:\Program Files\Java\jdk1.8.0_171\jre\bin\zip.dll
0x00007ffe8e6d0000 - 0x00007ffe8fb10000 	C:\WINDOWS\System32\SHELL32.dll
0x00007ffe8e3d0000 - 0x00007ffe8e479000 	C:\WINDOWS\System32\shcore.dll
0x00007ffe8c620000 - 0x00007ffe8cd2d000 	C:\WINDOWS\System32\windows.storage.dll
0x00007ffe8e670000 - 0x00007ffe8e6c1000 	C:\WINDOWS\System32\shlwapi.dll
0x00007ffe8be60000 - 0x00007ffe8be71000 	C:\WINDOWS\System32\kernel.appcore.dll
0x00007ffe8bef0000 - 0x00007ffe8bf0f000 	C:\WINDOWS\System32\profapi.dll
0x00007ffe8bea0000 - 0x00007ffe8beec000 	C:\WINDOWS\System32\powrprof.dll
0x00007ffe8be50000 - 0x00007ffe8be5a000 	C:\WINDOWS\System32\FLTLIB.DLL
0x00000000014a0000 - 0x00000000014a3000 	C:\Program Files\Java\jdk1.8.0_171\jre\bin\api-ms-win-core-console-l1-1-0.dll
0x00000000014b0000 - 0x00000000014b3000 	C:\Program Files\Java\jdk1.8.0_171\jre\bin\api-ms-win-core-datetime-l1-1-0.dll
0x0000000002f10000 - 0x0000000002f13000 	C:\Program Files\Java\jdk1.8.0_171\jre\bin\api-ms-win-core-debug-l1-1-0.dll
0x0000000002f20000 - 0x0000000002f23000 	C:\Program Files\Java\jdk1.8.0_171\jre\bin\api-ms-win-core-errorhandling-l1-1-0.dll
0x0000000002f30000 - 0x0000000002f34000 	C:\Program Files\Java\jdk1.8.0_171\jre\bin\api-ms-win-core-file-l1-1-0.dll
0x0000000028c30000 - 0x0000000028c33000 	C:\Program Files\Java\jdk1.8.0_171\jre\bin\api-ms-win-core-file-l1-2-0.dll
0x0000000028c40000 - 0x0000000028c43000 	C:\Program Files\Java\jdk1.8.0_171\jre\bin\api-ms-win-core-file-l2-1-0.dll
0x0000000028c50000 - 0x0000000028c53000 	C:\Program Files\Java\jdk1.8.0_171\jre\bin\api-ms-win-core-handle-l1-1-0.dll
0x0000000028c60000 - 0x0000000028c63000 	C:\Program Files\Java\jdk1.8.0_171\jre\bin\api-ms-win-core-heap-l1-1-0.dll
0x0000000028c70000 - 0x0000000028c73000 	C:\Program Files\Java\jdk1.8.0_171\jre\bin\api-ms-win-core-interlocked-l1-1-0.dll
0x0000000028c80000 - 0x0000000028c83000 	C:\Program Files\Java\jdk1.8.0_171\jre\bin\api-ms-win-core-libraryloader-l1-1-0.dll
0x0000000028c90000 - 0x0000000028c93000 	C:\Program Files\Java\jdk1.8.0_171\jre\bin\api-ms-win-core-localization-l1-2-0.dll
0x0000000028ca0000 - 0x0000000028ca3000 	C:\Program Files\Java\jdk1.8.0_171\jre\bin\api-ms-win-core-memory-l1-1-0.dll
0x0000000028cb0000 - 0x0000000028cb3000 	C:\Program Files\Java\jdk1.8.0_171\jre\bin\api-ms-win-core-namedpipe-l1-1-0.dll
0x0000000028cc0000 - 0x0000000028cc3000 	C:\Program Files\Java\jdk1.8.0_171\jre\bin\api-ms-win-core-processenvironment-l1-1-0.dll
0x0000000028cd0000 - 0x0000000028cd3000 	C:\Program Files\Java\jdk1.8.0_171\jre\bin\api-ms-win-core-processthreads-l1-1-0.dll
0x0000000028ce0000 - 0x0000000028ce3000 	C:\Program Files\Java\jdk1.8.0_171\jre\bin\api-ms-win-core-processthreads-l1-1-1.dll
0x0000000028cf0000 - 0x0000000028cf3000 	C:\Program Files\Java\jdk1.8.0_171\jre\bin\api-ms-win-core-profile-l1-1-0.dll
0x0000000028d00000 - 0x0000000028d03000 	C:\Program Files\Java\jdk1.8.0_171\jre\bin\api-ms-win-core-rtlsupport-l1-1-0.dll
0x0000000028d10000 - 0x0000000028d13000 	C:\Program Files\Java\jdk1.8.0_171\jre\bin\api-ms-win-core-string-l1-1-0.dll
0x0000000028d20000 - 0x0000000028d23000 	C:\Program Files\Java\jdk1.8.0_171\jre\bin\api-ms-win-core-synch-l1-1-0.dll
0x0000000028d30000 - 0x0000000028d33000 	C:\Program Files\Java\jdk1.8.0_171\jre\bin\api-ms-win-core-synch-l1-2-0.dll
0x0000000028d40000 - 0x0000000028d43000 	C:\Program Files\Java\jdk1.8.0_171\jre\bin\api-ms-win-core-sysinfo-l1-1-0.dll
0x0000000028d50000 - 0x0000000028d53000 	C:\Program Files\Java\jdk1.8.0_171\jre\bin\api-ms-win-core-timezone-l1-1-0.dll
0x0000000028d60000 - 0x0000000028d63000 	C:\Program Files\Java\jdk1.8.0_171\jre\bin\api-ms-win-core-util-l1-1-0.dll
0x0000000028d70000 - 0x0000000028d73000 	C:\Program Files\Java\jdk1.8.0_171\jre\bin\api-ms-win-crt-conio-l1-1-0.dll
0x0000000028d80000 - 0x0000000028d84000 	C:\Program Files\Java\jdk1.8.0_171\jre\bin\api-ms-win-crt-convert-l1-1-0.dll
0x0000000028d90000 - 0x0000000028d93000 	C:\Program Files\Java\jdk1.8.0_171\jre\bin\api-ms-win-crt-environment-l1-1-0.dll
0x0000000028da0000 - 0x0000000028da3000 	C:\Program Files\Java\jdk1.8.0_171\jre\bin\api-ms-win-crt-filesystem-l1-1-0.dll
0x0000000028db0000 - 0x0000000028db3000 	C:\Program Files\Java\jdk1.8.0_171\jre\bin\api-ms-win-crt-heap-l1-1-0.dll
0x0000000028dc0000 - 0x0000000028dc3000 	C:\Program Files\Java\jdk1.8.0_171\jre\bin\api-ms-win-crt-locale-l1-1-0.dll
0x0000000028dd0000 - 0x0000000028dd5000 	C:\Program Files\Java\jdk1.8.0_171\jre\bin\api-ms-win-crt-math-l1-1-0.dll
0x0000000028de0000 - 0x0000000028de5000 	C:\Program Files\Java\jdk1.8.0_171\jre\bin\api-ms-win-crt-multibyte-l1-1-0.dll
0x0000000028df0000 - 0x0000000028e00000 	C:\Program Files\Java\jdk1.8.0_171\jre\bin\api-ms-win-crt-private-l1-1-0.dll
0x0000000028e00000 - 0x0000000028e03000 	C:\Program Files\Java\jdk1.8.0_171\jre\bin\api-ms-win-crt-process-l1-1-0.dll
0x0000000028e10000 - 0x0000000028e14000 	C:\Program Files\Java\jdk1.8.0_171\jre\bin\api-ms-win-crt-runtime-l1-1-0.dll
0x0000000028e20000 - 0x0000000028e24000 	C:\Program Files\Java\jdk1.8.0_171\jre\bin\api-ms-win-crt-stdio-l1-1-0.dll
0x0000000028e30000 - 0x0000000028e34000 	C:\Program Files\Java\jdk1.8.0_171\jre\bin\api-ms-win-crt-string-l1-1-0.dll
0x0000000028e40000 - 0x0000000028e43000 	C:\Program Files\Java\jdk1.8.0_171\jre\bin\api-ms-win-crt-time-l1-1-0.dll
0x0000000028e50000 - 0x0000000028e53000 	C:\Program Files\Java\jdk1.8.0_171\jre\bin\api-ms-win-crt-utility-l1-1-0.dll
0x00007ffe47610000 - 0x00007ffe47706000 	C:\Program Files\Java\jdk1.8.0_171\jre\bin\ucrtbase.dll
0x00007ffe4eec0000 - 0x00007ffe4ef11000 	C:\Program Files\Java\jdk1.8.0_171\jre\bin\concrt140.dll
0x00007ffe76560000 - 0x00007ffe76607000 	C:\WINDOWS\SYSTEM32\MSVCP140.dll
0x00007ffe764e0000 - 0x00007ffe764f6000 	C:\WINDOWS\SYSTEM32\VCRUNTIME140.dll
0x00007ffe79730000 - 0x00007ffe79746000 	C:\Program Files\Java\jdk1.8.0_171\jre\bin\vcruntime140.dll
0x00007ffe4ed60000 - 0x00007ffe4edfc000 	C:\Program Files\Java\jdk1.8.0_171\jre\bin\msvcp140.dll
0x000000006dcd0000 - 0x000000006dcf3000 	C:\Program Files\Java\jdk1.8.0_171\jre\bin\prism_d3d.dll
0x00007ffe403c0000 - 0x00007ffe40557000 	C:\WINDOWS\system32\d3d9.dll
0x00007ffe8a5e0000 - 0x00007ffe8a609000 	C:\WINDOWS\SYSTEM32\dwmapi.dll
0x00007ffe8a2b0000 - 0x00007ffe8a348000 	C:\WINDOWS\system32\uxtheme.dll
0x00007ffe34970000 - 0x00007ffe34bb2000 	C:\WINDOWS\System32\DriverStore\FileRepository\igdlh64.inf_amd64_8a9535cd18c90bc3\igdumdim64.dll
0x00007ffe09960000 - 0x00007ffe0cf32000 	C:\WINDOWS\System32\DriverStore\FileRepository\igdlh64.inf_amd64_8a9535cd18c90bc3\igd9dxva64.dll
0x00007ffe8da60000 - 0x00007ffe8dbb1000 	C:\WINDOWS\System32\ole32.dll
0x00007ffe8dd10000 - 0x00007ffe8ddd2000 	C:\WINDOWS\System32\OLEAUT32.dll
0x000000006dc80000 - 0x000000006dcc9000 	C:\Program Files\Java\jdk1.8.0_171\jre\bin\glass.dll
0x00007ffe8d170000 - 0x00007ffe8d25d000 	C:\WINDOWS\System32\COMDLG32.dll
0x00007ffe8e140000 - 0x00007ffe8e2b3000 	C:\WINDOWS\System32\MSCTF.dll
0x00007ffe33b20000 - 0x00007ffe33b44000 	C:\WINDOWS\System32\DriverStore\FileRepository\igdlh64.inf_amd64_8a9535cd18c90bc3\igdinfo64.dll
0x00007ffe81ee0000 - 0x00007ffe83e19000 	C:\WINDOWS\System32\DriverStore\FileRepository\igdlh64.inf_amd64_8a9535cd18c90bc3\igc64.dll
0x000000006dc60000 - 0x000000006dc74000 	C:\Program Files\Java\jdk1.8.0_171\jre\bin\javafx_font.dll
0x00007ffe77b80000 - 0x00007ffe77e9c000 	C:\WINDOWS\SYSTEM32\dwrite.dll
0x00007ffe8df70000 - 0x00007ffe8e010000 	C:\WINDOWS\System32\clbcatq.dll
0x00007ffe87010000 - 0x00007ffe871be000 	C:\WINDOWS\SYSTEM32\WindowsCodecs.dll
0x00007ffe63590000 - 0x00007ffe635e8000 	C:\WINDOWS\system32\dataexchange.dll
0x00007ffe88de0000 - 0x00007ffe890eb000 	C:\WINDOWS\system32\d3d11.dll
0x00007ffe89af0000 - 0x00007ffe89c8c000 	C:\WINDOWS\system32\dcomp.dll
0x00007ffe8ac10000 - 0x00007ffe8accb000 	C:\WINDOWS\system32\dxgi.dll
0x00007ffe8a6c0000 - 0x00007ffe8a878000 	C:\WINDOWS\system32\twinapi.appcore.dll
0x00007ffe8a880000 - 0x00007ffe8a8a1000 	C:\WINDOWS\system32\RMCLIENT.dll
0x00007ffe64670000 - 0x00007ffe646a4000 	C:\Program Files\Common Files\Microsoft Shared\Ink\rtscom.dll
0x00007ffe7b850000 - 0x00007ffe7b8e6000 	C:\WINDOWS\System32\TextInputFramework.dll
0x00007ffe86670000 - 0x00007ffe8698e000 	C:\WINDOWS\System32\CoreUIComponents.dll
0x00007ffe89fd0000 - 0x00007ffe8a0aa000 	C:\WINDOWS\System32\CoreMessaging.dll
0x00007ffe873d0000 - 0x00007ffe8751d000 	C:\WINDOWS\SYSTEM32\wintypes.dll
0x000000006dc40000 - 0x000000006dc52000 	C:\Program Files\Java\jdk1.8.0_171\jre\bin\prism_common.dll
0x00007ffe88010000 - 0x00007ffe881c4000 	C:\WINDOWS\system32\propsys.dll
0x00007ffe47fd0000 - 0x00007ffe48075000 	C:\Program Files\Common Files\microsoft shared\ink\tiptsf.dll
0x00007ffe62a70000 - 0x00007ffe62ab4000 	C:\WINDOWS\SYSTEM32\edputil.dll
0x00007ffe630f0000 - 0x00007ffe63585000 	C:\WINDOWS\system32\explorerframe.dll
0x00007ffe5e1c0000 - 0x00007ffe5e36b000 	C:\WINDOWS\system32\DUI70.dll
0x00007ffe61e00000 - 0x00007ffe61e93000 	C:\WINDOWS\system32\DUser.dll
0x00007ffe62af0000 - 0x00007ffe62b4c000 	C:\Windows\System32\thumbcache.dll
0x00007ffe87350000 - 0x00007ffe873cf000 	C:\WINDOWS\SYSTEM32\policymanager.dll
0x00007ffe87b30000 - 0x00007ffe87bc1000 	C:\WINDOWS\SYSTEM32\msvcp110_win.dll
0x00007ffe77190000 - 0x00007ffe77319000 	C:\Windows\System32\Windows.Globalization.dll
0x00007ffe7a7f0000 - 0x00007ffe7a840000 	C:\Windows\System32\Bcp47Langs.dll
0x00007ffe794d0000 - 0x00007ffe794f9000 	C:\Windows\System32\bcp47mrm.dll
0x00007ffe56b60000 - 0x00007ffe56b8a000 	C:\WINDOWS\SYSTEM32\globinputhost.dll

VM Arguments:
jvm_args: -Dfile.encoding=Cp1252 
java_command: jpadcommander.Main
java_class_path (initial): D:\JPAD\jpad\JPADCommander\bin;D:\JPAD\jpad\libraries\controlFX\controlsfx-8.40.11.jar;D:\JPAD\jpad\JPADCore_v2\bin;D:\JPAD\jpad\libraries\commons-lang\commons-lang3-3.7\commons-lang3-3.7.jar;D:\JPAD\jpad\libraries\commons-math\commons-math3-3.6.1.jar;D:\JPAD\jpad\libraries\eclipse\plugins\org.eclipse.core.commands_3.7.0.v20150422-0725.jar;D:\JPAD\jpad\libraries\args4j\args4j-2.0.21.jar;D:\JPAD\jpad\libraries\icu4j\icu4j-59_1.jar;D:\JPAD\jpad\libraries\jdom\jdom-2.0.5.jar;D:\JPAD\jpad\libraries\jlatexmath\jlatexmath-1.0.3.jar;D:\JPAD\jpad\libraries\jscience-4.3\jscience.jar;D:\JPAD\jpad\libraries\nebula\org.eclipse.nebula.visualization.widgets_1.0.0.201401291008.jar;D:\JPAD\jpad\libraries\nebula\org.eclipse.nebula.visualization.xygraph_1.0.0.201401291008.jar;D:\JPAD\jpad\libraries\occjava\Win64\occjava.jar;D:\JPAD\jpad\libraries\processing\v3.3.6\library\core.jar;D:\JPAD\jpad\libraries\unit-api\unit-api-0.6.1.jar;D:\JPAD\jpad\libraries\guava\guava-16.0.1.jar;D:\JPAD\jpad\libraries\trove\trove-3.1a1.jar;D:\JPAD\jpad\libraries\log4j\log4j-api-2.0.2.jar;D:\JPAD\jpad\libraries\log4j\log4j-core-2.0.2.jar;D:\JPAD\jpad\libraries\hdf\jarhdf5-2.10.1.jar;D:\JPAD\jpad\libraries\hdf\jarh5obj.jar;D:\JPAD\jpad\libraries\hdf\jarhdf-2.10.1.jar;D:\JPAD\jpad\libraries\hdf\jarh4obj.jar;D:\JPAD\jpad\libraries\hdf\jarhdfobj.jar;D:\JPAD\jpad\libraries\hdf\slf4j-api-1.7.5.jar;D:\JPAD\jpad\libraries\jxls\jxls-core-1.0.5.jar;D:\JPAD\jpad\libraries\jxls\jxls-reader-1.0.5.jar;D:\JPAD\jpad\libraries\commons-collections\commons-collections4-4.0.jar;D:\JPAD\jpad\libraries\commons-jexl\commons-jexl-2.1.1.jar;D:\JPAD\jpad\libraries\commons-logging\commons-logging-1.2.jar;D:\JPAD\jpad\libraries\poi\poi-3.10.1-20140818.jar;D:\JPAD\jpad\libraries\poi\poi-ooxml-3.10.1-20140818.jar;D:\JPAD\jpad\libraries\reflectUtils\reflectutils-0.9.16.jar;D:\JPAD\jpad\libraries\xstream\xstream-1.4.7.jar;D:\JPAD\jpad\libraries\jfreechart\jfreechart-1.5.0.jar;D:\JPAD\jpad\libraries\jfreecha
Launcher Type: SUN_STANDARD

Environment Variables:
JAVA_HOME=C:\Program Files\Java\jdk1.8.0_151
PATH=D:\JPAD\jpad\libraries\occjava\OCCJavaWrapper_OCCT_v7.3.0_vc14_Win64;D:\JPAD\jpad\libraries\occjava\OCCJavaWrapper_OCCT_v7.3.0_vc14_Win64\jre1.8.0_171\bin;D:\JPAD\jpad\libraries\hdf\
USERNAME=Utente
OS=Windows_NT
PROCESSOR_IDENTIFIER=Intel64 Family 6 Model 158 Stepping 9, GenuineIntel



---------------  S Y S T E M  ---------------

OS: Windows 10.0 , 64 bit Build 17134 (10.0.17134.1)

CPU:total 8 (initial active 8) (4 cores per cpu, 2 threads per core) family 6 model 158 stepping 9, cmov, cx8, fxsr, mmx, sse, sse2, sse3, ssse3, sse4.1, sse4.2, popcnt, avx, avx2, aes, clmul, erms, rtm, 3dnowpref, lzcnt, ht, tsc, tscinvbit, bmi1, bmi2, adx

Memory: 4k page, physical 33406048k(22740704k free), swap 38386784k(26676832k free)

vm_info: Java HotSpot(TM) 64-Bit Server VM (25.171-b11) for windows-amd64 JRE (1.8.0_171-b11), built on Mar 28 2018 16:06:12 by "java_re" with MS VC++ 10.0 (VS2010)

time: Tue Jan 22 17:10:56 2019
elapsed time: 156 seconds (0d 0h 2m 36s)

