%Alpha[deg]   c[m]     y/(b/2)   Xle/Cr    Clstaz    Cl_bas    Cl_add    Ccl/cavg    Cmac2d
   3.00000   6.39000   0.00000   0.00000   0.00000   0.00000   0.00000   0.00000  -0.04000
   3.00000   6.34353   0.00505   0.00735   0.66505   0.00000   0.00000   1.34389  -0.04000
   3.00000   6.25061   0.01515   0.02205   0.67600   0.00000   0.00000   1.34600  -0.04000
   3.00000   6.15768   0.02525   0.03675   0.68835   0.00000   0.00000   1.35022  -0.04000
   3.00000   6.06475   0.03535   0.05145   0.70223   0.00000   0.00000   1.35665  -0.04000
   3.00000   5.97182   0.04545   0.06615   0.71779   0.00000   0.00000   1.36546  -0.04000
   3.00000   5.87889   0.05556   0.08086   0.73526   0.00000   0.00000   1.37693  -0.04000
   3.00000   5.78596   0.06566   0.09556   0.75495   0.00000   0.00000   1.39146  -0.04000
   3.00000   5.69303   0.07576   0.11026   0.77731   0.00000   0.00000   1.40967  -0.04000
   3.00000   5.60010   0.08586   0.12496   0.80303   0.00000   0.00000   1.43253  -0.04000
   3.00000   5.50717   0.09596   0.13966   0.83325   0.00000   0.00000   1.46179  -0.04000
   3.00000   5.41424   0.10606   0.15436   0.87052   0.00000   0.00000   1.50139  -0.04000
   3.00000   5.48275   0.11616   0.15940   0.89869   0.00000   0.00000   1.56959  -0.04000
   3.00000   5.49060   0.12626   0.16806   0.92758   0.00000   0.00000   1.62237  -0.04000
   3.00000   5.39771   0.13636   0.18276   0.96337   0.00000   0.00000   1.65645  -0.04000
   3.00000   5.30482   0.14646   0.19745   0.99531   0.00000   0.00000   1.68193  -0.04000
   3.00000   5.21193   0.15657   0.21215   1.02489   0.00000   0.00000   1.70158  -0.04000
   3.00000   5.11904   0.16667   0.22685   1.05281   0.00000   0.00000   1.71679  -0.04000
   3.00000   5.02615   0.17677   0.24154   1.07951   0.00000   0.00000   1.72837  -0.04000
   3.00000   4.93326   0.18687   0.25624   1.10525   0.00000   0.00000   1.73690  -0.04000
   3.00000   4.84037   0.19697   0.27093   1.13026   0.00000   0.00000   1.74275  -0.04000
   3.00000   4.74748   0.20707   0.28563   1.15469   0.00000   0.00000   1.74625  -0.04000
   3.00000   4.65459   0.21717   0.30032   1.17866   0.00000   0.00000   1.74762  -0.04000
   3.00000   4.56170   0.22727   0.31502   1.20228   0.00000   0.00000   1.74706  -0.04000
   3.00000   4.46881   0.23737   0.32972   1.22563   0.00000   0.00000   1.74473  -0.04000
   3.00000   4.37592   0.24747   0.34441   1.24879   0.00000   0.00000   1.74074  -0.04000
   3.00000   4.28303   0.25758   0.35911   1.27182   0.00000   0.00000   1.73522  -0.04000
   3.00000   4.19014   0.26768   0.37380   1.29480   0.00000   0.00000   1.72825  -0.04000
   3.00000   4.09724   0.27778   0.38850   1.31775   0.00000   0.00000   1.71990  -0.04000
   3.00000   4.00435   0.28788   0.40319   1.34072   0.00000   0.00000   1.71021  -0.04000
   3.00000   3.91146   0.29798   0.41789   1.36371   0.00000   0.00000   1.69917  -0.04000
   3.00000   3.81857   0.30808   0.43259   1.38664   0.00000   0.00000   1.68672  -0.04000
   3.00000   3.72568   0.31818   0.44728   1.40927   0.00000   0.00000   1.67255  -0.04000
   3.00000   3.63279   0.32828   0.46198   1.43069   0.00000   0.00000   1.65563  -0.04000
   3.00000   3.45603   0.33838   0.48980   1.47907   0.00000   0.00000   1.62834  -0.04000
   3.00000   3.34694   0.34848   0.50703   1.51401   0.00000   0.00000   1.61419  -0.04000
   3.00000   3.25401   0.35859   0.52173   1.54865   0.00000   0.00000   1.60528  -0.04000
   3.00000   3.16108   0.36869   0.53643   1.58376   0.00000   0.00000   1.59478  -0.04000
   3.00000   3.06815   0.37879   0.55113   1.62078   0.00000   0.00000   1.58409  -0.04000
   3.00000   2.97522   0.38889   0.56583   1.66115   0.00000   0.00000   1.57437  -0.04000
   3.00000   2.97759   0.39899   0.56632   1.65488   0.00000   0.00000   1.56967  -0.04000
   3.00000   2.97430   0.40909   0.57704   1.64437   0.00000   0.00000   1.55798  -0.04000
   3.00000   2.94623   0.41919   0.58913   1.64806   0.00000   0.00000   1.54674  -0.04000
   3.00000   2.91817   0.42929   0.60123   1.65139   0.00000   0.00000   1.53510  -0.04000
   3.00000   2.89010   0.43939   0.61332   1.65431   0.00000   0.00000   1.52303  -0.04000
   3.00000   2.86204   0.44949   0.62542   1.65680   0.00000   0.00000   1.51051  -0.04000
   3.00000   2.83397   0.45960   0.63751   1.65887   0.00000   0.00000   1.49756  -0.04000
   3.00000   2.80591   0.46970   0.64961   1.66049   0.00000   0.00000   1.48418  -0.04000
   3.00000   2.77784   0.47980   0.66171   1.66166   0.00000   0.00000   1.47037  -0.04000
   3.00000   2.74977   0.48990   0.67380   1.66235   0.00000   0.00000   1.45612  -0.04000
   3.00000   2.72171   0.50000   0.68590   1.66255   0.00000   0.00000   1.44143  -0.04000
   3.00000   2.69364   0.51010   0.69799   1.66222   0.00000   0.00000   1.42628  -0.04000
   3.00000   2.66558   0.52020   0.71009   1.66132   0.00000   0.00000   1.41066  -0.04000
   3.00000   2.63751   0.53030   0.72218   1.65983   0.00000   0.00000   1.39456  -0.04000
   3.00000   2.60945   0.54040   0.73428   1.65768   0.00000   0.00000   1.37793  -0.04000
   3.00000   2.58138   0.55051   0.74638   1.65481   0.00000   0.00000   1.36075  -0.04000
   3.00000   2.55330   0.56061   0.75848   1.65113   0.00000   0.00000   1.34295  -0.04000
   3.00000   2.52503   0.57071   0.77064   1.64687   0.00000   0.00000   1.32466  -0.04000
   3.00000   2.49694   0.58081   0.78274   1.64149   0.00000   0.00000   1.30564  -0.04000
   3.00000   2.46885   0.59091   0.79483   1.63503   0.00000   0.00000   1.28587  -0.04000
   3.00000   2.44075   0.60101   0.80692   1.62735   0.00000   0.00000   1.26527  -0.04000
   3.00000   2.41266   0.61111   0.81901   1.61831   0.00000   0.00000   1.24376  -0.04000
   3.00000   2.38457   0.62121   0.83111   1.60770   0.00000   0.00000   1.22121  -0.04000
   3.00000   2.35647   0.63131   0.84320   1.59527   0.00000   0.00000   1.19750  -0.04000
   3.00000   2.32838   0.64141   0.85529   1.58074   0.00000   0.00000   1.17244  -0.04000
   3.00000   2.30029   0.65152   0.86739   1.56372   0.00000   0.00000   1.14583  -0.04000
   3.00000   2.27219   0.66162   0.87948   1.54377   0.00000   0.00000   1.11739  -0.04000
   3.00000   2.24410   0.67172   0.89157   1.52029   0.00000   0.00000   1.08679  -0.04000
   3.00000   2.21601   0.68182   0.90366   1.49250   0.00000   0.00000   1.05357  -0.04000
   3.00000   2.18791   0.69192   0.91576   1.45939   0.00000   0.00000   1.01714  -0.04000
   3.00000   2.15982   0.70202   0.92785   1.41954   0.00000   0.00000   0.97666  -0.04000
   3.00000   2.13173   0.71212   0.93994   1.37088   0.00000   0.00000   0.93091  -0.04000
   3.00000   2.10363   0.72222   0.95203   1.31009   0.00000   0.00000   0.87791  -0.04000
   3.00000   2.07550   0.73232   0.96415   1.23098   0.00000   0.00000   0.81386  -0.04000
   3.00000   2.04745   0.74242   0.97632   1.11745   0.00000   0.00000   0.72882  -0.04000
   3.00000   1.97397   0.75253   0.98845   0.89695   0.00000   0.00000   0.56401  -0.04000
   3.00000   1.80970   0.76263   1.00048   0.97443   0.00000   0.00000   0.56174  -0.04000
   3.00000   1.78163   0.77273   1.01258   0.93522   0.00000   0.00000   0.53077  -0.04000
   3.00000   1.75356   0.78283   1.02468   0.89337   0.00000   0.00000   0.49903  -0.04000
   3.00000   1.72549   0.79293   1.03678   0.85326   0.00000   0.00000   0.46900  -0.04000
   3.00000   1.69742   0.80303   1.04887   0.81557   0.00000   0.00000   0.44099  -0.04000
   3.00000   1.66935   0.81313   1.06097   0.78023   0.00000   0.00000   0.41490  -0.04000
   3.00000   1.64128   0.82323   1.07307   0.74702   0.00000   0.00000   0.39056  -0.04000
   3.00000   1.61321   0.83333   1.08516   0.71566   0.00000   0.00000   0.36777  -0.04000
   3.00000   1.58514   0.84343   1.09726   0.68590   0.00000   0.00000   0.34634  -0.04000
   3.00000   1.55707   0.85354   1.10936   0.65749   0.00000   0.00000   0.32612  -0.04000
   3.00000   1.52900   0.86364   1.12145   0.63018   0.00000   0.00000   0.30694  -0.04000
   3.00000   1.50093   0.87374   1.13355   0.60372   0.00000   0.00000   0.28865  -0.04000
   3.00000   1.47286   0.88384   1.14565   0.57783   0.00000   0.00000   0.27111  -0.04000
   3.00000   1.44479   0.89394   1.15774   0.55222   0.00000   0.00000   0.25415  -0.04000
   3.00000   1.41672   0.90404   1.16984   0.52650   0.00000   0.00000   0.23761  -0.04000
   3.00000   1.38865   0.91414   1.18194   0.50015   0.00000   0.00000   0.22124  -0.04000
   3.00000   1.36058   0.92424   1.19404   0.47240   0.00000   0.00000   0.20474  -0.04000
   3.00000   1.33251   0.93434   1.20613   0.44183   0.00000   0.00000   0.18754  -0.04000
   3.00000   1.30444   0.94444   1.21823   0.40496   0.00000   0.00000   0.16827  -0.04000
   3.00000   1.23082   0.95455   1.23747   0.35301   0.00000   0.00000   0.13841  -0.04000
   3.00000   1.14811   0.96465   1.25814   0.22097   0.00000   0.00000   0.08082  -0.04000
   3.00000   1.12008   0.97475   1.27024   0.19701   0.00000   0.00000   0.07029  -0.04000
   3.00000   1.09205   0.98485   1.28233   0.16138   0.00000   0.00000   0.05614  -0.04000
   3.00000   1.06402   0.99495   1.29442   0.10954   0.00000   0.00000   0.03713  -0.04000
   3.00000   1.05000   1.00000   1.30047   0.00000   0.00000   0.00000   0.00000  -0.04000


