 # RISULTATI  DIMENSIONALI  
 
 # Peso                  [Kg]    =    45045.000000
 # ro quota considerata  [Kg/m3] =        1.225000
 # Velocita              [m/s]   =       81.917854
 # pressione dinamica    [kg/mq] =      418.980896
 # semi apertura (b/2)   [m]     =       14.801441
 
 #    y[m]       c[m]       Cl         c*Cl     M[kg*m]   PA_perc   PA_dim[m]   dMt[kg*m]  Mtors[kg*m]
         14.801           1.050           0.000           0.000           0.000           0.000           0.000           0.000           0.000           0.000
         14.727           1.064           0.110           0.117           1.825           0.068          61.518           8.926          -5.372          -5.372
         14.577           1.092           0.161           0.176          10.995           1.027          49.787           8.738         -66.187         -71.559
         14.428           1.120           0.197           0.221          23.426           3.600          45.303           8.624         -89.020        -160.579
         14.278           1.148           0.221           0.254          38.284           8.213          43.102           8.534        -104.885        -265.464
         14.129           1.231           0.353           0.434          59.839          15.548          36.331           8.355        -149.255        -414.719
         13.979           1.304           0.405           0.528          89.992          26.749          34.878           8.239        -204.352        -619.071
         13.830           1.333           0.442           0.589         124.977          42.819          34.053           8.161        -233.704        -852.775
         13.680           1.361           0.472           0.643         163.548          64.387          33.467           8.085        -254.688       -1107.463
         13.531           1.389           0.500           0.695         205.432          91.970          32.998           8.011        -273.420       -1380.883
         13.381           1.417           0.526           0.746         250.547         126.057          32.597           7.937        -291.172       -1672.055
         13.232           1.445           0.552           0.798         298.899         167.131          32.243           7.864        -308.506       -1980.561
         13.082           1.473           0.578           0.851         350.544         215.679          31.922           7.791        -325.743       -2306.304
         12.933           1.501           0.604           0.906         405.581         272.204          31.626           7.718        -343.128       -2649.432
         12.783           1.529           0.630           0.964         464.141         337.219          31.347           7.645        -360.828       -3010.260
         12.634           1.557           0.657           1.024         526.385         411.266          31.084           7.573        -379.009       -3389.269
         12.484           1.585           0.686           1.087         592.503         494.908          30.832           7.500        -397.803       -3787.072
         12.335           1.613           0.716           1.155         662.716         588.741          30.589           7.428        -417.344       -4204.416
         12.185           1.641           0.747           1.226         737.278         693.398          30.355           7.355        -437.782       -4642.197
         12.036           1.669           0.780           1.302         816.474         809.548          30.127           7.283        -459.240       -5101.437
         11.886           1.697           0.816           1.384         900.629         937.910          29.905           7.210        -481.887       -5583.324
         11.736           1.725           0.853           1.472         990.101        1079.251          29.688           7.137        -505.840       -6089.164
         11.587           1.754           0.893           1.567        1085.281        1234.395          29.477           7.065        -531.190       -6620.354
         11.437           1.782           0.935           1.666        1186.535        1404.225          29.277           6.992        -557.740       -7178.094
         11.288           1.810           0.974           1.763        1293.954        1589.652          29.105           6.920        -583.918       -7762.012
         11.138           1.974           0.897           1.771        1404.642        1791.387          29.460           6.898        -596.472       -8358.484
         10.989           2.047           1.117           2.288        1531.756        2010.895          28.580           6.824        -678.890       -9037.375
         10.839           2.075           1.231           2.555        1683.438        2251.247          28.249           6.747        -798.679       -9836.055
         10.690           2.104           1.310           2.756        1849.778        2515.372          28.053           6.674        -863.375      -10699.430
         10.540           2.132           1.371           2.922        2027.626        2805.225          27.918           6.601        -910.137      -11609.566
         10.391           2.160           1.420           3.066        2215.185        3122.397          27.818           6.530        -946.343      -12555.909
         10.241           2.188           1.459           3.193        2411.220        3468.241          27.741           6.459        -975.116      -13531.025
         10.092           2.216           1.492           3.307        2614.820        3843.964          27.680           6.388        -998.291      -14529.316
          9.942           2.244           1.520           3.412        2825.265        4250.634          27.631           6.317       -1016.978      -15546.295
          9.793           2.272           1.544           3.508        3041.986        4689.237          27.591           6.247       -1032.023      -16578.318
          9.643           2.300           1.564           3.597        3264.514        5160.681          27.558           6.177       -1044.024      -17622.342
          9.494           2.328           1.581           3.681        3492.452        5665.793          27.530           6.106       -1053.398      -18675.740
          9.344           2.356           1.595           3.759        3725.473        6205.372          27.507           6.036       -1060.547      -19736.287
          9.195           2.385           1.608           3.834        3963.287        6780.140          27.488           5.966       -1065.702      -20801.990
          9.045           2.413           1.618           3.904        4205.649        7390.804          27.472           5.896       -1069.125      -21871.115
          8.896           2.441           1.627           3.972        4452.347        8038.035          27.458           5.826       -1071.000      -22942.115
          8.746           2.469           1.635           4.037        4703.181        8722.451          27.446           5.757       -1071.437      -24013.553
          8.597           2.497           1.641           4.099        4957.988        9444.675          27.437           5.687       -1070.612      -25084.166
          8.447           2.525           1.647           4.158        5216.605       10205.271          27.429           5.617       -1068.577      -26152.742
          8.298           2.553           1.651           4.216        5478.894       11004.811          27.423           5.547       -1065.393      -27218.135
          8.148           2.581           1.655           4.272        5744.730       11843.831          27.417           5.477       -1061.212      -28279.348
          7.999           2.609           1.658           4.326        6014.005       12722.848          27.413           5.407       -1056.157      -29335.504
          7.849           2.638           1.660           4.378        6286.606       13642.383          27.410           5.338       -1050.207      -30385.711
          7.700           2.666           1.661           4.428        6562.422       14602.904          27.408           5.268       -1043.378      -31429.090
          7.550           2.694           1.662           4.477        6841.361       15604.908          27.406           5.198       -1035.764      -32464.854
          7.401           2.722           1.663           4.525        7123.322       16648.830          27.406           5.129       -1027.352      -33492.207
          7.251           2.750           1.662           4.571        7408.218       17735.133          27.406           5.059       -1018.218      -34510.426
          7.102           2.778           1.662           4.616        7695.958       18864.240          27.407           4.990       -1008.363      -35518.789
          6.952           2.806           1.660           4.659        7986.459       20036.576          27.409           4.920        -997.827      -36516.617
          6.803           2.834           1.659           4.701        8279.632       21252.541          27.411           4.851        -986.619      -37503.238
          6.653           2.862           1.657           4.742        8575.395       22512.535          27.414           4.781        -974.772      -38478.012
          6.504           2.890           1.654           4.781        8873.661       23816.936          27.418           4.712        -962.294      -39440.305
          6.354           2.918           1.651           4.819        9174.346       25166.111          27.422           4.642        -949.203      -40389.508
          6.205           2.946           1.648           4.856        9477.361       26560.412          27.427           4.573        -935.513      -41325.020
          6.055           2.974           1.644           4.891        9782.628       28000.189          27.433           4.503        -921.263      -42246.281
          5.906           2.978           1.655           4.928       10090.147       29485.771          27.417           4.435        -906.931      -43153.211
          5.756           2.975           1.661           4.942       10399.278       31017.455          27.408           4.431        -900.544      -44053.754
          5.607           3.068           1.621           4.973       10709.827       32595.463          27.468           4.364        -893.698      -44947.453
          5.457           3.161           1.584           5.006       11022.384       34220.051          27.526           4.298        -878.656      -45826.109
          5.308           3.254           1.549           5.039       11337.023       35891.520          27.583           4.231        -863.574      -46689.684
          5.158           3.347           1.514           5.067       11653.572       37610.176          27.642           4.165        -847.791      -47537.473
          5.009           3.456           1.479           5.112       11972.387       39376.324          27.704           4.087        -830.887      -48368.359
          4.859           3.633           1.431           5.197       12295.277       41190.449          27.796           3.962        -808.692      -49177.051
          4.710           3.726           1.409           5.250       12622.515       43053.176          27.838           3.895        -788.166      -49965.219
          4.560           3.819           1.387           5.295       12952.808       44965.055          27.885           3.829        -773.599      -50738.816
          4.411           3.911           1.364           5.334       13285.718       46926.504          27.933           3.763        -757.693      -51496.508
          4.261           4.004           1.341           5.369       13620.938       48937.906          27.983           3.697        -740.819      -52237.328
          4.112           4.097           1.318           5.399       13958.196       50999.574          28.035           3.631        -723.108      -52960.438
          3.962           4.190           1.295           5.425       14297.229       53111.805          28.089           3.566        -704.642      -53665.078
          3.812           4.283           1.272           5.447       14637.770       55274.836          28.145           3.500        -685.462      -54350.539
          3.663           4.376           1.249           5.465       14979.537       57488.871          28.203           3.435        -665.608      -55016.148
          3.513           4.469           1.226           5.477       15322.239       59754.070          28.264           3.370        -645.114      -55661.262
          3.364           4.562           1.202           5.484       15665.563       62070.559          28.327           3.305        -624.009      -56285.270
          3.214           4.655           1.179           5.486       16009.171       64438.391          28.394           3.241        -602.320      -56887.590
          3.065           4.747           1.155           5.482       16352.699       66857.594          28.464           3.176        -580.080      -57467.668
          2.915           4.840           1.130           5.471       16695.750       69328.125          28.539           3.113        -557.311      -58024.980
          2.766           4.933           1.105           5.453       17037.879       71849.867          28.619           3.049        -534.041      -58559.023
          2.616           5.026           1.080           5.426       17378.596       74422.664          28.705           2.986        -510.298      -59069.320
          2.467           5.119           1.053           5.389       17717.336       77046.258          28.799           2.924        -486.095      -59555.414
          2.317           5.212           1.025           5.342       18053.439       79720.289          28.903           2.862        -461.444      -60016.859
          2.168           5.305           0.995           5.280       18386.117       82444.320          29.019           2.801        -436.335      -60453.195
          2.018           5.398           0.963           5.200       18714.357       85217.758          29.152           2.741        -410.712      -60863.906
          1.869           5.491           0.928           5.093       19036.740       88039.828          29.312           2.683        -384.397      -61248.305
          1.719           5.483           0.899           4.927       19350.584       90909.469          29.451           2.633        -357.252      -61605.555
          1.570           5.414           0.871           4.713       19652.531       93825.133          29.595           2.589        -329.423      -61934.977
          1.420           5.507           0.833           4.589       19943.879       96785.156          29.800           2.534        -303.336      -62238.312
          1.271           5.600           0.803           4.497       20228.457       99788.227          29.981           2.477        -280.458      -62518.770
          1.121           5.693           0.777           4.425       20507.910      102833.461          30.146           2.421        -259.643      -62778.414
          0.972           5.786           0.755           4.368       20783.326      105920.180          30.298           2.364        -240.220      -63018.633
          0.822           5.879           0.735           4.322       21055.523      109047.836          30.440           2.306        -221.823      -63240.457
          0.673           5.972           0.718           4.286       21325.164      112215.992          30.573           2.248        -204.211      -63444.668
          0.523           6.065           0.702           4.259       21592.811      115424.312          30.696           2.190        -187.206      -63631.875
          0.374           6.158           0.688           4.239       21858.959      118672.539          30.811           2.132        -170.670      -63802.547
          0.224           6.251           0.676           4.225       22124.061      121960.477          30.917           2.073        -154.489      -63957.035
          0.075           6.344           0.665           4.219       22388.539      125288.008          31.015           2.014        -138.561      -64095.598
          0.000           6.390           0.000           0.000       22454.607      126964.125         999.000         999.000      -32966.906      -97062.500
