#
# There is insufficient memory for the Java Runtime Environment to continue.
# Native memory allocation (malloc) failed to allocate 519920 bytes for Chunk::new
# Possible reasons:
#   The system is out of physical RAM or swap space
#   In 32 bit mode, the process size limit was hit
# Possible solutions:
#   Reduce memory load on the system
#   Increase physical memory or swap space
#   Check if swap backing store is full
#   Use 64 bit Java on a 64 bit OS
#   Decrease Java heap size (-Xmx/-Xms)
#   Decrease number of Java threads
#   Decrease Java thread stack sizes (-Xss)
#   Set larger code cache with -XX:ReservedCodeCacheSize=
# This output file may be truncated or incomplete.
#
#  Out of Memory Error (allocation.cpp:390), pid=4364, tid=0x0000000000004620
#
# JRE version: Java(TM) SE Runtime Environment (8.0_121-b13) (build 1.8.0_121-b13)
# Java VM: Java HotSpot(TM) 64-Bit Server VM (25.121-b13 mixed mode windows-amd64 compressed oops)
# Failed to write core dump. Minidumps are not enabled by default on client versions of Windows
#

---------------  T H R E A D  ---------------

Current thread (0x0000000019a4e000):  JavaThread "C2 CompilerThread2" daemon [_thread_in_native, id=17952, stack(0x000000001a410000,0x000000001a510000)]

Stack: [0x000000001a410000,0x000000001a510000]
[error occurred during error reporting (printing stack bounds), id 0xc0000005]

Native frames: (J=compiled Java code, j=interpreted, Vv=VM code, C=native code)


Current CompileTask:
C2:   3113 1388       4       java.net.URLStreamHandler::parseURL (1193 bytes)


---------------  P R O C E S S  ---------------

Java Threads: ( => current thread )
  0x000000001a989000 JavaThread "Thread-2" daemon [_thread_in_native, id=19936, stack(0x000000001d2d0000,0x000000001d3d0000)]
  0x000000001a8aa000 JavaThread "JavaFX Application Thread" [_thread_in_native, id=2676, stack(0x000000001b210000,0x000000001b310000)]
  0x000000001a8a9000 JavaThread "Thread-1" daemon [_thread_blocked, id=3488, stack(0x000000001b110000,0x000000001b210000)]
  0x000000001a84b000 JavaThread "QuantumRenderer-0" daemon [_thread_blocked, id=15152, stack(0x000000001b010000,0x000000001b110000)]
  0x0000000019adf800 JavaThread "Service Thread" daemon [_thread_blocked, id=20064, stack(0x000000001a610000,0x000000001a710000)]
  0x0000000019a51000 JavaThread "C1 CompilerThread3" daemon [_thread_blocked, id=15564, stack(0x000000001a510000,0x000000001a610000)]
=>0x0000000019a4e000 JavaThread "C2 CompilerThread2" daemon [_thread_in_native, id=17952, stack(0x000000001a410000,0x000000001a510000)]
  0x0000000019a46000 JavaThread "C2 CompilerThread1" daemon [_thread_blocked, id=20588, stack(0x000000001a310000,0x000000001a410000)]
  0x0000000019a40000 JavaThread "C2 CompilerThread0" daemon [_thread_blocked, id=14656, stack(0x000000001a210000,0x000000001a310000)]
  0x0000000019a3e000 JavaThread "Attach Listener" daemon [_thread_blocked, id=18232, stack(0x000000001a110000,0x000000001a210000)]
  0x0000000019a3d000 JavaThread "Signal Dispatcher" daemon [_thread_blocked, id=19408, stack(0x000000001a010000,0x000000001a110000)]
  0x0000000002bbe000 JavaThread "Finalizer" daemon [_thread_blocked, id=13640, stack(0x0000000019e10000,0x0000000019f10000)]
  0x0000000002bbb000 JavaThread "Reference Handler" daemon [_thread_blocked, id=19560, stack(0x0000000019910000,0x0000000019a10000)]
  0x0000000002ac5800 JavaThread "main" [_thread_in_native, id=16712, stack(0x00000000028d0000,0x00000000029d0000)]

Other Threads:
  0x0000000017b29000 VMThread [stack: 0x0000000019810000,0x0000000019910000] [id=13996]
  0x0000000019b15000 WatcherThread [stack: 0x000000001a710000,0x000000001a810000] [id=11616]

VM state:not at safepoint (normal execution)

VM Mutex/Monitor currently owned by a thread: None

Heap:
 PSYoungGen      total 71680K, used 61319K [0x00000000d5f80000, 0x00000000daa80000, 0x0000000100000000)
  eden space 66560K, 86% used [0x00000000d5f80000,0x00000000d97ac2f8,0x00000000da080000)
  from space 5120K, 74% used [0x00000000da580000,0x00000000da935948,0x00000000daa80000)
  to   space 5120K, 0% used [0x00000000da080000,0x00000000da080000,0x00000000da580000)
 ParOldGen       total 87552K, used 416K [0x0000000081e00000, 0x0000000087380000, 0x00000000d5f80000)
  object space 87552K, 0% used [0x0000000081e00000,0x0000000081e682e8,0x0000000087380000)
 Metaspace       used 12961K, capacity 13332K, committed 13440K, reserved 1060864K
  class space    used 1487K, capacity 1618K, committed 1664K, reserved 1048576K

Card table byte_map: [0x0000000011f80000,0x0000000012380000] byte_map_base: 0x0000000011b71000

Marking Bits: (ParMarkBitMap*) 0x000000007682b6d0
 Begin Bits: [0x0000000012e30000, 0x0000000014db8000)
 End Bits:   [0x0000000014db8000, 0x0000000016d40000)

Polling page: 0x00000000027d0000

CodeCache: size=245760Kb used=5073Kb max_used=5084Kb free=240686Kb
 bounds [0x0000000002bc0000, 0x00000000030c0000, 0x0000000011bc0000]
 total_blobs=1878 nmethods=1388 adapters=402
 compilation: enabled

Compilation events (10 events):
Event: 3.042 Thread 0x0000000019a51000 1385   !   3       sun.reflect.GeneratedConstructorAccessor1::newInstance (49 bytes)
Event: 3.042 Thread 0x0000000019a51000 nmethod 1385 0x00000000030b4190 code [0x00000000030b4360, 0x00000000030b4868]
Event: 3.043 Thread 0x0000000019a46000 1386       4       org.apache.xml.utils.SuballocatedIntVector::<init> (109 bytes)
Event: 3.046 Thread 0x0000000019a40000 nmethod 1381% 0x00000000030b7f50 code [0x00000000030b80e0, 0x00000000030b8858]
Event: 3.046 Thread 0x0000000019a46000 nmethod 1386 0x00000000030b8ed0 code [0x00000000030b9020, 0x00000000030b92f8]
Event: 3.049 Thread 0x0000000019a51000 1387       3       org.apache.xml.utils.NodeVector::insertElementAt (132 bytes)
Event: 3.050 Thread 0x0000000019a51000 nmethod 1387 0x00000000030b7690 code [0x00000000030b7820, 0x00000000030b7db8]
Event: 3.050 Thread 0x0000000019a4e000 1388       4       java.net.URLStreamHandler::parseURL (1193 bytes)
Event: 3.093 Thread 0x0000000019a40000 1389       4       org.apache.xpath.compiler.OpMap::getNextStepPos (107 bytes)
Event: 3.095 Thread 0x0000000019a40000 nmethod 1389 0x00000000030b5d50 code [0x00000000030b5ea0, 0x00000000030b5fb8]

GC Heap History (8 events):
Event: 1.553 GC heap before
{Heap before GC invocations=1 (full 0):
 PSYoungGen      total 38400K, used 33280K [0x00000000d5f80000, 0x00000000d8a00000, 0x0000000100000000)
  eden space 33280K, 100% used [0x00000000d5f80000,0x00000000d8000000,0x00000000d8000000)
  from space 5120K, 0% used [0x00000000d8500000,0x00000000d8500000,0x00000000d8a00000)
  to   space 5120K, 0% used [0x00000000d8000000,0x00000000d8000000,0x00000000d8500000)
 ParOldGen       total 87552K, used 0K [0x0000000081e00000, 0x0000000087380000, 0x00000000d5f80000)
  object space 87552K, 0% used [0x0000000081e00000,0x0000000081e00000,0x0000000087380000)
 Metaspace       used 8352K, capacity 8662K, committed 8832K, reserved 1056768K
  class space    used 920K, capacity 1061K, committed 1152K, reserved 1048576K
Event: 1.557 GC heap after
Heap after GC invocations=1 (full 0):
 PSYoungGen      total 38400K, used 4070K [0x00000000d5f80000, 0x00000000d8a00000, 0x0000000100000000)
  eden space 33280K, 0% used [0x00000000d5f80000,0x00000000d5f80000,0x00000000d8000000)
  from space 5120K, 79% used [0x00000000d8000000,0x00000000d83f9a48,0x00000000d8500000)
  to   space 5120K, 0% used [0x00000000d8500000,0x00000000d8500000,0x00000000d8a00000)
 ParOldGen       total 87552K, used 8K [0x0000000081e00000, 0x0000000087380000, 0x00000000d5f80000)
  object space 87552K, 0% used [0x0000000081e00000,0x0000000081e02000,0x0000000087380000)
 Metaspace       used 8352K, capacity 8662K, committed 8832K, reserved 1056768K
  class space    used 920K, capacity 1061K, committed 1152K, reserved 1048576K
}
Event: 2.075 GC heap before
{Heap before GC invocations=2 (full 0):
 PSYoungGen      total 38400K, used 37350K [0x00000000d5f80000, 0x00000000d8a00000, 0x0000000100000000)
  eden space 33280K, 100% used [0x00000000d5f80000,0x00000000d8000000,0x00000000d8000000)
  from space 5120K, 79% used [0x00000000d8000000,0x00000000d83f9a48,0x00000000d8500000)
  to   space 5120K, 0% used [0x00000000d8500000,0x00000000d8500000,0x00000000d8a00000)
 ParOldGen       total 87552K, used 8K [0x0000000081e00000, 0x0000000087380000, 0x00000000d5f80000)
  object space 87552K, 0% used [0x0000000081e00000,0x0000000081e02000,0x0000000087380000)
 Metaspace       used 11469K, capacity 11804K, committed 12032K, reserved 1060864K
  class space    used 1371K, capacity 1510K, committed 1536K, reserved 1048576K
Event: 2.080 GC heap after
Heap after GC invocations=2 (full 0):
 PSYoungGen      total 38400K, used 5110K [0x00000000d5f80000, 0x00000000d8a00000, 0x0000000100000000)
  eden space 33280K, 0% used [0x00000000d5f80000,0x00000000d5f80000,0x00000000d8000000)
  from space 5120K, 99% used [0x00000000d8500000,0x00000000d89fdb68,0x00000000d8a00000)
  to   space 5120K, 0% used [0x00000000d8000000,0x00000000d8000000,0x00000000d8500000)
 ParOldGen       total 87552K, used 400K [0x0000000081e00000, 0x0000000087380000, 0x00000000d5f80000)
  object space 87552K, 0% used [0x0000000081e00000,0x0000000081e642e8,0x0000000087380000)
 Metaspace       used 11469K, capacity 11804K, committed 12032K, reserved 1060864K
  class space    used 1371K, capacity 1510K, committed 1536K, reserved 1048576K
}
Event: 2.219 GC heap before
{Heap before GC invocations=3 (full 0):
 PSYoungGen      total 38400K, used 38390K [0x00000000d5f80000, 0x00000000d8a00000, 0x0000000100000000)
  eden space 33280K, 100% used [0x00000000d5f80000,0x00000000d8000000,0x00000000d8000000)
  from space 5120K, 99% used [0x00000000d8500000,0x00000000d89fdb68,0x00000000d8a00000)
  to   space 5120K, 0% used [0x00000000d8000000,0x00000000d8000000,0x00000000d8500000)
 ParOldGen       total 87552K, used 400K [0x0000000081e00000, 0x0000000087380000, 0x00000000d5f80000)
  object space 87552K, 0% used [0x0000000081e00000,0x0000000081e642e8,0x0000000087380000)
 Metaspace       used 11737K, capacity 12060K, committed 12288K, reserved 1060864K
  class space    used 1380K, capacity 1510K, committed 1536K, reserved 1048576K
Event: 2.222 GC heap after
Heap after GC invocations=3 (full 0):
 PSYoungGen      total 38400K, used 3823K [0x00000000d5f80000, 0x00000000daa80000, 0x0000000100000000)
  eden space 33280K, 0% used [0x00000000d5f80000,0x00000000d5f80000,0x00000000d8000000)
  from space 5120K, 74% used [0x00000000d8000000,0x00000000d83bbc18,0x00000000d8500000)
  to   space 5120K, 0% used [0x00000000da580000,0x00000000da580000,0x00000000daa80000)
 ParOldGen       total 87552K, used 408K [0x0000000081e00000, 0x0000000087380000, 0x00000000d5f80000)
  object space 87552K, 0% used [0x0000000081e00000,0x0000000081e662e8,0x0000000087380000)
 Metaspace       used 11737K, capacity 12060K, committed 12288K, reserved 1060864K
  class space    used 1380K, capacity 1510K, committed 1536K, reserved 1048576K
}
Event: 2.412 GC heap before
{Heap before GC invocations=4 (full 0):
 PSYoungGen      total 38400K, used 37103K [0x00000000d5f80000, 0x00000000daa80000, 0x0000000100000000)
  eden space 33280K, 100% used [0x00000000d5f80000,0x00000000d8000000,0x00000000d8000000)
  from space 5120K, 74% used [0x00000000d8000000,0x00000000d83bbc18,0x00000000d8500000)
  to   space 5120K, 0% used [0x00000000da580000,0x00000000da580000,0x00000000daa80000)
 ParOldGen       total 87552K, used 408K [0x0000000081e00000, 0x0000000087380000, 0x00000000d5f80000)
  object space 87552K, 0% used [0x0000000081e00000,0x0000000081e662e8,0x0000000087380000)
 Metaspace       used 12294K, capacity 12718K, committed 12928K, reserved 1060864K
  class space    used 1454K, capacity 1609K, committed 1664K, reserved 1048576K
Event: 2.415 GC heap after
Heap after GC invocations=4 (full 0):
 PSYoungGen      total 71680K, used 3798K [0x00000000d5f80000, 0x00000000daa80000, 0x0000000100000000)
  eden space 66560K, 0% used [0x00000000d5f80000,0x00000000d5f80000,0x00000000da080000)
  from space 5120K, 74% used [0x00000000da580000,0x00000000da935948,0x00000000daa80000)
  to   space 5120K, 0% used [0x00000000da080000,0x00000000da080000,0x00000000da580000)
 ParOldGen       total 87552K, used 416K [0x0000000081e00000, 0x0000000087380000, 0x00000000d5f80000)
  object space 87552K, 0% used [0x0000000081e00000,0x0000000081e682e8,0x0000000087380000)
 Metaspace       used 12294K, capacity 12718K, committed 12928K, reserved 1060864K
  class space    used 1454K, capacity 1609K, committed 1664K, reserved 1048576K
}

Deoptimization events (10 events):
Event: 0.602 Thread 0x0000000002ac5800 Uncommon trap: reason=unstable_if action=reinterpret pc=0x0000000002d80f28 method=java.lang.String.indexOf([CII[CIII)I @ 3
Event: 0.692 Thread 0x0000000002ac5800 Uncommon trap: reason=unstable_if action=reinterpret pc=0x0000000002da1ba8 method=java.lang.String.startsWith(Ljava/lang/String;I)Z @ 25
Event: 1.538 Thread 0x0000000002ac5800 Uncommon trap: reason=unstable_if action=reinterpret pc=0x0000000002e3a7ac method=sun.misc.MetaIndex.mayContain(Ljava/lang/String;)Z @ 13
Event: 1.693 Thread 0x0000000002ac5800 Uncommon trap: reason=predicate action=maybe_recompile pc=0x0000000002eac3b0 method=sun.net.www.ParseUtil.encodePath(Ljava/lang/String;Z)Ljava/lang/String; @ 36
Event: 1.720 Thread 0x0000000002ac5800 Uncommon trap: reason=unstable_if action=reinterpret pc=0x0000000002de6654 method=java.lang.AbstractStringBuilder.append(Ljava/lang/String;)Ljava/lang/AbstractStringBuilder; @ 1
Event: 2.021 Thread 0x0000000002ac5800 Uncommon trap: reason=unstable_if action=reinterpret pc=0x0000000002dd53ac method=java.lang.AbstractStringBuilder.append(Ljava/lang/String;)Ljava/lang/AbstractStringBuilder; @ 1
Event: 2.036 Thread 0x0000000002ac5800 Uncommon trap: reason=unstable_if action=reinterpret pc=0x0000000002d94980 method=java.lang.CharacterData.of(I)Ljava/lang/CharacterData; @ 4
Event: 2.181 Thread 0x0000000002ac5800 Uncommon trap: reason=intrinsic action=make_not_entrant pc=0x0000000002f78aac method=aircraft.components.fuselage.FuselageCurvesSection.BEZ(IIF)F @ 42
Event: 2.265 Thread 0x0000000002ac5800 Uncommon trap: reason=unstable_if action=reinterpret pc=0x0000000002e78370 method=java.lang.Double.compare(DD)I @ 3
Event: 2.394 Thread 0x0000000002ac5800 Uncommon trap: reason=intrinsic action=make_not_entrant pc=0x0000000002f76388 method=aircraft.components.fuselage.FuselageCurvesSection.BEZ(IIF)F @ 9

Internal exceptions (10 events):
Event: 0.960 Thread 0x0000000002ac5800 Exception <a 'java/security/PrivilegedActionException'> (0x00000000d71a06a8) thrown at [C:\re\workspace\8-2-build-windows-amd64-cygwin\jdk8u121\8372\hotspot\src\share\vm\prims\jvm.cpp, line 1390]
Event: 0.960 Thread 0x0000000002ac5800 Exception <a 'java/security/PrivilegedActionException'> (0x00000000d71a0aa0) thrown at [C:\re\workspace\8-2-build-windows-amd64-cygwin\jdk8u121\8372\hotspot\src\share\vm\prims\jvm.cpp, line 1390]
Event: 0.960 Thread 0x0000000002ac5800 Exception <a 'java/security/PrivilegedActionException'> (0x00000000d71a1f08) thrown at [C:\re\workspace\8-2-build-windows-amd64-cygwin\jdk8u121\8372\hotspot\src\share\vm\prims\jvm.cpp, line 1390]
Event: 0.960 Thread 0x0000000002ac5800 Exception <a 'java/security/PrivilegedActionException'> (0x00000000d71a2300) thrown at [C:\re\workspace\8-2-build-windows-amd64-cygwin\jdk8u121\8372\hotspot\src\share\vm\prims\jvm.cpp, line 1390]
Event: 0.960 Thread 0x0000000002ac5800 Exception <a 'java/security/PrivilegedActionException'> (0x00000000d71a3818) thrown at [C:\re\workspace\8-2-build-windows-amd64-cygwin\jdk8u121\8372\hotspot\src\share\vm\prims\jvm.cpp, line 1390]
Event: 0.960 Thread 0x0000000002ac5800 Exception <a 'java/security/PrivilegedActionException'> (0x00000000d71a3c10) thrown at [C:\re\workspace\8-2-build-windows-amd64-cygwin\jdk8u121\8372\hotspot\src\share\vm\prims\jvm.cpp, line 1390]
Event: 0.960 Thread 0x0000000002ac5800 Exception <a 'java/security/PrivilegedActionException'> (0x00000000d71a50b0) thrown at [C:\re\workspace\8-2-build-windows-amd64-cygwin\jdk8u121\8372\hotspot\src\share\vm\prims\jvm.cpp, line 1390]
Event: 0.960 Thread 0x0000000002ac5800 Exception <a 'java/security/PrivilegedActionException'> (0x00000000d71a54a8) thrown at [C:\re\workspace\8-2-build-windows-amd64-cygwin\jdk8u121\8372\hotspot\src\share\vm\prims\jvm.cpp, line 1390]
Event: 1.720 Thread 0x0000000002ac5800 Implicit null exception at 0x0000000002de6296 to 0x0000000002de6639
Event: 2.021 Thread 0x0000000002ac5800 Implicit null exception at 0x0000000002dd4fd9 to 0x0000000002dd5395

Events (10 events):
Event: 3.078 loading class aircraft/components/liftingSurface/creator/ILiftingSurfacePanelCreator
Event: 3.078 loading class aircraft/components/liftingSurface/creator/ILiftingSurfacePanelCreator done
Event: 3.092 loading class org/jscience/physics/amount/Amount$3
Event: 3.092 loading class org/jscience/physics/amount/Amount$3 done
Event: 3.092 loading class org/jscience/physics/amount/Amount$2
Event: 3.092 loading class org/jscience/physics/amount/Amount$2 done
Event: 3.094 loading class aircraft/components/liftingSurface/creator/SymmetricFlapCreator
Event: 3.094 loading class aircraft/components/liftingSurface/creator/SymmetricFlapCreator done
Event: 3.108 loading class aircraft/components/liftingSurface/creator/ISymmetricFlapCreator
Event: 3.108 loading class aircraft/components/liftingSurface/creator/ISymmetricFlapCreator done


Dynamic libraries:
0x00007ff7cbc70000 - 0x00007ff7cbca7000 	C:\Program Files\Java\jdk1.8.0_121\bin\javaw.exe
0x00007ffdf8210000 - 0x00007ffdf83e1000 	C:\WINDOWS\SYSTEM32\ntdll.dll
0x00007ffdf75a0000 - 0x00007ffdf764b000 	C:\WINDOWS\System32\KERNEL32.DLL
0x00007ffdf46e0000 - 0x00007ffdf48fd000 	C:\WINDOWS\System32\KERNELBASE.dll
0x00007ffdf5a50000 - 0x00007ffdf5af2000 	C:\WINDOWS\System32\ADVAPI32.dll
0x00007ffdf7500000 - 0x00007ffdf759e000 	C:\WINDOWS\System32\msvcrt.dll
0x00007ffdf7a20000 - 0x00007ffdf7a79000 	C:\WINDOWS\System32\sechost.dll
0x00007ffdf5780000 - 0x00007ffdf58a1000 	C:\WINDOWS\System32\RPCRT4.dll
0x00007ffdf77b0000 - 0x00007ffdf7915000 	C:\WINDOWS\System32\USER32.dll
0x00007ffdf5360000 - 0x00007ffdf537e000 	C:\WINDOWS\System32\win32u.dll
0x00007ffdf58b0000 - 0x00007ffdf58e4000 	C:\WINDOWS\System32\GDI32.dll
0x00007ffdf49f0000 - 0x00007ffdf4b72000 	C:\WINDOWS\System32\gdi32full.dll
0x00007ffde8270000 - 0x00007ffde84ea000 	C:\WINDOWS\WinSxS\amd64_microsoft.windows.common-controls_6595b64144ccf1df_6.0.14393.953_none_42151e83c686086b\COMCTL32.dll
0x00007ffdf7ca0000 - 0x00007ffdf7f68000 	C:\WINDOWS\System32\combase.dll
0x00007ffdf4b80000 - 0x00007ffdf4c75000 	C:\WINDOWS\System32\ucrtbase.dll
0x00007ffdf5710000 - 0x00007ffdf577a000 	C:\WINDOWS\System32\bcryptPrimitives.dll
0x00007ffdf7990000 - 0x00007ffdf79be000 	C:\WINDOWS\System32\IMM32.DLL
0x00000000768b0000 - 0x0000000076982000 	C:\Program Files\Java\jdk1.8.0_121\jre\bin\msvcr100.dll
0x0000000076010000 - 0x00000000768ab000 	C:\Program Files\Java\jdk1.8.0_121\jre\bin\server\jvm.dll
0x00007ffdf7c00000 - 0x00007ffdf7c08000 	C:\WINDOWS\System32\PSAPI.DLL
0x00007ffdec5d0000 - 0x00007ffdec5da000 	C:\WINDOWS\SYSTEM32\VERSION.dll
0x00007ffdf2b00000 - 0x00007ffdf2b23000 	C:\WINDOWS\SYSTEM32\WINMM.dll
0x00007ffde7060000 - 0x00007ffde7069000 	C:\WINDOWS\SYSTEM32\WSOCK32.dll
0x0000000000f70000 - 0x0000000000f9b000 	C:\WINDOWS\SYSTEM32\WINMMBASE.dll
0x00007ffdf7c10000 - 0x00007ffdf7c7a000 	C:\WINDOWS\System32\WS2_32.dll
0x00007ffdf4900000 - 0x00007ffdf4942000 	C:\WINDOWS\System32\cfgmgr32.dll
0x0000000076000000 - 0x000000007600f000 	C:\Program Files\Java\jdk1.8.0_121\jre\bin\verify.dll
0x0000000075fd0000 - 0x0000000075ff9000 	C:\Program Files\Java\jdk1.8.0_121\jre\bin\java.dll
0x0000000075fb0000 - 0x0000000075fc6000 	C:\Program Files\Java\jdk1.8.0_121\jre\bin\zip.dll
0x00007ffdf5f30000 - 0x00007ffdf7438000 	C:\WINDOWS\System32\SHELL32.dll
0x00007ffdf4c80000 - 0x00007ffdf535a000 	C:\WINDOWS\System32\windows.storage.dll
0x00007ffdf4690000 - 0x00007ffdf46dc000 	C:\WINDOWS\System32\powrprof.dll
0x00007ffdf81b0000 - 0x00007ffdf8202000 	C:\WINDOWS\System32\shlwapi.dll
0x00007ffdf4680000 - 0x00007ffdf468f000 	C:\WINDOWS\System32\kernel.appcore.dll
0x00007ffdf53e0000 - 0x00007ffdf5489000 	C:\WINDOWS\System32\shcore.dll
0x00007ffdf4650000 - 0x00007ffdf4664000 	C:\WINDOWS\System32\profapi.dll
0x00007ffdbd3f0000 - 0x00007ffdbd4df000 	C:\Program Files\Java\jdk1.8.0_121\jre\bin\msvcr120.dll
0x00007ffdbfc70000 - 0x00007ffdbfd16000 	C:\Program Files\Java\jdk1.8.0_121\jre\bin\msvcp120.dll
0x0000000050000000 - 0x0000000050022000 	C:\Program Files\Java\jdk1.8.0_121\jre\bin\prism_d3d.dll
0x00007ffdc4470000 - 0x00007ffdc45fd000 	C:\WINDOWS\system32\d3d9.dll
0x00007ffdf1a60000 - 0x00007ffdf1a86000 	C:\WINDOWS\SYSTEM32\dwmapi.dll
0x00007ffdf2cd0000 - 0x00007ffdf2d65000 	C:\WINDOWS\system32\uxtheme.dll
0x00007ffdbb5b0000 - 0x00007ffdbc01e000 	C:\WINDOWS\SYSTEM32\igdumdim64.dll
0x00007ffdeb570000 - 0x00007ffdeb9d4000 	C:\WINDOWS\SYSTEM32\igdusc64.dll
0x00000000778b0000 - 0x00000000778f3000 	C:\Program Files\Java\jdk1.8.0_121\jre\bin\glass.dll
0x00007ffdf7b00000 - 0x00007ffdf7bfa000 	C:\WINDOWS\System32\COMDLG32.dll
0x00007ffdf58f0000 - 0x00007ffdf5a27000 	C:\WINDOWS\System32\ole32.dll
0x00007ffdf7440000 - 0x00007ffdf74ff000 	C:\WINDOWS\System32\OLEAUT32.dll
0x00007ffdf4950000 - 0x00007ffdf49ec000 	C:\WINDOWS\System32\msvcp_win.dll
0x00007ffdf7650000 - 0x00007ffdf77aa000 	C:\WINDOWS\System32\MSCTF.dll
0x00007ffdbb0a0000 - 0x00007ffdbb2dd000 	C:\Users\Vittorio\ADOPT_PROJECT\jpad\libraries\hdf\jhdf5.dll
0x00007ffdbd320000 - 0x00007ffdbd3ee000 	C:\WINDOWS\SYSTEM32\MSVCR110.dll

VM Arguments:
jvm_args: -Dfile.encoding=Cp1252 
java_command: sandbox2.vt.analyses.tests.NoiseTrajectoryCalcTest -i in/Template_Aircraft/aircraft_IRON.xml -ioc in\Template_Analyses\operating_conditions_IRON.xml -da in/Template_Aircraft/lifting_surfaces/airfoils -df in/Template_Aircraft/fuselages -dls in/Template_Aircraft/lifting_surfaces -de in/Template_Aircraft/engines -dn in/Template_Aircraft/nacelles -dlg in/Template_Aircraft/landing_gears -ds in/Template_Aircraft/systems -dcc in/Template_Aircraft/cabin_configurations
java_class_path (initial): C:\Users\Vittorio\ADOPT_PROJECT\jpad\JPADSandBox_v2\bin;C:\Users\Vittorio\ADOPT_PROJECT\jpad\libraries\commons-lang\commons-lang3-3.3.2.jar;C:\Users\Vittorio\ADOPT_PROJECT\jpad\libraries\commons-math\commons-math3-3.6.1.jar;C:\Users\Vittorio\ADOPT_PROJECT\jpad\libraries\eclipse\plugins\org.eclipse.core.commands_3.7.0.v20150422-0725.jar;C:\Users\Vittorio\ADOPT_PROJECT\jpad\libraries\eclipse\plugins\org.eclipse.equinox.common_3.7.0.v20150402-1709.jar;C:\Users\Vittorio\ADOPT_PROJECT\jpad\libraries\args4j\args4j-2.0.21.jar;C:\Users\Vittorio\ADOPT_PROJECT\jpad\libraries\eclipse\plugins\org.eclipse.core.runtime_3.11.1.v20150903-1804.jar;C:\Users\Vittorio\ADOPT_PROJECT\jpad\libraries\eclipse\plugins\org.eclipse.equinox.registry_3.6.0.v20150318-1503.jar;C:\Users\Vittorio\ADOPT_PROJECT\jpad\libraries\eclipse\plugins\org.eclipse.osgi_3.10.102.v20160118-1700.jar;C:\Users\Vittorio\ADOPT_PROJECT\jpad\libraries\eclipse\plugins\org.eclipse.text_3.5.400.v20150505-1044.jar;C:\Users\Vittorio\ADOPT_PROJECT\jpad\libraries\eclipse\plugins\org.eclipse.ui.forms_3.6.200.v20150506-2029.jar;C:\Users\Vittorio\ADOPT_PROJECT\jpad\libraries\eclipse\plugins\org.eclipse.ui.workbench_3.107.1.v20160120-2131.jar;C:\Users\Vittorio\ADOPT_PROJECT\jpad\libraries\eclipse\plugins\icu4j-57_1.jar;C:\Users\Vittorio\ADOPT_PROJECT\jpad\libraries\igeo\igeo.jar;C:\Users\Vittorio\ADOPT_PROJECT\jpad\libraries\jahuwaldt\jahuwaldt.aero.jar;C:\Users\Vittorio\ADOPT_PROJECT\jpad\libraries\jahuwaldt\jahuwaldt.tools.math.jar;C:\Users\Vittorio\ADOPT_PROJECT\jpad\libraries\jdom\jdom-2.0.5.jar;C:\Users\Vittorio\ADOPT_PROJECT\jpad\libraries\jlatexmath\jlatexmath-1.0.3.jar;C:\Users\Vittorio\ADOPT_PROJECT\jpad\libraries\jscience-4.3\jscience.jar;C:\Users\Vittorio\ADOPT_PROJECT\jpad\libraries\eclipse\plugins\org.eclipse.jface_3.11.1.v20160128-1644.jar;C:\Users\Vittorio\ADOPT_PROJECT\jpad\libraries\eclipse\plugins\org.eclipse.jface.text_3.10.0.v20150603-1752.jar;C:\Users\Vittorio\ADOPT_PROJECT\jpad\li
Launcher Type: SUN_STANDARD

Environment Variables:
PATH=C:\Users\Vittorio\ADOPT_PROJECT\jpad\libraries\hdf
USERNAME=Vittorio
OS=Windows_NT
PROCESSOR_IDENTIFIER=Intel64 Family 6 Model 58 Stepping 9, GenuineIntel



---------------  S Y S T E M  ---------------

OS: Windows 10.0 , 64 bit Build 14393 (10.0.14393.0)

CPU:total 8 (4 cores per cpu, 2 threads per core) family 6 model 58 stepping 9, cmov, cx8, fxsr, mmx, sse, sse2, sse3, ssse3, sse4.1, sse4.2, popcnt, avx, aes, clmul, erms, ht, tsc, tscinvbit, tscinv

Memory: 4k page, physical 8260968k(2611460k free), swap 33426792k(5168k free)

vm_info: Java HotSpot(TM) 64-Bit Server VM (25.121-b13) for windows-amd64 JRE (1.8.0_121-b13), built on Dec 12 2016 18:21:36 by "java_re" with MS VC++ 10.0 (VS2010)

time: Tue May 16 16:40:38 2017
elapsed time: 3 seconds (0d 0h 0m 3s)

