#
# There is insufficient memory for the Java Runtime Environment to continue.
# Native memory allocation (malloc) failed to allocate 402896 bytes for Chunk::new
# Possible reasons:
#   The system is out of physical RAM or swap space
#   In 32 bit mode, the process size limit was hit
# Possible solutions:
#   Reduce memory load on the system
#   Increase physical memory or swap space
#   Check if swap backing store is full
#   Use 64 bit Java on a 64 bit OS
#   Decrease Java heap size (-Xmx/-Xms)
#   Decrease number of Java threads
#   Decrease Java thread stack sizes (-Xss)
#   Set larger code cache with -XX:ReservedCodeCacheSize=
# This output file may be truncated or incomplete.
#
#  Out of Memory Error (allocation.cpp:390), pid=21752, tid=0x000000000000495c
#
# JRE version: Java(TM) SE Runtime Environment (8.0_111-b14) (build 1.8.0_111-b14)
# Java VM: Java HotSpot(TM) 64-Bit Server VM (25.111-b14 mixed mode windows-amd64 compressed oops)
# Failed to write core dump. Minidumps are not enabled by default on client versions of Windows
#

---------------  T H R E A D  ---------------

Current thread (0x000000001a0b5800):  JavaThread "C2 CompilerThread1" daemon [_thread_in_native, id=18780, stack(0x000000001a980000,0x000000001aa80000)]

Stack: [0x000000001a980000,0x000000001aa80000]
[error occurred during error reporting (printing stack bounds), id 0xc0000005]

Native frames: (J=compiled Java code, j=interpreted, Vv=VM code, C=native code)


Current CompileTask:
C2:   4138 1607   !   4       java.util.zip.InflaterInputStream::read (138 bytes)


---------------  P R O C E S S  ---------------

Java Threads: ( => current thread )
  0x000000001afbc800 JavaThread "Thread-2" daemon [_thread_in_native, id=23420, stack(0x000000001daa0000,0x000000001dba0000)]
  0x000000001af11000 JavaThread "JavaFX Application Thread" [_thread_in_native, id=7832, stack(0x000000001b9f0000,0x000000001baf0000)]
  0x000000001aeea800 JavaThread "Thread-1" daemon [_thread_blocked, id=18628, stack(0x000000001b8f0000,0x000000001b9f0000)]
  0x000000001aec9000 JavaThread "QuantumRenderer-0" daemon [_thread_blocked, id=19136, stack(0x000000001b680000,0x000000001b780000)]
  0x000000001a155000 JavaThread "Service Thread" daemon [_thread_blocked, id=6700, stack(0x000000001ac80000,0x000000001ad80000)]
  0x000000001a0c8000 JavaThread "C1 CompilerThread3" daemon [_thread_blocked, id=15744, stack(0x000000001ab80000,0x000000001ac80000)]
  0x000000001a0c5000 JavaThread "C2 CompilerThread2" daemon [_thread_in_native, id=13164, stack(0x000000001aa80000,0x000000001ab80000)]
=>0x000000001a0b5800 JavaThread "C2 CompilerThread1" daemon [_thread_in_native, id=18780, stack(0x000000001a980000,0x000000001aa80000)]
  0x000000001a0b3000 JavaThread "C2 CompilerThread0" daemon [_thread_in_native, id=11656, stack(0x000000001a880000,0x000000001a980000)]
  0x000000001a0b0800 JavaThread "Attach Listener" daemon [_thread_blocked, id=16552, stack(0x000000001a780000,0x000000001a880000)]
  0x000000001a0af800 JavaThread "Signal Dispatcher" daemon [_thread_blocked, id=22188, stack(0x000000001a680000,0x000000001a780000)]
  0x000000001a0a0800 JavaThread "Finalizer" daemon [_thread_blocked, id=12748, stack(0x000000001a480000,0x000000001a580000)]
  0x00000000031f9000 JavaThread "Reference Handler" daemon [_thread_blocked, id=21948, stack(0x0000000019f80000,0x000000001a080000)]
  0x0000000003105800 JavaThread "main" [_thread_in_native, id=21540, stack(0x0000000002fe0000,0x00000000030e0000)]

Other Threads:
  0x0000000018199000 VMThread [stack: 0x0000000019e80000,0x0000000019f80000] [id=13384]
  0x000000001a18b000 WatcherThread [stack: 0x000000001ad80000,0x000000001ae80000] [id=13704]

VM state:not at safepoint (normal execution)

VM Mutex/Monitor currently owned by a thread: None

Heap:
 PSYoungGen      total 38400K, used 37976K [0x00000000d5f80000, 0x00000000d8a00000, 0x0000000100000000)
  eden space 33280K, 98% used [0x00000000d5f80000,0x00000000d7f995b0,0x00000000d8000000)
  from space 5120K, 99% used [0x00000000d8000000,0x00000000d84fcdd0,0x00000000d8500000)
  to   space 5120K, 0% used [0x00000000d8500000,0x00000000d8500000,0x00000000d8a00000)
 ParOldGen       total 87552K, used 3642K [0x0000000081e00000, 0x0000000087380000, 0x00000000d5f80000)
  object space 87552K, 4% used [0x0000000081e00000,0x000000008218ebf8,0x0000000087380000)
 Metaspace       used 18592K, capacity 19156K, committed 19328K, reserved 1071104K
  class space    used 2208K, capacity 2386K, committed 2432K, reserved 1048576K

Card table byte_map: [0x00000000125c0000,0x00000000129c0000] byte_map_base: 0x00000000121b1000

Marking Bits: (ParMarkBitMap*) 0x000000007364a6c0
 Begin Bits: [0x0000000013470000, 0x00000000153f8000)
 End Bits:   [0x00000000153f8000, 0x0000000017380000)

Polling page: 0x00000000016e0000

CodeCache: size=245760Kb used=5771Kb max_used=5778Kb free=239988Kb
 bounds [0x0000000003200000, 0x00000000037b0000, 0x0000000012200000]
 total_blobs=2267 nmethods=1727 adapters=452
 compilation: enabled

Compilation events (10 events):
Event: 4.012 Thread 0x000000001a0c5000 nmethod 1610 0x000000000376f110 code [0x000000000376f340, 0x0000000003771c10]
Event: 4.012 Thread 0x000000001a0c5000 1613       4       java.util.HashMap::put (13 bytes)
Event: 4.014 Thread 0x000000001a0b3000 nmethod 1626 0x000000000376c610 code [0x000000000376c7c0, 0x000000000376cdb0]
Event: 4.014 Thread 0x000000001a0b3000 1609       4       java.io.FilterInputStream::read (8 bytes)
Event: 4.014 Thread 0x000000001a0b3000 nmethod 1609 0x000000000375aed0 code [0x000000000375b020, 0x000000000375b0c8]
Event: 4.014 Thread 0x000000001a0b3000 1621       4       java.io.DataInputStream::readUnsignedShort (39 bytes)
Event: 4.016 Thread 0x000000001a0b3000 nmethod 1621 0x000000000376d690 code [0x000000000376d800, 0x000000000376d998]
Event: 4.016 Thread 0x000000001a0b3000 1634   !   4       org.apache.xmlbeans.impl.schema.SchemaTypeSystemImpl$XsbReader::readShort (34 bytes)
Event: 4.018 Thread 0x000000001a0b3000 nmethod 1634 0x000000000375ce90 code [0x000000000375d000, 0x000000000375d1f8]
Event: 4.018 Thread 0x000000001a0b3000 1635       4       org.apache.xmlbeans.impl.schema.SchemaTypeSystemImpl$XsbReader::readString (12 bytes)

GC Heap History (10 events):
Event: 2.846 GC heap before
{Heap before GC invocations=1 (full 0):
 PSYoungGen      total 38400K, used 33280K [0x00000000d5f80000, 0x00000000d8a00000, 0x0000000100000000)
  eden space 33280K, 100% used [0x00000000d5f80000,0x00000000d8000000,0x00000000d8000000)
  from space 5120K, 0% used [0x00000000d8500000,0x00000000d8500000,0x00000000d8a00000)
  to   space 5120K, 0% used [0x00000000d8000000,0x00000000d8000000,0x00000000d8500000)
 ParOldGen       total 87552K, used 0K [0x0000000081e00000, 0x0000000087380000, 0x00000000d5f80000)
  object space 87552K, 0% used [0x0000000081e00000,0x0000000081e00000,0x0000000087380000)
 Metaspace       used 8089K, capacity 8382K, committed 8576K, reserved 1056768K
  class space    used 899K, capacity 1029K, committed 1152K, reserved 1048576K
Event: 2.851 GC heap after
Heap after GC invocations=1 (full 0):
 PSYoungGen      total 38400K, used 5088K [0x00000000d5f80000, 0x00000000d8a00000, 0x0000000100000000)
  eden space 33280K, 0% used [0x00000000d5f80000,0x00000000d5f80000,0x00000000d8000000)
  from space 5120K, 99% used [0x00000000d8000000,0x00000000d84f82d0,0x00000000d8500000)
  to   space 5120K, 0% used [0x00000000d8500000,0x00000000d8500000,0x00000000d8a00000)
 ParOldGen       total 87552K, used 562K [0x0000000081e00000, 0x0000000087380000, 0x00000000d5f80000)
  object space 87552K, 0% used [0x0000000081e00000,0x0000000081e8cb50,0x0000000087380000)
 Metaspace       used 8089K, capacity 8382K, committed 8576K, reserved 1056768K
  class space    used 899K, capacity 1029K, committed 1152K, reserved 1048576K
}
Event: 3.021 GC heap before
{Heap before GC invocations=2 (full 0):
 PSYoungGen      total 38400K, used 38368K [0x00000000d5f80000, 0x00000000d8a00000, 0x0000000100000000)
  eden space 33280K, 100% used [0x00000000d5f80000,0x00000000d8000000,0x00000000d8000000)
  from space 5120K, 99% used [0x00000000d8000000,0x00000000d84f82d0,0x00000000d8500000)
  to   space 5120K, 0% used [0x00000000d8500000,0x00000000d8500000,0x00000000d8a00000)
 ParOldGen       total 87552K, used 562K [0x0000000081e00000, 0x0000000087380000, 0x00000000d5f80000)
  object space 87552K, 0% used [0x0000000081e00000,0x0000000081e8cb50,0x0000000087380000)
 Metaspace       used 9063K, capacity 9374K, committed 9600K, reserved 1058816K
  class space    used 983K, capacity 1125K, committed 1152K, reserved 1048576K
Event: 3.024 GC heap after
Heap after GC invocations=2 (full 0):
 PSYoungGen      total 38400K, used 5038K [0x00000000d5f80000, 0x00000000d8a00000, 0x0000000100000000)
  eden space 33280K, 0% used [0x00000000d5f80000,0x00000000d5f80000,0x00000000d8000000)
  from space 5120K, 98% used [0x00000000d8500000,0x00000000d89ebb30,0x00000000d8a00000)
  to   space 5120K, 0% used [0x00000000d8000000,0x00000000d8000000,0x00000000d8500000)
 ParOldGen       total 87552K, used 570K [0x0000000081e00000, 0x0000000087380000, 0x00000000d5f80000)
  object space 87552K, 0% used [0x0000000081e00000,0x0000000081e8eb50,0x0000000087380000)
 Metaspace       used 9063K, capacity 9374K, committed 9600K, reserved 1058816K
  class space    used 983K, capacity 1125K, committed 1152K, reserved 1048576K
}
Event: 3.081 GC heap before
{Heap before GC invocations=3 (full 0):
 PSYoungGen      total 38400K, used 38318K [0x00000000d5f80000, 0x00000000d8a00000, 0x0000000100000000)
  eden space 33280K, 100% used [0x00000000d5f80000,0x00000000d8000000,0x00000000d8000000)
  from space 5120K, 98% used [0x00000000d8500000,0x00000000d89ebb30,0x00000000d8a00000)
  to   space 5120K, 0% used [0x00000000d8000000,0x00000000d8000000,0x00000000d8500000)
 ParOldGen       total 87552K, used 570K [0x0000000081e00000, 0x0000000087380000, 0x00000000d5f80000)
  object space 87552K, 0% used [0x0000000081e00000,0x0000000081e8eb50,0x0000000087380000)
 Metaspace       used 9606K, capacity 10000K, committed 10240K, reserved 1058816K
  class space    used 1054K, capacity 1192K, committed 1280K, reserved 1048576K
Event: 3.084 GC heap after
Heap after GC invocations=3 (full 0):
 PSYoungGen      total 38400K, used 4838K [0x00000000d5f80000, 0x00000000d8a00000, 0x0000000100000000)
  eden space 33280K, 0% used [0x00000000d5f80000,0x00000000d5f80000,0x00000000d8000000)
  from space 5120K, 94% used [0x00000000d8000000,0x00000000d84b9a58,0x00000000d8500000)
  to   space 5120K, 0% used [0x00000000d8500000,0x00000000d8500000,0x00000000d8a00000)
 ParOldGen       total 87552K, used 578K [0x0000000081e00000, 0x0000000087380000, 0x00000000d5f80000)
  object space 87552K, 0% used [0x0000000081e00000,0x0000000081e90b50,0x0000000087380000)
 Metaspace       used 9606K, capacity 10000K, committed 10240K, reserved 1058816K
  class space    used 1054K, capacity 1192K, committed 1280K, reserved 1048576K
}
Event: 3.468 GC heap before
{Heap before GC invocations=4 (full 0):
 PSYoungGen      total 38400K, used 38118K [0x00000000d5f80000, 0x00000000d8a00000, 0x0000000100000000)
  eden space 33280K, 100% used [0x00000000d5f80000,0x00000000d8000000,0x00000000d8000000)
  from space 5120K, 94% used [0x00000000d8000000,0x00000000d84b9a58,0x00000000d8500000)
  to   space 5120K, 0% used [0x00000000d8500000,0x00000000d8500000,0x00000000d8a00000)
 ParOldGen       total 87552K, used 578K [0x0000000081e00000, 0x0000000087380000, 0x00000000d5f80000)
  object space 87552K, 0% used [0x0000000081e00000,0x0000000081e90b50,0x0000000087380000)
 Metaspace       used 13710K, capacity 14318K, committed 14592K, reserved 1062912K
  class space    used 1525K, capacity 1713K, committed 1792K, reserved 1048576K
Event: 3.472 GC heap after
Heap after GC invocations=4 (full 0):
 PSYoungGen      total 38400K, used 5107K [0x00000000d5f80000, 0x00000000d8a00000, 0x0000000100000000)
  eden space 33280K, 0% used [0x00000000d5f80000,0x00000000d5f80000,0x00000000d8000000)
  from space 5120K, 99% used [0x00000000d8500000,0x00000000d89fcdb0,0x00000000d8a00000)
  to   space 5120K, 0% used [0x00000000d8000000,0x00000000d8000000,0x00000000d8500000)
 ParOldGen       total 87552K, used 2622K [0x0000000081e00000, 0x0000000087380000, 0x00000000d5f80000)
  object space 87552K, 2% used [0x0000000081e00000,0x000000008208f8e8,0x0000000087380000)
 Metaspace       used 13710K, capacity 14318K, committed 14592K, reserved 1062912K
  class space    used 1525K, capacity 1713K, committed 1792K, reserved 1048576K
}
Event: 3.728 GC heap before
{Heap before GC invocations=5 (full 0):
 PSYoungGen      total 38400K, used 38387K [0x00000000d5f80000, 0x00000000d8a00000, 0x0000000100000000)
  eden space 33280K, 100% used [0x00000000d5f80000,0x00000000d8000000,0x00000000d8000000)
  from space 5120K, 99% used [0x00000000d8500000,0x00000000d89fcdb0,0x00000000d8a00000)
  to   space 5120K, 0% used [0x00000000d8000000,0x00000000d8000000,0x00000000d8500000)
 ParOldGen       total 87552K, used 2622K [0x0000000081e00000, 0x0000000087380000, 0x00000000d5f80000)
  object space 87552K, 2% used [0x0000000081e00000,0x000000008208f8e8,0x0000000087380000)
 Metaspace       used 15061K, capacity 15700K, committed 16000K, reserved 1062912K
  class space    used 1706K, capacity 1874K, committed 1920K, reserved 1048576K
Event: 3.736 GC heap after
Heap after GC invocations=5 (full 0):
 PSYoungGen      total 38400K, used 5107K [0x00000000d5f80000, 0x00000000d8a00000, 0x0000000100000000)
  eden space 33280K, 0% used [0x00000000d5f80000,0x00000000d5f80000,0x00000000d8000000)
  from space 5120K, 99% used [0x00000000d8000000,0x00000000d84fcdd0,0x00000000d8500000)
  to   space 5120K, 0% used [0x00000000d8500000,0x00000000d8500000,0x00000000d8a00000)
 ParOldGen       total 87552K, used 3642K [0x0000000081e00000, 0x0000000087380000, 0x00000000d5f80000)
  object space 87552K, 4% used [0x0000000081e00000,0x000000008218ebf8,0x0000000087380000)
 Metaspace       used 15061K, capacity 15700K, committed 16000K, reserved 1062912K
  class space    used 1706K, capacity 1874K, committed 1920K, reserved 1048576K
}

Deoptimization events (10 events):
Event: 3.425 Thread 0x0000000003105800 Uncommon trap: reason=predicate action=maybe_recompile pc=0x0000000003638c28 method=sun.net.www.ParseUtil.encodePath(Ljava/lang/String;Z)Ljava/lang/String; @ 36
Event: 3.448 Thread 0x0000000003105800 Uncommon trap: reason=unstable_if action=reinterpret pc=0x0000000003428cdc method=java.lang.AbstractStringBuilder.append(Ljava/lang/String;)Ljava/lang/AbstractStringBuilder; @ 1
Event: 3.618 Thread 0x0000000003105800 Uncommon trap: reason=unstable_if action=reinterpret pc=0x000000000341ccd8 method=java.lang.AbstractStringBuilder.append(Ljava/lang/String;)Ljava/lang/AbstractStringBuilder; @ 1
Event: 3.639 Thread 0x0000000003105800 Uncommon trap: reason=unstable_if action=reinterpret pc=0x0000000003545b14 method=java.io.WinNTFileSystem.normalize(Ljava/lang/String;)Ljava/lang/String; @ 74
Event: 3.883 Thread 0x0000000003105800 Uncommon trap: reason=unstable_if action=reinterpret pc=0x000000000371e6b0 method=java.util.HashMap.hash(Ljava/lang/Object;)I @ 1
Event: 3.966 Thread 0x0000000003105800 Uncommon trap: reason=unstable_if action=reinterpret pc=0x0000000003748ad8 method=java.io.DataInputStream.readUTF(Ljava/io/DataInput;)Ljava/lang/String; @ 31
Event: 3.978 Thread 0x0000000003105800 Uncommon trap: reason=bimorphic action=maybe_recompile pc=0x000000000371db44 method=java.util.HashMap.putVal(ILjava/lang/Object;Ljava/lang/Object;ZZ)Ljava/lang/Object; @ 152
Event: 3.978 Thread 0x0000000003105800 Uncommon trap: reason=bimorphic action=maybe_recompile pc=0x000000000371db44 method=java.util.HashMap.putVal(ILjava/lang/Object;Ljava/lang/Object;ZZ)Ljava/lang/Object; @ 152
Event: 3.978 Thread 0x0000000003105800 Uncommon trap: reason=bimorphic action=maybe_recompile pc=0x000000000371db44 method=java.util.HashMap.putVal(ILjava/lang/Object;Ljava/lang/Object;ZZ)Ljava/lang/Object; @ 152
Event: 3.978 Thread 0x0000000003105800 Uncommon trap: reason=bimorphic action=maybe_recompile pc=0x000000000371db44 method=java.util.HashMap.putVal(ILjava/lang/Object;Ljava/lang/Object;ZZ)Ljava/lang/Object; @ 152

Internal exceptions (10 events):
Event: 3.922 Thread 0x0000000003105800 Exception <a 'java/security/PrivilegedActionException'> (0x00000000d6f60978) thrown at [C:\re\workspace\8-2-build-windows-amd64-cygwin\jdk8u111\7883\hotspot\src\share\vm\prims\jvm.cpp, line 1386]
Event: 3.922 Thread 0x0000000003105800 Exception <a 'java/security/PrivilegedActionException'> (0x00000000d6f60d70) thrown at [C:\re\workspace\8-2-build-windows-amd64-cygwin\jdk8u111\7883\hotspot\src\share\vm\prims\jvm.cpp, line 1386]
Event: 3.924 Thread 0x0000000003105800 Exception <a 'java/security/PrivilegedActionException'> (0x00000000d6f81330) thrown at [C:\re\workspace\8-2-build-windows-amd64-cygwin\jdk8u111\7883\hotspot\src\share\vm\prims\jvm.cpp, line 1386]
Event: 3.924 Thread 0x0000000003105800 Exception <a 'java/security/PrivilegedActionException'> (0x00000000d6f81728) thrown at [C:\re\workspace\8-2-build-windows-amd64-cygwin\jdk8u111\7883\hotspot\src\share\vm\prims\jvm.cpp, line 1386]
Event: 3.924 Thread 0x0000000003105800 Exception <a 'java/security/PrivilegedActionException'> (0x00000000d6f8fe58) thrown at [C:\re\workspace\8-2-build-windows-amd64-cygwin\jdk8u111\7883\hotspot\src\share\vm\prims\jvm.cpp, line 1386]
Event: 3.924 Thread 0x0000000003105800 Exception <a 'java/security/PrivilegedActionException'> (0x00000000d6f90250) thrown at [C:\re\workspace\8-2-build-windows-amd64-cygwin\jdk8u111\7883\hotspot\src\share\vm\prims\jvm.cpp, line 1386]
Event: 3.925 Thread 0x0000000003105800 Exception <a 'java/security/PrivilegedActionException'> (0x00000000d6f9ea80) thrown at [C:\re\workspace\8-2-build-windows-amd64-cygwin\jdk8u111\7883\hotspot\src\share\vm\prims\jvm.cpp, line 1386]
Event: 3.925 Thread 0x0000000003105800 Exception <a 'java/security/PrivilegedActionException'> (0x00000000d6f9ee78) thrown at [C:\re\workspace\8-2-build-windows-amd64-cygwin\jdk8u111\7883\hotspot\src\share\vm\prims\jvm.cpp, line 1386]
Event: 3.925 Thread 0x0000000003105800 Exception <a 'java/security/PrivilegedActionException'> (0x00000000d6fade40) thrown at [C:\re\workspace\8-2-build-windows-amd64-cygwin\jdk8u111\7883\hotspot\src\share\vm\prims\jvm.cpp, line 1386]
Event: 3.925 Thread 0x0000000003105800 Exception <a 'java/security/PrivilegedActionException'> (0x00000000d6fae238) thrown at [C:\re\workspace\8-2-build-windows-amd64-cygwin\jdk8u111\7883\hotspot\src\share\vm\prims\jvm.cpp, line 1386]

Events (10 events):
Event: 4.014 loading class org/apache/xmlbeans/impl/xb/xsdschema/LocalElement
Event: 4.014 loading class org/apache/xmlbeans/impl/xb/xsdschema/LocalElement done
Event: 4.015 loading class org/apache/xmlbeans/impl/schema/StscComplexTypeResolver$CodeForNameEntry
Event: 4.015 loading class org/apache/xmlbeans/impl/schema/StscComplexTypeResolver$CodeForNameEntry done
Event: 4.016 loading class org/apache/xmlbeans/QNameSetBuilder
Event: 4.016 loading class org/apache/xmlbeans/QNameSetBuilder done
Event: 4.017 loading class org/apache/xmlbeans/impl/schema/StscComplexTypeResolver$WildcardResult
Event: 4.017 loading class org/apache/xmlbeans/impl/schema/StscComplexTypeResolver$WildcardResult done
Event: 4.018 loading class org/apache/xmlbeans/XmlFactoryHook$ThreadContext
Event: 4.018 loading class org/apache/xmlbeans/XmlFactoryHook$ThreadContext done


Dynamic libraries:
0x00007ff61e2d0000 - 0x00007ff61e307000 	C:\Program Files\Java\jdk1.8.0_111\bin\javaw.exe
0x00007ff8e4fe0000 - 0x00007ff8e51b1000 	C:\WINDOWS\SYSTEM32\ntdll.dll
0x00007ff8e4130000 - 0x00007ff8e41db000 	C:\WINDOWS\System32\KERNEL32.DLL
0x00007ff8e21a0000 - 0x00007ff8e23bd000 	C:\WINDOWS\System32\KERNELBASE.dll
0x00007ff8e4f30000 - 0x00007ff8e4fd2000 	C:\WINDOWS\System32\ADVAPI32.dll
0x00007ff8e4890000 - 0x00007ff8e492e000 	C:\WINDOWS\System32\msvcrt.dll
0x00007ff8e4a40000 - 0x00007ff8e4a99000 	C:\WINDOWS\System32\sechost.dll
0x00007ff8e28c0000 - 0x00007ff8e29e1000 	C:\WINDOWS\System32\RPCRT4.dll
0x00007ff8e26b0000 - 0x00007ff8e2815000 	C:\WINDOWS\System32\USER32.dll
0x00007ff8e19a0000 - 0x00007ff8e19be000 	C:\WINDOWS\System32\win32u.dll
0x00007ff8e4990000 - 0x00007ff8e49c4000 	C:\WINDOWS\System32\GDI32.dll
0x00007ff8e23c0000 - 0x00007ff8e2542000 	C:\WINDOWS\System32\gdi32full.dll
0x00007ff8d1c70000 - 0x00007ff8d1ee9000 	C:\WINDOWS\WinSxS\amd64_microsoft.windows.common-controls_6595b64144ccf1df_6.0.14393.447_none_42191651c6827bb3\COMCTL32.dll
0x00007ff8e45c0000 - 0x00007ff8e4887000 	C:\WINDOWS\System32\combase.dll
0x00007ff8e18a0000 - 0x00007ff8e1995000 	C:\WINDOWS\System32\ucrtbase.dll
0x00007ff8e1680000 - 0x00007ff8e16ea000 	C:\WINDOWS\System32\bcryptPrimitives.dll
0x00007ff8e2820000 - 0x00007ff8e284e000 	C:\WINDOWS\System32\IMM32.DLL
0x0000000073750000 - 0x0000000073822000 	C:\Program Files\Java\jdk1.8.0_111\jre\bin\msvcr100.dll
0x0000000072e30000 - 0x00000000736ca000 	C:\Program Files\Java\jdk1.8.0_111\jre\bin\server\jvm.dll
0x00007ff8e2850000 - 0x00007ff8e2858000 	C:\WINDOWS\System32\PSAPI.DLL
0x00007ff8d4280000 - 0x00007ff8d4289000 	C:\WINDOWS\SYSTEM32\WSOCK32.dll
0x00007ff8d85f0000 - 0x00007ff8d85fa000 	C:\WINDOWS\SYSTEM32\VERSION.dll
0x00007ff8de6a0000 - 0x00007ff8de6c3000 	C:\WINDOWS\SYSTEM32\WINMM.dll
0x00007ff8e49d0000 - 0x00007ff8e4a3a000 	C:\WINDOWS\System32\WS2_32.dll
0x00007ff8de670000 - 0x00007ff8de69b000 	C:\WINDOWS\SYSTEM32\WINMMBASE.dll
0x00007ff8e20a0000 - 0x00007ff8e20e2000 	C:\WINDOWS\System32\cfgmgr32.dll
0x0000000072e20000 - 0x0000000072e2f000 	C:\Program Files\Java\jdk1.8.0_111\jre\bin\verify.dll
0x0000000072df0000 - 0x0000000072e19000 	C:\Program Files\Java\jdk1.8.0_111\jre\bin\java.dll
0x0000000072dd0000 - 0x0000000072de6000 	C:\Program Files\Java\jdk1.8.0_111\jre\bin\zip.dll
0x00007ff8e2c20000 - 0x00007ff8e4129000 	C:\WINDOWS\System32\SHELL32.dll
0x00007ff8e19c0000 - 0x00007ff8e209a000 	C:\WINDOWS\System32\windows.storage.dll
0x00007ff8e1460000 - 0x00007ff8e14ac000 	C:\WINDOWS\System32\powrprof.dll
0x00007ff8e4ed0000 - 0x00007ff8e4f22000 	C:\WINDOWS\System32\shlwapi.dll
0x00007ff8e1450000 - 0x00007ff8e145f000 	C:\WINDOWS\System32\kernel.appcore.dll
0x00007ff8e17f0000 - 0x00007ff8e1899000 	C:\WINDOWS\System32\shcore.dll
0x00007ff8e1430000 - 0x00007ff8e1444000 	C:\WINDOWS\System32\profapi.dll
0x00007ff8b3ac0000 - 0x00007ff8b3baf000 	C:\Program Files\Java\jdk1.8.0_111\jre\bin\msvcr120.dll
0x00007ff8ae450000 - 0x00007ff8ae4f6000 	C:\Program Files\Java\jdk1.8.0_111\jre\bin\msvcp120.dll
0x0000000073720000 - 0x0000000073742000 	C:\Program Files\Java\jdk1.8.0_111\jre\bin\prism_d3d.dll
0x00007ff8b4980000 - 0x00007ff8b4b0d000 	C:\WINDOWS\system32\d3d9.dll
0x00007ff8df180000 - 0x00007ff8df1a6000 	C:\WINDOWS\SYSTEM32\dwmapi.dll
0x00007ff8dfbb0000 - 0x00007ff8dfc45000 	C:\WINDOWS\system32\uxtheme.dll
0x00007ff8ac370000 - 0x00007ff8acdde000 	C:\WINDOWS\SYSTEM32\igdumdim64.dll
0x00007ff8daec0000 - 0x00007ff8db324000 	C:\WINDOWS\SYSTEM32\igdusc64.dll
0x00000000736d0000 - 0x0000000073713000 	C:\Program Files\Java\jdk1.8.0_111\jre\bin\glass.dll
0x00007ff8e41e0000 - 0x00007ff8e42da000 	C:\WINDOWS\System32\COMDLG32.dll
0x00007ff8e2570000 - 0x00007ff8e26a7000 	C:\WINDOWS\System32\ole32.dll
0x00007ff8e2a00000 - 0x00007ff8e2abf000 	C:\WINDOWS\System32\OLEAUT32.dll
0x00007ff8e16f0000 - 0x00007ff8e178c000 	C:\WINDOWS\System32\msvcp_win.dll
0x00007ff8e2ac0000 - 0x00007ff8e2c1b000 	C:\WINDOWS\System32\MSCTF.dll
0x00007ff8ab710000 - 0x00007ff8ab94d000 	C:\Users\Vittorio\ADOPT_PROJECT\jpad\libraries\hdf\jhdf5.dll
0x00007ff8ae380000 - 0x00007ff8ae44e000 	C:\WINDOWS\SYSTEM32\MSVCR110.dll

VM Arguments:
jvm_args: -Dfile.encoding=Cp1252 
java_command: sandbox2.vt.analyses.CompleteAnalysisTest -i in/Template_Aircraft/aircraft_IRON.xml -ia in\Template_Analyses\analysis.xml -ioc in\Template_Analyses\operating_conditions.xml -da in/Template_Aircraft/lifting_surfaces/airfoils -df in/Template_Aircraft/fuselages -dls in/Template_Aircraft/lifting_surfaces -de in/Template_Aircraft/engines -dn in/Template_Aircraft/nacelles -dlg in/Template_Aircraft/landing_gears -ds in/Template_Aircraft/systems -dcc in/Template_Aircraft/cabin_configurations
java_class_path (initial): C:\Users\Vittorio\ADOPT_PROJECT\jpad\JPADSandBox_v2\bin;C:\Users\Vittorio\ADOPT_PROJECT\jpad\libraries\commons-lang\commons-lang3-3.3.2.jar;C:\Users\Vittorio\ADOPT_PROJECT\jpad\libraries\commons-math\commons-math3-3.5.jar;C:\Users\Vittorio\ADOPT_PROJECT\jpad\libraries\eclipse\plugins\org.eclipse.core.commands_3.7.0.v20150422-0725.jar;C:\Users\Vittorio\ADOPT_PROJECT\jpad\libraries\eclipse\plugins\org.eclipse.equinox.common_3.7.0.v20150402-1709.jar;C:\Users\Vittorio\ADOPT_PROJECT\jpad\libraries\args4j\args4j-2.0.21.jar;C:\Users\Vittorio\ADOPT_PROJECT\jpad\libraries\eclipse\plugins\org.eclipse.core.runtime_3.11.1.v20150903-1804.jar;C:\Users\Vittorio\ADOPT_PROJECT\jpad\libraries\eclipse\plugins\org.eclipse.equinox.registry_3.6.0.v20150318-1503.jar;C:\Users\Vittorio\ADOPT_PROJECT\jpad\libraries\eclipse\plugins\org.eclipse.osgi_3.10.102.v20160118-1700.jar;C:\Users\Vittorio\ADOPT_PROJECT\jpad\libraries\eclipse\plugins\org.eclipse.text_3.5.400.v20150505-1044.jar;C:\Users\Vittorio\ADOPT_PROJECT\jpad\libraries\eclipse\plugins\org.eclipse.ui.forms_3.6.200.v20150506-2029.jar;C:\Users\Vittorio\ADOPT_PROJECT\jpad\libraries\eclipse\plugins\org.eclipse.ui.workbench_3.107.1.v20160120-2131.jar;C:\Users\Vittorio\ADOPT_PROJECT\jpad\libraries\eclipse\plugins\icu4j-57_1.jar;C:\Users\Vittorio\ADOPT_PROJECT\jpad\libraries\igeo\igeo.jar;C:\Users\Vittorio\ADOPT_PROJECT\jpad\libraries\jahuwaldt\jahuwaldt.aero.jar;C:\Users\Vittorio\ADOPT_PROJECT\jpad\libraries\jahuwaldt\jahuwaldt.tools.math.jar;C:\Users\Vittorio\ADOPT_PROJECT\jpad\libraries\jdom\jdom-2.0.5.jar;C:\Users\Vittorio\ADOPT_PROJECT\jpad\libraries\jlatexmath\jlatexmath-1.0.3.jar;C:\Users\Vittorio\ADOPT_PROJECT\jpad\libraries\jscience-4.3\jscience.jar;C:\Users\Vittorio\ADOPT_PROJECT\jpad\libraries\eclipse\plugins\org.eclipse.jface_3.11.1.v20160128-1644.jar;C:\Users\Vittorio\ADOPT_PROJECT\jpad\libraries\eclipse\plugins\org.eclipse.jface.text_3.10.0.v20150603-1752.jar;C:\Users\Vittorio\ADOPT_PROJECT\jpad\libr
Launcher Type: SUN_STANDARD

Environment Variables:
PATH=C:\Users\Vittorio\ADOPT_PROJECT\jpad\libraries\hdf
USERNAME=Vittorio
OS=Windows_NT
PROCESSOR_IDENTIFIER=Intel64 Family 6 Model 58 Stepping 9, GenuineIntel



---------------  S Y S T E M  ---------------

OS: Windows 10.0 , 64 bit Build 14393 (10.0.14393.0)

CPU:total 8 (4 cores per cpu, 2 threads per core) family 6 model 58 stepping 9, cmov, cx8, fxsr, mmx, sse, sse2, sse3, ssse3, sse4.1, sse4.2, popcnt, avx, aes, clmul, erms, ht, tsc, tscinvbit, tscinv

Memory: 4k page, physical 8260968k(1539892k free), swap 33426792k(4232k free)

vm_info: Java HotSpot(TM) 64-Bit Server VM (25.111-b14) for windows-amd64 JRE (1.8.0_111-b14), built on Sep 22 2016 19:24:05 by "java_re" with MS VC++ 10.0 (VS2010)

time: Thu Dec 01 16:16:49 2016
elapsed time: 4 seconds (0d 0h 0m 4s)

