 # RISULTATI  DIMENSIONALI  
 
 # Peso                  [Kg]    =    45045.000000
 # ro quota considerata  [Kg/m3] =        1.225000
 # Velocita              [m/s]   =       94.818779
 # pressione dinamica    [kg/mq] =      561.339722
 # semi apertura (b/2)   [m]     =       14.754117
 
 #    y[m]       c[m]       Cl         c*Cl     M[kg*m]   PA_perc   PA_dim[m]   dMt[kg*m]  Mtors[kg*m]
         14.754           1.050           0.000           0.000           0.000           0.000           0.000           0.000           0.000           0.000
         14.680           1.064           0.083           0.088           1.847           0.069          73.194           9.050          -5.550          -5.550
         14.531           1.092           0.122           0.134          11.130           1.036          57.696           8.824         -67.801         -73.351
         14.382           1.120           0.149           0.167          23.718           3.632          51.774           8.697         -91.147        -164.498
         14.233           1.148           0.168           0.192          38.768           8.289          48.868           8.601        -107.281        -271.779
         14.083           1.231           0.267           0.329          60.563          15.690          39.982           8.400        -152.132        -423.911
         13.934           1.304           0.306           0.400          91.025          26.986          38.056           8.281        -207.763        -631.674
         13.785           1.332           0.334           0.445         126.369          43.185          36.967           8.200        -237.538        -869.212
         13.636           1.361           0.357           0.486         165.333          64.922          36.195           8.123        -258.767       -1127.979
         13.487           1.389           0.378           0.525         207.631          92.713          35.577           8.047        -277.678       -1405.657
         13.338           1.417           0.398           0.564         253.174         127.050          35.053           7.972        -295.553       -1701.210
         13.189           1.445           0.417           0.603         301.959         168.417          34.590           7.898        -312.954       -2014.164
         13.040           1.473           0.436           0.642         354.032         217.298          34.172           7.824        -330.197       -2344.361
         12.891           1.501           0.455           0.683         409.481         274.192          33.786           7.751        -347.527       -2691.887
         12.742           1.529           0.475           0.726         468.426         339.610          33.425           7.677        -365.100       -3056.988
         12.593           1.557           0.495           0.770         531.013         414.084          33.084           7.604        -383.079       -3440.067
         12.444           1.585           0.516           0.817         597.418         498.170          32.759           7.531        -401.585       -3841.652
         12.295           1.613           0.537           0.867         667.844         592.451          32.446           7.458        -420.745       -4262.397
         12.146           1.641           0.560           0.919         742.523         697.547          32.145           7.385        -440.693       -4703.090
         11.997           1.669           0.584           0.974         821.716         814.106          31.852           7.311        -461.541       -5164.631
         11.848           1.697           0.609           1.034         905.723         942.829          31.567           7.238        -483.441       -5648.072
         11.699           1.725           0.636           1.097         994.868        1084.452          31.289           7.165        -506.488       -6154.560
         11.550           1.753           0.664           1.165        1089.506        1239.770          31.020           7.092        -530.757       -6685.317
         11.401           1.782           0.694           1.236        1189.963        1409.627          30.763           7.019        -556.041       -7241.359
         11.252           1.810           0.722           1.306        1296.302        1594.892          30.543           6.946        -580.843       -7822.202
         11.103           1.961           0.669           1.312        1405.795        1796.242          30.981           6.924        -592.874       -8415.076
         10.954           2.031           0.823           1.672        1530.587        2015.048          29.861           6.845        -669.424       -9084.500
         10.805           2.059           0.903           1.859        1678.252        2254.157          29.432           6.767        -780.594       -9865.094
         10.656           2.087           0.958           2.000        1839.674        2516.298          29.174           6.693        -841.030      -10706.123
         10.507           2.116           1.001           2.118        2011.954        2803.304          28.995           6.620        -884.911      -11591.034
         10.358           2.144           1.036           2.221        2193.443        3116.674          28.861           6.548        -919.057      -12510.091
         10.209           2.172           1.064           2.312        2383.012        3457.691          28.758           6.477        -946.373      -13456.464
         10.060           2.200           1.088           2.394        2579.833        3827.503          28.676           6.405        -968.555      -14425.019
          9.911           2.228           1.108           2.469        2783.257        4227.136          28.609           6.335        -986.620      -15411.639
          9.762           2.256           1.126           2.539        2992.767        4657.539          28.553           6.264       -1001.341      -16412.980
          9.613           2.284           1.140           2.605        3207.942        5119.592          28.507           6.194       -1013.262      -17426.242
          9.464           2.312           1.153           2.666        3428.425        5614.104          28.468           6.124       -1022.756      -18448.998
          9.314           2.340           1.164           2.725        3653.920        6141.854          28.436           6.054       -1030.191      -19479.189
          9.165           2.368           1.174           2.780        3884.167        6703.557          28.407           5.984       -1035.771      -20514.961
          9.016           2.396           1.182           2.833        4118.946        7299.912          28.383           5.914       -1039.736      -21554.697
          8.867           2.424           1.189           2.884        4358.066        7931.587          28.363           5.844       -1042.249      -22596.945
          8.718           2.452           1.196           2.933        4601.349        8599.201          28.345           5.774       -1043.410      -23640.355
          8.569           2.480           1.201           2.980        4848.648        9303.380          28.330           5.704       -1043.381      -24683.736
          8.420           2.509           1.206           3.025        5099.818       10044.693          28.317           5.635       -1042.206      -25725.943
          8.271           2.537           1.210           3.069        5354.739       10823.724          28.306           5.565       -1040.008      -26765.951
          8.122           2.565           1.213           3.112        5613.292       11641.016          28.296           5.495       -1036.830      -27802.781
          7.973           2.593           1.216           3.154        5875.372       12497.098          28.289           5.426       -1032.729      -28835.512
          7.824           2.621           1.219           3.194        6140.882       13392.504          28.282           5.356       -1027.781      -29863.293
          7.675           2.649           1.221           3.233        6409.724       14327.717          28.277           5.287       -1021.983      -30885.275
          7.526           2.677           1.222           3.272        6681.813       15303.249          28.273           5.217       -1015.421      -31900.697
          7.377           2.705           1.223           3.309        6957.059       16319.555          28.270           5.148       -1008.080      -32908.777
          7.228           2.733           1.224           3.345        7235.383       17377.115          28.268           5.078       -1000.027      -33908.805
          7.079           2.761           1.224           3.380        7516.703       18476.375          28.267           5.009        -991.261      -34900.066
          6.930           2.789           1.224           3.415        7800.939       19617.781          28.267           4.940        -981.817      -35881.883
          6.781           2.817           1.224           3.448        8088.012       20801.756          28.268           4.870        -971.699      -36853.582
          6.632           2.845           1.223           3.481        8377.842       22028.723          28.270           4.801        -960.934      -37814.516
          6.483           2.873           1.222           3.512        8670.345       23299.082          28.272           4.732        -949.522      -38764.039
          6.334           2.901           1.221           3.543        8965.434       24613.227          28.276           4.662        -937.471      -39701.512
          6.185           2.930           1.219           3.572        9263.012       25971.529          28.281           4.593        -924.770      -40626.281
          6.036           2.958           1.217           3.599        9562.968       27374.363          28.287           4.524        -911.397      -41537.680
          5.887           2.963           1.223           3.624        9865.130       28822.059          28.270           4.456        -897.437      -42435.117
          5.738           2.961           1.231           3.646       10169.226       30314.936          28.248           4.452        -892.298      -43327.414
          5.589           3.053           1.203           3.674       10475.387       31853.285          28.324           4.387        -887.745      -44215.160
          5.440           3.146           1.177           3.703       10783.967       33437.441          28.398           4.322        -874.604      -45089.766
          5.291           3.239           1.152           3.732       11094.972       35067.762          28.472           4.256        -861.193      -45950.961
          5.142           3.332           1.127           3.756       11408.170       36744.602          28.549           4.192        -846.901      -46797.863
          4.993           3.441           1.105           3.803       11724.334       38468.336          28.620           4.115        -832.566      -47630.430
          4.844           3.618           1.071           3.876       12045.519       40239.566          28.734           3.992        -813.740      -48444.168
          4.694           3.711           1.057           3.922       12371.671       42059.031          28.785           3.927        -795.609      -49239.777
          4.545           3.804           1.041           3.960       12701.357       43927.367          28.842           3.862        -782.744      -50022.520
          4.396           3.897           1.025           3.995       13034.110       45845.062          28.902           3.797        -768.426      -50790.945
          4.247           3.990           1.009           4.026       13369.615       47812.559          28.964           3.732        -753.075      -51544.020
          4.098           4.083           0.993           4.054       13707.597       49830.234          29.028           3.668        -736.838      -52280.855
          3.949           4.175           0.977           4.079       14047.797       51898.449          29.094           3.604        -719.806      -53000.660
          3.800           4.268           0.961           4.101       14389.953       54017.512          29.163           3.540        -702.024      -53702.684
          3.651           4.361           0.945           4.119       14733.795       56187.688          29.235           3.476        -683.535      -54386.219
          3.502           4.454           0.928           4.134       15079.039       58409.211          29.309           3.413        -664.374      -55050.594
          3.353           4.547           0.912           4.146       15425.384       60682.273          29.387           3.349        -644.571      -55695.164
          3.204           4.640           0.895           4.153       15772.506       63007.004          29.469           3.287        -624.153      -56319.316
          3.055           4.733           0.878           4.156       16120.057       65383.504          29.555           3.224        -603.154      -56922.469
          2.906           4.826           0.861           4.154       16467.656       67811.805          29.647           3.162        -581.597      -57504.066
          2.757           4.919           0.843           4.147       16814.881       70291.875          29.744           3.101        -559.508      -58063.574
          2.608           5.012           0.825           4.134       17161.266       72823.633          29.849           3.040        -536.918      -58600.492
          2.459           5.105           0.806           4.114       17506.275       75406.914          29.963           2.979        -513.842      -59114.336
          2.310           5.197           0.786           4.086       17849.289       78041.453          30.088           2.920        -490.292      -59604.629
          2.161           5.290           0.765           4.049       18189.562       80726.914          30.227           2.861        -466.265      -60070.895
          2.012           5.383           0.743           3.998       18526.154       83462.812          30.386           2.804        -441.713      -60512.609
          1.863           5.476           0.718           3.929       18857.746       86248.500          30.575           2.748        -416.483      -60929.094
          1.714           5.474           0.698           3.820       19181.900       89083.055          30.731           2.701        -390.457      -61319.551
          1.565           5.414           0.679           3.675       19495.408       91965.125          30.894           2.659        -363.614      -61683.164
          1.416           5.507           0.652           3.592       19799.357       94893.203          31.133           2.607        -338.262      -62021.426
          1.267           5.600           0.631           3.531       20097.312       97866.133          31.343           2.554        -315.911      -62337.336
          1.118           5.693           0.612           3.485       20390.785      100883.133          31.535           2.500        -295.441      -62632.777
          0.969           5.786           0.596           3.448       20680.760      103943.609          31.713           2.445        -276.228      -62909.004
          0.820           5.879           0.581           3.419       20967.969      107047.094          31.879           2.391        -257.937      -63166.941
          0.671           5.972           0.569           3.396       21253.002      110193.219          32.035           2.336        -240.348      -63407.289
          0.522           6.065           0.557           3.378       21536.352      113381.703          32.181           2.280        -223.302      -63630.590
          0.373           6.158           0.547           3.366       21818.445      116612.320          32.318           2.225        -206.677      -63837.266
          0.224           6.251           0.537           3.358       22099.670      119884.914          32.447           2.169        -190.372      -64027.637
          0.075           6.344           0.529           3.353       22380.383      123199.375          32.566           2.113        -174.300      -64201.938
          0.000           6.390           0.000           0.000       22450.520      124869.680         999.000         999.000      -35000.492      -99202.430
