\BOOKMARK [0][-]{chapter.1}{JPAD: an overview}{}% 1
\BOOKMARK [1][-]{section.1.1}{Java choice}{chapter.1}% 2
\BOOKMARK [1][-]{section.1.2}{Software architecture}{chapter.1}% 3
\BOOKMARK [2][-]{subsection.1.2.1}{Input files}{section.1.2}% 4
\BOOKMARK [2][-]{subsection.1.2.2}{Libraries}{section.1.2}% 5
\BOOKMARK [2][-]{subsection.1.2.3}{Analyses}{section.1.2}% 6
\BOOKMARK [0][-]{chapter.2}{JPADCAD module}{}% 7
\BOOKMARK [1][-]{section.2.1}{CAD: motivations and approaches}{chapter.2}% 8
\BOOKMARK [1][-]{section.2.2}{Open CASCADE Technology}{chapter.2}% 9
\BOOKMARK [2][-]{subsection.2.2.1}{Modeling Data and Algorithms}{section.2.2}% 10
\BOOKMARK [2][-]{subsection.2.2.2}{Data Exchange}{section.2.2}% 11
\BOOKMARK [2][-]{subsection.2.2.3}{Open CASCADE Technology Java Wrapper}{section.2.2}% 12
\BOOKMARK [1][-]{section.2.3}{JPADCAD structure}{chapter.2}% 13
\BOOKMARK [2][-]{subsection.2.3.1}{Abstract Factory pattern}{section.2.3}% 14
\BOOKMARK [2][-]{subsection.2.3.2}{JPADCAD classes and utilities}{section.2.3}% 15
\BOOKMARK [2][-]{subsection.2.3.3}{Examples}{section.2.3}% 16
\BOOKMARK [0][-]{chapter.3}{A utility class for aircraft modeling: AircraftUtils}{}% 17
\BOOKMARK [1][-]{section.3.1}{Introduction}{chapter.3}% 18
\BOOKMARK [1][-]{section.3.2}{AircraftUtils overview}{chapter.3}% 19
\BOOKMARK [1][-]{section.3.3}{Fuselage CAD method}{chapter.3}% 20
\BOOKMARK [1][-]{section.3.4}{Lifting surface CAD method}{chapter.3}% 21
\BOOKMARK [1][-]{section.3.5}{AircraftUtils additional methods}{chapter.3}% 22
\BOOKMARK [2][-]{subsection.3.5.1}{importAircraft}{section.3.5}% 23
\BOOKMARK [2][-]{subsection.3.5.2}{enum classes}{section.3.5}% 24
\BOOKMARK [2][-]{subsection.3.5.3}{CAD methods overload}{section.3.5}% 25
\BOOKMARK [2][-]{subsection.3.5.4}{getAircraftSolidFile}{section.3.5}% 26
\BOOKMARK [1][-]{section.3.6}{Example}{chapter.3}% 27
\BOOKMARK [0][-]{chapter.4}{Automatic workflows for aerodynamic simulations}{}% 28
\BOOKMARK [1][-]{section.4.1}{Introduction}{chapter.4}% 29
\BOOKMARK [1][-]{section.4.2}{STAR-CCM+ overview}{chapter.4}% 30
\BOOKMARK [1][-]{section.4.3}{A supporting package: MacroExtras}{chapter.4}% 31
\BOOKMARK [2][-]{subsection.4.3.1}{enum classes}{section.4.3}% 32
\BOOKMARK [2][-]{subsection.4.3.2}{Simulation data classes}{section.4.3}% 33
\BOOKMARK [2][-]{subsection.4.3.3}{XML operations classes}{section.4.3}% 34
\BOOKMARK [2][-]{subsection.4.3.4}{CAD files management: SimulationComponents class}{section.4.3}% 35
\BOOKMARK [1][-]{section.4.4}{Running STAR-CCM+ macros from inside JPAD}{chapter.4}% 36
\BOOKMARK [2][-]{subsection.4.4.1}{The macro}{section.4.4}% 37
\BOOKMARK [2][-]{subsection.4.4.2}{The launching class}{section.4.4}% 38
\BOOKMARK [2][-]{subsection.4.4.3}{Interoperability example}{section.4.4}% 39
\BOOKMARK [0][-]{Appendix.a.A}{Advanced aircraft CAD modeling}{}% 40
\BOOKMARK [1][-]{section.a.A.1}{Wing-Fuselage fairing modeling}{Appendix.a.A}% 41
\BOOKMARK [1][-]{section.a.A.2}{Control surfaces modeling}{Appendix.a.A}% 42
\BOOKMARK [0][-]{Appendix.a.B}{Importing CAD models into a JavaFX window}{}% 43
\BOOKMARK [0][-]{section*.98}{Bibliography}{}% 44
\BOOKMARK [0][-]{section*.100}{Glossary}{}% 45
\BOOKMARK [0][-]{section*.102}{Acronyms}{}% 46
